{"total": {"lines":{"total":9263,"covered":5213,"skipped":0,"pct":56.27},"statements":{"total":10342,"covered":5622,"skipped":0,"pct":54.36},"functions":{"total":1139,"covered":664,"skipped":0,"pct":58.29},"branches":{"total":8267,"covered":3515,"skipped":0,"pct":42.51},"branchesTrue":{"total":0,"covered":0,"skipped":0,"pct":100}}
,"C:\\Users\\danim\\Documents\\Programming\\playground-app\\playground-app\\server\\src\\database.js": {"lines":{"total":18,"covered":8,"skipped":0,"pct":44.44},"functions":{"total":2,"covered":1,"skipped":0,"pct":50},"statements":{"total":18,"covered":8,"skipped":0,"pct":44.44},"branches":{"total":2,"covered":1,"skipped":0,"pct":50}}
,"C:\\Users\\danim\\Documents\\Programming\\playground-app\\playground-app\\server\\src\\loadFirebaseServiceAccount.js": {"lines":{"total":13,"covered":10,"skipped":0,"pct":76.92},"functions":{"total":2,"covered":2,"skipped":0,"pct":100},"statements":{"total":16,"covered":11,"skipped":0,"pct":68.75},"branches":{"total":12,"covered":6,"skipped":0,"pct":50}}
,"C:\\Users\\danim\\Documents\\Programming\\playground-app\\playground-app\\server\\src\\resolveMongoDbName.js": {"lines":{"total":10,"covered":7,"skipped":0,"pct":70},"functions":{"total":1,"covered":1,"skipped":0,"pct":100},"statements":{"total":10,"covered":7,"skipped":0,"pct":70},"branches":{"total":14,"covered":7,"skipped":0,"pct":50}}
,"C:\\Users\\danim\\Documents\\Programming\\playground-app\\playground-app\\server\\src\\middleware\\adRateLimiter.js": {"lines":{"total":4,"covered":0,"skipped":0,"pct":0},"functions":{"total":0,"covered":0,"skipped":0,"pct":100},"statements":{"total":4,"covered":0,"skipped":0,"pct":0},"branches":{"total":0,"covered":0,"skipped":0,"pct":100}}
,"C:\\Users\\danim\\Documents\\Programming\\playground-app\\playground-app\\server\\src\\middleware\\securityRateLimiters.js": {"lines":{"total":16,"covered":0,"skipped":0,"pct":0},"functions":{"total":4,"covered":0,"skipped":0,"pct":0},"statements":{"total":17,"covered":0,"skipped":0,"pct":0},"branches":{"total":8,"covered":0,"skipped":0,"pct":0}}
,"C:\\Users\\danim\\Documents\\Programming\\playground-app\\playground-app\\server\\src\\routes\\adAdminRoutes.js": {"lines":{"total":241,"covered":170,"skipped":0,"pct":70.53},"functions":{"total":25,"covered":22,"skipped":0,"pct":88},"statements":{"total":263,"covered":176,"skipped":0,"pct":66.92},"branches":{"total":158,"covered":69,"skipped":0,"pct":43.67}}
,"C:\\Users\\danim\\Documents\\Programming\\playground-app\\playground-app\\server\\src\\routes\\adAnalyticsRoutes.js": {"lines":{"total":65,"covered":58,"skipped":0,"pct":89.23},"functions":{"total":16,"covered":11,"skipped":0,"pct":68.75},"statements":{"total":72,"covered":65,"skipped":0,"pct":90.27},"branches":{"total":103,"covered":61,"skipped":0,"pct":59.22}}
,"C:\\Users\\danim\\Documents\\Programming\\playground-app\\playground-app\\server\\src\\routes\\adDiscountRoutes.js": {"lines":{"total":157,"covered":122,"skipped":0,"pct":77.7},"functions":{"total":6,"covered":6,"skipped":0,"pct":100},"statements":{"total":161,"covered":124,"skipped":0,"pct":77.01},"branches":{"total":131,"covered":90,"skipped":0,"pct":68.7}}
,"C:\\Users\\danim\\Documents\\Programming\\playground-app\\playground-app\\server\\src\\routes\\adPaymentRoutes.js": {"lines":{"total":164,"covered":120,"skipped":0,"pct":73.17},"functions":{"total":10,"covered":10,"skipped":0,"pct":100},"statements":{"total":166,"covered":120,"skipped":0,"pct":72.28},"branches":{"total":128,"covered":69,"skipped":0,"pct":53.9}}
,"C:\\Users\\danim\\Documents\\Programming\\playground-app\\playground-app\\server\\src\\routes\\adServingRoutes.js": {"lines":{"total":50,"covered":40,"skipped":0,"pct":80},"functions":{"total":5,"covered":5,"skipped":0,"pct":100},"statements":{"total":50,"covered":40,"skipped":0,"pct":80},"branches":{"total":16,"covered":11,"skipped":0,"pct":68.75}}
,"C:\\Users\\danim\\Documents\\Programming\\playground-app\\playground-app\\server\\src\\routes\\adSubmissionRoutes.js": {"lines":{"total":393,"covered":190,"skipped":0,"pct":48.34},"functions":{"total":15,"covered":9,"skipped":0,"pct":60},"statements":{"total":407,"covered":190,"skipped":0,"pct":46.68},"branches":{"total":346,"covered":110,"skipped":0,"pct":31.79}}
,"C:\\Users\\danim\\Documents\\Programming\\playground-app\\playground-app\\server\\src\\routes\\adTrackingRoutes.js": {"lines":{"total":25,"covered":19,"skipped":0,"pct":76},"functions":{"total":2,"covered":2,"skipped":0,"pct":100},"statements":{"total":25,"covered":19,"skipped":0,"pct":76},"branches":{"total":27,"covered":13,"skipped":0,"pct":48.14}}
,"C:\\Users\\danim\\Documents\\Programming\\playground-app\\playground-app\\server\\src\\routes\\adminCampaignRoutes.js": {"lines":{"total":124,"covered":114,"skipped":0,"pct":91.93},"functions":{"total":8,"covered":8,"skipped":0,"pct":100},"statements":{"total":140,"covered":118,"skipped":0,"pct":84.28},"branches":{"total":83,"covered":50,"skipped":0,"pct":60.24}}
,"C:\\Users\\danim\\Documents\\Programming\\playground-app\\playground-app\\server\\src\\routes\\adminRoutes.js": {"lines":{"total":967,"covered":220,"skipped":0,"pct":22.75},"functions":{"total":108,"covered":23,"skipped":0,"pct":21.29},"statements":{"total":1024,"covered":226,"skipped":0,"pct":22.07},"branches":{"total":613,"covered":72,"skipped":0,"pct":11.74}}
,"C:\\Users\\danim\\Documents\\Programming\\playground-app\\playground-app\\server\\src\\routes\\adminServerLogRoutes.js": {"lines":{"total":70,"covered":64,"skipped":0,"pct":91.42},"functions":{"total":4,"covered":4,"skipped":0,"pct":100},"statements":{"total":78,"covered":66,"skipped":0,"pct":84.61},"branches":{"total":46,"covered":34,"skipped":0,"pct":73.91}}
,"C:\\Users\\danim\\Documents\\Programming\\playground-app\\playground-app\\server\\src\\routes\\advertiserRoutes.js": {"lines":{"total":12,"covered":11,"skipped":0,"pct":91.66},"functions":{"total":1,"covered":1,"skipped":0,"pct":100},"statements":{"total":12,"covered":11,"skipped":0,"pct":91.66},"branches":{"total":2,"covered":2,"skipped":0,"pct":100}}
,"C:\\Users\\danim\\Documents\\Programming\\playground-app\\playground-app\\server\\src\\routes\\authRoutes.js": {"lines":{"total":98,"covered":88,"skipped":0,"pct":89.79},"functions":{"total":6,"covered":5,"skipped":0,"pct":83.33},"statements":{"total":102,"covered":89,"skipped":0,"pct":87.25},"branches":{"total":62,"covered":45,"skipped":0,"pct":72.58}}
,"C:\\Users\\danim\\Documents\\Programming\\playground-app\\playground-app\\server\\src\\routes\\campaignManagementRoutes.js": {"lines":{"total":75,"covered":65,"skipped":0,"pct":86.66},"functions":{"total":6,"covered":6,"skipped":0,"pct":100},"statements":{"total":85,"covered":69,"skipped":0,"pct":81.17},"branches":{"total":44,"covered":26,"skipped":0,"pct":59.09}}
,"C:\\Users\\danim\\Documents\\Programming\\playground-app\\playground-app\\server\\src\\routes\\healthRoutes.js": {"lines":{"total":26,"covered":21,"skipped":0,"pct":80.76},"functions":{"total":10,"covered":4,"skipped":0,"pct":40},"statements":{"total":30,"covered":24,"skipped":0,"pct":80},"branches":{"total":18,"covered":15,"skipped":0,"pct":83.33}}
,"C:\\Users\\danim\\Documents\\Programming\\playground-app\\playground-app\\server\\src\\routes\\playgroundRoutes.js": {"lines":{"total":499,"covered":35,"skipped":0,"pct":7.01},"functions":{"total":46,"covered":0,"skipped":0,"pct":0},"statements":{"total":576,"covered":35,"skipped":0,"pct":6.07},"branches":{"total":515,"covered":0,"skipped":0,"pct":0}}
,"C:\\Users\\danim\\Documents\\Programming\\playground-app\\playground-app\\server\\src\\routes\\regionRoutes.js": {"lines":{"total":85,"covered":82,"skipped":0,"pct":96.47},"functions":{"total":7,"covered":7,"skipped":0,"pct":100},"statements":{"total":91,"covered":88,"skipped":0,"pct":96.7},"branches":{"total":62,"covered":52,"skipped":0,"pct":83.87}}
,"C:\\Users\\danim\\Documents\\Programming\\playground-app\\playground-app\\server\\src\\routes\\reportRoutes.js": {"lines":{"total":51,"covered":48,"skipped":0,"pct":94.11},"functions":{"total":3,"covered":3,"skipped":0,"pct":100},"statements":{"total":51,"covered":48,"skipped":0,"pct":94.11},"branches":{"total":21,"covered":16,"skipped":0,"pct":76.19}}
,"C:\\Users\\danim\\Documents\\Programming\\playground-app\\playground-app\\server\\src\\routes\\seedRoutes.js": {"lines":{"total":76,"covered":68,"skipped":0,"pct":89.47},"functions":{"total":9,"covered":9,"skipped":0,"pct":100},"statements":{"total":80,"covered":72,"skipped":0,"pct":90},"branches":{"total":33,"covered":24,"skipped":0,"pct":72.72}}
,"C:\\Users\\danim\\Documents\\Programming\\playground-app\\playground-app\\server\\src\\routes\\supportRoutes.js": {"lines":{"total":44,"covered":36,"skipped":0,"pct":81.81},"functions":{"total":2,"covered":2,"skipped":0,"pct":100},"statements":{"total":46,"covered":36,"skipped":0,"pct":78.26},"branches":{"total":85,"covered":52,"skipped":0,"pct":61.17}}
,"C:\\Users\\danim\\Documents\\Programming\\playground-app\\playground-app\\server\\src\\routes\\userRoutes.js": {"lines":{"total":285,"covered":231,"skipped":0,"pct":81.05},"functions":{"total":45,"covered":36,"skipped":0,"pct":80},"statements":{"total":325,"covered":245,"skipped":0,"pct":75.38},"branches":{"total":253,"covered":145,"skipped":0,"pct":57.31}}
,"C:\\Users\\danim\\Documents\\Programming\\playground-app\\playground-app\\server\\src\\services\\activePlaygroundFilter.js": {"lines":{"total":2,"covered":2,"skipped":0,"pct":100},"functions":{"total":0,"covered":0,"skipped":0,"pct":100},"statements":{"total":2,"covered":2,"skipped":0,"pct":100},"branches":{"total":0,"covered":0,"skipped":0,"pct":100}}
,"C:\\Users\\danim\\Documents\\Programming\\playground-app\\playground-app\\server\\src\\services\\adAnalyticsRollupService.js": {"lines":{"total":42,"covered":42,"skipped":0,"pct":100},"functions":{"total":7,"covered":7,"skipped":0,"pct":100},"statements":{"total":49,"covered":45,"skipped":0,"pct":91.83},"branches":{"total":27,"covered":20,"skipped":0,"pct":74.07}}
,"C:\\Users\\danim\\Documents\\Programming\\playground-app\\playground-app\\server\\src\\services\\adCampaignDisplayHelpers.js": {"lines":{"total":31,"covered":31,"skipped":0,"pct":100},"functions":{"total":4,"covered":4,"skipped":0,"pct":100},"statements":{"total":38,"covered":38,"skipped":0,"pct":100},"branches":{"total":32,"covered":28,"skipped":0,"pct":87.5}}
,"C:\\Users\\danim\\Documents\\Programming\\playground-app\\playground-app\\server\\src\\services\\adCampaignEmailTriggers.js": {"lines":{"total":34,"covered":31,"skipped":0,"pct":91.17},"functions":{"total":4,"covered":4,"skipped":0,"pct":100},"statements":{"total":40,"covered":36,"skipped":0,"pct":90},"branches":{"total":27,"covered":23,"skipped":0,"pct":85.18}}
,"C:\\Users\\danim\\Documents\\Programming\\playground-app\\playground-app\\server\\src\\services\\adLoyaltyDiscountService.js": {"lines":{"total":48,"covered":44,"skipped":0,"pct":91.66},"functions":{"total":4,"covered":4,"skipped":0,"pct":100},"statements":{"total":58,"covered":48,"skipped":0,"pct":82.75},"branches":{"total":24,"covered":14,"skipped":0,"pct":58.33}}
,"C:\\Users\\danim\\Documents\\Programming\\playground-app\\playground-app\\server\\src\\services\\adServingService.js": {"lines":{"total":82,"covered":69,"skipped":0,"pct":84.14},"functions":{"total":18,"covered":11,"skipped":0,"pct":61.11},"statements":{"total":98,"covered":77,"skipped":0,"pct":78.57},"branches":{"total":103,"covered":70,"skipped":0,"pct":67.96}}
,"C:\\Users\\danim\\Documents\\Programming\\playground-app\\playground-app\\server\\src\\services\\adTrackingService.js": {"lines":{"total":182,"covered":144,"skipped":0,"pct":79.12},"functions":{"total":29,"covered":22,"skipped":0,"pct":75.86},"statements":{"total":221,"covered":168,"skipped":0,"pct":76.01},"branches":{"total":209,"covered":120,"skipped":0,"pct":57.41}}
,"C:\\Users\\danim\\Documents\\Programming\\playground-app\\playground-app\\server\\src\\services\\adValidationService.js": {"lines":{"total":151,"covered":134,"skipped":0,"pct":88.74},"functions":{"total":12,"covered":11,"skipped":0,"pct":91.66},"statements":{"total":159,"covered":140,"skipped":0,"pct":88.05},"branches":{"total":116,"covered":78,"skipped":0,"pct":67.24}}
,"C:\\Users\\danim\\Documents\\Programming\\playground-app\\playground-app\\server\\src\\services\\adminAuthService.js": {"lines":{"total":1,"covered":0,"skipped":0,"pct":0},"functions":{"total":0,"covered":0,"skipped":0,"pct":100},"statements":{"total":1,"covered":0,"skipped":0,"pct":0},"branches":{"total":0,"covered":0,"skipped":0,"pct":100}}
,"C:\\Users\\danim\\Documents\\Programming\\playground-app\\playground-app\\server\\src\\services\\adminDailyTrendsService.js": {"lines":{"total":120,"covered":114,"skipped":0,"pct":95},"functions":{"total":29,"covered":23,"skipped":0,"pct":79.31},"statements":{"total":138,"covered":130,"skipped":0,"pct":94.2},"branches":{"total":110,"covered":71,"skipped":0,"pct":64.54}}
,"C:\\Users\\danim\\Documents\\Programming\\playground-app\\playground-app\\server\\src\\services\\adminModerationService.js": {"lines":{"total":94,"covered":84,"skipped":0,"pct":89.36},"functions":{"total":11,"covered":8,"skipped":0,"pct":72.72},"statements":{"total":97,"covered":84,"skipped":0,"pct":86.59},"branches":{"total":69,"covered":43,"skipped":0,"pct":62.31}}
,"C:\\Users\\danim\\Documents\\Programming\\playground-app\\playground-app\\server\\src\\services\\adminNotificationService.js": {"lines":{"total":7,"covered":7,"skipped":0,"pct":100},"functions":{"total":1,"covered":1,"skipped":0,"pct":100},"statements":{"total":7,"covered":7,"skipped":0,"pct":100},"branches":{"total":1,"covered":1,"skipped":0,"pct":100}}
,"C:\\Users\\danim\\Documents\\Programming\\playground-app\\playground-app\\server\\src\\services\\advertiserEmailService.js": {"lines":{"total":40,"covered":32,"skipped":0,"pct":80},"functions":{"total":5,"covered":4,"skipped":0,"pct":80},"statements":{"total":44,"covered":34,"skipped":0,"pct":77.27},"branches":{"total":63,"covered":46,"skipped":0,"pct":73.01}}
,"C:\\Users\\danim\\Documents\\Programming\\playground-app\\playground-app\\server\\src\\services\\aiModerationService.js": {"lines":{"total":66,"covered":56,"skipped":0,"pct":84.84},"functions":{"total":10,"covered":7,"skipped":0,"pct":70},"statements":{"total":72,"covered":59,"skipped":0,"pct":81.94},"branches":{"total":35,"covered":25,"skipped":0,"pct":71.42}}
,"C:\\Users\\danim\\Documents\\Programming\\playground-app\\playground-app\\server\\src\\services\\authService.js": {"lines":{"total":81,"covered":13,"skipped":0,"pct":16.04},"functions":{"total":6,"covered":1,"skipped":0,"pct":16.66},"statements":{"total":83,"covered":13,"skipped":0,"pct":15.66},"branches":{"total":58,"covered":7,"skipped":0,"pct":12.06}}
,"C:\\Users\\danim\\Documents\\Programming\\playground-app\\playground-app\\server\\src\\services\\badgeService.js": {"lines":{"total":16,"covered":16,"skipped":0,"pct":100},"functions":{"total":3,"covered":3,"skipped":0,"pct":100},"statements":{"total":17,"covered":17,"skipped":0,"pct":100},"branches":{"total":29,"covered":27,"skipped":0,"pct":93.1}}
,"C:\\Users\\danim\\Documents\\Programming\\playground-app\\playground-app\\server\\src\\services\\campaignEditService.js": {"lines":{"total":109,"covered":102,"skipped":0,"pct":93.57},"functions":{"total":8,"covered":8,"skipped":0,"pct":100},"statements":{"total":133,"covered":119,"skipped":0,"pct":89.47},"branches":{"total":131,"covered":96,"skipped":0,"pct":73.28}}
,"C:\\Users\\danim\\Documents\\Programming\\playground-app\\playground-app\\server\\src\\services\\campaignLifecycleService.js": {"lines":{"total":144,"covered":135,"skipped":0,"pct":93.75},"functions":{"total":7,"covered":6,"skipped":0,"pct":85.71},"statements":{"total":146,"covered":136,"skipped":0,"pct":93.15},"branches":{"total":82,"covered":54,"skipped":0,"pct":65.85}}
,"C:\\Users\\danim\\Documents\\Programming\\playground-app\\playground-app\\server\\src\\services\\changeAuditService.js": {"lines":{"total":103,"covered":4,"skipped":0,"pct":3.88},"functions":{"total":8,"covered":0,"skipped":0,"pct":0},"statements":{"total":114,"covered":4,"skipped":0,"pct":3.5},"branches":{"total":106,"covered":0,"skipped":0,"pct":0}}
,"C:\\Users\\danim\\Documents\\Programming\\playground-app\\playground-app\\server\\src\\services\\cityPhaseService.js": {"lines":{"total":99,"covered":58,"skipped":0,"pct":58.58},"functions":{"total":11,"covered":8,"skipped":0,"pct":72.72},"statements":{"total":111,"covered":59,"skipped":0,"pct":53.15},"branches":{"total":87,"covered":34,"skipped":0,"pct":39.08}}
,"C:\\Users\\danim\\Documents\\Programming\\playground-app\\playground-app\\server\\src\\services\\classificationVocabService.js": {"lines":{"total":48,"covered":42,"skipped":0,"pct":87.5},"functions":{"total":4,"covered":4,"skipped":0,"pct":100},"statements":{"total":55,"covered":48,"skipped":0,"pct":87.27},"branches":{"total":37,"covered":24,"skipped":0,"pct":64.86}}
,"C:\\Users\\danim\\Documents\\Programming\\playground-app\\playground-app\\server\\src\\services\\contributionService.js": {"lines":{"total":72,"covered":24,"skipped":0,"pct":33.33},"functions":{"total":6,"covered":2,"skipped":0,"pct":33.33},"statements":{"total":80,"covered":28,"skipped":0,"pct":35},"branches":{"total":82,"covered":20,"skipped":0,"pct":24.39}}
,"C:\\Users\\danim\\Documents\\Programming\\playground-app\\playground-app\\server\\src\\services\\discountCodeRules.js": {"lines":{"total":36,"covered":23,"skipped":0,"pct":63.88},"functions":{"total":2,"covered":1,"skipped":0,"pct":50},"statements":{"total":36,"covered":23,"skipped":0,"pct":63.88},"branches":{"total":35,"covered":21,"skipped":0,"pct":60}}
,"C:\\Users\\danim\\Documents\\Programming\\playground-app\\playground-app\\server\\src\\services\\dynamicOptionsService.js": {"lines":{"total":27,"covered":27,"skipped":0,"pct":100},"functions":{"total":10,"covered":10,"skipped":0,"pct":100},"statements":{"total":29,"covered":29,"skipped":0,"pct":100},"branches":{"total":14,"covered":12,"skipped":0,"pct":85.71}}
,"C:\\Users\\danim\\Documents\\Programming\\playground-app\\playground-app\\server\\src\\services\\equipmentValidationService.js": {"lines":{"total":163,"covered":151,"skipped":0,"pct":92.63},"functions":{"total":27,"covered":24,"skipped":0,"pct":88.88},"statements":{"total":195,"covered":173,"skipped":0,"pct":88.71},"branches":{"total":207,"covered":130,"skipped":0,"pct":62.8}}
,"C:\\Users\\danim\\Documents\\Programming\\playground-app\\playground-app\\server\\src\\services\\faceStickerMaskService.js": {"lines":{"total":31,"covered":14,"skipped":0,"pct":45.16},"functions":{"total":6,"covered":2,"skipped":0,"pct":33.33},"statements":{"total":32,"covered":14,"skipped":0,"pct":43.75},"branches":{"total":10,"covered":2,"skipped":0,"pct":20}}
,"C:\\Users\\danim\\Documents\\Programming\\playground-app\\playground-app\\server\\src\\services\\geminiCostLogger.js": {"lines":{"total":9,"covered":8,"skipped":0,"pct":88.88},"functions":{"total":1,"covered":1,"skipped":0,"pct":100},"statements":{"total":12,"covered":11,"skipped":0,"pct":91.66},"branches":{"total":15,"covered":14,"skipped":0,"pct":93.33}}
,"C:\\Users\\danim\\Documents\\Programming\\playground-app\\playground-app\\server\\src\\services\\geminiImageResize.js": {"lines":{"total":13,"covered":2,"skipped":0,"pct":15.38},"functions":{"total":2,"covered":0,"skipped":0,"pct":0},"statements":{"total":14,"covered":2,"skipped":0,"pct":14.28},"branches":{"total":14,"covered":0,"skipped":0,"pct":0}}
,"C:\\Users\\danim\\Documents\\Programming\\playground-app\\playground-app\\server\\src\\services\\geminiModerationCache.js": {"lines":{"total":32,"covered":18,"skipped":0,"pct":56.25},"functions":{"total":11,"covered":8,"skipped":0,"pct":72.72},"statements":{"total":35,"covered":20,"skipped":0,"pct":57.14},"branches":{"total":35,"covered":6,"skipped":0,"pct":17.14}}
,"C:\\Users\\danim\\Documents\\Programming\\playground-app\\playground-app\\server\\src\\services\\inferPlaygroundType.js": {"lines":{"total":58,"covered":42,"skipped":0,"pct":72.41},"functions":{"total":6,"covered":6,"skipped":0,"pct":100},"statements":{"total":61,"covered":45,"skipped":0,"pct":73.77},"branches":{"total":92,"covered":74,"skipped":0,"pct":80.43}}
,"C:\\Users\\danim\\Documents\\Programming\\playground-app\\playground-app\\server\\src\\services\\kidPlaceFilters.js": {"lines":{"total":38,"covered":36,"skipped":0,"pct":94.73},"functions":{"total":12,"covered":12,"skipped":0,"pct":100},"statements":{"total":45,"covered":43,"skipped":0,"pct":95.55},"branches":{"total":26,"covered":25,"skipped":0,"pct":96.15}}
,"C:\\Users\\danim\\Documents\\Programming\\playground-app\\playground-app\\server\\src\\services\\locationValidationCache.js": {"lines":{"total":11,"covered":11,"skipped":0,"pct":100},"functions":{"total":4,"covered":4,"skipped":0,"pct":100},"statements":{"total":14,"covered":14,"skipped":0,"pct":100},"branches":{"total":8,"covered":7,"skipped":0,"pct":87.5}}
,"C:\\Users\\danim\\Documents\\Programming\\playground-app\\playground-app\\server\\src\\services\\moderationStatsService.js": {"lines":{"total":54,"covered":48,"skipped":0,"pct":88.88},"functions":{"total":5,"covered":5,"skipped":0,"pct":100},"statements":{"total":62,"covered":50,"skipped":0,"pct":80.64},"branches":{"total":52,"covered":36,"skipped":0,"pct":69.23}}
,"C:\\Users\\danim\\Documents\\Programming\\playground-app\\playground-app\\server\\src\\services\\notificationService.js": {"lines":{"total":32,"covered":25,"skipped":0,"pct":78.12},"functions":{"total":3,"covered":3,"skipped":0,"pct":100},"statements":{"total":32,"covered":25,"skipped":0,"pct":78.12},"branches":{"total":10,"covered":7,"skipped":0,"pct":70}}
,"C:\\Users\\danim\\Documents\\Programming\\playground-app\\playground-app\\server\\src\\services\\photoClassificationService.js": {"lines":{"total":134,"covered":8,"skipped":0,"pct":5.97},"functions":{"total":26,"covered":0,"skipped":0,"pct":0},"statements":{"total":159,"covered":8,"skipped":0,"pct":5.03},"branches":{"total":136,"covered":0,"skipped":0,"pct":0}}
,"C:\\Users\\danim\\Documents\\Programming\\playground-app\\playground-app\\server\\src\\services\\photoCleanupService.js": {"lines":{"total":12,"covered":12,"skipped":0,"pct":100},"functions":{"total":1,"covered":1,"skipped":0,"pct":100},"statements":{"total":12,"covered":12,"skipped":0,"pct":100},"branches":{"total":0,"covered":0,"skipped":0,"pct":100}}
,"C:\\Users\\danim\\Documents\\Programming\\playground-app\\playground-app\\server\\src\\services\\photoModerationConfig.js": {"lines":{"total":2,"covered":2,"skipped":0,"pct":100},"functions":{"total":0,"covered":0,"skipped":0,"pct":100},"statements":{"total":2,"covered":2,"skipped":0,"pct":100},"branches":{"total":0,"covered":0,"skipped":0,"pct":100}}
,"C:\\Users\\danim\\Documents\\Programming\\playground-app\\playground-app\\server\\src\\services\\photoModerationService.js": {"lines":{"total":75,"covered":59,"skipped":0,"pct":78.66},"functions":{"total":2,"covered":2,"skipped":0,"pct":100},"statements":{"total":75,"covered":59,"skipped":0,"pct":78.66},"branches":{"total":26,"covered":20,"skipped":0,"pct":76.92}}
,"C:\\Users\\danim\\Documents\\Programming\\playground-app\\playground-app\\server\\src\\services\\photoUploadService.js": {"lines":{"total":79,"covered":73,"skipped":0,"pct":92.4},"functions":{"total":2,"covered":2,"skipped":0,"pct":100},"statements":{"total":81,"covered":73,"skipped":0,"pct":90.12},"branches":{"total":62,"covered":43,"skipped":0,"pct":69.35}}
,"C:\\Users\\danim\\Documents\\Programming\\playground-app\\playground-app\\server\\src\\services\\placeLocationNormalizationService.js": {"lines":{"total":101,"covered":60,"skipped":0,"pct":59.4},"functions":{"total":13,"covered":10,"skipped":0,"pct":76.92},"statements":{"total":111,"covered":64,"skipped":0,"pct":57.65},"branches":{"total":140,"covered":71,"skipped":0,"pct":50.71}}
,"C:\\Users\\danim\\Documents\\Programming\\playground-app\\playground-app\\server\\src\\services\\placeValidityRules.js": {"lines":{"total":16,"covered":16,"skipped":0,"pct":100},"functions":{"total":4,"covered":4,"skipped":0,"pct":100},"statements":{"total":19,"covered":19,"skipped":0,"pct":100},"branches":{"total":10,"covered":8,"skipped":0,"pct":80}}
,"C:\\Users\\danim\\Documents\\Programming\\playground-app\\playground-app\\server\\src\\services\\playgroundSubmissionReviewService.js": {"lines":{"total":119,"covered":110,"skipped":0,"pct":92.43},"functions":{"total":13,"covered":12,"skipped":0,"pct":92.3},"statements":{"total":124,"covered":115,"skipped":0,"pct":92.74},"branches":{"total":100,"covered":83,"skipped":0,"pct":83}}
,"C:\\Users\\danim\\Documents\\Programming\\playground-app\\playground-app\\server\\src\\services\\pricingService.js": {"lines":{"total":71,"covered":42,"skipped":0,"pct":59.15},"functions":{"total":5,"covered":3,"skipped":0,"pct":60},"statements":{"total":75,"covered":44,"skipped":0,"pct":58.66},"branches":{"total":79,"covered":21,"skipped":0,"pct":26.58}}
,"C:\\Users\\danim\\Documents\\Programming\\playground-app\\playground-app\\server\\src\\services\\radiusTargetingService.js": {"lines":{"total":72,"covered":68,"skipped":0,"pct":94.44},"functions":{"total":18,"covered":18,"skipped":0,"pct":100},"statements":{"total":79,"covered":75,"skipped":0,"pct":94.93},"branches":{"total":70,"covered":54,"skipped":0,"pct":77.14}}
,"C:\\Users\\danim\\Documents\\Programming\\playground-app\\playground-app\\server\\src\\services\\recategorizePlaygroundTypesService.js": {"lines":{"total":48,"covered":39,"skipped":0,"pct":81.25},"functions":{"total":2,"covered":2,"skipped":0,"pct":100},"statements":{"total":48,"covered":39,"skipped":0,"pct":81.25},"branches":{"total":50,"covered":32,"skipped":0,"pct":64}}
,"C:\\Users\\danim\\Documents\\Programming\\playground-app\\playground-app\\server\\src\\services\\recordVerificationFromEdit.js": {"lines":{"total":24,"covered":24,"skipped":0,"pct":100},"functions":{"total":1,"covered":1,"skipped":0,"pct":100},"statements":{"total":26,"covered":26,"skipped":0,"pct":100},"branches":{"total":19,"covered":19,"skipped":0,"pct":100}}
,"C:\\Users\\danim\\Documents\\Programming\\playground-app\\playground-app\\server\\src\\services\\refundCalculator.js": {"lines":{"total":12,"covered":12,"skipped":0,"pct":100},"functions":{"total":1,"covered":1,"skipped":0,"pct":100},"statements":{"total":12,"covered":12,"skipped":0,"pct":100},"branches":{"total":7,"covered":7,"skipped":0,"pct":100}}
,"C:\\Users\\danim\\Documents\\Programming\\playground-app\\playground-app\\server\\src\\services\\regionKeyRemapFromCoverageService.js": {"lines":{"total":44,"covered":43,"skipped":0,"pct":97.72},"functions":{"total":7,"covered":6,"skipped":0,"pct":85.71},"statements":{"total":48,"covered":45,"skipped":0,"pct":93.75},"branches":{"total":26,"covered":17,"skipped":0,"pct":65.38}}
,"C:\\Users\\danim\\Documents\\Programming\\playground-app\\playground-app\\server\\src\\services\\regionStatsService.js": {"lines":{"total":10,"covered":10,"skipped":0,"pct":100},"functions":{"total":2,"covered":2,"skipped":0,"pct":100},"statements":{"total":13,"covered":13,"skipped":0,"pct":100},"branches":{"total":6,"covered":5,"skipped":0,"pct":83.33}}
,"C:\\Users\\danim\\Documents\\Programming\\playground-app\\playground-app\\server\\src\\services\\retryWithBackoff.js": {"lines":{"total":18,"covered":17,"skipped":0,"pct":94.44},"functions":{"total":3,"covered":3,"skipped":0,"pct":100},"statements":{"total":24,"covered":22,"skipped":0,"pct":91.66},"branches":{"total":32,"covered":28,"skipped":0,"pct":87.5}}
,"C:\\Users\\danim\\Documents\\Programming\\playground-app\\playground-app\\server\\src\\services\\seedJobQueueService.js": {"lines":{"total":22,"covered":20,"skipped":0,"pct":90.9},"functions":{"total":4,"covered":3,"skipped":0,"pct":75},"statements":{"total":23,"covered":20,"skipped":0,"pct":86.95},"branches":{"total":34,"covered":20,"skipped":0,"pct":58.82}}
,"C:\\Users\\danim\\Documents\\Programming\\playground-app\\playground-app\\server\\src\\services\\seedLightRefreshService.js": {"lines":{"total":126,"covered":97,"skipped":0,"pct":76.98},"functions":{"total":10,"covered":8,"skipped":0,"pct":80},"statements":{"total":135,"covered":100,"skipped":0,"pct":74.07},"branches":{"total":86,"covered":52,"skipped":0,"pct":60.46}}
,"C:\\Users\\danim\\Documents\\Programming\\playground-app\\playground-app\\server\\src\\services\\seedOrchestratorService.js": {"lines":{"total":1074,"covered":186,"skipped":0,"pct":17.31},"functions":{"total":144,"covered":31,"skipped":0,"pct":21.52},"statements":{"total":1178,"covered":206,"skipped":0,"pct":17.48},"branches":{"total":868,"covered":117,"skipped":0,"pct":13.47}}
,"C:\\Users\\danim\\Documents\\Programming\\playground-app\\playground-app\\server\\src\\services\\seedRefreshPolicy.js": {"lines":{"total":18,"covered":17,"skipped":0,"pct":94.44},"functions":{"total":6,"covered":6,"skipped":0,"pct":100},"statements":{"total":24,"covered":20,"skipped":0,"pct":83.33},"branches":{"total":29,"covered":20,"skipped":0,"pct":68.96}}
,"C:\\Users\\danim\\Documents\\Programming\\playground-app\\playground-app\\server\\src\\services\\seedRunLogService.js": {"lines":{"total":7,"covered":0,"skipped":0,"pct":0},"functions":{"total":1,"covered":0,"skipped":0,"pct":0},"statements":{"total":7,"covered":0,"skipped":0,"pct":0},"branches":{"total":10,"covered":0,"skipped":0,"pct":0}}
,"C:\\Users\\danim\\Documents\\Programming\\playground-app\\playground-app\\server\\src\\services\\seedSearchProfiles.js": {"lines":{"total":5,"covered":5,"skipped":0,"pct":100},"functions":{"total":0,"covered":0,"skipped":0,"pct":100},"statements":{"total":5,"covered":5,"skipped":0,"pct":100},"branches":{"total":0,"covered":0,"skipped":0,"pct":100}}
,"C:\\Users\\danim\\Documents\\Programming\\playground-app\\playground-app\\server\\src\\services\\seedTileService.js": {"lines":{"total":40,"covered":18,"skipped":0,"pct":45},"functions":{"total":6,"covered":4,"skipped":0,"pct":66.66},"statements":{"total":45,"covered":19,"skipped":0,"pct":42.22},"branches":{"total":31,"covered":7,"skipped":0,"pct":22.58}}
,"C:\\Users\\danim\\Documents\\Programming\\playground-app\\playground-app\\server\\src\\services\\storageService.js": {"lines":{"total":13,"covered":13,"skipped":0,"pct":100},"functions":{"total":1,"covered":1,"skipped":0,"pct":100},"statements":{"total":13,"covered":13,"skipped":0,"pct":100},"branches":{"total":8,"covered":5,"skipped":0,"pct":62.5}}
,"C:\\Users\\danim\\Documents\\Programming\\playground-app\\playground-app\\server\\src\\services\\stripeService.js": {"lines":{"total":203,"covered":82,"skipped":0,"pct":40.39},"functions":{"total":13,"covered":6,"skipped":0,"pct":46.15},"statements":{"total":216,"covered":86,"skipped":0,"pct":39.81},"branches":{"total":167,"covered":54,"skipped":0,"pct":32.33}}
,"C:\\Users\\danim\\Documents\\Programming\\playground-app\\playground-app\\server\\src\\services\\suggestionApprovalService.js": {"lines":{"total":92,"covered":22,"skipped":0,"pct":23.91},"functions":{"total":14,"covered":4,"skipped":0,"pct":28.57},"statements":{"total":106,"covered":24,"skipped":0,"pct":22.64},"branches":{"total":104,"covered":20,"skipped":0,"pct":19.23}}
,"C:\\Users\\danim\\Documents\\Programming\\playground-app\\playground-app\\server\\src\\services\\venueMergeService.js": {"lines":{"total":1006,"covered":592,"skipped":0,"pct":58.84},"functions":{"total":199,"covered":125,"skipped":0,"pct":62.81},"statements":{"total":1311,"covered":717,"skipped":0,"pct":54.69},"branches":{"total":1258,"covered":585,"skipped":0,"pct":46.5}}
,"C:\\Users\\danim\\Documents\\Programming\\playground-app\\playground-app\\server\\src\\templates\\authEmails.js": {"lines":{"total":14,"covered":14,"skipped":0,"pct":100},"functions":{"total":3,"covered":3,"skipped":0,"pct":100},"statements":{"total":14,"covered":14,"skipped":0,"pct":100},"branches":{"total":2,"covered":2,"skipped":0,"pct":100}}
,"C:\\Users\\danim\\Documents\\Programming\\playground-app\\playground-app\\server\\src\\utils\\corsConfig.js": {"lines":{"total":14,"covered":12,"skipped":0,"pct":85.71},"functions":{"total":5,"covered":4,"skipped":0,"pct":80},"statements":{"total":15,"covered":12,"skipped":0,"pct":80},"branches":{"total":14,"covered":9,"skipped":0,"pct":64.28}}
,"C:\\Users\\danim\\Documents\\Programming\\playground-app\\playground-app\\server\\src\\utils\\devDiscountEnvironment.js": {"lines":{"total":5,"covered":1,"skipped":0,"pct":20},"functions":{"total":1,"covered":0,"skipped":0,"pct":0},"statements":{"total":6,"covered":1,"skipped":0,"pct":16.66},"branches":{"total":9,"covered":0,"skipped":0,"pct":0}}
,"C:\\Users\\danim\\Documents\\Programming\\playground-app\\playground-app\\server\\src\\utils\\helpers.js": {"lines":{"total":50,"covered":42,"skipped":0,"pct":84},"functions":{"total":5,"covered":4,"skipped":0,"pct":80},"statements":{"total":52,"covered":43,"skipped":0,"pct":82.69},"branches":{"total":75,"covered":47,"skipped":0,"pct":62.66}}
,"C:\\Users\\danim\\Documents\\Programming\\playground-app\\playground-app\\server\\src\\utils\\imageUploadValidation.js": {"lines":{"total":32,"covered":21,"skipped":0,"pct":65.62},"functions":{"total":2,"covered":1,"skipped":0,"pct":50},"statements":{"total":32,"covered":21,"skipped":0,"pct":65.62},"branches":{"total":19,"covered":14,"skipped":0,"pct":73.68}}
,"C:\\Users\\danim\\Documents\\Programming\\playground-app\\playground-app\\server\\src\\utils\\inferDemoCreative.js": {"lines":{"total":11,"covered":11,"skipped":0,"pct":100},"functions":{"total":1,"covered":1,"skipped":0,"pct":100},"statements":{"total":18,"covered":11,"skipped":0,"pct":61.11},"branches":{"total":24,"covered":13,"skipped":0,"pct":54.16}}
,"C:\\Users\\danim\\Documents\\Programming\\playground-app\\playground-app\\server\\src\\utils\\passwordPolicy.js": {"lines":{"total":16,"covered":16,"skipped":0,"pct":100},"functions":{"total":1,"covered":1,"skipped":0,"pct":100},"statements":{"total":16,"covered":16,"skipped":0,"pct":100},"branches":{"total":16,"covered":16,"skipped":0,"pct":100}}
,"C:\\Users\\danim\\Documents\\Programming\\playground-app\\playground-app\\server\\src\\utils\\playgroundIdFilter.js": {"lines":{"total":23,"covered":22,"skipped":0,"pct":95.65},"functions":{"total":2,"covered":2,"skipped":0,"pct":100},"statements":{"total":26,"covered":25,"skipped":0,"pct":96.15},"branches":{"total":14,"covered":14,"skipped":0,"pct":100}}
,"C:\\Users\\danim\\Documents\\Programming\\playground-app\\playground-app\\server\\src\\utils\\regionKeyForAds.js": {"lines":{"total":11,"covered":11,"skipped":0,"pct":100},"functions":{"total":2,"covered":2,"skipped":0,"pct":100},"statements":{"total":13,"covered":13,"skipped":0,"pct":100},"branches":{"total":8,"covered":7,"skipped":0,"pct":87.5}}
}
