{"total": {"lines":{"total":7149,"covered":347,"skipped":0,"pct":4.85},"statements":{"total":7913,"covered":423,"skipped":0,"pct":5.34},"functions":{"total":876,"covered":80,"skipped":0,"pct":9.13},"branches":{"total":5896,"covered":290,"skipped":0,"pct":4.91},"branchesTrue":{"total":0,"covered":0,"skipped":0,"pct":100}}
,"C:\\Users\\danim\\Documents\\Programming\\playground-app\\playground-app\\server\\src\\database.js": {"lines":{"total":18,"covered":0,"skipped":0,"pct":0},"functions":{"total":2,"covered":0,"skipped":0,"pct":0},"statements":{"total":18,"covered":0,"skipped":0,"pct":0},"branches":{"total":2,"covered":0,"skipped":0,"pct":0}}
,"C:\\Users\\danim\\Documents\\Programming\\playground-app\\playground-app\\server\\src\\resolveMongoDbName.js": {"lines":{"total":10,"covered":0,"skipped":0,"pct":0},"functions":{"total":1,"covered":0,"skipped":0,"pct":0},"statements":{"total":10,"covered":0,"skipped":0,"pct":0},"branches":{"total":14,"covered":0,"skipped":0,"pct":0}}
,"C:\\Users\\danim\\Documents\\Programming\\playground-app\\playground-app\\server\\src\\middleware\\adRateLimiter.js": {"lines":{"total":4,"covered":0,"skipped":0,"pct":0},"functions":{"total":0,"covered":0,"skipped":0,"pct":100},"statements":{"total":4,"covered":0,"skipped":0,"pct":0},"branches":{"total":0,"covered":0,"skipped":0,"pct":100}}
,"C:\\Users\\danim\\Documents\\Programming\\playground-app\\playground-app\\server\\src\\routes\\adAdminRoutes.js": {"lines":{"total":211,"covered":0,"skipped":0,"pct":0},"functions":{"total":23,"covered":0,"skipped":0,"pct":0},"statements":{"total":228,"covered":0,"skipped":0,"pct":0},"branches":{"total":131,"covered":0,"skipped":0,"pct":0}}
,"C:\\Users\\danim\\Documents\\Programming\\playground-app\\playground-app\\server\\src\\routes\\adAnalyticsRoutes.js": {"lines":{"total":50,"covered":0,"skipped":0,"pct":0},"functions":{"total":12,"covered":0,"skipped":0,"pct":0},"statements":{"total":56,"covered":0,"skipped":0,"pct":0},"branches":{"total":82,"covered":0,"skipped":0,"pct":0}}
,"C:\\Users\\danim\\Documents\\Programming\\playground-app\\playground-app\\server\\src\\routes\\adDiscountRoutes.js": {"lines":{"total":128,"covered":0,"skipped":0,"pct":0},"functions":{"total":6,"covered":0,"skipped":0,"pct":0},"statements":{"total":128,"covered":0,"skipped":0,"pct":0},"branches":{"total":93,"covered":0,"skipped":0,"pct":0}}
,"C:\\Users\\danim\\Documents\\Programming\\playground-app\\playground-app\\server\\src\\routes\\adPaymentRoutes.js": {"lines":{"total":121,"covered":0,"skipped":0,"pct":0},"functions":{"total":7,"covered":0,"skipped":0,"pct":0},"statements":{"total":123,"covered":0,"skipped":0,"pct":0},"branches":{"total":66,"covered":0,"skipped":0,"pct":0}}
,"C:\\Users\\danim\\Documents\\Programming\\playground-app\\playground-app\\server\\src\\routes\\adServingRoutes.js": {"lines":{"total":50,"covered":0,"skipped":0,"pct":0},"functions":{"total":5,"covered":0,"skipped":0,"pct":0},"statements":{"total":50,"covered":0,"skipped":0,"pct":0},"branches":{"total":16,"covered":0,"skipped":0,"pct":0}}
,"C:\\Users\\danim\\Documents\\Programming\\playground-app\\playground-app\\server\\src\\routes\\adSubmissionRoutes.js": {"lines":{"total":387,"covered":0,"skipped":0,"pct":0},"functions":{"total":15,"covered":0,"skipped":0,"pct":0},"statements":{"total":399,"covered":0,"skipped":0,"pct":0},"branches":{"total":330,"covered":0,"skipped":0,"pct":0}}
,"C:\\Users\\danim\\Documents\\Programming\\playground-app\\playground-app\\server\\src\\routes\\adTrackingRoutes.js": {"lines":{"total":22,"covered":0,"skipped":0,"pct":0},"functions":{"total":2,"covered":0,"skipped":0,"pct":0},"statements":{"total":22,"covered":0,"skipped":0,"pct":0},"branches":{"total":24,"covered":0,"skipped":0,"pct":0}}
,"C:\\Users\\danim\\Documents\\Programming\\playground-app\\playground-app\\server\\src\\routes\\adminCampaignRoutes.js": {"lines":{"total":126,"covered":0,"skipped":0,"pct":0},"functions":{"total":8,"covered":0,"skipped":0,"pct":0},"statements":{"total":144,"covered":0,"skipped":0,"pct":0},"branches":{"total":87,"covered":0,"skipped":0,"pct":0}}
,"C:\\Users\\danim\\Documents\\Programming\\playground-app\\playground-app\\server\\src\\routes\\adminRoutes.js": {"lines":{"total":737,"covered":0,"skipped":0,"pct":0},"functions":{"total":90,"covered":0,"skipped":0,"pct":0},"statements":{"total":781,"covered":0,"skipped":0,"pct":0},"branches":{"total":438,"covered":0,"skipped":0,"pct":0}}
,"C:\\Users\\danim\\Documents\\Programming\\playground-app\\playground-app\\server\\src\\routes\\advertiserRoutes.js": {"lines":{"total":12,"covered":0,"skipped":0,"pct":0},"functions":{"total":1,"covered":0,"skipped":0,"pct":0},"statements":{"total":12,"covered":0,"skipped":0,"pct":0},"branches":{"total":2,"covered":0,"skipped":0,"pct":0}}
,"C:\\Users\\danim\\Documents\\Programming\\playground-app\\playground-app\\server\\src\\routes\\authRoutes.js": {"lines":{"total":80,"covered":0,"skipped":0,"pct":0},"functions":{"total":4,"covered":0,"skipped":0,"pct":0},"statements":{"total":82,"covered":0,"skipped":0,"pct":0},"branches":{"total":43,"covered":0,"skipped":0,"pct":0}}
,"C:\\Users\\danim\\Documents\\Programming\\playground-app\\playground-app\\server\\src\\routes\\campaignManagementRoutes.js": {"lines":{"total":78,"covered":0,"skipped":0,"pct":0},"functions":{"total":5,"covered":0,"skipped":0,"pct":0},"statements":{"total":89,"covered":0,"skipped":0,"pct":0},"branches":{"total":32,"covered":0,"skipped":0,"pct":0}}
,"C:\\Users\\danim\\Documents\\Programming\\playground-app\\playground-app\\server\\src\\routes\\healthRoutes.js": {"lines":{"total":26,"covered":0,"skipped":0,"pct":0},"functions":{"total":10,"covered":0,"skipped":0,"pct":0},"statements":{"total":30,"covered":0,"skipped":0,"pct":0},"branches":{"total":18,"covered":0,"skipped":0,"pct":0}}
,"C:\\Users\\danim\\Documents\\Programming\\playground-app\\playground-app\\server\\src\\routes\\playgroundRoutes.js": {"lines":{"total":400,"covered":0,"skipped":0,"pct":0},"functions":{"total":33,"covered":0,"skipped":0,"pct":0},"statements":{"total":459,"covered":0,"skipped":0,"pct":0},"branches":{"total":405,"covered":0,"skipped":0,"pct":0}}
,"C:\\Users\\danim\\Documents\\Programming\\playground-app\\playground-app\\server\\src\\routes\\regionRoutes.js": {"lines":{"total":85,"covered":0,"skipped":0,"pct":0},"functions":{"total":7,"covered":0,"skipped":0,"pct":0},"statements":{"total":91,"covered":0,"skipped":0,"pct":0},"branches":{"total":62,"covered":0,"skipped":0,"pct":0}}
,"C:\\Users\\danim\\Documents\\Programming\\playground-app\\playground-app\\server\\src\\routes\\reportRoutes.js": {"lines":{"total":51,"covered":0,"skipped":0,"pct":0},"functions":{"total":3,"covered":0,"skipped":0,"pct":0},"statements":{"total":51,"covered":0,"skipped":0,"pct":0},"branches":{"total":21,"covered":0,"skipped":0,"pct":0}}
,"C:\\Users\\danim\\Documents\\Programming\\playground-app\\playground-app\\server\\src\\routes\\seedRoutes.js": {"lines":{"total":76,"covered":0,"skipped":0,"pct":0},"functions":{"total":9,"covered":0,"skipped":0,"pct":0},"statements":{"total":80,"covered":0,"skipped":0,"pct":0},"branches":{"total":33,"covered":0,"skipped":0,"pct":0}}
,"C:\\Users\\danim\\Documents\\Programming\\playground-app\\playground-app\\server\\src\\routes\\supportRoutes.js": {"lines":{"total":22,"covered":0,"skipped":0,"pct":0},"functions":{"total":2,"covered":0,"skipped":0,"pct":0},"statements":{"total":22,"covered":0,"skipped":0,"pct":0},"branches":{"total":32,"covered":0,"skipped":0,"pct":0}}
,"C:\\Users\\danim\\Documents\\Programming\\playground-app\\playground-app\\server\\src\\routes\\userRoutes.js": {"lines":{"total":265,"covered":0,"skipped":0,"pct":0},"functions":{"total":37,"covered":0,"skipped":0,"pct":0},"statements":{"total":302,"covered":0,"skipped":0,"pct":0},"branches":{"total":206,"covered":0,"skipped":0,"pct":0}}
,"C:\\Users\\danim\\Documents\\Programming\\playground-app\\playground-app\\server\\src\\services\\activePlaygroundFilter.js": {"lines":{"total":2,"covered":0,"skipped":0,"pct":0},"functions":{"total":0,"covered":0,"skipped":0,"pct":100},"statements":{"total":2,"covered":0,"skipped":0,"pct":0},"branches":{"total":0,"covered":0,"skipped":0,"pct":100}}
,"C:\\Users\\danim\\Documents\\Programming\\playground-app\\playground-app\\server\\src\\services\\adAnalyticsRollupService.js": {"lines":{"total":42,"covered":0,"skipped":0,"pct":0},"functions":{"total":7,"covered":0,"skipped":0,"pct":0},"statements":{"total":49,"covered":0,"skipped":0,"pct":0},"branches":{"total":27,"covered":0,"skipped":0,"pct":0}}
,"C:\\Users\\danim\\Documents\\Programming\\playground-app\\playground-app\\server\\src\\services\\adCampaignDisplayHelpers.js": {"lines":{"total":31,"covered":0,"skipped":0,"pct":0},"functions":{"total":4,"covered":0,"skipped":0,"pct":0},"statements":{"total":38,"covered":0,"skipped":0,"pct":0},"branches":{"total":32,"covered":0,"skipped":0,"pct":0}}
,"C:\\Users\\danim\\Documents\\Programming\\playground-app\\playground-app\\server\\src\\services\\adCampaignEmailTriggers.js": {"lines":{"total":31,"covered":0,"skipped":0,"pct":0},"functions":{"total":4,"covered":0,"skipped":0,"pct":0},"statements":{"total":37,"covered":0,"skipped":0,"pct":0},"branches":{"total":27,"covered":0,"skipped":0,"pct":0}}
,"C:\\Users\\danim\\Documents\\Programming\\playground-app\\playground-app\\server\\src\\services\\adServingService.js": {"lines":{"total":60,"covered":0,"skipped":0,"pct":0},"functions":{"total":18,"covered":0,"skipped":0,"pct":0},"statements":{"total":75,"covered":0,"skipped":0,"pct":0},"branches":{"total":84,"covered":0,"skipped":0,"pct":0}}
,"C:\\Users\\danim\\Documents\\Programming\\playground-app\\playground-app\\server\\src\\services\\adTrackingService.js": {"lines":{"total":96,"covered":0,"skipped":0,"pct":0},"functions":{"total":15,"covered":0,"skipped":0,"pct":0},"statements":{"total":115,"covered":0,"skipped":0,"pct":0},"branches":{"total":135,"covered":0,"skipped":0,"pct":0}}
,"C:\\Users\\danim\\Documents\\Programming\\playground-app\\playground-app\\server\\src\\services\\adValidationService.js": {"lines":{"total":147,"covered":0,"skipped":0,"pct":0},"functions":{"total":12,"covered":0,"skipped":0,"pct":0},"statements":{"total":155,"covered":0,"skipped":0,"pct":0},"branches":{"total":111,"covered":0,"skipped":0,"pct":0}}
,"C:\\Users\\danim\\Documents\\Programming\\playground-app\\playground-app\\server\\src\\services\\adminAuthService.js": {"lines":{"total":1,"covered":0,"skipped":0,"pct":0},"functions":{"total":0,"covered":0,"skipped":0,"pct":100},"statements":{"total":1,"covered":0,"skipped":0,"pct":0},"branches":{"total":0,"covered":0,"skipped":0,"pct":100}}
,"C:\\Users\\danim\\Documents\\Programming\\playground-app\\playground-app\\server\\src\\services\\adminDailyTrendsService.js": {"lines":{"total":102,"covered":0,"skipped":0,"pct":0},"functions":{"total":25,"covered":0,"skipped":0,"pct":0},"statements":{"total":118,"covered":0,"skipped":0,"pct":0},"branches":{"total":97,"covered":0,"skipped":0,"pct":0}}
,"C:\\Users\\danim\\Documents\\Programming\\playground-app\\playground-app\\server\\src\\services\\adminModerationService.js": {"lines":{"total":94,"covered":0,"skipped":0,"pct":0},"functions":{"total":11,"covered":0,"skipped":0,"pct":0},"statements":{"total":97,"covered":0,"skipped":0,"pct":0},"branches":{"total":69,"covered":0,"skipped":0,"pct":0}}
,"C:\\Users\\danim\\Documents\\Programming\\playground-app\\playground-app\\server\\src\\services\\adminNotificationService.js": {"lines":{"total":7,"covered":0,"skipped":0,"pct":0},"functions":{"total":1,"covered":0,"skipped":0,"pct":0},"statements":{"total":7,"covered":0,"skipped":0,"pct":0},"branches":{"total":1,"covered":0,"skipped":0,"pct":0}}
,"C:\\Users\\danim\\Documents\\Programming\\playground-app\\playground-app\\server\\src\\services\\advertiserEmailService.js": {"lines":{"total":26,"covered":0,"skipped":0,"pct":0},"functions":{"total":3,"covered":0,"skipped":0,"pct":0},"statements":{"total":28,"covered":0,"skipped":0,"pct":0},"branches":{"total":35,"covered":0,"skipped":0,"pct":0}}
,"C:\\Users\\danim\\Documents\\Programming\\playground-app\\playground-app\\server\\src\\services\\aiModerationService.js": {"lines":{"total":66,"covered":0,"skipped":0,"pct":0},"functions":{"total":10,"covered":0,"skipped":0,"pct":0},"statements":{"total":72,"covered":0,"skipped":0,"pct":0},"branches":{"total":35,"covered":0,"skipped":0,"pct":0}}
,"C:\\Users\\danim\\Documents\\Programming\\playground-app\\playground-app\\server\\src\\services\\authService.js": {"lines":{"total":65,"covered":0,"skipped":0,"pct":0},"functions":{"total":4,"covered":0,"skipped":0,"pct":0},"statements":{"total":66,"covered":0,"skipped":0,"pct":0},"branches":{"total":36,"covered":0,"skipped":0,"pct":0}}
,"C:\\Users\\danim\\Documents\\Programming\\playground-app\\playground-app\\server\\src\\services\\badgeService.js": {"lines":{"total":16,"covered":0,"skipped":0,"pct":0},"functions":{"total":3,"covered":0,"skipped":0,"pct":0},"statements":{"total":17,"covered":0,"skipped":0,"pct":0},"branches":{"total":29,"covered":0,"skipped":0,"pct":0}}
,"C:\\Users\\danim\\Documents\\Programming\\playground-app\\playground-app\\server\\src\\services\\campaignEditService.js": {"lines":{"total":75,"covered":0,"skipped":0,"pct":0},"functions":{"total":3,"covered":0,"skipped":0,"pct":0},"statements":{"total":97,"covered":0,"skipped":0,"pct":0},"branches":{"total":96,"covered":0,"skipped":0,"pct":0}}
,"C:\\Users\\danim\\Documents\\Programming\\playground-app\\playground-app\\server\\src\\services\\campaignLifecycleService.js": {"lines":{"total":138,"covered":0,"skipped":0,"pct":0},"functions":{"total":6,"covered":0,"skipped":0,"pct":0},"statements":{"total":146,"covered":0,"skipped":0,"pct":0},"branches":{"total":68,"covered":0,"skipped":0,"pct":0}}
,"C:\\Users\\danim\\Documents\\Programming\\playground-app\\playground-app\\server\\src\\services\\cityPhaseService.js": {"lines":{"total":65,"covered":0,"skipped":0,"pct":0},"functions":{"total":6,"covered":0,"skipped":0,"pct":0},"statements":{"total":65,"covered":0,"skipped":0,"pct":0},"branches":{"total":54,"covered":0,"skipped":0,"pct":0}}
,"C:\\Users\\danim\\Documents\\Programming\\playground-app\\playground-app\\server\\src\\services\\contributionService.js": {"lines":{"total":43,"covered":0,"skipped":0,"pct":0},"functions":{"total":5,"covered":0,"skipped":0,"pct":0},"statements":{"total":45,"covered":0,"skipped":0,"pct":0},"branches":{"total":33,"covered":0,"skipped":0,"pct":0}}
,"C:\\Users\\danim\\Documents\\Programming\\playground-app\\playground-app\\server\\src\\services\\dynamicOptionsService.js": {"lines":{"total":27,"covered":0,"skipped":0,"pct":0},"functions":{"total":10,"covered":0,"skipped":0,"pct":0},"statements":{"total":29,"covered":0,"skipped":0,"pct":0},"branches":{"total":14,"covered":0,"skipped":0,"pct":0}}
,"C:\\Users\\danim\\Documents\\Programming\\playground-app\\playground-app\\server\\src\\services\\equipmentValidationService.js": {"lines":{"total":160,"covered":0,"skipped":0,"pct":0},"functions":{"total":27,"covered":0,"skipped":0,"pct":0},"statements":{"total":190,"covered":0,"skipped":0,"pct":0},"branches":{"total":197,"covered":0,"skipped":0,"pct":0}}
,"C:\\Users\\danim\\Documents\\Programming\\playground-app\\playground-app\\server\\src\\services\\faceStickerMaskService.js": {"lines":{"total":31,"covered":0,"skipped":0,"pct":0},"functions":{"total":6,"covered":0,"skipped":0,"pct":0},"statements":{"total":32,"covered":0,"skipped":0,"pct":0},"branches":{"total":10,"covered":0,"skipped":0,"pct":0}}
,"C:\\Users\\danim\\Documents\\Programming\\playground-app\\playground-app\\server\\src\\services\\geminiCostLogger.js": {"lines":{"total":7,"covered":0,"skipped":0,"pct":0},"functions":{"total":1,"covered":0,"skipped":0,"pct":0},"statements":{"total":10,"covered":0,"skipped":0,"pct":0},"branches":{"total":11,"covered":0,"skipped":0,"pct":0}}
,"C:\\Users\\danim\\Documents\\Programming\\playground-app\\playground-app\\server\\src\\services\\geminiImageResize.js": {"lines":{"total":13,"covered":0,"skipped":0,"pct":0},"functions":{"total":2,"covered":0,"skipped":0,"pct":0},"statements":{"total":14,"covered":0,"skipped":0,"pct":0},"branches":{"total":14,"covered":0,"skipped":0,"pct":0}}
,"C:\\Users\\danim\\Documents\\Programming\\playground-app\\playground-app\\server\\src\\services\\inferPlaygroundType.js": {"lines":{"total":56,"covered":0,"skipped":0,"pct":0},"functions":{"total":6,"covered":0,"skipped":0,"pct":0},"statements":{"total":59,"covered":0,"skipped":0,"pct":0},"branches":{"total":88,"covered":0,"skipped":0,"pct":0}}
,"C:\\Users\\danim\\Documents\\Programming\\playground-app\\playground-app\\server\\src\\services\\kidPlaceFilters.js": {"lines":{"total":38,"covered":0,"skipped":0,"pct":0},"functions":{"total":12,"covered":0,"skipped":0,"pct":0},"statements":{"total":45,"covered":0,"skipped":0,"pct":0},"branches":{"total":26,"covered":0,"skipped":0,"pct":0}}
,"C:\\Users\\danim\\Documents\\Programming\\playground-app\\playground-app\\server\\src\\services\\locationValidationCache.js": {"lines":{"total":11,"covered":0,"skipped":0,"pct":0},"functions":{"total":4,"covered":0,"skipped":0,"pct":0},"statements":{"total":14,"covered":0,"skipped":0,"pct":0},"branches":{"total":8,"covered":0,"skipped":0,"pct":0}}
,"C:\\Users\\danim\\Documents\\Programming\\playground-app\\playground-app\\server\\src\\services\\moderationStatsService.js": {"lines":{"total":54,"covered":0,"skipped":0,"pct":0},"functions":{"total":5,"covered":0,"skipped":0,"pct":0},"statements":{"total":62,"covered":0,"skipped":0,"pct":0},"branches":{"total":52,"covered":0,"skipped":0,"pct":0}}
,"C:\\Users\\danim\\Documents\\Programming\\playground-app\\playground-app\\server\\src\\services\\notificationService.js": {"lines":{"total":23,"covered":0,"skipped":0,"pct":0},"functions":{"total":2,"covered":0,"skipped":0,"pct":0},"statements":{"total":23,"covered":0,"skipped":0,"pct":0},"branches":{"total":4,"covered":0,"skipped":0,"pct":0}}
,"C:\\Users\\danim\\Documents\\Programming\\playground-app\\playground-app\\server\\src\\services\\photoClassificationService.js": {"lines":{"total":94,"covered":0,"skipped":0,"pct":0},"functions":{"total":16,"covered":0,"skipped":0,"pct":0},"statements":{"total":105,"covered":0,"skipped":0,"pct":0},"branches":{"total":86,"covered":0,"skipped":0,"pct":0}}
,"C:\\Users\\danim\\Documents\\Programming\\playground-app\\playground-app\\server\\src\\services\\photoCleanupService.js": {"lines":{"total":12,"covered":0,"skipped":0,"pct":0},"functions":{"total":1,"covered":0,"skipped":0,"pct":0},"statements":{"total":12,"covered":0,"skipped":0,"pct":0},"branches":{"total":0,"covered":0,"skipped":0,"pct":100}}
,"C:\\Users\\danim\\Documents\\Programming\\playground-app\\playground-app\\server\\src\\services\\photoModerationConfig.js": {"lines":{"total":2,"covered":0,"skipped":0,"pct":0},"functions":{"total":0,"covered":0,"skipped":0,"pct":100},"statements":{"total":2,"covered":0,"skipped":0,"pct":0},"branches":{"total":0,"covered":0,"skipped":0,"pct":100}}
,"C:\\Users\\danim\\Documents\\Programming\\playground-app\\playground-app\\server\\src\\services\\photoModerationService.js": {"lines":{"total":75,"covered":0,"skipped":0,"pct":0},"functions":{"total":2,"covered":0,"skipped":0,"pct":0},"statements":{"total":75,"covered":0,"skipped":0,"pct":0},"branches":{"total":26,"covered":0,"skipped":0,"pct":0}}
,"C:\\Users\\danim\\Documents\\Programming\\playground-app\\playground-app\\server\\src\\services\\photoUploadService.js": {"lines":{"total":74,"covered":0,"skipped":0,"pct":0},"functions":{"total":2,"covered":0,"skipped":0,"pct":0},"statements":{"total":76,"covered":0,"skipped":0,"pct":0},"branches":{"total":56,"covered":0,"skipped":0,"pct":0}}
,"C:\\Users\\danim\\Documents\\Programming\\playground-app\\playground-app\\server\\src\\services\\placeLocationNormalizationService.js": {"lines":{"total":101,"covered":0,"skipped":0,"pct":0},"functions":{"total":13,"covered":0,"skipped":0,"pct":0},"statements":{"total":111,"covered":0,"skipped":0,"pct":0},"branches":{"total":140,"covered":0,"skipped":0,"pct":0}}
,"C:\\Users\\danim\\Documents\\Programming\\playground-app\\playground-app\\server\\src\\services\\placeValidityRules.js": {"lines":{"total":16,"covered":0,"skipped":0,"pct":0},"functions":{"total":4,"covered":0,"skipped":0,"pct":0},"statements":{"total":19,"covered":0,"skipped":0,"pct":0},"branches":{"total":10,"covered":0,"skipped":0,"pct":0}}
,"C:\\Users\\danim\\Documents\\Programming\\playground-app\\playground-app\\server\\src\\services\\playgroundSubmissionReviewService.js": {"lines":{"total":88,"covered":0,"skipped":0,"pct":0},"functions":{"total":11,"covered":0,"skipped":0,"pct":0},"statements":{"total":93,"covered":0,"skipped":0,"pct":0},"branches":{"total":82,"covered":0,"skipped":0,"pct":0}}
,"C:\\Users\\danim\\Documents\\Programming\\playground-app\\playground-app\\server\\src\\services\\pricingService.js": {"lines":{"total":85,"covered":0,"skipped":0,"pct":0},"functions":{"total":5,"covered":0,"skipped":0,"pct":0},"statements":{"total":85,"covered":0,"skipped":0,"pct":0},"branches":{"total":70,"covered":0,"skipped":0,"pct":0}}
,"C:\\Users\\danim\\Documents\\Programming\\playground-app\\playground-app\\server\\src\\services\\radiusTargetingService.js": {"lines":{"total":72,"covered":0,"skipped":0,"pct":0},"functions":{"total":18,"covered":0,"skipped":0,"pct":0},"statements":{"total":79,"covered":0,"skipped":0,"pct":0},"branches":{"total":70,"covered":0,"skipped":0,"pct":0}}
,"C:\\Users\\danim\\Documents\\Programming\\playground-app\\playground-app\\server\\src\\services\\recategorizePlaygroundTypesService.js": {"lines":{"total":48,"covered":0,"skipped":0,"pct":0},"functions":{"total":2,"covered":0,"skipped":0,"pct":0},"statements":{"total":48,"covered":0,"skipped":0,"pct":0},"branches":{"total":50,"covered":0,"skipped":0,"pct":0}}
,"C:\\Users\\danim\\Documents\\Programming\\playground-app\\playground-app\\server\\src\\services\\recordVerificationFromEdit.js": {"lines":{"total":24,"covered":0,"skipped":0,"pct":0},"functions":{"total":1,"covered":0,"skipped":0,"pct":0},"statements":{"total":26,"covered":0,"skipped":0,"pct":0},"branches":{"total":19,"covered":0,"skipped":0,"pct":0}}
,"C:\\Users\\danim\\Documents\\Programming\\playground-app\\playground-app\\server\\src\\services\\refundCalculator.js": {"lines":{"total":12,"covered":0,"skipped":0,"pct":0},"functions":{"total":1,"covered":0,"skipped":0,"pct":0},"statements":{"total":12,"covered":0,"skipped":0,"pct":0},"branches":{"total":7,"covered":0,"skipped":0,"pct":0}}
,"C:\\Users\\danim\\Documents\\Programming\\playground-app\\playground-app\\server\\src\\services\\regionStatsService.js": {"lines":{"total":10,"covered":0,"skipped":0,"pct":0},"functions":{"total":2,"covered":0,"skipped":0,"pct":0},"statements":{"total":13,"covered":0,"skipped":0,"pct":0},"branches":{"total":6,"covered":0,"skipped":0,"pct":0}}
,"C:\\Users\\danim\\Documents\\Programming\\playground-app\\playground-app\\server\\src\\services\\retryWithBackoff.js": {"lines":{"total":18,"covered":0,"skipped":0,"pct":0},"functions":{"total":3,"covered":0,"skipped":0,"pct":0},"statements":{"total":24,"covered":0,"skipped":0,"pct":0},"branches":{"total":32,"covered":0,"skipped":0,"pct":0}}
,"C:\\Users\\danim\\Documents\\Programming\\playground-app\\playground-app\\server\\src\\services\\seedJobQueueService.js": {"lines":{"total":21,"covered":0,"skipped":0,"pct":0},"functions":{"total":4,"covered":0,"skipped":0,"pct":0},"statements":{"total":22,"covered":0,"skipped":0,"pct":0},"branches":{"total":32,"covered":0,"skipped":0,"pct":0}}
,"C:\\Users\\danim\\Documents\\Programming\\playground-app\\playground-app\\server\\src\\services\\seedLightRefreshService.js": {"lines":{"total":105,"covered":0,"skipped":0,"pct":0},"functions":{"total":10,"covered":0,"skipped":0,"pct":0},"statements":{"total":110,"covered":0,"skipped":0,"pct":0},"branches":{"total":72,"covered":0,"skipped":0,"pct":0}}
,"C:\\Users\\danim\\Documents\\Programming\\playground-app\\playground-app\\server\\src\\services\\seedOrchestratorService.js": {"lines":{"total":823,"covered":0,"skipped":0,"pct":0},"functions":{"total":113,"covered":0,"skipped":0,"pct":0},"statements":{"total":920,"covered":0,"skipped":0,"pct":0},"branches":{"total":652,"covered":0,"skipped":0,"pct":0}}
,"C:\\Users\\danim\\Documents\\Programming\\playground-app\\playground-app\\server\\src\\services\\seedRefreshPolicy.js": {"lines":{"total":18,"covered":0,"skipped":0,"pct":0},"functions":{"total":6,"covered":0,"skipped":0,"pct":0},"statements":{"total":24,"covered":0,"skipped":0,"pct":0},"branches":{"total":29,"covered":0,"skipped":0,"pct":0}}
,"C:\\Users\\danim\\Documents\\Programming\\playground-app\\playground-app\\server\\src\\services\\seedSearchProfiles.js": {"lines":{"total":5,"covered":0,"skipped":0,"pct":0},"functions":{"total":0,"covered":0,"skipped":0,"pct":100},"statements":{"total":5,"covered":0,"skipped":0,"pct":0},"branches":{"total":0,"covered":0,"skipped":0,"pct":100}}
,"C:\\Users\\danim\\Documents\\Programming\\playground-app\\playground-app\\server\\src\\services\\storageService.js": {"lines":{"total":10,"covered":0,"skipped":0,"pct":0},"functions":{"total":1,"covered":0,"skipped":0,"pct":0},"statements":{"total":10,"covered":0,"skipped":0,"pct":0},"branches":{"total":3,"covered":0,"skipped":0,"pct":0}}
,"C:\\Users\\danim\\Documents\\Programming\\playground-app\\playground-app\\server\\src\\services\\stripeService.js": {"lines":{"total":203,"covered":0,"skipped":0,"pct":0},"functions":{"total":13,"covered":0,"skipped":0,"pct":0},"statements":{"total":216,"covered":0,"skipped":0,"pct":0},"branches":{"total":167,"covered":0,"skipped":0,"pct":0}}
,"C:\\Users\\danim\\Documents\\Programming\\playground-app\\playground-app\\server\\src\\services\\venueMergeService.js": {"lines":{"total":657,"covered":347,"skipped":0,"pct":52.81},"functions":{"total":144,"covered":80,"skipped":0,"pct":55.55},"statements":{"total":843,"covered":423,"skipped":0,"pct":50.17},"branches":{"total":669,"covered":290,"skipped":0,"pct":43.34}}
,"C:\\Users\\danim\\Documents\\Programming\\playground-app\\playground-app\\server\\src\\templates\\authEmails.js": {"lines":{"total":12,"covered":0,"skipped":0,"pct":0},"functions":{"total":3,"covered":0,"skipped":0,"pct":0},"statements":{"total":12,"covered":0,"skipped":0,"pct":0},"branches":{"total":0,"covered":0,"skipped":0,"pct":100}}
,"C:\\Users\\danim\\Documents\\Programming\\playground-app\\playground-app\\server\\src\\utils\\helpers.js": {"lines":{"total":39,"covered":0,"skipped":0,"pct":0},"functions":{"total":4,"covered":0,"skipped":0,"pct":0},"statements":{"total":40,"covered":0,"skipped":0,"pct":0},"branches":{"total":58,"covered":0,"skipped":0,"pct":0}}
,"C:\\Users\\danim\\Documents\\Programming\\playground-app\\playground-app\\server\\src\\utils\\passwordPolicy.js": {"lines":{"total":16,"covered":0,"skipped":0,"pct":0},"functions":{"total":1,"covered":0,"skipped":0,"pct":0},"statements":{"total":16,"covered":0,"skipped":0,"pct":0},"branches":{"total":16,"covered":0,"skipped":0,"pct":0}}
,"C:\\Users\\danim\\Documents\\Programming\\playground-app\\playground-app\\server\\src\\utils\\playgroundIdFilter.js": {"lines":{"total":23,"covered":0,"skipped":0,"pct":0},"functions":{"total":2,"covered":0,"skipped":0,"pct":0},"statements":{"total":26,"covered":0,"skipped":0,"pct":0},"branches":{"total":14,"covered":0,"skipped":0,"pct":0}}
}
