TN:
SF:src\database.js
FN:14,(anonymous_0)
FN:37,(anonymous_1)
FNF:2
FNH:0
FNDA:0,(anonymous_0)
FNDA:0,(anonymous_1)
DA:1,5
DA:2,5
DA:4,5
DA:5,5
DA:7,5
DA:8,0
DA:11,5
DA:13,5
DA:15,0
DA:16,0
DA:17,0
DA:21,0
DA:23,0
DA:29,0
DA:30,0
DA:32,0
DA:33,0
DA:38,0
LF:18
LH:7
BRDA:7,0,0,0
BRDA:7,0,1,5
BRF:2
BRH:1
end_of_record
TN:
SF:src\loadFirebaseServiceAccount.js
FN:5,resolveServiceAccountPath
FN:22,loadFirebaseServiceAccountJson
FNF:2
FNH:2
FNDA:1,resolveServiceAccountPath
FNDA:1,loadFirebaseServiceAccountJson
DA:1,1
DA:2,1
DA:6,1
DA:8,1
DA:9,0
DA:10,0
DA:12,1
DA:13,1
DA:14,0
DA:23,1
DA:24,1
DA:25,1
DA:28,1
LF:13
LH:10
BRDA:6,0,0,1
BRDA:6,0,1,1
BRDA:8,1,0,0
BRDA:8,1,1,1
BRDA:8,2,0,1
BRDA:8,2,1,0
BRDA:10,3,0,0
BRDA:10,3,1,0
BRDA:13,4,0,1
BRDA:13,4,1,0
BRDA:24,5,0,0
BRDA:24,5,1,1
BRF:12
BRH:6
end_of_record
TN:
SF:src\resolveMongoDbName.js
FN:11,resolveMongoDbName
FNF:1
FNH:1
FNDA:5,resolveMongoDbName
DA:12,5
DA:13,5
DA:14,0
DA:17,5
DA:18,5
DA:19,0
DA:21,5
DA:22,0
DA:25,5
DA:28,5
LF:10
LH:7
BRDA:12,0,0,5
BRDA:12,0,1,5
BRDA:13,1,0,0
BRDA:13,1,1,5
BRDA:17,2,0,5
BRDA:17,2,1,5
BRDA:18,3,0,0
BRDA:18,3,1,5
BRDA:19,4,0,0
BRDA:19,4,1,0
BRDA:21,5,0,0
BRDA:21,5,1,5
BRDA:22,6,0,0
BRDA:22,6,1,0
BRF:14
BRH:7
end_of_record
TN:
SF:src\middleware\adRateLimiter.js
FNF:0
FNH:0
DA:1,0
DA:3,0
DA:11,0
DA:19,0
LF:4
LH:0
BRF:0
BRH:0
end_of_record
TN:
SF:src\routes\adAdminRoutes.js
FN:16,(anonymous_0)
FN:27,(anonymous_1)
FN:39,(anonymous_2)
FN:43,(anonymous_3)
FN:45,(anonymous_4)
FN:64,(anonymous_5)
FN:96,(anonymous_6)
FN:186,(anonymous_7)
FN:255,(anonymous_8)
FN:290,(anonymous_9)
FN:295,(anonymous_10)
FN:309,(anonymous_11)
FN:327,(anonymous_12)
FN:377,(anonymous_13)
FN:384,(anonymous_14)
FN:388,(anonymous_15)
FN:410,(anonymous_16)
FN:430,(anonymous_17)
FN:447,(anonymous_18)
FN:448,(anonymous_19)
FN:467,(anonymous_20)
FN:487,(anonymous_21)
FN:508,(anonymous_22)
FN:550,(anonymous_23)
FNF:24
FNH:21
FNDA:1,(anonymous_0)
FNDA:1,(anonymous_1)
FNDA:1,(anonymous_2)
FNDA:1,(anonymous_3)
FNDA:1,(anonymous_4)
FNDA:0,(anonymous_5)
FNDA:2,(anonymous_6)
FNDA:2,(anonymous_7)
FNDA:0,(anonymous_8)
FNDA:1,(anonymous_9)
FNDA:1,(anonymous_10)
FNDA:1,(anonymous_11)
FNDA:1,(anonymous_12)
FNDA:1,(anonymous_13)
FNDA:1,(anonymous_14)
FNDA:1,(anonymous_15)
FNDA:1,(anonymous_16)
FNDA:1,(anonymous_17)
FNDA:1,(anonymous_18)
FNDA:0,(anonymous_19)
FNDA:1,(anonymous_20)
FNDA:1,(anonymous_21)
FNDA:1,(anonymous_22)
FNDA:1,(anonymous_23)
DA:1,1
DA:2,1
DA:3,1
DA:4,1
DA:5,1
DA:6,1
DA:7,1
DA:8,1
DA:9,1
DA:10,1
DA:13,1
DA:16,1
DA:17,1
DA:18,1
DA:19,1
DA:21,1
DA:27,1
DA:28,1
DA:32,1
DA:33,1
DA:34,1
DA:35,1
DA:36,1
DA:39,1
DA:40,1
DA:43,1
DA:45,1
DA:46,1
DA:47,1
DA:48,1
DA:49,1
DA:50,1
DA:57,1
DA:59,0
DA:64,1
DA:65,0
DA:66,0
DA:67,0
DA:68,0
DA:70,0
DA:71,0
DA:74,0
DA:77,0
DA:78,0
DA:79,0
DA:80,0
DA:81,0
DA:82,0
DA:83,0
DA:86,0
DA:91,0
DA:96,1
DA:97,2
DA:98,2
DA:99,2
DA:101,2
DA:102,0
DA:105,2
DA:106,2
DA:108,2
DA:110,2
DA:111,1
DA:115,1
DA:117,1
DA:123,1
DA:124,1
DA:125,1
DA:126,1
DA:130,1
DA:136,1
DA:137,0
DA:138,0
DA:145,1
DA:148,1
DA:153,1
DA:154,1
DA:155,1
DA:156,1
DA:157,0
DA:158,0
DA:161,0
DA:162,0
DA:166,1
DA:172,1
DA:173,1
DA:175,1
DA:181,0
DA:186,1
DA:187,2
DA:188,2
DA:189,2
DA:190,2
DA:191,1
DA:194,1
DA:195,1
DA:197,1
DA:198,0
DA:201,1
DA:203,1
DA:204,1
DA:205,1
DA:207,0
DA:208,0
DA:210,0
DA:211,0
DA:212,0
DA:218,1
DA:231,1
DA:236,1
DA:237,1
DA:239,1
DA:241,0
DA:246,1
DA:255,1
DA:256,0
DA:257,0
DA:258,0
DA:259,0
DA:260,0
DA:265,0
DA:266,0
DA:268,0
DA:269,0
DA:275,0
DA:276,0
DA:277,0
DA:278,0
DA:281,0
DA:283,0
DA:285,0
DA:290,1
DA:291,1
DA:292,1
DA:293,1
DA:295,1
DA:302,1
DA:304,0
DA:309,1
DA:310,1
DA:311,1
DA:312,1
DA:314,1
DA:315,0
DA:318,1
DA:320,1
DA:322,0
DA:327,1
DA:328,1
DA:329,1
DA:330,1
DA:332,1
DA:333,1
DA:334,1
DA:335,0
DA:338,1
DA:340,1
DA:341,1
DA:343,1
DA:368,1
DA:370,0
DA:377,1
DA:378,1
DA:379,1
DA:380,1
DA:383,1
DA:384,1
DA:387,1
DA:388,1
DA:392,1
DA:395,1
DA:396,1
DA:397,1
DA:400,1
DA:401,1
DA:403,1
DA:405,0
DA:410,1
DA:411,1
DA:412,1
DA:413,1
DA:414,1
DA:423,0
DA:424,0
DA:425,0
DA:430,1
DA:431,1
DA:432,1
DA:433,1
DA:434,1
DA:435,1
DA:436,1
DA:437,1
DA:438,0
DA:441,1
DA:445,1
DA:446,1
DA:447,1
DA:448,1
DA:449,0
DA:452,1
DA:462,0
DA:467,1
DA:468,1
DA:469,1
DA:470,1
DA:471,1
DA:480,0
DA:481,0
DA:482,0
DA:487,1
DA:488,1
DA:489,1
DA:490,1
DA:491,1
DA:497,1
DA:499,0
DA:500,0
DA:501,0
DA:503,0
DA:508,1
DA:509,1
DA:510,1
DA:511,1
DA:543,1
DA:545,0
DA:550,1
DA:551,1
DA:552,1
DA:553,1
DA:554,1
DA:564,0
DA:568,1
LF:232
LH:163
BRDA:19,0,0,1
BRDA:19,0,1,1
BRDA:35,1,0,1
BRDA:35,1,1,0
BRDA:40,2,0,1
BRDA:40,2,1,0
BRDA:46,3,0,1
BRDA:46,3,1,0
BRDA:47,4,0,1
BRDA:47,4,1,0
BRDA:47,5,0,1
BRDA:47,5,1,1
BRDA:48,6,0,0
BRDA:48,6,1,1
BRDA:48,7,0,1
BRDA:48,7,1,1
BRDA:49,8,0,1
BRDA:49,8,1,0
BRDA:49,8,2,0
BRDA:53,9,0,1
BRDA:53,9,1,0
BRDA:68,10,0,0
BRDA:68,10,1,0
BRDA:71,11,0,0
BRDA:71,11,1,0
BRDA:81,12,0,0
BRDA:81,12,1,0
BRDA:101,13,0,0
BRDA:101,13,1,2
BRDA:101,14,0,2
BRDA:101,14,1,2
BRDA:106,15,0,0
BRDA:106,15,1,2
BRDA:110,16,0,1
BRDA:110,16,1,1
BRDA:115,17,0,1
BRDA:115,17,1,0
BRDA:124,18,0,1
BRDA:124,18,1,0
BRDA:126,19,0,1
BRDA:126,19,1,0
BRDA:136,20,0,0
BRDA:136,20,1,1
BRDA:150,21,0,1
BRDA:150,21,1,0
BRDA:155,22,0,1
BRDA:155,22,1,0
BRDA:155,23,0,1
BRDA:155,23,1,1
BRDA:156,24,0,1
BRDA:156,24,1,0
BRDA:157,25,0,0
BRDA:157,25,1,0
BRDA:158,26,0,0
BRDA:158,26,1,0
BRDA:161,27,0,0
BRDA:161,27,1,0
BRDA:173,28,0,1
BRDA:173,28,1,0
BRDA:189,29,0,2
BRDA:189,29,1,0
BRDA:190,30,0,1
BRDA:190,30,1,1
BRDA:190,31,0,2
BRDA:190,31,1,2
BRDA:195,32,0,0
BRDA:195,32,1,1
BRDA:197,33,0,0
BRDA:197,33,1,1
BRDA:203,34,0,1
BRDA:203,34,1,0
BRDA:204,35,0,1
BRDA:204,35,1,0
BRDA:258,36,0,0
BRDA:258,36,1,0
BRDA:259,37,0,0
BRDA:259,37,1,0
BRDA:259,38,0,0
BRDA:259,38,1,0
BRDA:266,39,0,0
BRDA:266,39,1,0
BRDA:275,40,0,0
BRDA:275,40,1,0
BRDA:276,41,0,0
BRDA:276,41,1,0
BRDA:277,42,0,0
BRDA:277,42,1,0
BRDA:277,43,0,0
BRDA:277,43,1,0
BRDA:297,44,0,0
BRDA:297,44,1,1
BRDA:297,45,0,1
BRDA:297,45,1,0
BRDA:298,46,0,1
BRDA:298,46,1,1
BRDA:299,47,0,1
BRDA:299,47,1,1
BRDA:314,48,0,0
BRDA:314,48,1,1
BRDA:314,49,0,1
BRDA:314,49,1,1
BRDA:334,50,0,0
BRDA:334,50,1,1
BRDA:334,51,0,1
BRDA:334,51,1,1
BRDA:387,52,0,1
BRDA:387,52,1,0
BRDA:413,53,0,1
BRDA:413,53,1,0
BRDA:423,54,0,0
BRDA:423,54,1,0
BRDA:424,55,0,0
BRDA:424,55,1,0
BRDA:435,56,0,0
BRDA:435,56,1,1
BRDA:437,57,0,0
BRDA:437,57,1,1
BRDA:446,58,0,1
BRDA:446,58,1,0
BRDA:480,59,0,0
BRDA:480,59,1,0
BRDA:481,60,0,0
BRDA:481,60,1,0
BRDA:490,61,0,1
BRDA:490,61,1,0
BRDA:499,62,0,0
BRDA:499,62,1,0
BRDA:500,63,0,0
BRDA:500,63,1,0
BRDA:500,64,0,0
BRDA:500,64,1,0
BRDA:500,64,2,0
BRDA:557,65,0,1
BRDA:557,65,1,0
BRDA:558,66,0,1
BRDA:558,66,1,0
BRDA:559,67,0,1
BRDA:559,67,1,0
BRDA:560,68,0,1
BRDA:560,68,1,0
BRF:140
BRH:60
end_of_record
TN:
SF:src\routes\adAnalyticsRoutes.js
FN:9,creativeToPreview
FN:22,(anonymous_1)
FN:33,(anonymous_2)
FN:37,(anonymous_3)
FN:39,(anonymous_4)
FN:47,(anonymous_5)
FN:50,(anonymous_6)
FN:51,(anonymous_7)
FN:52,(anonymous_8)
FN:81,(anonymous_9)
FN:104,(anonymous_10)
FN:105,(anonymous_11)
FN:107,(anonymous_12)
FNF:13
FNH:11
FNDA:4,creativeToPreview
FNDA:2,(anonymous_1)
FNDA:1,(anonymous_2)
FNDA:1,(anonymous_3)
FNDA:1,(anonymous_4)
FNDA:1,(anonymous_5)
FNDA:1,(anonymous_6)
FNDA:0,(anonymous_7)
FNDA:1,(anonymous_8)
FNDA:5,(anonymous_9)
FNDA:0,(anonymous_10)
FNDA:2,(anonymous_11)
FNDA:2,(anonymous_12)
DA:1,1
DA:2,1
DA:3,1
DA:4,1
DA:5,1
DA:6,1
DA:7,1
DA:10,4
DA:11,3
DA:22,1
DA:23,2
DA:24,2
DA:25,2
DA:26,2
DA:28,1
DA:33,1
DA:34,1
DA:37,1
DA:39,1
DA:40,1
DA:43,1
DA:45,1
DA:47,1
DA:48,1
DA:49,1
DA:50,1
DA:51,0
DA:52,1
DA:53,1
DA:74,1
DA:76,0
DA:81,1
DA:82,5
DA:83,5
DA:84,5
DA:85,1
DA:87,4
DA:88,4
DA:89,4
DA:92,3
DA:93,3
DA:94,1
DA:97,2
DA:103,2
DA:104,0
DA:105,2
DA:106,2
DA:107,2
DA:109,2
DA:113,2
DA:117,2
DA:118,2
DA:123,1
DA:126,2
DA:141,2
DA:143,0
DA:147,1
LF:57
LH:53
BRDA:10,0,0,1
BRDA:10,0,1,3
BRDA:12,1,0,3
BRDA:12,1,1,0
BRDA:13,2,0,3
BRDA:13,2,1,0
BRDA:14,3,0,3
BRDA:14,3,1,0
BRDA:15,4,0,3
BRDA:15,4,1,0
BRDA:16,5,0,3
BRDA:16,5,1,0
BRDA:17,6,0,3
BRDA:17,6,1,0
BRDA:26,7,0,1
BRDA:26,7,1,1
BRDA:34,8,0,1
BRDA:34,8,1,0
BRDA:40,9,0,1
BRDA:40,9,1,0
BRDA:40,10,0,1
BRDA:40,10,1,1
BRDA:48,11,0,1
BRDA:48,11,1,0
BRDA:49,12,0,1
BRDA:49,12,1,0
BRDA:49,13,0,1
BRDA:49,13,1,1
BRDA:52,14,0,1
BRDA:52,14,1,0
BRDA:55,15,0,1
BRDA:55,15,1,0
BRDA:56,16,0,1
BRDA:56,16,1,0
BRDA:57,17,0,1
BRDA:57,17,1,0
BRDA:58,18,0,1
BRDA:58,18,1,0
BRDA:59,19,0,1
BRDA:59,19,1,0
BRDA:60,20,0,1
BRDA:60,20,1,0
BRDA:61,21,0,1
BRDA:61,21,1,0
BRDA:62,22,0,1
BRDA:62,22,1,0
BRDA:63,23,0,1
BRDA:63,23,1,0
BRDA:66,24,0,1
BRDA:66,24,1,0
BRDA:67,25,0,1
BRDA:67,25,1,0
BRDA:68,26,0,1
BRDA:68,26,1,0
BRDA:69,27,0,0
BRDA:69,27,1,1
BRDA:84,28,0,1
BRDA:84,28,1,4
BRDA:89,29,0,1
BRDA:89,29,1,3
BRDA:93,30,0,1
BRDA:93,30,1,2
BRDA:93,31,0,3
BRDA:93,31,1,3
BRDA:103,32,0,0
BRDA:103,32,1,2
BRDA:103,33,0,2
BRDA:103,33,1,0
BRDA:107,34,0,2
BRDA:107,34,1,0
BRDA:109,35,0,2
BRDA:109,35,1,0
BRDA:113,36,0,2
BRDA:113,36,1,0
BRDA:118,37,0,1
BRDA:118,37,1,1
BRDA:119,38,0,2
BRDA:119,38,1,2
BRDA:119,38,2,2
BRDA:129,39,0,2
BRDA:129,39,1,0
BRDA:130,40,0,2
BRDA:130,40,1,0
BRDA:131,41,0,2
BRDA:131,41,1,0
BRDA:134,42,0,2
BRDA:134,42,1,2
BRDA:135,43,0,2
BRDA:135,43,1,2
BRF:89
BRH:57
end_of_record
TN:
SF:src\routes\adDiscountRoutes.js
FN:11,(anonymous_0)
FN:125,(anonymous_1)
FN:140,(anonymous_2)
FN:219,(anonymous_3)
FN:246,(anonymous_4)
FN:272,(anonymous_5)
FNF:6
FNH:6
FNDA:6,(anonymous_0)
FNDA:1,(anonymous_1)
FNDA:1,(anonymous_2)
FNDA:1,(anonymous_3)
FNDA:1,(anonymous_4)
FNDA:10,(anonymous_5)
DA:1,1
DA:2,1
DA:3,1
DA:4,1
DA:5,1
DA:6,1
DA:11,1
DA:12,6
DA:13,6
DA:24,6
DA:27,6
DA:28,1
DA:31,5
DA:32,0
DA:35,5
DA:36,5
DA:37,1
DA:40,4
DA:41,4
DA:42,1
DA:47,3
DA:48,1
DA:49,1
DA:51,2
DA:52,0
DA:54,2
DA:55,2
DA:56,2
DA:57,0
DA:59,2
DA:60,0
DA:64,3
DA:65,3
DA:66,0
DA:69,3
DA:70,3
DA:71,0
DA:72,0
DA:73,0
DA:75,0
DA:76,0
DA:77,0
DA:78,0
DA:83,3
DA:88,3
DA:89,1
DA:92,2
DA:93,2
DA:105,2
DA:106,2
DA:107,2
DA:108,2
DA:110,2
DA:111,2
DA:113,2
DA:116,0
DA:117,0
DA:119,0
DA:125,1
DA:126,1
DA:127,1
DA:128,1
DA:133,1
DA:135,0
DA:140,1
DA:141,1
DA:142,1
DA:143,1
DA:145,1
DA:146,0
DA:149,1
DA:150,1
DA:152,1
DA:153,1
DA:154,0
DA:156,1
DA:159,1
DA:160,0
DA:161,0
DA:162,0
DA:164,0
DA:167,1
DA:168,1
DA:169,1
DA:170,0
DA:172,1
DA:176,1
DA:177,1
DA:178,1
DA:179,0
DA:181,1
DA:182,1
DA:183,1
DA:184,0
DA:188,1
DA:189,1
DA:192,1
DA:193,1
DA:196,1
DA:197,0
DA:200,1
DA:202,1
DA:208,1
DA:209,0
DA:212,1
DA:214,0
DA:219,1
DA:220,1
DA:221,1
DA:222,1
DA:224,1
DA:225,0
DA:228,1
DA:229,1
DA:235,1
DA:236,0
DA:239,1
DA:241,0
DA:246,1
DA:247,1
DA:248,1
DA:249,1
DA:251,1
DA:252,0
DA:255,1
DA:260,1
DA:262,0
DA:268,1
DA:269,1
DA:272,1
DA:273,10
DA:274,10
DA:275,10
DA:277,10
DA:278,1
DA:280,9
DA:281,1
DA:285,8
DA:290,8
DA:291,1
DA:294,7
DA:298,7
DA:299,0
DA:302,7
DA:306,7
DA:307,7
DA:309,4
DA:310,4
DA:313,3
DA:315,3
DA:316,3
DA:319,3
DA:320,1
DA:323,2
DA:325,2
DA:334,0
DA:338,1
LF:157
LH:122
BRDA:27,0,0,1
BRDA:27,0,1,5
BRDA:27,1,0,6
BRDA:27,1,1,5
BRDA:27,1,2,5
BRDA:31,2,0,0
BRDA:31,2,1,5
BRDA:31,3,0,5
BRDA:31,3,1,5
BRDA:31,3,2,5
BRDA:31,3,3,5
BRDA:36,4,0,1
BRDA:36,4,1,4
BRDA:36,5,0,5
BRDA:36,5,1,2
BRDA:40,6,0,4
BRDA:40,6,1,2
BRDA:41,7,0,1
BRDA:41,7,1,3
BRDA:41,8,0,4
BRDA:41,8,1,2
BRDA:47,9,0,1
BRDA:47,9,1,2
BRDA:51,10,0,0
BRDA:51,10,1,2
BRDA:51,11,0,2
BRDA:51,11,1,2
BRDA:56,12,0,0
BRDA:56,12,1,2
BRDA:56,13,0,2
BRDA:56,13,1,2
BRDA:59,14,0,0
BRDA:59,14,1,2
BRDA:65,15,0,0
BRDA:65,15,1,3
BRDA:65,16,0,3
BRDA:65,16,1,0
BRDA:70,17,0,0
BRDA:70,17,1,3
BRDA:70,18,0,3
BRDA:70,18,1,0
BRDA:72,19,0,0
BRDA:72,19,1,0
BRDA:77,20,0,0
BRDA:77,20,1,0
BRDA:88,21,0,1
BRDA:88,21,1,2
BRDA:98,22,0,1
BRDA:98,22,1,1
BRDA:98,23,0,2
BRDA:98,23,1,1
BRDA:105,24,0,0
BRDA:105,24,1,2
BRDA:106,25,0,0
BRDA:106,25,1,2
BRDA:107,26,0,1
BRDA:107,26,1,1
BRDA:108,27,0,1
BRDA:108,27,1,1
BRDA:116,28,0,0
BRDA:116,28,1,0
BRDA:145,29,0,0
BRDA:145,29,1,1
BRDA:152,30,0,1
BRDA:152,30,1,0
BRDA:153,31,0,0
BRDA:153,31,1,1
BRDA:153,32,0,1
BRDA:153,32,1,1
BRDA:159,33,0,0
BRDA:159,33,1,1
BRDA:161,34,0,0
BRDA:161,34,1,0
BRDA:167,35,0,1
BRDA:167,35,1,0
BRDA:169,36,0,0
BRDA:169,36,1,1
BRDA:176,37,0,1
BRDA:176,37,1,0
BRDA:176,38,0,1
BRDA:176,38,1,1
BRDA:178,39,0,0
BRDA:178,39,1,1
BRDA:181,40,0,1
BRDA:181,40,1,1
BRDA:182,41,0,1
BRDA:182,41,1,0
BRDA:183,42,0,0
BRDA:183,42,1,1
BRDA:188,43,0,1
BRDA:188,43,1,0
BRDA:189,44,0,0
BRDA:189,44,1,1
BRDA:192,45,0,1
BRDA:192,45,1,0
BRDA:196,46,0,0
BRDA:196,46,1,1
BRDA:208,47,0,0
BRDA:208,47,1,1
BRDA:224,48,0,0
BRDA:224,48,1,1
BRDA:235,49,0,0
BRDA:235,49,1,1
BRDA:251,50,0,0
BRDA:251,50,1,1
BRDA:277,51,0,1
BRDA:277,51,1,9
BRDA:277,52,0,10
BRDA:277,52,1,9
BRDA:280,53,0,1
BRDA:280,53,1,8
BRDA:290,54,0,1
BRDA:290,54,1,7
BRDA:298,55,0,0
BRDA:298,55,1,7
BRDA:302,56,0,0
BRDA:302,56,1,7
BRDA:309,57,0,4
BRDA:309,57,1,0
BRDA:313,58,0,3
BRDA:313,58,1,0
BRDA:315,59,0,3
BRDA:315,59,1,0
BRDA:316,60,0,1
BRDA:316,60,1,2
BRDA:316,61,0,3
BRDA:316,61,1,1
BRDA:318,62,0,2
BRDA:318,62,1,1
BRDA:319,63,0,1
BRDA:319,63,1,2
BRF:131
BRH:90
end_of_record
TN:
SF:src\routes\adPaymentRoutes.js
FN:10,freeCheckoutStripePlaceholder
FN:16,submissionIdEqFilter
FN:25,validateDiscountCode
FN:75,recordDiscountRedemption
FN:115,applyFreeSubmissionCheckout
FN:180,(anonymous_5)
FN:200,(anonymous_6)
FN:266,(anonymous_7)
FN:343,(anonymous_8)
FN:358,(anonymous_9)
FNF:10
FNH:10
FNDA:2,freeCheckoutStripePlaceholder
FNDA:5,submissionIdEqFilter
FNDA:10,validateDiscountCode
FNDA:2,recordDiscountRedemption
FNDA:3,applyFreeSubmissionCheckout
FNDA:1,(anonymous_5)
FNDA:6,(anonymous_6)
FNDA:6,(anonymous_7)
FNDA:2,(anonymous_8)
FNDA:1,(anonymous_9)
DA:1,1
DA:2,1
DA:3,1
DA:4,1
DA:5,1
DA:6,1
DA:7,1
DA:11,2
DA:12,2
DA:17,5
DA:18,5
DA:26,10
DA:27,0
DA:28,0
DA:29,0
DA:32,10
DA:37,10
DA:38,0
DA:39,0
DA:40,0
DA:43,10
DA:44,10
DA:45,0
DA:46,0
DA:47,0
DA:50,10
DA:54,10
DA:56,9
DA:58,9
DA:59,9
DA:62,9
DA:63,2
DA:64,2
DA:65,2
DA:67,7
DA:69,7
DA:77,2
DA:83,2
DA:96,2
DA:116,3
DA:117,3
DA:119,3
DA:120,3
DA:124,3
DA:125,1
DA:128,2
DA:129,2
DA:130,1
DA:131,1
DA:132,0
DA:133,0
DA:134,0
DA:137,1
DA:146,2
DA:147,2
DA:164,2
DA:165,2
DA:176,2
DA:180,1
DA:181,1
DA:182,1
DA:183,1
DA:184,0
DA:186,1
DA:187,1
DA:188,1
DA:189,1
DA:190,0
DA:192,1
DA:193,1
DA:195,0
DA:200,1
DA:201,6
DA:202,6
DA:203,6
DA:204,1
DA:206,5
DA:207,1
DA:210,4
DA:211,4
DA:212,4
DA:213,4
DA:214,4
DA:215,4
DA:218,4
DA:219,4
DA:220,2
DA:221,2
DA:222,2
DA:223,2
DA:225,2
DA:232,2
DA:233,1
DA:234,1
DA:235,0
DA:240,1
DA:251,1
DA:254,1
DA:255,1
DA:258,1
DA:260,2
DA:261,2
DA:266,1
DA:267,6
DA:268,6
DA:269,6
DA:270,0
DA:273,6
DA:276,6
DA:277,5
DA:280,5
DA:281,2
DA:283,3
DA:284,0
DA:287,3
DA:293,3
DA:295,1
DA:296,0
DA:297,0
DA:299,0
DA:301,0
DA:304,0
DA:305,0
DA:306,0
DA:307,0
DA:308,0
DA:309,0
DA:311,0
DA:312,0
DA:314,0
DA:319,0
DA:321,0
DA:322,0
DA:323,0
DA:325,0
DA:328,0
DA:329,0
DA:334,0
DA:336,1
DA:337,1
DA:343,1
DA:344,2
DA:345,2
DA:346,2
DA:347,1
DA:350,1
DA:351,1
DA:353,0
DA:358,1
DA:359,1
DA:360,1
DA:361,1
DA:362,0
DA:364,1
DA:368,1
DA:369,0
DA:373,1
DA:374,1
DA:376,1
DA:377,1
DA:378,0
DA:381,1
DA:383,0
DA:387,1
LF:164
LH:120
BRDA:11,0,0,2
BRDA:11,0,1,0
BRDA:17,1,0,5
BRDA:17,1,1,0
BRDA:26,2,0,0
BRDA:26,2,1,10
BRDA:37,3,0,0
BRDA:37,3,1,10
BRDA:44,4,0,0
BRDA:44,4,1,10
BRDA:50,5,0,10
BRDA:50,5,1,0
BRDA:56,6,0,9
BRDA:56,6,1,0
BRDA:58,7,0,9
BRDA:58,7,1,0
BRDA:59,8,0,2
BRDA:59,8,1,7
BRDA:59,9,0,9
BRDA:59,9,1,2
BRDA:61,10,0,7
BRDA:61,10,1,2
BRDA:62,11,0,2
BRDA:62,11,1,7
BRDA:88,12,0,2
BRDA:88,12,1,0
BRDA:117,13,0,3
BRDA:117,13,1,0
BRDA:124,14,0,1
BRDA:124,14,1,2
BRDA:124,15,0,3
BRDA:124,15,1,1
BRDA:129,16,0,1
BRDA:129,16,1,1
BRDA:130,17,0,1
BRDA:130,17,1,0
BRDA:131,18,0,0
BRDA:131,18,1,1
BRDA:146,19,0,2
BRDA:146,19,1,0
BRDA:164,20,0,0
BRDA:164,20,1,2
BRDA:164,21,0,2
BRDA:164,21,1,0
BRDA:183,22,0,0
BRDA:183,22,1,1
BRDA:187,23,0,0
BRDA:187,23,1,1
BRDA:189,24,0,0
BRDA:189,24,1,1
BRDA:189,25,0,1
BRDA:189,25,1,1
BRDA:203,26,0,1
BRDA:203,26,1,5
BRDA:206,27,0,1
BRDA:206,27,1,4
BRDA:218,28,0,4
BRDA:218,28,1,0
BRDA:232,29,0,1
BRDA:232,29,1,1
BRDA:233,30,0,1
BRDA:233,30,1,0
BRDA:234,31,0,0
BRDA:234,31,1,1
BRDA:234,32,0,1
BRDA:234,32,1,1
BRDA:254,33,0,1
BRDA:254,33,1,0
BRDA:254,34,0,1
BRDA:254,34,1,1
BRDA:260,35,0,2
BRDA:260,35,1,0
BRDA:269,36,0,0
BRDA:269,36,1,6
BRDA:269,37,0,6
BRDA:269,37,1,6
BRDA:280,38,0,2
BRDA:280,38,1,3
BRDA:280,39,0,5
BRDA:280,39,1,3
BRDA:283,40,0,0
BRDA:283,40,1,3
BRDA:295,41,0,0
BRDA:295,41,1,1
BRDA:296,42,0,0
BRDA:296,42,1,0
BRDA:297,43,0,0
BRDA:297,43,1,0
BRDA:299,44,0,0
BRDA:299,44,1,0
BRDA:301,45,0,0
BRDA:301,45,1,0
BRDA:304,46,0,0
BRDA:304,46,1,0
BRDA:304,47,0,0
BRDA:304,47,1,0
BRDA:304,47,2,0
BRDA:304,47,3,0
BRDA:308,48,0,0
BRDA:308,48,1,0
BRDA:308,49,0,0
BRDA:308,49,1,0
BRDA:311,50,0,0
BRDA:311,50,1,0
BRDA:321,51,0,0
BRDA:321,51,1,0
BRDA:322,52,0,0
BRDA:322,52,1,0
BRDA:322,53,0,0
BRDA:322,53,1,0
BRDA:328,54,0,0
BRDA:328,54,1,0
BRDA:336,55,0,1
BRDA:336,55,1,0
BRDA:346,56,0,1
BRDA:346,56,1,1
BRDA:361,57,0,0
BRDA:361,57,1,1
BRDA:368,58,0,0
BRDA:368,58,1,1
BRDA:368,59,0,1
BRDA:368,59,1,1
BRDA:374,60,0,0
BRDA:374,60,1,1
BRDA:377,61,0,0
BRDA:377,61,1,1
BRDA:377,62,0,1
BRDA:377,62,1,1
BRF:128
BRH:69
end_of_record
TN:
SF:src\routes\adServingRoutes.js
FN:9,(anonymous_0)
FN:24,(anonymous_1)
FN:39,(anonymous_2)
FN:53,(anonymous_3)
FN:67,(anonymous_4)
FNF:5
FNH:5
FNDA:1,(anonymous_0)
FNDA:1,(anonymous_1)
FNDA:1,(anonymous_2)
FNDA:1,(anonymous_3)
FNDA:1,(anonymous_4)
DA:1,1
DA:2,1
DA:3,1
DA:4,1
DA:5,1
DA:6,1
DA:9,1
DA:10,1
DA:11,1
DA:12,1
DA:13,0
DA:16,1
DA:17,1
DA:19,0
DA:24,1
DA:25,1
DA:26,1
DA:27,1
DA:28,0
DA:31,1
DA:32,1
DA:34,0
DA:39,1
DA:40,1
DA:41,1
DA:42,1
DA:43,0
DA:45,1
DA:46,1
DA:48,0
DA:53,1
DA:54,1
DA:55,1
DA:56,1
DA:57,0
DA:59,1
DA:60,1
DA:62,0
DA:67,1
DA:68,1
DA:69,1
DA:70,1
DA:71,0
DA:74,1
DA:75,1
DA:76,1
DA:78,1
DA:84,1
DA:86,0
DA:90,1
LF:50
LH:40
BRDA:12,0,0,0
BRDA:12,0,1,1
BRDA:12,1,0,1
BRDA:12,1,1,1
BRDA:27,2,0,0
BRDA:27,2,1,1
BRDA:27,3,0,1
BRDA:27,3,1,1
BRDA:42,4,0,0
BRDA:42,4,1,1
BRDA:56,5,0,0
BRDA:56,5,1,1
BRDA:56,6,0,1
BRDA:56,6,1,1
BRDA:70,7,0,0
BRDA:70,7,1,1
BRF:16
BRH:11
end_of_record
TN:
SF:src\routes\adSubmissionRoutes.js
FN:19,geocodeAddress
FN:55,hasHtml
FN:59,isValidEmail
FN:64,(anonymous_3)
FN:98,(anonymous_4)
FN:126,(anonymous_5)
FN:144,(anonymous_6)
FN:195,(anonymous_7)
FN:239,(anonymous_8)
FN:258,(anonymous_9)
FN:397,(anonymous_10)
FN:541,(anonymous_11)
FN:761,(anonymous_12)
FN:762,(anonymous_13)
FN:851,(anonymous_14)
FNF:15
FNH:9
FNDA:0,geocodeAddress
FNDA:1,hasHtml
FNDA:1,isValidEmail
FNDA:3,(anonymous_3)
FNDA:1,(anonymous_4)
FNDA:1,(anonymous_5)
FNDA:1,(anonymous_6)
FNDA:0,(anonymous_7)
FNDA:0,(anonymous_8)
FNDA:1,(anonymous_9)
FNDA:1,(anonymous_10)
FNDA:1,(anonymous_11)
FNDA:0,(anonymous_12)
FNDA:0,(anonymous_13)
FNDA:0,(anonymous_14)
DA:1,1
DA:2,1
DA:3,1
DA:4,1
DA:5,1
DA:6,1
DA:7,1
DA:8,1
DA:9,1
DA:10,1
DA:11,1
DA:12,1
DA:13,1
DA:20,0
DA:21,0
DA:22,0
DA:23,0
DA:26,0
DA:27,0
DA:28,0
DA:31,0
DA:34,1
DA:39,1
DA:44,1
DA:46,1
DA:51,1
DA:53,1
DA:56,1
DA:60,1
DA:64,1
DA:65,3
DA:66,3
DA:67,3
DA:69,3
DA:70,2
DA:71,1
DA:72,0
DA:74,1
DA:76,2
DA:77,2
DA:78,0
DA:81,2
DA:82,2
DA:83,0
DA:85,2
DA:86,1
DA:89,1
DA:92,1
DA:93,1
DA:94,0
DA:98,1
DA:99,1
DA:100,1
DA:101,1
DA:102,1
DA:104,1
DA:105,1
DA:106,0
DA:109,1
DA:110,0
DA:113,1
DA:114,1
DA:115,0
DA:118,1
DA:120,0
DA:121,0
DA:126,1
DA:127,1
DA:128,1
DA:129,1
DA:130,1
DA:132,1
DA:137,1
DA:139,0
DA:144,1
DA:145,1
DA:146,1
DA:147,1
DA:148,1
DA:149,1
DA:150,1
DA:151,0
DA:153,1
DA:154,1
DA:155,0
DA:157,1
DA:161,1
DA:162,1
DA:163,1
DA:164,1
DA:166,0
DA:168,0
DA:169,0
DA:170,0
DA:171,0
DA:173,0
DA:176,1
DA:177,1
DA:181,1
DA:182,1
DA:186,1
DA:188,1
DA:190,0
DA:195,1
DA:196,0
DA:197,0
DA:198,0
DA:199,0
DA:200,0
DA:201,0
DA:202,0
DA:204,0
DA:205,0
DA:209,0
DA:210,0
DA:211,0
DA:213,0
DA:217,0
DA:218,0
DA:220,0
DA:221,0
DA:222,0
DA:224,0
DA:227,0
DA:228,0
DA:230,0
DA:231,0
DA:232,0
DA:234,0
DA:239,1
DA:240,0
DA:241,0
DA:242,0
DA:243,0
DA:246,0
DA:247,0
DA:248,0
DA:251,0
DA:253,0
DA:258,1
DA:259,1
DA:260,1
DA:261,1
DA:263,1
DA:264,0
DA:267,1
DA:268,0
DA:271,1
DA:272,1
DA:273,0
DA:276,1
DA:277,1
DA:278,0
DA:281,1
DA:282,1
DA:286,1
DA:295,1
DA:321,1
DA:322,1
DA:323,1
DA:324,1
DA:325,1
DA:342,1
DA:343,1
DA:345,1
DA:346,1
DA:349,1
DA:354,1
DA:356,1
DA:375,0
DA:376,0
DA:392,0
DA:397,1
DA:398,1
DA:399,1
DA:400,1
DA:403,1
DA:404,0
DA:408,1
DA:409,0
DA:411,1
DA:412,0
DA:416,1
DA:417,0
DA:421,1
DA:422,1
DA:423,1
DA:424,0
DA:428,1
DA:429,0
DA:433,1
DA:435,1
DA:437,1
DA:439,1
DA:441,1
DA:442,1
DA:443,1
DA:476,0
DA:480,1
DA:483,1
DA:499,1
DA:500,0
DA:501,0
DA:502,0
DA:503,0
DA:507,1
DA:512,1
DA:515,1
DA:533,1
DA:534,1
DA:536,0
DA:541,1
DA:542,1
DA:543,1
DA:544,1
DA:545,1
DA:546,1
DA:547,1
DA:548,1
DA:551,1
DA:552,1
DA:553,1
DA:554,0
DA:557,1
DA:558,1
DA:559,1
DA:560,1
DA:561,0
DA:562,0
DA:567,1
DA:568,0
DA:569,0
DA:572,1
DA:574,1
DA:575,1
DA:576,1
DA:578,1
DA:582,1
DA:583,0
DA:590,1
DA:591,1
DA:592,1
DA:593,0
DA:594,0
DA:597,1
DA:602,1
DA:605,1
DA:606,1
DA:607,1
DA:608,1
DA:612,1
DA:613,1
DA:614,1
DA:615,1
DA:616,3
DA:617,3
DA:618,3
DA:621,1
DA:622,0
DA:623,0
DA:630,1
DA:632,1
DA:634,0
DA:636,0
DA:641,0
DA:644,1
DA:645,1
DA:646,0
DA:647,0
DA:650,1
DA:651,1
DA:652,0
DA:653,0
DA:656,1
DA:660,1
DA:665,1
DA:666,1
DA:667,1
DA:668,1
DA:669,1
DA:672,1
DA:676,1
DA:677,0
DA:678,0
DA:679,0
DA:681,0
DA:682,0
DA:684,0
DA:685,0
DA:687,0
DA:689,0
DA:690,0
DA:692,0
DA:693,0
DA:694,0
DA:696,0
DA:697,0
DA:698,0
DA:699,0
DA:702,0
DA:703,0
DA:706,0
DA:707,0
DA:710,0
DA:711,0
DA:712,0
DA:713,0
DA:714,0
DA:716,0
DA:717,0
DA:719,0
DA:720,0
DA:721,0
DA:723,0
DA:724,0
DA:725,0
DA:726,0
DA:727,0
DA:728,0
DA:730,0
DA:733,0
DA:734,0
DA:737,0
DA:739,0
DA:740,0
DA:742,0
DA:744,0
DA:745,0
DA:747,0
DA:749,0
DA:750,0
DA:752,0
DA:754,0
DA:755,0
DA:758,0
DA:759,0
DA:760,0
DA:761,0
DA:762,0
DA:767,0
DA:768,0
DA:769,0
DA:770,0
DA:771,0
DA:772,0
DA:774,0
DA:775,0
DA:777,0
DA:779,0
DA:780,0
DA:781,0
DA:782,0
DA:784,0
DA:787,0
DA:803,0
DA:804,0
DA:809,0
DA:815,0
DA:816,0
DA:823,1
DA:824,0
DA:825,0
DA:833,0
DA:834,0
DA:837,1
DA:842,1
DA:843,1
DA:845,0
DA:846,0
DA:851,1
DA:852,0
DA:853,0
DA:854,0
DA:855,0
DA:858,0
DA:859,0
DA:860,0
DA:863,0
DA:864,0
DA:868,0
DA:869,0
DA:873,0
DA:874,0
DA:878,0
DA:879,0
DA:880,0
DA:881,0
DA:884,0
DA:886,0
DA:888,0
DA:892,1
LF:391
LH:191
BRDA:21,0,0,0
BRDA:21,0,1,0
BRDA:26,1,0,0
BRDA:26,1,1,0
BRDA:26,2,0,0
BRDA:26,2,1,0
BRDA:40,3,0,0
BRDA:40,3,1,1
BRDA:69,4,0,2
BRDA:69,4,1,1
BRDA:69,5,0,3
BRDA:69,5,1,2
BRDA:69,5,2,2
BRDA:71,6,0,0
BRDA:71,6,1,1
BRDA:71,7,0,1
BRDA:71,7,1,0
BRDA:77,8,0,0
BRDA:77,8,1,2
BRDA:77,9,0,2
BRDA:77,9,1,2
BRDA:82,10,0,0
BRDA:82,10,1,2
BRDA:85,11,0,1
BRDA:85,11,1,1
BRDA:85,12,0,2
BRDA:85,12,1,0
BRDA:89,13,0,1
BRDA:89,13,1,0
BRDA:89,14,0,1
BRDA:89,14,1,1
BRDA:102,15,0,0
BRDA:102,15,1,1
BRDA:105,16,0,0
BRDA:105,16,1,1
BRDA:105,17,0,1
BRDA:105,17,1,1
BRDA:109,18,0,0
BRDA:109,18,1,1
BRDA:114,19,0,0
BRDA:114,19,1,1
BRDA:130,20,0,0
BRDA:130,20,1,1
BRDA:148,21,0,0
BRDA:148,21,1,1
BRDA:150,22,0,0
BRDA:150,22,1,1
BRDA:150,23,0,1
BRDA:150,23,1,1
BRDA:154,24,0,0
BRDA:154,24,1,1
BRDA:154,25,0,1
BRDA:154,25,1,1
BRDA:162,26,0,1
BRDA:162,26,1,0
BRDA:162,27,0,1
BRDA:162,27,1,1
BRDA:168,28,0,0
BRDA:168,28,1,0
BRDA:168,29,0,0
BRDA:168,29,1,0
BRDA:181,30,0,1
BRDA:181,30,1,0
BRDA:199,31,0,0
BRDA:199,31,1,0
BRDA:201,32,0,0
BRDA:201,32,1,0
BRDA:201,33,0,0
BRDA:201,33,1,0
BRDA:204,34,0,0
BRDA:204,34,1,0
BRDA:210,35,0,0
BRDA:210,35,1,0
BRDA:217,36,0,0
BRDA:217,36,1,0
BRDA:217,37,0,0
BRDA:217,37,1,0
BRDA:217,37,2,0
BRDA:217,38,0,0
BRDA:217,38,1,0
BRDA:220,39,0,0
BRDA:220,39,1,0
BRDA:227,40,0,0
BRDA:227,40,1,0
BRDA:243,41,0,0
BRDA:243,41,1,0
BRDA:247,42,0,0
BRDA:247,42,1,0
BRDA:247,43,0,0
BRDA:247,43,1,0
BRDA:263,44,0,0
BRDA:263,44,1,1
BRDA:267,45,0,0
BRDA:267,45,1,1
BRDA:272,46,0,0
BRDA:272,46,1,1
BRDA:277,47,0,0
BRDA:277,47,1,1
BRDA:277,48,0,1
BRDA:277,48,1,1
BRDA:286,49,0,1
BRDA:286,49,1,0
BRDA:298,50,0,1
BRDA:298,50,1,0
BRDA:299,51,0,1
BRDA:299,51,1,0
BRDA:300,52,0,1
BRDA:300,52,1,0
BRDA:300,52,2,0
BRDA:301,53,0,1
BRDA:301,53,1,0
BRDA:301,53,2,0
BRDA:302,54,0,1
BRDA:302,54,1,0
BRDA:303,55,0,1
BRDA:303,55,1,0
BRDA:305,56,0,1
BRDA:305,56,1,0
BRDA:322,57,0,1
BRDA:322,57,1,0
BRDA:324,58,0,1
BRDA:324,58,1,0
BRDA:330,59,0,1
BRDA:330,59,1,0
BRDA:363,60,0,1
BRDA:363,60,1,0
BRDA:383,61,0,0
BRDA:383,61,1,0
BRDA:403,62,0,0
BRDA:403,62,1,1
BRDA:403,63,0,1
BRDA:403,63,1,1
BRDA:403,63,2,1
BRDA:403,63,3,1
BRDA:403,63,4,1
BRDA:408,64,0,0
BRDA:408,64,1,1
BRDA:408,65,0,1
BRDA:408,65,1,1
BRDA:411,66,0,0
BRDA:411,66,1,1
BRDA:416,67,0,0
BRDA:416,67,1,1
BRDA:423,68,0,0
BRDA:423,68,1,1
BRDA:428,69,0,0
BRDA:428,69,1,1
BRDA:435,70,0,1
BRDA:435,70,1,0
BRDA:439,71,0,1
BRDA:439,71,1,0
BRDA:491,72,0,1
BRDA:491,72,1,1
BRDA:492,73,0,1
BRDA:492,73,1,1
BRDA:493,74,0,1
BRDA:493,74,1,1
BRDA:499,75,0,0
BRDA:499,75,1,1
BRDA:499,76,0,1
BRDA:499,76,1,0
BRDA:501,77,0,0
BRDA:501,77,1,0
BRDA:512,78,0,1
BRDA:512,78,1,1
BRDA:543,79,0,1
BRDA:543,79,1,0
BRDA:548,80,0,0
BRDA:548,80,1,1
BRDA:553,81,0,0
BRDA:553,81,1,1
BRDA:553,82,0,1
BRDA:553,82,1,1
BRDA:558,83,0,1
BRDA:558,83,1,0
BRDA:560,84,0,0
BRDA:560,84,1,1
BRDA:560,85,0,1
BRDA:560,85,1,1
BRDA:567,86,0,0
BRDA:567,86,1,1
BRDA:582,87,0,0
BRDA:582,87,1,1
BRDA:582,88,0,1
BRDA:582,88,1,0
BRDA:590,89,0,1
BRDA:590,89,1,0
BRDA:591,90,0,1
BRDA:591,90,1,0
BRDA:592,91,0,0
BRDA:592,91,1,1
BRDA:592,92,0,1
BRDA:592,92,1,1
BRDA:607,93,0,1
BRDA:607,93,1,0
BRDA:617,94,0,3
BRDA:617,94,1,0
BRDA:621,95,0,0
BRDA:621,95,1,1
BRDA:621,96,0,1
BRDA:621,96,1,1
BRDA:630,97,0,1
BRDA:630,97,1,0
BRDA:632,98,0,0
BRDA:632,98,1,1
BRDA:634,99,0,0
BRDA:634,99,1,0
BRDA:645,100,0,0
BRDA:645,100,1,1
BRDA:651,101,0,0
BRDA:651,101,1,1
BRDA:667,102,0,1
BRDA:667,102,1,0
BRDA:676,103,0,0
BRDA:676,103,1,1
BRDA:681,104,0,0
BRDA:681,104,1,0
BRDA:684,105,0,0
BRDA:684,105,1,0
BRDA:684,106,0,0
BRDA:684,106,1,0
BRDA:684,106,2,0
BRDA:687,107,0,0
BRDA:687,107,1,0
BRDA:689,108,0,0
BRDA:689,108,1,0
BRDA:693,109,0,0
BRDA:693,109,1,0
BRDA:698,110,0,0
BRDA:698,110,1,0
BRDA:702,111,0,0
BRDA:702,111,1,0
BRDA:702,112,0,0
BRDA:702,112,1,0
BRDA:702,112,2,0
BRDA:706,113,0,0
BRDA:706,113,1,0
BRDA:706,114,0,0
BRDA:706,114,1,0
BRDA:706,114,2,0
BRDA:712,115,0,0
BRDA:712,115,1,0
BRDA:714,116,0,0
BRDA:714,116,1,0
BRDA:716,117,0,0
BRDA:716,117,1,0
BRDA:717,118,0,0
BRDA:717,118,1,0
BRDA:719,119,0,0
BRDA:719,119,1,0
BRDA:720,120,0,0
BRDA:720,120,1,0
BRDA:724,121,0,0
BRDA:724,121,1,0
BRDA:724,122,0,0
BRDA:724,122,1,0
BRDA:725,123,0,0
BRDA:725,123,1,0
BRDA:725,124,0,0
BRDA:725,124,1,0
BRDA:727,125,0,0
BRDA:727,125,1,0
BRDA:733,126,0,0
BRDA:733,126,1,0
BRDA:734,127,0,0
BRDA:734,127,1,0
BRDA:737,128,0,0
BRDA:737,128,1,0
BRDA:739,129,0,0
BRDA:739,129,1,0
BRDA:739,130,0,0
BRDA:739,130,1,0
BRDA:739,130,2,0
BRDA:742,131,0,0
BRDA:742,131,1,0
BRDA:744,132,0,0
BRDA:744,132,1,0
BRDA:744,133,0,0
BRDA:744,133,1,0
BRDA:744,133,2,0
BRDA:747,134,0,0
BRDA:747,134,1,0
BRDA:749,135,0,0
BRDA:749,135,1,0
BRDA:749,136,0,0
BRDA:749,136,1,0
BRDA:749,136,2,0
BRDA:752,137,0,0
BRDA:752,137,1,0
BRDA:754,138,0,0
BRDA:754,138,1,0
BRDA:754,139,0,0
BRDA:754,139,1,0
BRDA:759,140,0,0
BRDA:759,140,1,0
BRDA:761,141,0,0
BRDA:761,141,1,0
BRDA:769,142,0,0
BRDA:769,142,1,0
BRDA:769,143,0,0
BRDA:769,143,1,0
BRDA:771,144,0,0
BRDA:771,144,1,0
BRDA:771,145,0,0
BRDA:771,145,1,0
BRDA:774,146,0,0
BRDA:774,146,1,0
BRDA:779,147,0,0
BRDA:779,147,1,0
BRDA:779,148,0,0
BRDA:779,148,1,0
BRDA:781,149,0,0
BRDA:781,149,1,0
BRDA:790,150,0,0
BRDA:790,150,1,0
BRDA:803,151,0,0
BRDA:803,151,1,0
BRDA:823,152,0,0
BRDA:823,152,1,1
BRDA:828,153,0,0
BRDA:828,153,1,0
BRDA:830,154,0,0
BRDA:830,154,1,0
BRDA:830,154,2,0
BRDA:831,155,0,0
BRDA:831,155,1,0
BRDA:855,156,0,0
BRDA:855,156,1,0
BRDA:859,157,0,0
BRDA:859,157,1,0
BRDA:859,158,0,0
BRDA:859,158,1,0
BRDA:863,159,0,0
BRDA:863,159,1,0
BRDA:868,160,0,0
BRDA:868,160,1,0
BRDA:873,161,0,0
BRDA:873,161,1,0
BRDA:878,162,0,0
BRDA:878,162,1,0
BRF:340
BRH:108
end_of_record
TN:
SF:src\routes\adTrackingRoutes.js
FN:6,hashVisitorKey
FN:18,(anonymous_1)
FNF:2
FNH:2
FNDA:1,hashVisitorKey
FNDA:3,(anonymous_1)
DA:1,1
DA:2,1
DA:3,1
DA:4,1
DA:7,1
DA:8,1
DA:10,0
DA:11,0
DA:12,0
DA:13,0
DA:14,0
DA:18,1
DA:19,3
DA:20,3
DA:22,3
DA:23,1
DA:26,2
DA:27,1
DA:30,1
DA:40,1
DA:42,0
DA:46,1
LF:22
LH:16
BRDA:7,0,0,1
BRDA:7,0,1,0
BRDA:10,1,0,0
BRDA:10,1,1,0
BRDA:10,1,2,0
BRDA:11,2,0,0
BRDA:11,2,1,0
BRDA:12,3,0,0
BRDA:12,3,1,0
BRDA:12,3,2,0
BRDA:13,4,0,0
BRDA:13,4,1,0
BRDA:22,5,0,1
BRDA:22,5,1,2
BRDA:22,6,0,3
BRDA:22,6,1,3
BRDA:22,6,2,2
BRDA:22,6,3,2
BRDA:26,7,0,1
BRDA:26,7,1,1
BRDA:36,8,0,1
BRDA:36,8,1,0
BRDA:42,9,0,0
BRDA:42,9,1,0
BRF:24
BRH:10
end_of_record
TN:
SF:src\routes\adminCampaignRoutes.js
FN:14,(anonymous_0)
FN:33,(anonymous_1)
FN:50,(anonymous_2)
FN:97,(anonymous_3)
FN:122,(anonymous_4)
FN:142,(anonymous_5)
FN:163,(anonymous_6)
FN:193,(anonymous_7)
FNF:8
FNH:8
FNDA:1,(anonymous_0)
FNDA:1,(anonymous_1)
FNDA:1,(anonymous_2)
FNDA:2,(anonymous_3)
FNDA:1,(anonymous_4)
FNDA:1,(anonymous_5)
FNDA:3,(anonymous_6)
FNDA:2,(anonymous_7)
DA:1,1
DA:2,1
DA:3,1
DA:4,1
DA:5,1
DA:6,1
DA:7,1
DA:8,1
DA:9,1
DA:11,1
DA:14,1
DA:15,1
DA:16,1
DA:17,1
DA:18,1
DA:19,1
DA:20,1
DA:22,1
DA:23,1
DA:24,1
DA:25,1
DA:27,1
DA:33,1
DA:34,1
DA:35,1
DA:36,1
DA:45,1
DA:46,0
DA:50,1
DA:51,1
DA:52,1
DA:53,1
DA:54,1
DA:55,1
DA:56,0
DA:59,1
DA:60,1
DA:63,1
DA:64,1
DA:65,1
DA:66,1
DA:67,1
DA:68,1
DA:69,1
DA:70,1
DA:71,1
DA:72,1
DA:73,0
DA:78,1
DA:81,1
DA:82,1
DA:84,1
DA:85,1
DA:86,2
DA:89,1
DA:90,1
DA:92,1
DA:93,0
DA:97,1
DA:98,2
DA:99,2
DA:100,2
DA:101,2
DA:102,2
DA:103,0
DA:106,2
DA:107,2
DA:109,1
DA:110,1
DA:112,1
DA:117,1
DA:118,0
DA:122,1
DA:123,1
DA:124,1
DA:125,1
DA:126,1
DA:127,1
DA:129,1
DA:134,1
DA:135,1
DA:137,1
DA:138,0
DA:142,1
DA:143,1
DA:144,1
DA:145,1
DA:146,1
DA:147,1
DA:149,1
DA:150,1
DA:151,1
DA:152,1
DA:153,1
DA:155,1
DA:158,1
DA:159,0
DA:163,1
DA:164,3
DA:165,3
DA:166,3
DA:167,3
DA:169,3
DA:170,3
DA:171,1
DA:174,2
DA:175,2
DA:177,2
DA:178,2
DA:180,2
DA:181,1
DA:182,1
DA:184,1
DA:185,1
DA:186,1
DA:187,1
DA:189,0
DA:193,1
DA:194,2
DA:195,2
DA:196,2
DA:197,2
DA:199,2
DA:200,2
DA:202,1
DA:203,1
DA:204,0
DA:207,1
LF:128
LH:118
BRDA:17,0,0,0
BRDA:17,1,0,0
BRDA:17,2,0,0
BRDA:17,3,0,0
BRDA:19,4,0,1
BRDA:19,4,1,0
BRDA:20,5,0,1
BRDA:20,5,1,0
BRDA:22,6,0,1
BRDA:22,6,1,0
BRDA:23,7,0,1
BRDA:23,7,1,0
BRDA:35,8,0,1
BRDA:35,8,1,0
BRDA:38,9,0,1
BRDA:38,9,1,1
BRDA:38,9,2,0
BRDA:38,9,3,0
BRDA:41,10,0,1
BRDA:41,10,1,0
BRDA:54,11,0,0
BRDA:54,11,1,1
BRDA:55,12,0,0
BRDA:55,12,1,1
BRDA:65,13,0,1
BRDA:65,13,1,0
BRDA:67,14,0,1
BRDA:67,14,1,0
BRDA:67,15,0,1
BRDA:67,15,1,1
BRDA:70,16,0,1
BRDA:70,16,1,0
BRDA:72,17,0,1
BRDA:72,17,1,0
BRDA:79,18,0,1
BRDA:79,18,1,0
BRDA:84,19,0,1
BRDA:84,19,1,0
BRDA:85,20,0,0
BRDA:85,20,1,1
BRDA:101,21,0,0
BRDA:101,21,1,2
BRDA:102,22,0,0
BRDA:102,22,1,2
BRDA:107,23,0,1
BRDA:107,23,1,1
BRDA:107,24,0,2
BRDA:107,24,1,1
BRDA:107,24,2,1
BRDA:114,25,0,1
BRDA:114,25,1,0
BRDA:126,26,0,0
BRDA:126,26,1,1
BRDA:127,27,0,0
BRDA:127,27,1,1
BRDA:146,28,0,0
BRDA:146,28,1,1
BRDA:147,29,0,0
BRDA:147,29,1,1
BRDA:150,30,0,1
BRDA:150,30,1,0
BRDA:167,31,0,0
BRDA:167,31,1,3
BRDA:170,32,0,1
BRDA:170,32,1,2
BRDA:170,33,0,3
BRDA:170,33,1,3
BRDA:175,34,0,0
BRDA:175,34,1,2
BRDA:178,35,0,0
BRDA:178,35,1,2
BRDA:180,36,0,1
BRDA:180,36,1,1
BRDA:181,37,0,1
BRDA:181,37,1,1
BRDA:184,38,0,0
BRDA:184,38,1,1
BRDA:184,39,0,1
BRDA:184,39,1,1
BRDA:185,40,0,0
BRDA:185,40,1,1
BRDA:186,41,0,1
BRDA:186,41,1,1
BRDA:197,42,0,0
BRDA:197,42,1,2
BRDA:200,43,0,1
BRDA:200,43,1,1
BRF:87
BRH:52
end_of_record
TN:
SF:src\routes\adminRoutes.js
FN:27,notifyUser
FN:37,loadUserBasicsByIds
FN:51,actorProfileFromUserMap
FN:77,ensureTargetPlaygroundSummary
FN:93,(anonymous_4)
FN:104,(anonymous_5)
FN:115,(anonymous_6)
FN:125,(anonymous_7)
FN:136,(anonymous_8)
FN:148,(anonymous_9)
FN:167,(anonymous_10)
FN:174,(anonymous_11)
FN:197,(anonymous_12)
FN:215,(anonymous_13)
FN:280,(anonymous_14)
FN:303,(anonymous_15)
FN:357,(anonymous_16)
FN:370,(anonymous_17)
FN:387,(anonymous_18)
FN:400,(anonymous_19)
FN:401,(anonymous_20)
FN:416,(anonymous_21)
FN:431,(anonymous_22)
FN:446,(anonymous_23)
FN:460,(anonymous_24)
FN:472,(anonymous_25)
FN:480,(anonymous_26)
FN:487,(anonymous_27)
FN:510,(anonymous_28)
FN:526,(anonymous_29)
FN:566,(anonymous_30)
FN:590,(anonymous_31)
FN:614,(anonymous_32)
FN:623,(anonymous_33)
FN:644,(anonymous_34)
FN:653,(anonymous_35)
FN:695,(anonymous_36)
FN:704,(anonymous_37)
FN:726,(anonymous_38)
FN:735,(anonymous_39)
FN:771,(anonymous_40)
FN:780,(anonymous_41)
FN:799,(anonymous_42)
FN:810,(anonymous_43)
FN:824,(anonymous_44)
FN:840,(anonymous_45)
FN:855,(anonymous_46)
FN:872,(anonymous_47)
FN:887,(anonymous_48)
FN:912,(anonymous_49)
FN:926,(anonymous_50)
FN:939,(anonymous_51)
FN:955,(anonymous_52)
FN:979,(anonymous_53)
FN:981,(anonymous_54)
FN:981,(anonymous_55)
FN:982,(anonymous_56)
FN:982,(anonymous_57)
FN:998,(anonymous_58)
FN:1043,(anonymous_59)
FN:1051,(anonymous_60)
FN:1085,(anonymous_61)
FN:1102,(anonymous_62)
FN:1119,(anonymous_63)
FN:1136,(anonymous_64)
FN:1162,(anonymous_65)
FN:1180,(anonymous_66)
FN:1191,(anonymous_67)
FN:1203,(anonymous_68)
FN:1218,(anonymous_69)
FN:1276,(anonymous_70)
FN:1309,(anonymous_71)
FN:1318,(anonymous_72)
FN:1320,(anonymous_73)
FN:1331,(anonymous_74)
FN:1397,(anonymous_75)
FN:1434,(anonymous_76)
FN:1483,(anonymous_77)
FN:1518,(anonymous_78)
FN:1541,(anonymous_79)
FN:1568,(anonymous_80)
FN:1582,(anonymous_81)
FN:1597,(anonymous_82)
FN:1612,(anonymous_83)
FN:1648,(anonymous_84)
FN:1662,(anonymous_85)
FN:1694,(anonymous_86)
FN:1705,(anonymous_87)
FN:1727,(anonymous_88)
FN:1743,(anonymous_89)
FN:1774,(anonymous_90)
FN:1799,(anonymous_91)
FN:1825,(anonymous_92)
FN:1872,escapeRegExpLiteral
FN:1879,(anonymous_94)
FN:1929,(anonymous_95)
FNF:96
FNH:20
FNDA:1,notifyUser
FNDA:2,loadUserBasicsByIds
FNDA:2,actorProfileFromUserMap
FNDA:3,ensureTargetPlaygroundSummary
FNDA:1,(anonymous_4)
FNDA:2,(anonymous_5)
FNDA:1,(anonymous_6)
FNDA:1,(anonymous_7)
FNDA:1,(anonymous_8)
FNDA:1,(anonymous_9)
FNDA:1,(anonymous_10)
FNDA:1,(anonymous_11)
FNDA:1,(anonymous_12)
FNDA:0,(anonymous_13)
FNDA:1,(anonymous_14)
FNDA:1,(anonymous_15)
FNDA:2,(anonymous_16)
FNDA:0,(anonymous_17)
FNDA:0,(anonymous_18)
FNDA:0,(anonymous_19)
FNDA:0,(anonymous_20)
FNDA:1,(anonymous_21)
FNDA:1,(anonymous_22)
FNDA:1,(anonymous_23)
FNDA:1,(anonymous_24)
FNDA:0,(anonymous_25)
FNDA:0,(anonymous_26)
FNDA:0,(anonymous_27)
FNDA:0,(anonymous_28)
FNDA:0,(anonymous_29)
FNDA:0,(anonymous_30)
FNDA:0,(anonymous_31)
FNDA:0,(anonymous_32)
FNDA:0,(anonymous_33)
FNDA:0,(anonymous_34)
FNDA:0,(anonymous_35)
FNDA:0,(anonymous_36)
FNDA:0,(anonymous_37)
FNDA:0,(anonymous_38)
FNDA:0,(anonymous_39)
FNDA:0,(anonymous_40)
FNDA:0,(anonymous_41)
FNDA:0,(anonymous_42)
FNDA:0,(anonymous_43)
FNDA:0,(anonymous_44)
FNDA:0,(anonymous_45)
FNDA:0,(anonymous_46)
FNDA:0,(anonymous_47)
FNDA:0,(anonymous_48)
FNDA:0,(anonymous_49)
FNDA:0,(anonymous_50)
FNDA:0,(anonymous_51)
FNDA:0,(anonymous_52)
FNDA:0,(anonymous_53)
FNDA:0,(anonymous_54)
FNDA:0,(anonymous_55)
FNDA:0,(anonymous_56)
FNDA:0,(anonymous_57)
FNDA:0,(anonymous_58)
FNDA:0,(anonymous_59)
FNDA:0,(anonymous_60)
FNDA:0,(anonymous_61)
FNDA:0,(anonymous_62)
FNDA:0,(anonymous_63)
FNDA:0,(anonymous_64)
FNDA:0,(anonymous_65)
FNDA:0,(anonymous_66)
FNDA:0,(anonymous_67)
FNDA:0,(anonymous_68)
FNDA:0,(anonymous_69)
FNDA:0,(anonymous_70)
FNDA:0,(anonymous_71)
FNDA:0,(anonymous_72)
FNDA:0,(anonymous_73)
FNDA:0,(anonymous_74)
FNDA:0,(anonymous_75)
FNDA:0,(anonymous_76)
FNDA:0,(anonymous_77)
FNDA:0,(anonymous_78)
FNDA:0,(anonymous_79)
FNDA:0,(anonymous_80)
FNDA:0,(anonymous_81)
FNDA:0,(anonymous_82)
FNDA:0,(anonymous_83)
FNDA:0,(anonymous_84)
FNDA:0,(anonymous_85)
FNDA:0,(anonymous_86)
FNDA:0,(anonymous_87)
FNDA:0,(anonymous_88)
FNDA:0,(anonymous_89)
FNDA:0,(anonymous_90)
FNDA:0,(anonymous_91)
FNDA:0,(anonymous_92)
FNDA:0,escapeRegExpLiteral
FNDA:0,(anonymous_94)
FNDA:0,(anonymous_95)
DA:1,1
DA:2,1
DA:3,1
DA:4,1
DA:5,1
DA:6,1
DA:13,1
DA:14,1
DA:15,1
DA:16,1
DA:17,1
DA:18,1
DA:19,1
DA:20,1
DA:21,1
DA:22,1
DA:23,1
DA:24,1
DA:28,1
DA:38,2
DA:39,2
DA:40,2
DA:44,2
DA:45,2
DA:46,2
DA:48,2
DA:52,2
DA:53,2
DA:54,2
DA:55,2
DA:62,1
DA:68,1
DA:78,3
DA:79,3
DA:80,3
DA:81,3
DA:82,3
DA:83,3
DA:86,0
DA:90,1
DA:93,1
DA:94,1
DA:95,1
DA:96,1
DA:97,1
DA:99,0
DA:104,1
DA:105,2
DA:106,2
DA:107,2
DA:108,1
DA:110,0
DA:115,1
DA:116,1
DA:117,1
DA:118,1
DA:120,0
DA:125,1
DA:126,1
DA:127,1
DA:128,1
DA:129,1
DA:131,0
DA:136,1
DA:137,1
DA:138,1
DA:139,1
DA:141,0
DA:148,1
DA:149,1
DA:150,1
DA:151,1
DA:152,1
DA:153,1
DA:154,1
DA:160,1
DA:161,1
DA:167,1
DA:169,1
DA:170,1
DA:171,1
DA:174,1
DA:190,1
DA:192,0
DA:197,1
DA:198,1
DA:199,1
DA:200,1
DA:201,1
DA:202,1
DA:203,1
DA:204,1
DA:205,1
DA:210,0
DA:215,1
DA:216,0
DA:217,0
DA:218,0
DA:219,0
DA:220,0
DA:221,0
DA:222,0
DA:224,0
DA:225,0
DA:227,0
DA:228,0
DA:229,0
DA:230,0
DA:232,0
DA:233,0
DA:236,0
DA:238,0
DA:252,0
DA:253,0
DA:254,0
DA:258,0
DA:259,0
DA:265,0
DA:272,0
DA:274,0
DA:275,0
DA:280,1
DA:281,1
DA:282,1
DA:283,1
DA:284,1
DA:296,1
DA:298,0
DA:303,1
DA:304,1
DA:305,1
DA:306,1
DA:307,1
DA:308,1
DA:309,1
DA:311,1
DA:324,1
DA:327,1
DA:328,1
DA:329,1
DA:332,1
DA:333,1
DA:334,0
DA:340,1
DA:348,1
DA:350,0
DA:357,1
DA:358,2
DA:359,2
DA:360,1
DA:362,1
DA:363,1
DA:364,1
DA:366,0
DA:370,1
DA:371,0
DA:372,0
DA:373,0
DA:374,0
DA:375,0
DA:376,0
DA:381,0
DA:383,0
DA:387,1
DA:388,0
DA:389,0
DA:390,0
DA:391,0
DA:392,0
DA:393,0
DA:394,0
DA:399,0
DA:400,0
DA:401,0
DA:402,0
DA:406,0
DA:411,0
DA:416,1
DA:417,1
DA:418,1
DA:419,0
DA:421,1
DA:422,1
DA:423,1
DA:424,1
DA:426,0
DA:431,1
DA:432,1
DA:433,1
DA:434,0
DA:436,1
DA:437,1
DA:438,1
DA:439,1
DA:441,0
DA:446,1
DA:447,1
DA:448,1
DA:449,0
DA:451,1
DA:452,1
DA:453,1
DA:455,0
DA:460,1
DA:461,1
DA:462,1
DA:463,1
DA:465,0
DA:472,1
DA:473,0
DA:474,0
DA:475,0
DA:480,0
DA:482,0
DA:487,1
DA:488,0
DA:489,0
DA:490,0
DA:491,0
DA:496,0
DA:497,0
DA:503,0
DA:505,0
DA:510,1
DA:511,0
DA:512,0
DA:513,0
DA:514,0
DA:518,0
DA:520,0
DA:526,1
DA:527,0
DA:528,0
DA:530,0
DA:531,0
DA:532,0
DA:533,0
DA:534,0
DA:536,0
DA:538,0
DA:562,0
DA:563,0
DA:566,0
DA:575,0
DA:576,0
DA:577,0
DA:579,0
DA:580,0
DA:582,0
DA:585,0
DA:590,1
DA:591,0
DA:592,0
DA:593,0
DA:594,0
DA:597,0
DA:601,0
DA:607,0
DA:608,0
DA:609,0
DA:610,0
DA:611,0
DA:614,0
DA:616,0
DA:618,0
DA:623,1
DA:624,0
DA:625,0
DA:626,0
DA:627,0
DA:628,0
DA:630,0
DA:636,0
DA:637,0
DA:638,0
DA:641,0
DA:644,0
DA:646,0
DA:648,0
DA:653,1
DA:654,0
DA:655,0
DA:656,0
DA:657,0
DA:658,0
DA:659,0
DA:661,0
DA:662,0
DA:664,0
DA:673,0
DA:675,0
DA:680,0
DA:681,0
DA:682,0
DA:688,0
DA:695,0
DA:697,0
DA:699,0
DA:704,1
DA:705,0
DA:706,0
DA:707,0
DA:708,0
DA:709,0
DA:710,0
DA:711,0
DA:714,0
DA:719,0
DA:720,0
DA:723,0
DA:726,0
DA:728,0
DA:730,0
DA:735,1
DA:736,0
DA:737,0
DA:738,0
DA:739,0
DA:742,0
DA:746,0
DA:752,0
DA:753,0
DA:754,0
DA:755,0
DA:756,0
DA:759,0
DA:760,0
DA:761,0
DA:764,0
DA:765,0
DA:767,0
DA:771,0
DA:773,0
DA:775,0
DA:780,1
DA:781,0
DA:782,0
DA:783,0
DA:784,0
DA:785,0
DA:787,0
DA:792,0
DA:793,0
DA:796,0
DA:799,0
DA:801,0
DA:803,0
DA:810,1
DA:811,0
DA:812,0
DA:813,0
DA:814,0
DA:815,0
DA:816,0
DA:817,0
DA:824,0
DA:825,0
DA:826,0
DA:827,0
DA:828,0
DA:830,0
DA:833,0
DA:835,0
DA:840,1
DA:841,0
DA:842,0
DA:843,0
DA:848,0
DA:850,0
DA:855,1
DA:856,0
DA:857,0
DA:858,0
DA:859,0
DA:860,0
DA:862,0
DA:867,0
DA:869,0
DA:870,0
DA:871,0
DA:872,0
DA:873,0
DA:880,0
DA:882,0
DA:887,1
DA:888,0
DA:889,0
DA:890,0
DA:891,0
DA:892,0
DA:894,0
DA:900,0
DA:905,0
DA:907,0
DA:912,1
DA:913,0
DA:914,0
DA:915,0
DA:919,0
DA:921,0
DA:926,1
DA:927,0
DA:928,0
DA:929,0
DA:930,0
DA:931,0
DA:932,0
DA:935,0
DA:939,0
DA:949,0
DA:955,1
DA:956,0
DA:957,0
DA:958,0
DA:960,0
DA:970,0
DA:972,0
DA:973,0
DA:974,0
DA:975,0
DA:977,0
DA:978,0
DA:979,0
DA:980,0
DA:981,0
DA:982,0
DA:983,0
DA:984,0
DA:985,0
DA:986,0
DA:989,0
DA:991,0
DA:998,1
DA:999,0
DA:1000,0
DA:1001,0
DA:1002,0
DA:1003,0
DA:1004,0
DA:1005,0
DA:1006,0
DA:1007,0
DA:1008,0
DA:1010,0
DA:1011,0
DA:1012,0
DA:1016,0
DA:1017,0
DA:1025,0
DA:1027,0
DA:1034,1
DA:1043,1
DA:1044,0
DA:1045,0
DA:1049,0
DA:1050,0
DA:1051,0
DA:1053,0
DA:1056,0
DA:1057,0
DA:1060,0
DA:1061,0
DA:1064,0
DA:1073,0
DA:1074,0
DA:1075,0
DA:1076,0
DA:1078,0
DA:1085,1
DA:1086,0
DA:1087,0
DA:1088,0
DA:1089,0
DA:1090,0
DA:1092,0
DA:1093,0
DA:1094,0
DA:1095,0
DA:1097,0
DA:1098,0
DA:1100,0
DA:1101,0
DA:1102,0
DA:1103,0
DA:1105,0
DA:1109,0
DA:1119,1
DA:1120,0
DA:1122,0
DA:1126,0
DA:1127,0
DA:1128,0
DA:1130,0
DA:1136,1
DA:1137,0
DA:1138,0
DA:1140,0
DA:1141,0
DA:1144,0
DA:1145,0
DA:1146,0
DA:1147,0
DA:1149,0
DA:1150,0
DA:1152,0
DA:1153,0
DA:1155,0
DA:1156,0
DA:1159,0
DA:1160,0
DA:1161,0
DA:1162,0
DA:1163,0
DA:1165,0
DA:1168,0
DA:1172,0
DA:1180,1
DA:1181,0
DA:1182,0
DA:1183,0
DA:1186,0
DA:1188,0
DA:1191,0
DA:1192,0
DA:1194,0
DA:1202,0
DA:1203,0
DA:1211,0
DA:1213,0
DA:1214,0
DA:1218,1
DA:1219,0
DA:1220,0
DA:1221,0
DA:1222,0
DA:1224,0
DA:1225,0
DA:1229,0
DA:1235,0
DA:1236,0
DA:1239,0
DA:1240,0
DA:1260,0
DA:1261,0
DA:1266,0
DA:1268,0
DA:1269,0
DA:1276,1
DA:1277,0
DA:1278,0
DA:1279,0
DA:1280,0
DA:1282,0
DA:1283,0
DA:1284,0
DA:1297,0
DA:1302,0
DA:1304,0
DA:1309,1
DA:1310,0
DA:1311,0
DA:1312,0
DA:1313,0
DA:1318,0
DA:1319,0
DA:1320,0
DA:1324,0
DA:1326,0
DA:1331,1
DA:1332,0
DA:1333,0
DA:1334,0
DA:1337,0
DA:1338,0
DA:1339,0
DA:1340,0
DA:1341,0
DA:1344,0
DA:1345,0
DA:1347,0
DA:1355,0
DA:1356,0
DA:1357,0
DA:1358,0
DA:1361,0
DA:1365,0
DA:1366,0
DA:1367,0
DA:1371,0
DA:1372,0
DA:1380,0
DA:1382,0
DA:1383,0
DA:1387,0
DA:1389,0
DA:1391,0
DA:1392,0
DA:1397,1
DA:1398,0
DA:1399,0
DA:1401,0
DA:1402,0
DA:1403,0
DA:1404,0
DA:1407,0
DA:1413,0
DA:1415,0
DA:1426,0
DA:1434,1
DA:1435,0
DA:1436,0
DA:1437,0
DA:1438,0
DA:1439,0
DA:1441,0
DA:1442,0
DA:1443,0
DA:1444,0
DA:1445,0
DA:1446,0
DA:1447,0
DA:1448,0
DA:1454,0
DA:1455,0
DA:1465,0
DA:1468,0
DA:1469,0
DA:1470,0
DA:1472,0
DA:1477,0
DA:1483,1
DA:1484,0
DA:1485,0
DA:1486,0
DA:1487,0
DA:1488,0
DA:1490,0
DA:1491,0
DA:1492,0
DA:1493,0
DA:1499,0
DA:1512,0
DA:1518,1
DA:1520,0
DA:1521,0
DA:1522,0
DA:1524,0
DA:1526,0
DA:1527,0
DA:1528,0
DA:1533,0
DA:1535,0
DA:1541,1
DA:1542,0
DA:1543,0
DA:1544,0
DA:1545,0
DA:1547,0
DA:1548,0
DA:1549,0
DA:1551,0
DA:1552,0
DA:1555,0
DA:1556,0
DA:1561,0
DA:1563,0
DA:1568,1
DA:1569,0
DA:1570,0
DA:1571,0
DA:1573,0
DA:1574,0
DA:1575,0
DA:1577,0
DA:1582,1
DA:1583,0
DA:1584,0
DA:1585,0
DA:1587,0
DA:1588,0
DA:1589,0
DA:1591,0
DA:1597,1
DA:1598,0
DA:1599,0
DA:1600,0
DA:1601,0
DA:1605,0
DA:1607,0
DA:1612,1
DA:1613,0
DA:1614,0
DA:1615,0
DA:1617,0
DA:1618,0
DA:1619,0
DA:1620,0
DA:1621,0
DA:1625,0
DA:1628,0
DA:1631,0
DA:1633,0
DA:1643,0
DA:1648,1
DA:1649,0
DA:1650,0
DA:1651,0
DA:1653,0
DA:1654,0
DA:1655,0
DA:1662,1
DA:1663,0
DA:1664,0
DA:1665,0
DA:1666,0
DA:1667,0
DA:1668,0
DA:1669,0
DA:1670,0
DA:1671,0
DA:1673,0
DA:1675,0
DA:1686,0
DA:1687,0
DA:1689,0
DA:1694,1
DA:1695,0
DA:1696,0
DA:1697,0
DA:1698,0
DA:1700,0
DA:1705,1
DA:1706,0
DA:1707,0
DA:1708,0
DA:1709,0
DA:1711,0
DA:1712,0
DA:1713,0
DA:1715,0
DA:1719,0
DA:1720,0
DA:1722,0
DA:1727,1
DA:1728,0
DA:1729,0
DA:1730,0
DA:1731,0
DA:1735,0
DA:1736,0
DA:1738,0
DA:1743,1
DA:1744,0
DA:1745,0
DA:1746,0
DA:1747,0
DA:1749,0
DA:1750,0
DA:1751,0
DA:1753,0
DA:1759,0
DA:1760,0
DA:1761,0
DA:1763,0
DA:1766,0
DA:1767,0
DA:1769,0
DA:1774,1
DA:1775,0
DA:1776,0
DA:1777,0
DA:1778,0
DA:1784,0
DA:1785,0
DA:1786,0
DA:1788,0
DA:1791,0
DA:1792,0
DA:1794,0
DA:1799,1
DA:1800,0
DA:1801,0
DA:1802,0
DA:1803,0
DA:1804,0
DA:1814,0
DA:1815,0
DA:1817,0
DA:1819,0
DA:1825,1
DA:1826,0
DA:1827,0
DA:1828,0
DA:1829,0
DA:1831,0
DA:1832,0
DA:1834,0
DA:1835,0
DA:1836,0
DA:1838,0
DA:1839,0
DA:1849,0
DA:1857,0
DA:1867,0
DA:1873,0
DA:1879,1
DA:1880,0
DA:1881,0
DA:1882,0
DA:1883,0
DA:1885,0
DA:1886,0
DA:1887,0
DA:1888,0
DA:1889,0
DA:1891,0
DA:1892,0
DA:1902,0
DA:1913,0
DA:1922,0
DA:1929,1
DA:1930,0
DA:1931,0
DA:1932,0
DA:1933,0
DA:1935,0
DA:1936,0
DA:1937,0
DA:1938,0
DA:1939,0
DA:1941,0
DA:1942,0
DA:1943,0
DA:1948,0
DA:1949,0
DA:1960,0
DA:1972,0
DA:1981,0
DA:1985,1
LF:839
LH:191
BRDA:38,0,0,2
BRDA:38,0,1,0
BRDA:39,1,0,0
BRDA:39,1,1,2
BRDA:46,2,0,2
BRDA:46,2,1,0
BRDA:52,3,0,0
BRDA:52,3,1,2
BRDA:57,4,0,2
BRDA:57,4,1,0
BRDA:58,5,0,2
BRDA:58,5,1,0
BRDA:79,6,0,0
BRDA:79,6,1,3
BRDA:79,7,0,3
BRDA:79,7,1,0
BRDA:79,7,2,0
BRDA:80,8,0,3
BRDA:80,8,1,0
BRDA:80,9,0,3
BRDA:80,9,1,3
BRDA:80,10,0,3
BRDA:80,10,1,0
BRDA:83,11,0,3
BRDA:83,11,1,0
BRDA:107,12,0,1
BRDA:107,12,1,1
BRDA:150,13,0,1
BRDA:150,13,1,0
BRDA:152,14,0,0
BRDA:152,14,1,1
BRDA:153,15,0,1
BRDA:153,15,1,1
BRDA:154,16,0,0
BRDA:154,16,1,1
BRDA:156,17,0,0
BRDA:156,17,1,1
BRDA:176,18,0,1
BRDA:176,18,1,0
BRDA:185,19,0,1
BRDA:185,19,1,1
BRDA:186,20,0,1
BRDA:186,20,1,1
BRDA:187,21,0,1
BRDA:187,21,1,0
BRDA:201,22,0,0
BRDA:201,22,1,1
BRDA:217,23,0,0
BRDA:217,23,1,0
BRDA:220,24,0,0
BRDA:220,24,1,0
BRDA:221,25,0,0
BRDA:221,25,1,0
BRDA:224,26,0,0
BRDA:224,26,1,0
BRDA:228,27,0,0
BRDA:228,27,1,0
BRDA:228,27,2,0
BRDA:228,27,3,0
BRDA:229,28,0,0
BRDA:229,28,1,0
BRDA:229,29,0,0
BRDA:229,29,1,0
BRDA:232,30,0,0
BRDA:232,30,1,0
BRDA:252,31,0,0
BRDA:252,31,1,0
BRDA:254,32,0,0
BRDA:254,32,1,0
BRDA:254,33,0,0
BRDA:254,33,1,0
BRDA:258,34,0,0
BRDA:258,34,1,0
BRDA:274,35,0,0
BRDA:274,35,1,0
BRDA:282,36,0,1
BRDA:282,36,1,0
BRDA:289,37,0,1
BRDA:289,37,1,0
BRDA:305,38,0,1
BRDA:305,38,1,0
BRDA:309,39,0,0
BRDA:309,39,1,1
BRDA:316,40,0,1
BRDA:316,40,1,0
BRDA:324,41,0,1
BRDA:324,41,1,0
BRDA:324,42,0,1
BRDA:324,42,1,1
BRDA:327,43,0,1
BRDA:327,43,1,0
BRDA:329,44,0,1
BRDA:329,44,1,0
BRDA:329,45,0,1
BRDA:329,45,1,1
BRDA:331,46,0,0
BRDA:331,46,1,0
BRDA:332,47,0,1
BRDA:332,47,1,1
BRDA:332,47,2,0
BRDA:333,48,0,0
BRDA:333,48,1,1
BRDA:359,49,0,1
BRDA:359,49,1,1
BRDA:359,50,0,2
BRDA:359,50,1,1
BRDA:374,51,0,0
BRDA:374,51,1,0
BRDA:390,52,0,0
BRDA:390,52,1,0
BRDA:393,53,0,0
BRDA:393,53,1,0
BRDA:397,54,0,0
BRDA:397,54,1,0
BRDA:399,55,0,0
BRDA:399,55,1,0
BRDA:406,56,0,0
BRDA:406,56,1,0
BRDA:407,57,0,0
BRDA:407,57,1,0
BRDA:418,58,0,0
BRDA:418,58,1,1
BRDA:418,59,0,1
BRDA:418,59,1,1
BRDA:421,60,0,1
BRDA:421,60,1,0
BRDA:433,61,0,0
BRDA:433,61,1,1
BRDA:433,62,0,1
BRDA:433,62,1,1
BRDA:436,63,0,1
BRDA:436,63,1,0
BRDA:438,64,0,1
BRDA:438,64,1,0
BRDA:448,65,0,0
BRDA:448,65,1,1
BRDA:448,66,0,1
BRDA:448,66,1,1
BRDA:452,67,0,1
BRDA:452,67,1,0
BRDA:489,68,0,0
BRDA:489,68,1,0
BRDA:496,69,0,0
BRDA:496,69,1,0
BRDA:496,70,0,0
BRDA:496,70,1,0
BRDA:512,71,0,0
BRDA:512,71,1,0
BRDA:516,72,0,0
BRDA:516,72,1,0
BRDA:530,73,0,0
BRDA:530,73,1,0
BRDA:531,74,0,0
BRDA:531,74,1,0
BRDA:562,75,0,0
BRDA:562,75,1,0
BRDA:579,76,0,0
BRDA:579,76,1,0
BRDA:594,77,0,0
BRDA:594,77,1,0
BRDA:608,78,0,0
BRDA:608,78,1,0
BRDA:625,79,0,0
BRDA:625,79,1,0
BRDA:628,80,0,0
BRDA:628,80,1,0
BRDA:632,81,0,0
BRDA:632,81,1,0
BRDA:637,82,0,0
BRDA:637,82,1,0
BRDA:638,83,0,0
BRDA:638,83,1,0
BRDA:657,84,0,0
BRDA:657,84,1,0
BRDA:658,85,0,0
BRDA:658,85,1,0
BRDA:662,86,0,0
BRDA:662,86,1,0
BRDA:668,87,0,0
BRDA:668,87,1,0
BRDA:680,88,0,0
BRDA:680,88,1,0
BRDA:691,89,0,0
BRDA:691,89,1,0
BRDA:706,90,0,0
BRDA:706,90,1,0
BRDA:709,91,0,0
BRDA:709,91,1,0
BRDA:710,92,0,0
BRDA:710,92,1,0
BRDA:716,93,0,0
BRDA:716,93,1,0
BRDA:719,94,0,0
BRDA:719,94,1,0
BRDA:720,95,0,0
BRDA:720,95,1,0
BRDA:739,96,0,0
BRDA:739,96,1,0
BRDA:753,97,0,0
BRDA:753,97,1,0
BRDA:759,98,0,0
BRDA:759,98,1,0
BRDA:759,99,0,0
BRDA:759,99,1,0
BRDA:761,100,0,0
BRDA:761,100,1,0
BRDA:761,101,0,0
BRDA:761,101,1,0
BRDA:782,102,0,0
BRDA:782,102,1,0
BRDA:785,103,0,0
BRDA:785,103,1,0
BRDA:789,104,0,0
BRDA:789,104,1,0
BRDA:792,105,0,0
BRDA:792,105,1,0
BRDA:793,106,0,0
BRDA:793,106,1,0
BRDA:812,107,0,0
BRDA:816,108,0,0
BRDA:816,108,1,0
BRDA:825,109,0,0
BRDA:825,109,1,0
BRDA:826,110,0,0
BRDA:826,110,1,0
BRDA:857,111,0,0
BRDA:857,111,1,0
BRDA:860,112,0,0
BRDA:860,112,1,0
BRDA:867,113,0,0
BRDA:867,113,1,0
BRDA:870,114,0,0
BRDA:870,114,1,0
BRDA:871,115,0,0
BRDA:871,115,1,0
BRDA:889,116,0,0
BRDA:889,116,1,0
BRDA:892,117,0,0
BRDA:892,117,1,0
BRDA:896,118,0,0
BRDA:896,118,1,0
BRDA:942,119,0,0
BRDA:942,119,1,0
BRDA:943,120,0,0
BRDA:943,120,1,0
BRDA:944,121,0,0
BRDA:944,121,1,0
BRDA:960,122,0,0
BRDA:960,122,1,0
BRDA:979,123,0,0
BRDA:979,123,1,0
BRDA:980,124,0,0
BRDA:980,124,1,0
BRDA:981,125,0,0
BRDA:981,125,1,0
BRDA:982,126,0,0
BRDA:982,126,1,0
BRDA:983,127,0,0
BRDA:983,127,1,0
BRDA:983,128,0,0
BRDA:983,128,1,0
BRDA:984,129,0,0
BRDA:984,129,1,0
BRDA:1000,130,0,0
BRDA:1000,130,1,0
BRDA:1001,131,0,0
BRDA:1001,131,1,0
BRDA:1002,132,0,0
BRDA:1002,132,1,0
BRDA:1002,132,2,0
BRDA:1003,133,0,0
BRDA:1003,133,1,0
BRDA:1003,133,2,0
BRDA:1004,134,0,0
BRDA:1004,134,1,0
BRDA:1004,135,0,0
BRDA:1004,135,1,0
BRDA:1005,136,0,0
BRDA:1005,136,1,0
BRDA:1007,137,0,0
BRDA:1007,137,1,0
BRDA:1007,138,0,0
BRDA:1007,138,1,0
BRDA:1011,139,0,0
BRDA:1011,139,1,0
BRDA:1023,140,0,0
BRDA:1023,140,1,0
BRDA:1045,141,0,0
BRDA:1045,142,0,0
BRDA:1045,142,1,0
BRDA:1049,143,0,0
BRDA:1049,143,1,0
BRDA:1049,144,0,0
BRDA:1049,144,1,0
BRDA:1056,145,0,0
BRDA:1056,145,1,0
BRDA:1111,146,0,0
BRDA:1111,146,1,0
BRDA:1120,147,0,0
BRDA:1120,148,0,0
BRDA:1120,149,0,0
BRDA:1120,149,1,0
BRDA:1124,150,0,0
BRDA:1124,150,1,0
BRDA:1138,151,0,0
BRDA:1138,151,1,0
BRDA:1140,152,0,0
BRDA:1140,152,1,0
BRDA:1140,153,0,0
BRDA:1140,153,1,0
BRDA:1160,154,0,0
BRDA:1160,154,1,0
BRDA:1174,155,0,0
BRDA:1174,155,1,0
BRDA:1186,156,0,0
BRDA:1186,156,1,0
BRDA:1192,157,0,0
BRDA:1192,157,1,0
BRDA:1194,158,0,0
BRDA:1194,158,1,0
BRDA:1195,159,0,0
BRDA:1195,159,1,0
BRDA:1196,160,0,0
BRDA:1196,160,1,0
BRDA:1197,161,0,0
BRDA:1197,161,1,0
BRDA:1198,162,0,0
BRDA:1198,162,1,0
BRDA:1199,163,0,0
BRDA:1199,163,1,0
BRDA:1200,164,0,0
BRDA:1200,164,1,0
BRDA:1201,165,0,0
BRDA:1201,165,1,0
BRDA:1208,166,0,0
BRDA:1208,166,1,0
BRDA:1222,167,0,0
BRDA:1222,167,1,0
BRDA:1224,168,0,0
BRDA:1224,168,1,0
BRDA:1236,169,0,0
BRDA:1236,169,1,0
BRDA:1239,170,0,0
BRDA:1239,170,1,0
BRDA:1242,171,0,0
BRDA:1242,171,1,0
BRDA:1243,172,0,0
BRDA:1243,172,1,0
BRDA:1246,173,0,0
BRDA:1246,173,1,0
BRDA:1247,174,0,0
BRDA:1247,174,1,0
BRDA:1250,175,0,0
BRDA:1250,175,1,0
BRDA:1251,176,0,0
BRDA:1251,176,1,0
BRDA:1254,177,0,0
BRDA:1254,177,1,0
BRDA:1255,178,0,0
BRDA:1255,178,1,0
BRDA:1257,179,0,0
BRDA:1257,179,1,0
BRDA:1257,179,2,0
BRDA:1260,180,0,0
BRDA:1260,180,1,0
BRDA:1278,181,0,0
BRDA:1278,181,1,0
BRDA:1279,182,0,0
BRDA:1279,182,1,0
BRDA:1279,183,0,0
BRDA:1279,183,1,0
BRDA:1287,184,0,0
BRDA:1287,184,1,0
BRDA:1287,185,0,0
BRDA:1287,185,1,0
BRDA:1291,186,0,0
BRDA:1291,186,1,0
BRDA:1291,187,0,0
BRDA:1291,187,1,0
BRDA:1294,188,0,0
BRDA:1294,188,1,0
BRDA:1322,189,0,0
BRDA:1322,189,1,0
BRDA:1333,190,0,0
BRDA:1333,190,1,0
BRDA:1333,191,0,0
BRDA:1333,191,1,0
BRDA:1358,192,0,0
BRDA:1358,192,1,0
BRDA:1365,193,0,0
BRDA:1365,193,1,0
BRDA:1371,194,0,0
BRDA:1371,194,1,0
BRDA:1382,195,0,0
BRDA:1382,195,1,0
BRDA:1382,196,0,0
BRDA:1382,196,1,0
BRDA:1399,197,0,0
BRDA:1399,197,1,0
BRDA:1404,198,0,0
BRDA:1404,198,1,0
BRDA:1435,199,0,0
BRDA:1435,200,0,0
BRDA:1435,200,1,0
BRDA:1436,201,0,0
BRDA:1436,201,1,0
BRDA:1437,202,0,0
BRDA:1437,202,1,0
BRDA:1438,203,0,0
BRDA:1438,203,1,0
BRDA:1438,204,0,0
BRDA:1438,204,1,0
BRDA:1442,205,0,0
BRDA:1442,205,1,0
BRDA:1442,206,0,0
BRDA:1442,206,1,0
BRDA:1447,207,0,0
BRDA:1447,207,1,0
BRDA:1485,208,0,0
BRDA:1485,208,1,0
BRDA:1486,209,0,0
BRDA:1486,209,1,0
BRDA:1487,210,0,0
BRDA:1487,210,1,0
BRDA:1487,211,0,0
BRDA:1487,211,1,0
BRDA:1491,212,0,0
BRDA:1491,212,1,0
BRDA:1491,213,0,0
BRDA:1491,213,1,0
BRDA:1520,214,0,0
BRDA:1520,214,1,0
BRDA:1521,215,0,0
BRDA:1521,215,1,0
BRDA:1521,216,0,0
BRDA:1521,216,1,0
BRDA:1526,217,0,0
BRDA:1526,217,1,0
BRDA:1526,218,0,0
BRDA:1526,218,1,0
BRDA:1542,219,0,0
BRDA:1542,220,0,0
BRDA:1542,220,1,0
BRDA:1543,221,0,0
BRDA:1543,221,1,0
BRDA:1544,222,0,0
BRDA:1544,222,1,0
BRDA:1544,223,0,0
BRDA:1544,223,1,0
BRDA:1548,224,0,0
BRDA:1548,224,1,0
BRDA:1548,225,0,0
BRDA:1548,225,1,0
BRDA:1549,226,0,0
BRDA:1549,226,1,0
BRDA:1552,227,0,0
BRDA:1552,227,1,0
BRDA:1569,228,0,0
BRDA:1569,228,1,0
BRDA:1570,229,0,0
BRDA:1570,229,1,0
BRDA:1570,230,0,0
BRDA:1570,230,1,0
BRDA:1570,230,2,0
BRDA:1583,231,0,0
BRDA:1583,231,1,0
BRDA:1584,232,0,0
BRDA:1584,232,1,0
BRDA:1584,233,0,0
BRDA:1584,233,1,0
BRDA:1599,234,0,0
BRDA:1599,235,0,0
BRDA:1599,236,0,0
BRDA:1599,236,1,0
BRDA:1603,237,0,0
BRDA:1603,237,1,0
BRDA:1603,238,0,0
BRDA:1603,238,1,0
BRDA:1613,239,0,0
BRDA:1613,239,1,0
BRDA:1614,240,0,0
BRDA:1614,240,1,0
BRDA:1620,241,0,0
BRDA:1620,241,1,0
BRDA:1653,242,0,0
BRDA:1653,242,1,0
BRDA:1654,243,0,0
BRDA:1654,243,1,0
BRDA:1664,244,0,0
BRDA:1667,245,0,0
BRDA:1667,245,1,0
BRDA:1668,246,0,0
BRDA:1668,246,1,0
BRDA:1669,247,0,0
BRDA:1669,247,1,0
BRDA:1673,248,0,0
BRDA:1673,248,1,0
BRDA:1686,249,0,0
BRDA:1686,249,1,0
BRDA:1708,250,0,0
BRDA:1708,250,1,0
BRDA:1709,251,0,0
BRDA:1709,251,1,0
BRDA:1713,252,0,0
BRDA:1713,252,1,0
BRDA:1746,253,0,0
BRDA:1746,253,1,0
BRDA:1747,254,0,0
BRDA:1747,254,1,0
BRDA:1751,255,0,0
BRDA:1751,255,1,0
BRDA:1814,256,0,0
BRDA:1814,256,1,0
BRDA:1827,257,0,0
BRDA:1827,258,0,0
BRDA:1827,258,1,0
BRDA:1828,259,0,0
BRDA:1828,259,1,0
BRDA:1828,260,0,0
BRDA:1828,260,1,0
BRDA:1831,261,0,0
BRDA:1831,261,1,0
BRDA:1838,262,0,0
BRDA:1838,262,1,0
BRDA:1881,263,0,0
BRDA:1881,264,0,0
BRDA:1881,264,1,0
BRDA:1882,265,0,0
BRDA:1882,265,1,0
BRDA:1882,266,0,0
BRDA:1882,266,1,0
BRDA:1891,267,0,0
BRDA:1891,267,1,0
BRDA:1931,268,0,0
BRDA:1931,269,0,0
BRDA:1931,269,1,0
BRDA:1932,270,0,0
BRDA:1932,270,1,0
BRDA:1932,271,0,0
BRDA:1932,271,1,0
BRDA:1938,272,0,0
BRDA:1938,272,1,0
BRDA:1948,273,0,0
BRDA:1948,273,1,0
BRF:544
BRH:60
end_of_record
TN:
SF:src\routes\adminServerLogRoutes.js
FN:21,logBaseDir
FN:33,resolveAllowedLogPath
FN:65,tailFile
FN:96,(anonymous_3)
FNF:4
FNH:4
FNDA:3,logBaseDir
FNDA:3,resolveAllowedLogPath
FNDA:2,tailFile
FNDA:2,(anonymous_3)
DA:1,1
DA:2,1
DA:3,1
DA:4,1
DA:5,1
DA:6,1
DA:8,1
DA:10,1
DA:11,1
DA:12,1
DA:14,1
DA:22,3
DA:23,2
DA:25,1
DA:34,3
DA:35,3
DA:36,3
DA:37,2
DA:38,2
DA:40,2
DA:41,2
DA:42,2
DA:43,2
DA:45,1
DA:46,1
DA:48,0
DA:50,1
DA:53,1
DA:54,1
DA:56,0
DA:58,1
DA:59,1
DA:66,2
DA:67,2
DA:68,2
DA:69,2
DA:70,2
DA:71,2
DA:72,2
DA:73,2
DA:74,2
DA:75,2
DA:76,2
DA:77,0
DA:78,0
DA:80,2
DA:81,2
DA:82,1
DA:84,1
DA:86,2
DA:90,1
DA:96,1
DA:97,2
DA:98,2
DA:99,2
DA:100,1
DA:107,1
DA:108,1
DA:109,1
DA:111,1
DA:112,1
DA:113,1
DA:114,1
DA:115,1
DA:117,0
DA:118,0
DA:122,1
DA:123,1
DA:124,1
DA:125,1
LF:70
LH:64
BRDA:22,0,0,2
BRDA:22,0,1,1
BRDA:22,1,0,3
BRDA:22,1,1,2
BRDA:34,2,0,0
BRDA:34,2,1,3
BRDA:36,3,0,1
BRDA:36,3,1,2
BRDA:36,4,0,3
BRDA:36,4,1,2
BRDA:38,5,0,0
BRDA:38,5,1,2
BRDA:42,6,0,0
BRDA:42,6,1,2
BRDA:43,7,0,1
BRDA:43,7,1,1
BRDA:43,8,0,2
BRDA:43,8,1,2
BRDA:50,9,0,0
BRDA:50,9,1,1
BRDA:50,10,0,1
BRDA:50,10,1,1
BRDA:58,11,0,0
BRDA:58,11,1,1
BRDA:68,12,0,0
BRDA:68,12,1,2
BRDA:76,13,0,0
BRDA:76,13,1,2
BRDA:78,14,0,0
BRDA:78,14,1,0
BRDA:81,15,0,1
BRDA:81,15,1,1
BRDA:97,16,0,0
BRDA:97,16,1,2
BRDA:97,17,0,2
BRDA:97,17,1,2
BRDA:99,18,0,1
BRDA:99,18,1,1
BRDA:107,19,0,1
BRDA:107,19,1,1
BRDA:108,20,0,0
BRDA:108,20,1,1
BRDA:108,21,0,1
BRDA:108,21,1,1
BRDA:115,22,0,1
BRDA:115,22,1,0
BRF:46
BRH:34
end_of_record
TN:
SF:src\routes\advertiserRoutes.js
FN:6,(anonymous_0)
FNF:1
FNH:1
FNDA:2,(anonymous_0)
DA:1,1
DA:2,1
DA:3,1
DA:6,1
DA:7,2
DA:8,2
DA:9,2
DA:10,2
DA:11,1
DA:13,1
DA:15,0
DA:19,1
LF:12
LH:11
BRDA:10,0,0,1
BRDA:10,0,1,1
BRF:2
BRH:2
end_of_record
TN:
SF:src\routes\authRoutes.js
FN:11,(anonymous_0)
FN:75,(anonymous_1)
FN:89,(anonymous_2)
FN:133,(anonymous_3)
FN:149,(anonymous_4)
FN:203,(anonymous_5)
FNF:6
FNH:5
FNDA:5,(anonymous_0)
FNDA:0,(anonymous_1)
FNDA:5,(anonymous_2)
FNDA:1,(anonymous_3)
FNDA:3,(anonymous_4)
FNDA:2,(anonymous_5)
DA:1,1
DA:2,1
DA:3,1
DA:4,1
DA:5,1
DA:6,1
DA:7,1
DA:8,1
DA:11,1
DA:12,5
DA:13,5
DA:14,1
DA:16,4
DA:17,4
DA:18,1
DA:20,3
DA:21,3
DA:22,0
DA:26,3
DA:27,3
DA:28,3
DA:29,2
DA:30,2
DA:32,2
DA:33,2
DA:40,2
DA:41,2
DA:42,2
DA:43,2
DA:45,0
DA:49,2
DA:50,2
DA:54,1
DA:55,1
DA:56,1
DA:58,2
DA:59,1
DA:60,1
DA:62,0
DA:64,1
DA:65,1
DA:67,0
DA:70,2
DA:71,2
DA:72,1
DA:74,1
DA:75,1
DA:76,1
DA:77,0
DA:84,1
DA:89,1
DA:90,5
DA:91,5
DA:92,1
DA:94,4
DA:95,4
DA:96,4
DA:97,0
DA:99,4
DA:103,3
DA:105,3
DA:106,3
DA:113,3
DA:114,3
DA:115,1
DA:117,2
DA:118,1
DA:121,1
DA:123,1
DA:124,1
DA:125,1
DA:126,1
DA:128,0
DA:133,1
DA:134,1
DA:135,1
DA:136,1
DA:137,1
DA:138,1
DA:139,1
DA:140,1
DA:142,0
DA:143,0
DA:149,1
DA:150,3
DA:151,3
DA:152,1
DA:156,1
DA:158,2
DA:159,2
DA:160,1
DA:161,1
DA:163,1
DA:164,1
DA:165,1
DA:166,1
DA:182,1
DA:183,1
DA:184,0
DA:188,1
DA:189,0
DA:194,1
DA:195,1
DA:197,1
DA:198,1
DA:203,1
DA:204,2
DA:205,2
DA:206,2
DA:207,2
DA:208,1
DA:209,1
DA:211,1
DA:213,1
DA:214,1
DA:218,1
LF:116
LH:105
BRDA:12,0,0,5
BRDA:12,0,1,0
BRDA:13,1,0,1
BRDA:13,1,1,4
BRDA:13,2,0,5
BRDA:13,2,1,4
BRDA:17,3,0,1
BRDA:17,3,1,3
BRDA:21,4,0,0
BRDA:21,4,1,3
BRDA:58,5,0,1
BRDA:58,5,1,1
BRDA:70,6,0,2
BRDA:70,6,1,2
BRDA:71,7,0,1
BRDA:71,7,1,1
BRDA:75,8,0,1
BRDA:75,8,1,0
BRDA:75,9,0,0
BRDA:75,9,1,0
BRDA:76,10,0,0
BRDA:76,10,1,1
BRDA:76,11,0,1
BRDA:76,11,1,1
BRDA:76,12,0,1
BRDA:76,12,1,1
BRDA:90,13,0,5
BRDA:90,13,1,0
BRDA:91,14,0,1
BRDA:91,14,1,4
BRDA:91,15,0,5
BRDA:91,15,1,4
BRDA:96,16,0,0
BRDA:96,16,1,4
BRDA:114,17,0,1
BRDA:114,17,1,2
BRDA:115,18,0,1
BRDA:115,18,1,0
BRDA:117,19,0,1
BRDA:117,19,1,1
BRDA:118,20,0,1
BRDA:118,20,1,0
BRDA:123,21,0,1
BRDA:123,21,1,0
BRDA:125,22,0,1
BRDA:125,22,1,0
BRDA:125,23,0,1
BRDA:125,23,1,1
BRDA:125,23,2,1
BRDA:134,24,0,1
BRDA:134,24,1,0
BRDA:135,25,0,0
BRDA:135,25,1,1
BRDA:150,26,0,3
BRDA:150,26,1,0
BRDA:151,27,0,1
BRDA:151,27,1,2
BRDA:151,28,0,3
BRDA:151,28,1,2
BRDA:161,29,0,1
BRDA:161,29,1,0
BRDA:165,30,0,1
BRDA:165,30,1,0
BRDA:172,31,0,1
BRDA:172,31,1,0
BRDA:183,32,0,0
BRDA:183,32,1,1
BRDA:185,33,0,0
BRDA:185,33,1,0
BRDA:188,34,0,0
BRDA:188,34,1,1
BRDA:190,35,0,0
BRDA:190,35,1,0
BRDA:204,36,0,2
BRDA:204,36,1,0
BRDA:205,37,0,0
BRDA:205,37,1,2
BRF:77
BRH:51
end_of_record
TN:
SF:src\routes\campaignManagementRoutes.js
FN:11,verifyCampaignOwnership
FN:27,queueCampaignReview
FN:59,(anonymous_2)
FN:81,(anonymous_3)
FN:103,(anonymous_4)
FN:157,(anonymous_5)
FNF:6
FNH:6
FNDA:7,verifyCampaignOwnership
FNDA:2,queueCampaignReview
FNDA:4,(anonymous_2)
FNDA:1,(anonymous_3)
FNDA:1,(anonymous_4)
FNDA:1,(anonymous_5)
DA:1,1
DA:2,1
DA:3,1
DA:4,1
DA:5,1
DA:6,1
DA:7,1
DA:8,1
DA:12,7
DA:14,7
DA:15,1
DA:16,1
DA:18,6
DA:19,6
DA:20,6
DA:21,6
DA:22,1
DA:24,5
DA:28,2
DA:29,2
DA:30,1
DA:35,2
DA:45,2
DA:59,1
DA:60,4
DA:61,4
DA:62,4
DA:63,4
DA:64,2
DA:65,2
DA:66,2
DA:67,2
DA:70,2
DA:72,2
DA:77,0
DA:81,1
DA:82,1
DA:83,1
DA:84,1
DA:85,1
DA:86,1
DA:87,1
DA:88,0
DA:89,0
DA:92,0
DA:94,0
DA:99,0
DA:103,1
DA:104,1
DA:105,1
DA:106,1
DA:107,1
DA:109,1
DA:110,0
DA:113,1
DA:116,1
DA:117,1
DA:118,1
DA:120,0
DA:124,1
DA:126,1
DA:128,1
DA:134,1
DA:140,1
DA:143,1
DA:144,1
DA:145,1
DA:146,2
DA:149,1
DA:150,1
DA:152,1
DA:153,0
DA:157,1
DA:158,1
DA:159,1
DA:160,1
DA:161,1
DA:163,1
DA:171,0
DA:174,1
LF:80
LH:70
BRDA:19,0,0,0
BRDA:19,0,1,6
BRDA:21,1,0,1
BRDA:21,1,1,5
BRDA:21,2,0,6
BRDA:21,2,1,6
BRDA:29,3,0,1
BRDA:29,3,1,1
BRDA:54,4,0,2
BRDA:54,4,1,0
BRDA:63,5,0,2
BRDA:63,5,1,2
BRDA:65,6,0,0
BRDA:65,6,1,2
BRDA:66,7,0,2
BRDA:66,7,1,0
BRDA:67,8,0,1
BRDA:67,8,1,1
BRDA:73,9,0,1
BRDA:73,9,1,1
BRDA:73,10,0,2
BRDA:73,10,1,2
BRDA:85,11,0,0
BRDA:85,11,1,1
BRDA:87,12,0,1
BRDA:87,12,1,0
BRDA:88,13,0,0
BRDA:88,13,1,0
BRDA:89,14,0,0
BRDA:89,14,1,0
BRDA:95,15,0,0
BRDA:95,15,1,0
BRDA:95,16,0,0
BRDA:95,16,1,0
BRDA:107,17,0,0
BRDA:107,17,1,1
BRDA:109,18,0,0
BRDA:109,18,1,1
BRDA:116,19,0,1
BRDA:116,19,1,0
BRDA:116,20,0,1
BRDA:116,20,1,1
BRDA:143,21,0,1
BRDA:143,21,1,0
BRDA:144,22,0,1
BRDA:144,22,1,0
BRDA:161,23,0,0
BRDA:161,23,1,1
BRF:48
BRH:28
end_of_record
TN:
SF:src\routes\healthRoutes.js
FN:8,(anonymous_0)
FN:14,(anonymous_1)
FN:14,(anonymous_2)
FN:17,(anonymous_3)
FN:21,(anonymous_4)
FN:22,(anonymous_5)
FN:23,(anonymous_6)
FN:24,(anonymous_7)
FN:25,(anonymous_8)
FN:76,formatBytes
FNF:10
FNH:4
FNDA:3,(anonymous_0)
FNDA:1,(anonymous_1)
FNDA:1,(anonymous_2)
FNDA:0,(anonymous_3)
FNDA:0,(anonymous_4)
FNDA:0,(anonymous_5)
FNDA:0,(anonymous_6)
FNDA:0,(anonymous_7)
FNDA:0,(anonymous_8)
FNDA:12,formatBytes
DA:1,1
DA:2,1
DA:3,1
DA:5,1
DA:8,1
DA:9,3
DA:10,3
DA:11,3
DA:14,3
DA:17,2
DA:20,2
DA:21,0
DA:22,0
DA:23,0
DA:24,0
DA:25,0
DA:29,2
DA:31,2
DA:33,2
DA:67,1
DA:77,12
DA:78,9
DA:79,9
DA:80,9
DA:81,9
DA:84,1
LF:26
LH:21
BRDA:34,0,0,1
BRDA:34,0,1,1
BRDA:42,1,0,2
BRDA:42,1,1,0
BRDA:43,2,0,2
BRDA:43,2,1,1
BRDA:44,3,0,2
BRDA:44,3,1,0
BRDA:45,4,0,2
BRDA:45,4,1,1
BRDA:46,5,0,2
BRDA:46,5,1,0
BRDA:47,6,0,2
BRDA:47,6,1,1
BRDA:48,7,0,2
BRDA:48,7,1,1
BRDA:77,8,0,3
BRDA:77,8,1,9
BRF:18
BRH:15
end_of_record
TN:
SF:src\routes\playgroundRoutes.js
FN:32,isSplashPlaygroundTypeQuery
FN:39,isDogParkPlaygroundTypeQuery
FN:46,isSkateParkPlaygroundTypeQuery
FN:53,groundTypeNormalizedTokensExpr
FN:68,parseGroundTypeQueryTokens
FN:73,(anonymous_5)
FN:89,buildGroundTypeSearchClause
FN:98,(anonymous_7)
FN:110,normalizeRoutePlaygroundId
FN:122,denudeExtendedJsonAndDates
FN:141,deepOmitMongoIds
FN:154,sanitizePlaygroundUpdateBody
FN:175,upsertRatingAndRecalculate
FN:208,(anonymous_13)
FN:219,(anonymous_14)
FN:242,(anonymous_15)
FN:246,(anonymous_16)
FN:257,(anonymous_17)
FN:360,(anonymous_18)
FN:362,(anonymous_19)
FN:374,(anonymous_20)
FN:404,(anonymous_21)
FN:405,(anonymous_22)
FN:417,(anonymous_23)
FN:580,(anonymous_24)
FN:693,(anonymous_25)
FN:723,(anonymous_26)
FN:777,(anonymous_27)
FN:802,(anonymous_28)
FN:832,(anonymous_29)
FN:885,(anonymous_30)
FN:952,(anonymous_31)
FN:968,(anonymous_32)
FN:999,(anonymous_33)
FN:1001,(anonymous_34)
FN:1024,(anonymous_35)
FNF:36
FNH:0
FNDA:0,isSplashPlaygroundTypeQuery
FNDA:0,isDogParkPlaygroundTypeQuery
FNDA:0,isSkateParkPlaygroundTypeQuery
FNDA:0,groundTypeNormalizedTokensExpr
FNDA:0,parseGroundTypeQueryTokens
FNDA:0,(anonymous_5)
FNDA:0,buildGroundTypeSearchClause
FNDA:0,(anonymous_7)
FNDA:0,normalizeRoutePlaygroundId
FNDA:0,denudeExtendedJsonAndDates
FNDA:0,deepOmitMongoIds
FNDA:0,sanitizePlaygroundUpdateBody
FNDA:0,upsertRatingAndRecalculate
FNDA:0,(anonymous_13)
FNDA:0,(anonymous_14)
FNDA:0,(anonymous_15)
FNDA:0,(anonymous_16)
FNDA:0,(anonymous_17)
FNDA:0,(anonymous_18)
FNDA:0,(anonymous_19)
FNDA:0,(anonymous_20)
FNDA:0,(anonymous_21)
FNDA:0,(anonymous_22)
FNDA:0,(anonymous_23)
FNDA:0,(anonymous_24)
FNDA:0,(anonymous_25)
FNDA:0,(anonymous_26)
FNDA:0,(anonymous_27)
FNDA:0,(anonymous_28)
FNDA:0,(anonymous_29)
FNDA:0,(anonymous_30)
FNDA:0,(anonymous_31)
FNDA:0,(anonymous_32)
FNDA:0,(anonymous_33)
FNDA:0,(anonymous_34)
FNDA:0,(anonymous_35)
DA:1,1
DA:2,1
DA:3,1
DA:4,1
DA:5,1
DA:6,1
DA:7,1
DA:8,1
DA:12,1
DA:13,1
DA:14,1
DA:15,1
DA:16,1
DA:17,1
DA:18,1
DA:20,1
DA:29,1
DA:33,0
DA:34,0
DA:35,0
DA:40,0
DA:41,0
DA:42,0
DA:47,0
DA:48,0
DA:49,0
DA:54,0
DA:69,0
DA:70,0
DA:71,0
DA:72,0
DA:73,0
DA:74,0
DA:75,0
DA:78,0
DA:90,0
DA:91,0
DA:92,0
DA:93,0
DA:94,0
DA:95,0
DA:96,0
DA:98,0
DA:101,0
DA:102,0
DA:104,0
DA:105,0
DA:106,0
DA:111,0
DA:112,0
DA:113,0
DA:115,0
DA:123,0
DA:124,0
DA:125,0
DA:126,0
DA:127,0
DA:128,0
DA:130,0
DA:131,0
DA:132,0
DA:134,0
DA:135,0
DA:136,0
DA:138,0
DA:142,0
DA:143,0
DA:144,0
DA:145,0
DA:146,0
DA:147,0
DA:148,0
DA:149,0
DA:151,0
DA:155,0
DA:156,0
DA:157,0
DA:158,0
DA:160,0
DA:161,0
DA:163,0
DA:176,0
DA:177,0
DA:180,0
DA:190,0
DA:195,0
DA:196,0
DA:199,0
DA:200,0
DA:204,0
DA:208,1
DA:209,0
DA:210,0
DA:211,0
DA:212,0
DA:214,0
DA:219,1
DA:220,0
DA:221,0
DA:223,0
DA:228,0
DA:229,0
DA:230,0
DA:232,0
DA:239,0
DA:240,0
DA:241,0
DA:242,0
DA:245,0
DA:246,0
DA:247,0
DA:248,0
DA:249,0
DA:252,0
DA:257,1
DA:258,0
DA:265,0
DA:267,0
DA:269,0
DA:270,0
DA:278,0
DA:279,0
DA:280,0
DA:281,0
DA:282,0
DA:283,0
DA:284,0
DA:285,0
DA:286,0
DA:287,0
DA:288,0
DA:289,0
DA:300,0
DA:301,0
DA:312,0
DA:313,0
DA:325,0
DA:328,0
DA:330,0
DA:331,0
DA:332,0
DA:333,0
DA:334,0
DA:335,0
DA:336,0
DA:341,0
DA:342,0
DA:343,0
DA:344,0
DA:345,0
DA:346,0
DA:347,0
DA:348,0
DA:349,0
DA:350,0
DA:351,0
DA:352,0
DA:353,0
DA:355,0
DA:356,0
DA:357,0
DA:358,0
DA:359,0
DA:360,0
DA:362,0
DA:363,0
DA:364,0
DA:365,0
DA:368,0
DA:374,1
DA:375,0
DA:376,0
DA:377,0
DA:378,0
DA:379,0
DA:380,0
DA:381,0
DA:382,0
DA:383,0
DA:384,0
DA:389,0
DA:390,0
DA:391,0
DA:392,0
DA:395,0
DA:396,0
DA:401,0
DA:403,0
DA:404,0
DA:405,0
DA:407,0
DA:409,0
DA:412,0
DA:417,1
DA:418,0
DA:433,0
DA:434,0
DA:436,0
DA:437,0
DA:438,0
DA:439,0
DA:440,0
DA:441,0
DA:442,0
DA:443,0
DA:444,0
DA:453,0
DA:460,0
DA:510,0
DA:515,0
DA:516,0
DA:517,0
DA:519,0
DA:520,0
DA:530,0
DA:531,0
DA:540,0
DA:541,0
DA:545,0
DA:553,0
DA:554,0
DA:568,0
DA:575,0
DA:580,1
DA:581,0
DA:582,0
DA:583,0
DA:584,0
DA:587,0
DA:593,0
DA:594,0
DA:595,0
DA:599,0
DA:600,0
DA:601,0
DA:602,0
DA:605,0
DA:607,0
DA:608,0
DA:613,0
DA:614,0
DA:615,0
DA:617,0
DA:627,0
DA:628,0
DA:638,0
DA:639,0
DA:640,0
DA:641,0
DA:642,0
DA:643,0
DA:645,0
DA:651,0
DA:652,0
DA:659,0
DA:661,0
DA:668,0
DA:681,0
DA:688,0
DA:693,1
DA:694,0
DA:695,0
DA:696,0
DA:697,0
DA:698,0
DA:699,0
DA:700,0
DA:703,0
DA:704,0
DA:705,0
DA:708,0
DA:709,0
DA:714,0
DA:715,0
DA:718,0
DA:719,0
DA:720,0
DA:723,0
DA:724,0
DA:725,0
DA:726,0
DA:727,0
DA:729,0
DA:732,0
DA:733,0
DA:735,0
DA:736,0
DA:737,0
DA:740,0
DA:742,0
DA:752,0
DA:753,0
DA:758,0
DA:767,0
DA:768,0
DA:776,0
DA:777,0
DA:778,0
DA:779,0
DA:780,0
DA:783,0
DA:784,0
DA:788,0
DA:789,0
DA:790,0
DA:791,0
DA:794,0
DA:795,0
DA:797,0
DA:802,1
DA:803,0
DA:804,0
DA:805,0
DA:807,0
DA:808,0
DA:811,0
DA:812,0
DA:813,0
DA:814,0
DA:816,0
DA:819,0
DA:820,0
DA:821,0
DA:822,0
DA:825,0
DA:827,0
DA:832,1
DA:833,0
DA:834,0
DA:835,0
DA:836,0
DA:839,0
DA:840,0
DA:844,0
DA:845,0
DA:846,0
DA:850,0
DA:851,0
DA:852,0
DA:853,0
DA:856,0
DA:857,0
DA:875,0
DA:876,0
DA:880,0
DA:881,0
DA:882,0
DA:885,0
DA:886,0
DA:887,0
DA:888,0
DA:889,0
DA:891,0
DA:894,0
DA:895,0
DA:898,0
DA:899,0
DA:900,0
DA:901,0
DA:905,0
DA:911,0
DA:917,0
DA:918,0
DA:919,0
DA:920,0
DA:921,0
DA:922,0
DA:926,0
DA:929,0
DA:930,0
DA:931,0
DA:932,0
DA:935,0
DA:936,0
DA:937,0
DA:947,0
DA:952,1
DA:953,0
DA:954,0
DA:955,0
DA:956,0
DA:960,0
DA:961,0
DA:963,0
DA:968,1
DA:969,0
DA:970,0
DA:971,0
DA:972,0
DA:973,0
DA:974,0
DA:975,0
DA:976,0
DA:985,0
DA:994,0
DA:995,0
DA:996,0
DA:997,0
DA:998,0
DA:999,0
DA:1000,0
DA:1001,0
DA:1002,0
DA:1003,0
DA:1004,0
DA:1006,0
DA:1009,0
DA:1011,0
DA:1017,0
DA:1019,0
DA:1024,1
DA:1025,0
DA:1026,0
DA:1027,0
DA:1028,0
DA:1029,0
DA:1030,0
DA:1031,0
DA:1034,0
DA:1039,0
DA:1040,0
DA:1043,0
DA:1045,0
DA:1057,0
DA:1059,0
DA:1063,1
DA:1064,1
DA:1065,1
DA:1066,1
DA:1067,1
LF:430
LH:34
BRDA:33,0,0,0
BRDA:33,0,1,0
BRDA:33,1,0,0
BRDA:33,1,1,0
BRDA:40,2,0,0
BRDA:40,2,1,0
BRDA:40,3,0,0
BRDA:40,3,1,0
BRDA:47,4,0,0
BRDA:47,4,1,0
BRDA:47,5,0,0
BRDA:47,5,1,0
BRDA:69,6,0,0
BRDA:69,6,1,0
BRDA:69,7,0,0
BRDA:69,7,1,0
BRDA:70,8,0,0
BRDA:70,8,1,0
BRDA:75,9,0,0
BRDA:75,9,1,0
BRDA:94,10,0,0
BRDA:94,10,1,0
BRDA:95,11,0,0
BRDA:95,11,1,0
BRDA:104,12,0,0
BRDA:104,12,1,0
BRDA:105,13,0,0
BRDA:105,13,1,0
BRDA:111,14,0,0
BRDA:111,14,1,0
BRDA:111,15,0,0
BRDA:111,15,1,0
BRDA:112,16,0,0
BRDA:112,16,1,0
BRDA:112,17,0,0
BRDA:112,17,1,0
BRDA:112,17,2,0
BRDA:123,18,0,0
BRDA:123,18,1,0
BRDA:123,19,0,0
BRDA:123,19,1,0
BRDA:124,20,0,0
BRDA:124,20,1,0
BRDA:125,21,0,0
BRDA:125,21,1,0
BRDA:126,22,0,0
BRDA:126,22,1,0
BRDA:127,23,0,0
BRDA:127,23,1,0
BRDA:127,24,0,0
BRDA:127,24,1,0
BRDA:130,25,0,0
BRDA:130,25,1,0
BRDA:130,26,0,0
BRDA:130,26,1,0
BRDA:132,27,0,0
BRDA:132,27,1,0
BRDA:142,28,0,0
BRDA:142,28,1,0
BRDA:142,29,0,0
BRDA:142,29,1,0
BRDA:143,30,0,0
BRDA:143,30,1,0
BRDA:144,31,0,0
BRDA:144,31,1,0
BRDA:145,32,0,0
BRDA:145,32,1,0
BRDA:148,33,0,0
BRDA:148,33,1,0
BRDA:155,34,0,0
BRDA:155,34,1,0
BRDA:160,35,0,0
BRDA:160,35,1,0
BRDA:160,36,0,0
BRDA:160,36,1,0
BRDA:195,37,0,0
BRDA:195,37,1,0
BRDA:196,38,0,0
BRDA:196,38,1,0
BRDA:212,39,0,0
BRDA:212,39,1,0
BRDA:223,40,0,0
BRDA:223,40,1,0
BRDA:228,41,0,0
BRDA:228,41,1,0
BRDA:230,42,0,0
BRDA:230,42,1,0
BRDA:240,43,0,0
BRDA:240,43,1,0
BRDA:245,44,0,0
BRDA:245,44,1,0
BRDA:248,45,0,0
BRDA:248,45,1,0
BRDA:269,46,0,0
BRDA:269,46,1,0
BRDA:269,47,0,0
BRDA:269,47,1,0
BRDA:269,47,2,0
BRDA:279,48,0,0
BRDA:279,48,1,0
BRDA:280,49,0,0
BRDA:280,49,1,0
BRDA:281,50,0,0
BRDA:281,50,1,0
BRDA:281,51,0,0
BRDA:281,51,1,0
BRDA:282,52,0,0
BRDA:282,52,1,0
BRDA:283,53,0,0
BRDA:283,53,1,0
BRDA:284,54,0,0
BRDA:284,54,1,0
BRDA:285,55,0,0
BRDA:285,55,1,0
BRDA:286,56,0,0
BRDA:286,56,1,0
BRDA:287,57,0,0
BRDA:287,57,1,0
BRDA:288,58,0,0
BRDA:288,58,1,0
BRDA:290,59,0,0
BRDA:290,59,1,0
BRDA:300,60,0,0
BRDA:300,60,1,0
BRDA:302,61,0,0
BRDA:302,61,1,0
BRDA:312,62,0,0
BRDA:312,62,1,0
BRDA:314,63,0,0
BRDA:314,63,1,0
BRDA:330,64,0,0
BRDA:330,64,1,0
BRDA:331,65,0,0
BRDA:331,65,1,0
BRDA:332,66,0,0
BRDA:332,66,1,0
BRDA:333,67,0,0
BRDA:333,67,1,0
BRDA:334,68,0,0
BRDA:334,68,1,0
BRDA:335,69,0,0
BRDA:335,69,1,0
BRDA:335,70,0,0
BRDA:335,70,1,0
BRDA:337,71,0,0
BRDA:337,71,1,0
BRDA:341,72,0,0
BRDA:341,72,1,0
BRDA:342,73,0,0
BRDA:342,73,1,0
BRDA:343,74,0,0
BRDA:343,74,1,0
BRDA:344,75,0,0
BRDA:344,75,1,0
BRDA:345,76,0,0
BRDA:345,76,1,0
BRDA:346,77,0,0
BRDA:346,77,1,0
BRDA:347,78,0,0
BRDA:347,78,1,0
BRDA:348,79,0,0
BRDA:348,79,1,0
BRDA:349,80,0,0
BRDA:349,80,1,0
BRDA:350,81,0,0
BRDA:350,81,1,0
BRDA:351,82,0,0
BRDA:351,82,1,0
BRDA:352,83,0,0
BRDA:352,83,1,0
BRDA:352,84,0,0
BRDA:352,84,1,0
BRDA:353,85,0,0
BRDA:353,85,1,0
BRDA:353,86,0,0
BRDA:353,86,1,0
BRDA:358,87,0,0
BRDA:358,87,1,0
BRDA:364,88,0,0
BRDA:364,88,1,0
BRDA:379,89,0,0
BRDA:379,89,1,0
BRDA:382,90,0,0
BRDA:382,90,1,0
BRDA:382,91,0,0
BRDA:382,91,1,0
BRDA:390,92,0,0
BRDA:390,92,1,0
BRDA:401,93,0,0
BRDA:401,93,1,0
BRDA:404,94,0,0
BRDA:404,94,1,0
BRDA:434,95,0,0
BRDA:434,95,1,0
BRDA:437,96,0,0
BRDA:437,96,1,0
BRDA:437,97,0,0
BRDA:437,97,1,0
BRDA:443,98,0,0
BRDA:443,98,1,0
BRDA:443,99,0,0
BRDA:443,99,1,0
BRDA:446,100,0,0
BRDA:446,100,1,0
BRDA:449,101,0,0
BRDA:449,101,1,0
BRDA:449,102,0,0
BRDA:449,102,1,0
BRDA:463,103,0,0
BRDA:463,103,1,0
BRDA:464,104,0,0
BRDA:464,104,1,0
BRDA:466,105,0,0
BRDA:466,105,1,0
BRDA:467,106,0,0
BRDA:467,106,1,0
BRDA:468,107,0,0
BRDA:468,107,1,0
BRDA:468,108,0,0
BRDA:468,108,1,0
BRDA:471,109,0,0
BRDA:471,109,1,0
BRDA:477,110,0,0
BRDA:477,110,1,0
BRDA:477,111,0,0
BRDA:477,111,1,0
BRDA:478,112,0,0
BRDA:478,112,1,0
BRDA:479,113,0,0
BRDA:479,113,1,0
BRDA:479,114,0,0
BRDA:479,114,1,0
BRDA:480,115,0,0
BRDA:480,115,1,0
BRDA:480,116,0,0
BRDA:480,116,1,0
BRDA:481,117,0,0
BRDA:481,117,1,0
BRDA:481,118,0,0
BRDA:481,118,1,0
BRDA:482,119,0,0
BRDA:482,119,1,0
BRDA:482,120,0,0
BRDA:482,120,1,0
BRDA:483,121,0,0
BRDA:483,121,1,0
BRDA:484,122,0,0
BRDA:484,122,1,0
BRDA:485,123,0,0
BRDA:485,123,1,0
BRDA:486,124,0,0
BRDA:486,124,1,0
BRDA:487,125,0,0
BRDA:487,125,1,0
BRDA:488,126,0,0
BRDA:488,126,1,0
BRDA:489,127,0,0
BRDA:489,127,1,0
BRDA:490,128,0,0
BRDA:490,128,1,0
BRDA:491,129,0,0
BRDA:491,129,1,0
BRDA:492,130,0,0
BRDA:492,130,1,0
BRDA:493,131,0,0
BRDA:493,131,1,0
BRDA:494,132,0,0
BRDA:494,132,1,0
BRDA:495,133,0,0
BRDA:495,133,1,0
BRDA:496,134,0,0
BRDA:496,134,1,0
BRDA:497,135,0,0
BRDA:497,135,1,0
BRDA:498,136,0,0
BRDA:498,136,1,0
BRDA:499,137,0,0
BRDA:499,137,1,0
BRDA:500,138,0,0
BRDA:500,138,1,0
BRDA:501,139,0,0
BRDA:501,139,1,0
BRDA:502,140,0,0
BRDA:502,140,1,0
BRDA:504,141,0,0
BRDA:504,141,1,0
BRDA:513,142,0,0
BRDA:513,142,1,0
BRDA:515,143,0,0
BRDA:515,143,1,0
BRDA:516,144,0,0
BRDA:516,144,1,0
BRDA:517,145,0,0
BRDA:517,145,1,0
BRDA:527,146,0,0
BRDA:527,146,1,0
BRDA:530,147,0,0
BRDA:530,147,1,0
BRDA:594,148,0,0
BRDA:594,148,1,0
BRDA:602,149,0,0
BRDA:602,149,1,0
BRDA:613,150,0,0
BRDA:613,150,1,0
BRDA:614,151,0,0
BRDA:614,151,1,0
BRDA:615,152,0,0
BRDA:615,152,1,0
BRDA:624,153,0,0
BRDA:624,153,1,0
BRDA:627,154,0,0
BRDA:627,154,1,0
BRDA:640,155,0,0
BRDA:640,155,1,0
BRDA:656,156,0,0
BRDA:656,156,1,0
BRDA:663,157,0,0
BRDA:663,157,1,0
BRDA:672,158,0,0
BRDA:672,158,1,0
BRDA:696,159,0,0
BRDA:696,159,1,0
BRDA:699,160,0,0
BRDA:699,160,1,0
BRDA:699,161,0,0
BRDA:699,161,1,0
BRDA:705,162,0,0
BRDA:705,162,1,0
BRDA:714,163,0,0
BRDA:714,163,1,0
BRDA:718,164,0,0
BRDA:718,164,1,0
BRDA:719,165,0,0
BRDA:719,165,1,0
BRDA:719,166,0,0
BRDA:719,166,1,0
BRDA:735,167,0,0
BRDA:735,167,1,0
BRDA:736,168,0,0
BRDA:736,168,1,0
BRDA:736,169,0,0
BRDA:736,169,1,0
BRDA:767,170,0,0
BRDA:767,170,1,0
BRDA:778,171,0,0
BRDA:778,171,1,0
BRDA:779,172,0,0
BRDA:779,172,1,0
BRDA:779,172,2,0
BRDA:783,173,0,0
BRDA:783,173,1,0
BRDA:789,174,0,0
BRDA:789,174,1,0
BRDA:805,175,0,0
BRDA:805,175,1,0
BRDA:807,176,0,0
BRDA:807,176,1,0
BRDA:807,177,0,0
BRDA:807,177,1,0
BRDA:807,177,2,0
BRDA:814,178,0,0
BRDA:814,178,1,0
BRDA:820,179,0,0
BRDA:820,179,1,0
BRDA:835,180,0,0
BRDA:835,180,1,0
BRDA:839,181,0,0
BRDA:839,181,1,0
BRDA:839,182,0,0
BRDA:839,182,1,0
BRDA:844,183,0,0
BRDA:844,183,1,0
BRDA:844,184,0,0
BRDA:844,184,1,0
BRDA:845,185,0,0
BRDA:845,185,1,0
BRDA:845,186,0,0
BRDA:845,186,1,0
BRDA:845,186,2,0
BRDA:853,187,0,0
BRDA:853,187,1,0
BRDA:875,188,0,0
BRDA:875,188,1,0
BRDA:880,189,0,0
BRDA:880,189,1,0
BRDA:881,190,0,0
BRDA:881,190,1,0
BRDA:881,191,0,0
BRDA:881,191,1,0
BRDA:898,192,0,0
BRDA:898,192,1,0
BRDA:898,192,2,0
BRDA:898,192,3,0
BRDA:899,193,0,0
BRDA:899,193,1,0
BRDA:900,194,0,0
BRDA:900,194,1,0
BRDA:900,195,0,0
BRDA:900,195,1,0
BRDA:900,195,2,0
BRDA:917,196,0,0
BRDA:917,196,1,0
BRDA:918,197,0,0
BRDA:918,197,1,0
BRDA:919,198,0,0
BRDA:919,198,1,0
BRDA:919,199,0,0
BRDA:919,199,1,0
BRDA:930,200,0,0
BRDA:930,200,1,0
BRDA:941,201,0,0
BRDA:941,201,1,0
BRDA:941,202,0,0
BRDA:941,202,1,0
BRDA:960,203,0,0
BRDA:960,203,1,0
BRDA:973,204,0,0
BRDA:973,204,1,0
BRDA:973,205,0,0
BRDA:973,205,1,0
BRDA:973,205,2,0
BRDA:975,206,0,0
BRDA:975,206,1,0
BRDA:979,207,0,0
BRDA:979,207,1,0
BRDA:980,208,0,0
BRDA:980,208,1,0
BRDA:996,209,0,0
BRDA:996,209,1,0
BRDA:1000,210,0,0
BRDA:1000,210,1,0
BRDA:1000,211,0,0
BRDA:1000,211,1,0
BRDA:1002,212,0,0
BRDA:1002,212,1,0
BRDA:1002,213,0,0
BRDA:1002,213,1,0
BRDA:1003,214,0,0
BRDA:1003,214,1,0
BRDA:1003,215,0,0
BRDA:1003,215,1,0
BRDA:1009,216,0,0
BRDA:1009,216,1,0
BRDA:1027,217,0,0
BRDA:1027,217,1,0
BRDA:1031,218,0,0
BRDA:1031,218,1,0
BRDA:1039,219,0,0
BRDA:1039,219,1,0
BRDA:1043,220,0,0
BRDA:1043,220,1,0
BRDA:1043,221,0,0
BRDA:1043,221,1,0
BRDA:1048,222,0,0
BRDA:1048,222,1,0
BRDA:1050,223,0,0
BRDA:1050,223,1,0
BRF:457
BRH:0
end_of_record
TN:
SF:src\routes\regionRoutes.js
FN:18,fetchPlaygroundsNear
FN:35,mergePlaygroundsById
FN:49,parseGeoFromSearchBody
FN:68,(anonymous_3)
FN:156,(anonymous_4)
FN:185,(anonymous_5)
FN:195,(anonymous_6)
FNF:7
FNH:7
FNDA:3,fetchPlaygroundsNear
FNDA:2,mergePlaygroundsById
FNDA:7,parseGeoFromSearchBody
FNDA:7,(anonymous_3)
FNDA:2,(anonymous_4)
FNDA:3,(anonymous_5)
FNDA:1,(anonymous_6)
DA:1,1
DA:2,1
DA:3,1
DA:4,1
DA:5,1
DA:6,1
DA:7,1
DA:9,1
DA:12,1
DA:19,3
DA:20,3
DA:36,2
DA:37,2
DA:38,2
DA:39,3
DA:40,3
DA:42,2
DA:50,7
DA:51,0
DA:53,7
DA:54,7
DA:55,7
DA:56,3
DA:57,2
DA:59,4
DA:60,4
DA:61,4
DA:63,4
DA:64,2
DA:68,1
DA:69,7
DA:70,7
DA:71,3
DA:74,4
DA:76,4
DA:77,2
DA:79,2
DA:80,2
DA:81,1
DA:83,1
DA:93,3
DA:95,3
DA:98,3
DA:99,3
DA:101,3
DA:102,3
DA:104,3
DA:105,1
DA:109,1
DA:110,1
DA:111,1
DA:122,2
DA:124,2
DA:125,1
DA:136,1
DA:139,1
DA:140,1
DA:141,1
DA:151,0
DA:156,1
DA:157,2
DA:158,2
DA:159,1
DA:162,1
DA:163,1
DA:165,1
DA:166,1
DA:167,1
DA:168,1
DA:169,1
DA:170,1
DA:174,1
DA:180,0
DA:185,1
DA:186,3
DA:187,3
DA:188,1
DA:191,2
DA:192,2
DA:193,2
DA:194,2
DA:195,1
DA:199,1
DA:201,1
DA:205,1
LF:85
LH:82
BRDA:18,0,0,3
BRDA:40,1,0,2
BRDA:40,1,1,1
BRDA:50,2,0,0
BRDA:50,2,1,7
BRDA:50,3,0,7
BRDA:50,3,1,7
BRDA:54,4,0,7
BRDA:54,4,1,3
BRDA:55,5,0,3
BRDA:55,5,1,4
BRDA:56,6,0,1
BRDA:56,6,1,2
BRDA:59,7,0,3
BRDA:59,7,1,1
BRDA:60,8,0,3
BRDA:60,8,1,1
BRDA:61,9,0,4
BRDA:61,9,1,3
BRDA:61,9,2,3
BRDA:61,9,3,3
BRDA:61,9,4,2
BRDA:61,9,5,2
BRDA:63,10,0,2
BRDA:63,10,1,2
BRDA:70,11,0,3
BRDA:70,11,1,4
BRDA:76,12,0,2
BRDA:76,12,1,2
BRDA:80,13,0,1
BRDA:80,13,1,1
BRDA:95,14,0,0
BRDA:95,14,1,3
BRDA:95,15,0,3
BRDA:95,15,1,0
BRDA:95,15,2,0
BRDA:104,16,0,1
BRDA:104,16,1,2
BRDA:113,17,0,1
BRDA:113,17,1,1
BRDA:124,18,0,1
BRDA:124,18,1,1
BRDA:137,19,0,1
BRDA:137,19,1,0
BRDA:139,20,0,1
BRDA:139,20,1,0
BRDA:157,21,0,1
BRDA:157,22,0,1
BRDA:158,23,0,1
BRDA:158,23,1,1
BRDA:162,24,0,1
BRDA:162,24,1,0
BRDA:163,25,0,1
BRDA:163,25,1,0
BRDA:169,26,0,1
BRDA:169,26,1,0
BRDA:187,27,0,1
BRDA:187,27,1,2
BRDA:187,28,0,3
BRDA:187,28,1,3
BRDA:195,29,0,1
BRDA:195,29,1,0
BRF:62
BRH:52
end_of_record
TN:
SF:src\routes\reportRoutes.js
FN:40,(anonymous_0)
FN:64,(anonymous_1)
FN:111,(anonymous_2)
FNF:3
FNH:3
FNDA:2,(anonymous_0)
FNDA:2,(anonymous_1)
FNDA:1,(anonymous_2)
DA:1,1
DA:2,1
DA:3,1
DA:4,1
DA:5,1
DA:6,1
DA:8,1
DA:18,1
DA:24,1
DA:33,1
DA:40,1
DA:41,2
DA:42,2
DA:43,2
DA:44,2
DA:45,2
DA:46,2
DA:47,1
DA:49,1
DA:56,1
DA:57,1
DA:59,0
DA:64,1
DA:65,2
DA:66,2
DA:67,2
DA:68,2
DA:69,2
DA:70,2
DA:71,2
DA:82,2
DA:85,2
DA:86,2
DA:90,2
DA:91,1
DA:92,1
DA:93,1
DA:94,1
DA:95,1
DA:96,1
DA:104,2
DA:106,0
DA:111,1
DA:112,1
DA:113,1
DA:114,1
DA:115,1
DA:116,1
DA:117,1
DA:119,0
DA:123,1
LF:51
LH:48
BRDA:46,0,0,1
BRDA:46,0,1,1
BRDA:70,1,0,1
BRDA:70,1,1,1
BRDA:76,2,0,2
BRDA:76,2,1,0
BRDA:85,3,0,2
BRDA:85,3,1,2
BRDA:90,4,0,1
BRDA:90,4,1,1
BRDA:90,5,0,2
BRDA:90,5,1,2
BRDA:92,6,0,1
BRDA:92,6,1,0
BRDA:93,7,0,1
BRDA:93,7,1,1
BRDA:93,7,2,0
BRDA:95,8,0,1
BRDA:95,8,1,0
BRDA:117,9,0,1
BRDA:117,9,1,0
BRF:21
BRH:16
end_of_record
TN:
SF:src\routes\seedRoutes.js
FN:11,hybridSearchHandler
FN:22,(anonymous_1)
FN:24,(anonymous_2)
FN:39,(anonymous_3)
FN:51,(anonymous_4)
FN:62,(anonymous_5)
FN:79,(anonymous_6)
FN:107,(anonymous_7)
FN:117,normalizeRegionKey
FNF:9
FNH:9
FNDA:2,hybridSearchHandler
FNDA:1,(anonymous_1)
FNDA:2,(anonymous_2)
FNDA:1,(anonymous_3)
FNDA:1,(anonymous_4)
FNDA:1,(anonymous_5)
FNDA:2,(anonymous_6)
FNDA:3,(anonymous_7)
FNDA:2,normalizeRegionKey
DA:1,1
DA:2,1
DA:3,1
DA:4,1
DA:5,1
DA:6,1
DA:7,1
DA:8,1
DA:12,2
DA:13,2
DA:15,1
DA:16,1
DA:17,1
DA:18,1
DA:19,1
DA:20,1
DA:21,1
DA:22,1
DA:24,1
DA:25,2
DA:26,2
DA:27,2
DA:28,2
DA:31,1
DA:33,0
DA:34,0
DA:39,1
DA:40,1
DA:41,1
DA:42,1
DA:43,1
DA:44,1
DA:46,0
DA:51,1
DA:52,1
DA:53,1
DA:54,1
DA:55,1
DA:57,0
DA:62,1
DA:63,1
DA:64,1
DA:65,1
DA:69,1
DA:70,1
DA:71,1
DA:73,0
DA:79,1
DA:80,2
DA:81,2
DA:82,2
DA:83,1
DA:84,1
DA:93,1
DA:95,1
DA:100,1
DA:102,0
DA:107,1
DA:108,3
DA:109,3
DA:112,3
DA:113,1
DA:118,2
DA:120,2
DA:122,2
DA:124,2
DA:125,2
DA:126,1
DA:129,1
DA:142,1
DA:143,1
DA:144,1
DA:150,0
DA:153,1
DA:155,0
DA:160,1
LF:76
LH:68
BRDA:13,0,0,1
BRDA:13,0,1,1
BRDA:13,1,0,2
BRDA:13,1,1,2
BRDA:16,2,0,1
BRDA:16,2,1,0
BRDA:17,3,0,1
BRDA:17,3,1,0
BRDA:19,4,0,1
BRDA:19,4,1,0
BRDA:26,5,0,2
BRDA:26,5,1,0
BRDA:26,5,2,0
BRDA:82,6,0,1
BRDA:82,6,1,1
BRDA:82,7,0,2
BRDA:82,7,1,1
BRDA:93,8,0,1
BRDA:93,8,1,0
BRDA:109,9,0,3
BRDA:109,9,1,0
BRDA:112,10,0,1
BRDA:112,10,1,2
BRDA:112,11,0,3
BRDA:112,11,1,3
BRDA:112,11,2,2
BRDA:112,11,3,2
BRDA:125,12,0,1
BRDA:125,12,1,1
BRDA:135,13,0,1
BRDA:135,13,1,0
BRDA:136,14,0,1
BRDA:136,14,1,0
BRF:33
BRH:24
end_of_record
TN:
SF:src\routes\supportRoutes.js
FN:22,getConsentSnapshot
FN:47,(anonymous_1)
FNF:2
FNH:2
FNDA:3,getConsentSnapshot
FNDA:4,(anonymous_1)
DA:1,1
DA:2,1
DA:3,1
DA:4,1
DA:6,1
DA:16,1
DA:23,3
DA:24,3
DA:25,3
DA:35,3
DA:47,1
DA:48,4
DA:58,4
DA:60,4
DA:61,4
DA:62,4
DA:70,4
DA:73,4
DA:74,4
DA:75,4
DA:76,4
DA:77,1
DA:80,3
DA:82,3
DA:90,3
DA:91,3
DA:92,3
DA:93,3
DA:97,3
DA:99,3
DA:103,3
DA:104,3
DA:105,0
DA:106,0
DA:108,0
DA:112,3
DA:134,3
DA:136,0
DA:137,0
DA:141,1
LF:40
LH:35
BRDA:37,0,0,1
BRDA:37,0,1,2
BRDA:38,1,0,1
BRDA:38,1,1,2
BRDA:39,2,0,1
BRDA:39,2,1,2
BRDA:39,3,0,1
BRDA:39,3,1,0
BRDA:40,4,0,0
BRDA:40,4,1,3
BRDA:41,5,0,0
BRDA:41,5,1,3
BRDA:42,6,0,0
BRDA:42,6,1,3
BRDA:42,7,0,0
BRDA:42,7,1,0
BRDA:58,8,0,4
BRDA:58,8,1,0
BRDA:61,9,0,3
BRDA:61,9,1,1
BRDA:62,10,0,3
BRDA:62,10,1,1
BRDA:70,11,0,4
BRDA:70,11,1,4
BRDA:71,12,0,4
BRDA:71,12,1,1
BRDA:73,13,0,0
BRDA:73,13,1,4
BRDA:74,14,0,0
BRDA:74,14,1,4
BRDA:75,15,0,4
BRDA:75,15,1,3
BRDA:75,15,2,3
BRDA:76,16,0,1
BRDA:76,16,1,3
BRDA:76,17,0,4
BRDA:76,17,1,1
BRDA:76,18,0,1
BRDA:76,18,1,0
BRDA:76,18,2,0
BRDA:90,19,0,3
BRDA:90,19,1,0
BRDA:92,20,0,3
BRDA:92,20,1,0
BRDA:93,21,0,1
BRDA:93,21,1,2
BRDA:95,22,0,2
BRDA:95,22,1,1
BRDA:99,23,0,3
BRDA:99,23,1,0
BRDA:104,24,0,0
BRDA:104,24,1,3
BRDA:104,25,0,3
BRDA:104,25,1,0
BRDA:104,25,2,0
BRDA:115,26,0,3
BRDA:115,26,1,2
BRDA:117,27,0,3
BRDA:117,27,1,2
BRDA:118,28,0,3
BRDA:118,28,1,2
BRDA:119,29,0,3
BRDA:119,29,1,2
BRDA:120,30,0,0
BRDA:120,30,1,3
BRDA:120,31,0,3
BRDA:120,31,1,0
BRDA:121,32,0,0
BRDA:121,32,1,3
BRDA:121,33,0,3
BRDA:121,33,1,0
BRF:71
BRH:50
end_of_record
TN:
SF:src\routes\userRoutes.js
FN:19,(anonymous_0)
FN:55,(anonymous_1)
FN:106,(anonymous_2)
FN:143,(anonymous_3)
FN:144,(anonymous_4)
FN:145,(anonymous_5)
FN:202,(anonymous_6)
FN:211,(anonymous_7)
FN:219,(anonymous_8)
FN:232,(anonymous_9)
FN:236,(anonymous_10)
FN:243,(anonymous_11)
FN:248,(anonymous_12)
FN:253,(anonymous_13)
FN:261,(anonymous_14)
FN:276,(anonymous_15)
FN:280,(anonymous_16)
FN:288,(anonymous_17)
FN:300,(anonymous_18)
FN:305,(anonymous_19)
FN:308,(anonymous_20)
FN:316,(anonymous_21)
FN:332,(anonymous_22)
FN:348,(anonymous_23)
FN:364,(anonymous_24)
FN:376,(anonymous_25)
FN:420,(anonymous_26)
FN:456,(anonymous_27)
FN:480,(anonymous_28)
FN:509,(anonymous_29)
FN:520,(anonymous_30)
FN:531,(anonymous_31)
FN:548,(anonymous_32)
FN:555,(anonymous_33)
FN:565,(anonymous_34)
FN:577,(anonymous_35)
FN:593,(anonymous_36)
FNF:37
FNH:31
FNDA:1,(anonymous_0)
FNDA:1,(anonymous_1)
FNDA:1,(anonymous_2)
FNDA:1,(anonymous_3)
FNDA:1,(anonymous_4)
[...]
BRDA:504,181,1,0
BRDA:505,182,0,0
BRDA:505,182,1,0
BRDA:505,183,0,0
BRDA:505,183,1,0
BRDA:505,183,2,0
BRDA:508,184,0,2
BRDA:508,184,1,0
BRDA:508,185,0,2
BRDA:508,185,1,2
BRDA:508,185,2,2
BRDA:510,186,0,0
BRDA:510,186,1,0
BRDA:511,187,0,0
BRDA:511,187,1,0
BRDA:511,188,0,0
BRDA:511,188,1,0
BRDA:511,189,0,0
BRDA:511,189,1,0
BRDA:512,190,0,0
BRDA:512,190,1,0
BRDA:515,191,0,0
BRDA:515,191,1,0
BRDA:516,192,0,0
BRDA:516,192,1,0
BRDA:516,193,0,0
BRDA:516,193,1,0
BRDA:516,194,0,0
BRDA:516,194,1,0
BRDA:517,195,0,0
BRDA:517,195,1,0
BRDA:527,196,0,22
BRDA:527,196,1,22
BRDA:528,197,0,22
BRDA:528,197,1,22
BRDA:530,198,0,18
BRDA:530,198,1,4
BRDA:532,199,0,18
BRDA:532,199,1,18
BRDA:532,199,2,18
BRDA:538,200,0,4
BRDA:538,200,1,4
BRDA:542,201,0,11
BRDA:542,201,1,3
BRDA:544,202,0,11
BRDA:544,202,1,11
BRDA:544,202,2,11
BRDA:550,203,0,3
BRDA:550,203,1,3
BRDA:554,204,0,11
BRDA:554,204,1,3
BRDA:556,205,0,11
BRDA:556,205,1,11
BRDA:556,205,2,11
BRDA:562,206,0,3
BRDA:562,206,1,3
BRDA:571,207,0,11
BRDA:571,207,1,33
BRDA:572,208,0,0
BRDA:572,208,1,33
BRDA:573,209,0,0
BRDA:573,209,1,33
BRDA:574,210,0,9
BRDA:574,210,1,24
BRDA:575,211,0,0
BRDA:575,211,1,24
BRDA:576,212,0,24
BRDA:576,212,1,0
BRDA:577,213,0,24
BRDA:577,213,1,0
BRDA:578,214,0,0
BRDA:578,214,1,24
BRDA:578,215,0,24
BRDA:578,215,1,0
BRDA:578,215,2,24
BRDA:578,215,3,0
BRDA:583,216,0,21
BRDA:583,216,1,0
BRDA:584,217,0,21
BRDA:584,217,1,0
BRDA:586,218,0,1
BRDA:586,218,1,20
BRDA:586,219,0,21
BRDA:586,219,1,1
BRDA:590,220,0,2
BRDA:590,220,1,67
BRDA:590,221,0,69
BRDA:590,221,1,53
BRDA:595,222,0,0
BRDA:595,222,1,24
BRDA:595,223,0,24
BRDA:595,223,1,0
BRDA:595,224,0,24
BRDA:595,224,1,0
BRDA:600,225,0,4
BRDA:600,225,1,20
BRDA:600,226,0,24
BRDA:600,226,1,21
BRDA:601,227,0,4
BRDA:601,227,1,4
BRDA:602,228,0,4
BRDA:602,228,1,4
BRDA:603,229,0,1
BRDA:603,229,1,3
BRDA:604,230,0,1
BRDA:604,230,1,2
BRDA:604,231,0,3
BRDA:604,231,1,1
BRDA:608,232,0,2
BRDA:608,232,1,18
BRDA:609,233,0,0
BRDA:609,233,1,2
BRDA:609,234,0,2
BRDA:609,234,1,0
BRDA:613,235,0,1
BRDA:613,235,1,17
BRDA:616,236,0,14
BRDA:616,236,1,3
BRDA:621,237,0,11
BRDA:621,237,1,3
BRDA:622,238,0,10
BRDA:622,238,1,1
BRDA:622,239,0,11
BRDA:622,239,1,10
BRDA:625,240,0,1
BRDA:625,240,1,0
BRDA:627,241,0,1
BRDA:627,241,1,0
BRDA:627,242,0,1
BRDA:627,242,1,1
BRDA:627,242,2,1
BRDA:635,243,0,3
BRDA:635,243,1,0
BRDA:636,244,0,1
BRDA:636,244,1,2
BRDA:636,245,0,3
BRDA:636,245,1,1
BRDA:639,246,0,2
BRDA:639,246,1,0
BRDA:641,247,0,1
BRDA:641,247,1,1
BRDA:641,248,0,2
BRDA:641,248,1,1
BRDA:641,248,2,1
BRDA:647,249,0,0
BRDA:647,249,1,0
BRDA:647,250,0,0
BRDA:647,250,1,0
BRDA:648,251,0,0
BRDA:648,251,1,0
BRDA:652,252,0,0
BRDA:652,252,1,0
BRDA:652,253,0,0
BRDA:652,253,1,0
BRDA:652,253,2,0
BRDA:656,254,0,3
BRDA:656,254,1,3
BRDA:657,255,0,3
BRDA:657,255,1,0
BRDA:658,256,0,0
BRDA:658,256,1,0
BRDA:659,257,0,0
BRDA:659,257,1,0
BRDA:665,258,0,18
BRDA:665,258,1,0
BRDA:666,259,0,18
BRDA:666,259,1,0
BRDA:667,260,0,18
BRDA:667,260,1,18
BRDA:672,261,0,2
BRDA:672,261,1,19
BRDA:673,262,0,1
BRDA:673,262,1,18
BRDA:674,263,0,0
BRDA:674,263,1,18
BRDA:676,264,0,18
BRDA:676,264,1,9
BRDA:676,264,2,1
BRDA:676,264,3,1
BRDA:681,265,0,1
BRDA:681,265,1,0
BRDA:688,266,0,98
BRDA:688,266,1,0
BRDA:689,267,0,0
BRDA:689,267,1,98
BRDA:693,268,0,49
BRDA:693,268,1,0
BRDA:693,268,2,0
BRDA:699,269,0,22
BRDA:699,269,1,11
BRDA:713,270,0,0
BRDA:713,270,1,0
BRDA:717,271,0,0
BRDA:717,271,1,0
BRDA:722,272,0,0
BRDA:722,272,1,0
BRDA:732,273,0,0
BRDA:732,273,1,0
BRDA:739,274,0,0
BRDA:739,274,1,0
BRDA:740,275,0,0
BRDA:740,275,1,0
BRDA:747,276,0,0
BRDA:747,276,1,0
BRDA:752,277,0,0
BRDA:752,277,1,0
BRDA:767,278,0,56
BRDA:767,278,1,56
BRDA:767,278,2,56
BRDA:767,278,3,56
BRDA:767,278,4,56
BRDA:781,279,0,0
BRDA:781,279,1,22
BRDA:785,280,0,0
BRDA:785,280,1,22
BRDA:785,281,0,22
BRDA:785,281,1,0
BRDA:790,282,0,0
BRDA:790,282,1,6
BRDA:790,283,0,6
BRDA:790,283,1,6
BRDA:795,284,0,0
BRDA:795,284,1,6
BRDA:800,285,0,24
BRDA:800,285,1,39
BRDA:806,286,0,11
BRDA:806,286,1,0
BRDA:817,287,0,11
BRDA:817,287,1,11
BRDA:824,288,0,6
BRDA:824,288,1,11
BRDA:830,289,0,0
BRDA:830,289,1,6
BRDA:833,290,0,6
BRDA:833,290,1,0
BRDA:834,291,0,6
BRDA:834,291,1,6
BRDA:835,292,0,0
BRDA:835,292,1,0
BRDA:836,293,0,0
BRDA:836,293,1,6
BRDA:840,294,0,6
BRDA:840,294,1,0
BRDA:841,295,0,0
BRDA:841,295,1,2
BRDA:844,296,0,0
BRDA:844,296,1,0
BRDA:845,297,0,0
BRDA:845,297,1,0
BRDA:860,298,0,1
BRDA:860,298,1,0
BRDA:863,299,0,0
BRDA:863,299,1,3
BRDA:869,300,0,0
BRDA:869,300,1,4
BRDA:874,301,0,4
BRDA:874,301,1,9
BRDA:874,302,0,13
BRDA:874,302,1,9
BRDA:881,303,0,4
BRDA:881,303,1,5
BRDA:885,304,0,2
BRDA:885,304,1,2
BRDA:898,305,0,0
BRDA:898,305,1,0
BRDA:898,306,0,0
BRDA:898,306,1,0
BRDA:900,307,0,0
BRDA:900,307,1,0
BRDA:901,308,0,0
BRDA:901,308,1,0
BRDA:904,309,0,0
BRDA:904,309,1,0
BRDA:905,310,0,0
BRDA:905,310,1,0
BRDA:911,311,0,0
BRDA:911,311,1,0
BRDA:911,312,0,0
BRDA:911,312,1,0
BRDA:913,313,0,0
BRDA:913,313,1,0
BRDA:914,314,0,0
BRDA:914,314,1,0
BRDA:950,315,0,0
BRDA:950,315,1,0
BRDA:979,316,0,0
BRDA:979,316,1,0
BRDA:985,317,0,0
BRDA:985,317,1,0
BRDA:992,318,0,0
BRDA:992,318,1,2
BRDA:993,319,0,0
BRDA:993,319,1,2
BRDA:993,320,0,2
BRDA:993,320,1,0
BRDA:993,320,2,2
BRDA:993,320,3,0
BRDA:996,321,0,0
BRDA:996,321,1,2
BRDA:996,322,0,2
BRDA:996,322,1,0
BRDA:997,323,0,0
BRDA:997,323,1,2
BRDA:997,324,0,2
BRDA:997,324,1,0
BRDA:998,325,0,0
BRDA:998,325,1,2
BRDA:998,326,0,2
BRDA:998,326,1,0
BRDA:998,326,2,2
BRDA:998,326,3,0
BRDA:998,327,0,0
BRDA:998,327,1,0
BRDA:999,328,0,0
BRDA:999,328,1,0
BRDA:1000,329,0,0
BRDA:1000,329,1,0
BRDA:1002,330,0,2
BRDA:1002,330,1,0
BRDA:1003,331,0,2
BRDA:1003,331,1,0
BRDA:1004,332,0,0
BRDA:1004,332,1,2
BRDA:1004,333,0,2
BRDA:1004,333,1,0
BRDA:1005,334,0,0
BRDA:1005,334,1,2
BRDA:1005,335,0,2
BRDA:1005,335,1,0
BRDA:1006,336,0,0
BRDA:1006,336,1,2
BRDA:1006,337,0,2
BRDA:1006,337,1,0
BRDA:1006,337,2,2
BRDA:1006,337,3,0
BRDA:1007,338,0,0
BRDA:1007,338,1,2
BRDA:1007,339,0,2
BRDA:1007,339,1,2
BRDA:1007,339,2,0
BRDA:1007,340,0,2
BRDA:1007,340,1,0
BRDA:1008,341,0,0
BRDA:1008,341,1,2
BRDA:1008,342,0,2
BRDA:1008,342,1,2
BRDA:1008,342,2,0
BRDA:1008,343,0,2
BRDA:1008,343,1,0
BRDA:1009,344,0,2
BRDA:1009,344,1,0
BRDA:1010,345,0,2
BRDA:1010,345,1,0
BRDA:1011,346,0,1
BRDA:1011,346,1,1
BRDA:1011,347,0,2
BRDA:1011,347,1,1
BRDA:1011,347,2,1
BRDA:1011,347,3,1
BRDA:1011,347,4,1
BRDA:1024,348,0,0
BRDA:1024,348,1,2
BRDA:1028,349,0,1
BRDA:1028,349,1,6
BRDA:1034,350,0,1
BRDA:1034,350,1,0
BRDA:1036,351,0,2
BRDA:1036,351,1,2
BRDA:1041,352,0,1
BRDA:1041,352,1,1
BRDA:1042,353,0,0
BRDA:1042,353,1,1
BRDA:1042,354,0,1
BRDA:1042,354,1,1
BRDA:1047,355,0,1
BRDA:1047,355,1,0
BRDA:1053,356,0,3
BRDA:1053,356,1,1
BRDA:1067,357,0,0
BRDA:1067,357,1,4
BRDA:1069,358,0,0
BRDA:1069,358,1,4
BRDA:1071,359,0,0
BRDA:1071,359,1,4
BRDA:1072,360,0,2
BRDA:1072,360,1,2
BRDA:1079,361,0,0
BRDA:1079,361,1,4
BRDA:1081,362,0,4
BRDA:1081,362,1,4
BRDA:1081,363,0,4
BRDA:1081,363,1,0
BRDA:1086,364,0,0
BRDA:1086,364,1,0
BRDA:1087,365,0,0
BRDA:1087,365,1,0
BRDA:1088,366,0,0
BRDA:1088,366,1,0
BRDA:1090,367,0,0
BRDA:1090,367,1,0
BRDA:1098,368,0,0
BRDA:1098,368,1,0
BRDA:1098,369,0,0
BRDA:1098,369,1,0
BRDA:1098,369,2,0
BRDA:1108,370,0,0
BRDA:1108,370,1,2
BRDA:1173,371,0,8
BRDA:1173,371,1,0
BRDA:1177,372,0,8
BRDA:1177,372,1,0
BRDA:1178,373,0,7
BRDA:1178,373,1,1
BRDA:1181,374,0,8
BRDA:1181,374,1,8
BRDA:1182,375,0,8
BRDA:1182,375,1,8
BRDA:1183,376,0,8
BRDA:1183,376,1,8
BRDA:1184,377,0,8
BRDA:1184,377,1,8
BRDA:1187,378,0,0
BRDA:1187,378,1,8
BRDA:1187,379,0,8
BRDA:1187,379,1,0
BRDA:1198,380,0,0
BRDA:1198,380,1,4
BRDA:1199,381,0,4
BRDA:1199,381,1,0
BRDA:1200,382,0,0
BRDA:1200,382,1,0
BRDA:1201,383,0,0
BRDA:1201,383,1,4
BRDA:1201,384,0,4
BRDA:1201,384,1,0
BRDA:1202,385,0,4
BRDA:1202,385,1,0
BRDA:1203,386,0,1
BRDA:1203,386,1,3
BRDA:1204,387,0,2
BRDA:1204,387,1,2
BRDA:1204,388,0,4
BRDA:1204,388,1,2
BRDA:1204,389,0,4
BRDA:1204,389,1,0
BRDA:1206,390,0,1
BRDA:1206,390,1,3
BRDA:1207,391,0,0
BRDA:1207,391,1,3
BRDA:1208,392,0,0
BRDA:1208,392,1,3
BRDA:1208,393,0,3
BRDA:1208,393,1,1
BRDA:1212,394,0,1
BRDA:1212,394,1,3
BRDA:1212,395,0,4
BRDA:1212,395,1,1
BRDA:1222,396,0,2
BRDA:1222,396,1,0
BRDA:1223,397,0,0
BRDA:1223,397,1,2
BRDA:1224,398,0,0
BRDA:1224,398,1,2
BRDA:1224,399,0,2
BRDA:1224,399,1,0
BRDA:1225,400,0,0
BRDA:1225,400,1,2
BRDA:1226,401,0,0
BRDA:1226,401,1,2
BRDA:1238,402,0,0
BRDA:1238,402,1,1
BRDA:1251,403,0,14
BRDA:1251,403,1,0
BRDA:1251,404,0,14
BRDA:1251,404,1,13
BRDA:1253,405,0,2
BRDA:1253,405,1,12
BRDA:1256,406,0,2
BRDA:1256,406,1,12
BRDA:1256,407,0,14
BRDA:1256,407,1,12
BRDA:1256,407,2,12
BRDA:1259,408,0,14
BRDA:1259,408,1,11
BRDA:1261,409,0,13
BRDA:1261,409,1,1
BRDA:1262,410,0,1
BRDA:1262,410,1,12
BRDA:1264,411,0,3
BRDA:1264,411,1,9
BRDA:1266,412,0,0
BRDA:1266,412,1,9
BRDA:1266,413,0,9
BRDA:1266,413,1,9
BRDA:1292,414,0,56
BRDA:1292,414,1,54
BRDA:1293,415,0,4
BRDA:1293,415,1,24
BRDA:1298,416,0,0
BRDA:1298,416,1,0
BRDA:1300,417,0,0
BRDA:1300,417,1,0
BRDA:1303,418,0,0
BRDA:1303,418,1,0
BRDA:1314,419,0,136
BRDA:1314,419,1,136
BRDA:1315,420,0,3
BRDA:1315,420,1,65
BRDA:1320,421,0,0
BRDA:1320,421,1,4
BRDA:1326,422,0,1
BRDA:1326,422,1,7
BRDA:1327,423,0,1
BRDA:1327,423,1,7
BRDA:1328,424,0,1
BRDA:1328,424,1,7
BRDA:1334,425,0,0
BRDA:1334,425,1,8
BRDA:1336,426,0,0
BRDA:1336,426,1,0
BRDA:1340,427,0,0
BRDA:1340,427,1,4
BRDA:1344,428,0,0
BRDA:1344,428,1,4
BRDA:1345,429,0,0
BRDA:1345,429,1,0
BRDA:1349,430,0,8
BRDA:1349,430,1,8
BRDA:1352,431,0,8
BRDA:1352,431,1,0
BRDA:1353,432,0,0
BRDA:1353,432,1,4
BRDA:1371,433,0,0
BRDA:1371,433,1,15
BRDA:1371,434,0,15
BRDA:1371,434,1,15
BRDA:1390,435,0,0
BRDA:1390,435,1,1
BRDA:1390,436,0,1
BRDA:1390,436,1,1
BRDA:1392,437,0,0
BRDA:1392,437,1,1
BRDA:1394,438,0,0
BRDA:1394,438,1,1
BRDA:1396,439,0,1
BRDA:1396,439,1,0
BRDA:1402,440,0,0
BRDA:1402,440,1,0
BRDA:1402,440,2,0
BRDA:1402,440,3,0
BRDA:1402,440,4,0
BRDA:1402,440,5,0
BRDA:1440,441,0,0
BRDA:1440,441,1,0
BRDA:1441,442,0,0
BRDA:1441,442,1,0
BRDA:1442,443,0,0
BRDA:1442,443,1,0
BRDA:1457,444,0,0
BRDA:1457,444,1,0
BRDA:1463,445,0,0
BRDA:1463,445,1,0
BRDA:1465,446,0,0
BRDA:1465,446,1,0
BRDA:1468,447,0,0
BRDA:1468,447,1,0
BRDA:1473,448,0,0
BRDA:1473,448,1,0
BRDA:1477,449,0,0
BRDA:1477,449,1,0
BRDA:1478,450,0,0
BRDA:1478,450,1,0
BRDA:1479,451,0,0
BRDA:1479,451,1,0
BRDA:1481,452,0,0
BRDA:1481,452,1,0
BRDA:1482,453,0,0
BRDA:1482,453,1,0
BRDA:1493,454,0,0
BRDA:1493,454,1,0
BRDA:1495,455,0,0
BRDA:1495,455,1,0
BRDA:1495,455,2,0
BRDA:1502,456,0,0
BRDA:1502,456,1,0
BRDA:1503,457,0,0
BRDA:1503,457,1,0
BRDA:1504,458,0,0
BRDA:1504,458,1,0
BRDA:1507,459,0,0
BRDA:1507,459,1,0
BRDA:1508,460,0,0
BRDA:1508,460,1,0
BRDA:1515,461,0,0
BRDA:1515,461,1,0
BRDA:1525,462,0,0
BRDA:1525,462,1,0
BRDA:1526,463,0,0
BRDA:1526,463,1,0
BRDA:1527,464,0,0
BRDA:1527,464,1,0
BRDA:1527,465,0,0
BRDA:1527,465,1,0
BRDA:1528,466,0,0
BRDA:1528,466,1,0
BRDA:1529,467,0,0
BRDA:1529,467,1,0
BRDA:1529,468,0,0
BRDA:1529,468,1,0
BRDA:1540,469,0,0
BRDA:1541,470,0,0
BRDA:1541,471,0,0
BRDA:1554,472,0,0
BRDA:1554,472,1,0
BRDA:1555,473,0,0
BRDA:1555,473,1,0
BRDA:1564,474,0,0
BRDA:1564,474,1,0
BRDA:1565,475,0,0
BRDA:1565,475,1,0
BRDA:1573,476,0,0
BRDA:1573,476,1,0
BRDA:1574,477,0,0
BRDA:1574,477,1,0
BRDA:1576,478,0,0
BRDA:1576,478,1,0
BRDA:1576,479,0,0
BRDA:1576,479,1,0
BRDA:1576,479,2,0
BRDA:1576,479,3,0
BRDA:1585,480,0,0
BRDA:1585,480,1,0
BRDA:1587,481,0,0
BRDA:1587,481,1,0
BRDA:1587,482,0,0
BRDA:1587,482,1,0
BRDA:1589,483,0,0
BRDA:1589,483,1,0
BRDA:1590,484,0,0
BRDA:1590,484,1,0
BRDA:1596,485,0,0
BRDA:1596,485,1,0
BRDA:1602,486,0,0
BRDA:1602,486,1,0
BRDA:1650,487,0,0
BRDA:1650,487,1,0
BRDA:1656,488,0,0
BRDA:1656,488,1,0
BRDA:1656,489,0,0
BRDA:1656,489,1,0
BRDA:1657,490,0,0
BRDA:1657,490,1,0
BRDA:1659,491,0,0
BRDA:1659,491,1,0
BRDA:1680,492,0,0
BRDA:1680,492,1,0
BRDA:1681,493,0,0
BRDA:1681,493,1,0
BRDA:1683,494,0,0
BRDA:1683,494,1,0
BRDA:1694,495,0,0
BRDA:1694,495,1,0
BRDA:1697,496,0,0
BRDA:1697,496,1,0
BRDA:1698,497,0,0
BRDA:1698,497,1,0
BRDA:1699,498,0,0
BRDA:1699,498,1,0
BRDA:1699,499,0,0
BRDA:1699,499,1,0
BRDA:1705,500,0,0
BRDA:1705,500,1,0
BRDA:1706,501,0,0
BRDA:1706,501,1,0
BRDA:1708,502,0,0
BRDA:1708,502,1,0
BRDA:1720,503,0,2
BRDA:1720,503,1,0
BRDA:1721,504,0,0
BRDA:1721,504,1,2
BRDA:1721,505,0,2
BRDA:1721,505,1,2
BRDA:1735,506,0,0
BRDA:1737,507,0,0
BRDA:1738,508,0,0
BRDA:1741,509,0,0
BRDA:1741,509,1,0
BRDA:1741,510,0,0
BRDA:1741,510,1,0
BRDA:1744,511,0,0
BRDA:1744,511,1,0
BRDA:1746,512,0,0
BRDA:1746,512,1,0
BRDA:1751,513,0,0
BRDA:1751,513,1,0
BRDA:1758,514,0,0
BRDA:1758,514,1,0
BRDA:1759,515,0,0
BRDA:1759,515,1,0
BRDA:1759,515,2,0
BRDA:1767,516,0,0
BRDA:1767,516,1,0
BRDA:1791,517,0,0
BRDA:1791,517,1,0
BRDA:1795,518,0,0
BRDA:1795,518,1,0
BRDA:1795,519,0,0
BRDA:1795,519,1,0
BRDA:1796,520,0,0
BRDA:1796,520,1,0
BRDA:1797,521,0,0
BRDA:1797,521,1,0
BRDA:1833,522,0,0
BRDA:1833,522,1,0
BRDA:1839,523,0,0
BRDA:1839,523,1,0
BRDA:1853,524,0,0
BRDA:1853,524,1,0
BRDA:1859,525,0,0
BRDA:1859,525,1,0
BRDA:1876,526,0,0
BRDA:1876,526,1,0
BRDA:1878,527,0,0
BRDA:1878,527,1,0
BRDA:1895,528,0,0
BRDA:1895,528,1,7
BRDA:1903,529,0,13
BRDA:1903,529,1,10
BRDA:1917,530,0,1
BRDA:1917,530,1,4
BRDA:1923,531,0,1
BRDA:1923,531,1,0
BRDA:1927,532,0,0
BRDA:1927,532,1,2
BRDA:1929,533,0,0
BRDA:1929,533,1,1
BRDA:1936,534,0,1
BRDA:1936,534,1,0
BRDA:1943,535,0,1
BRDA:1943,535,1,1
BRDA:1959,536,0,0
BRDA:1961,537,0,1
BRDA:1962,538,0,0
BRDA:1963,539,0,1
BRDA:1973,540,0,0
BRDA:1973,540,1,2
BRDA:1976,541,0,0
BRDA:1976,541,1,2
BRDA:1977,542,0,1
BRDA:1977,542,1,1
BRDA:1985,543,0,0
BRDA:1985,543,1,1
BRDA:1989,544,0,0
BRDA:1989,544,1,1
BRDA:1989,545,0,1
BRDA:1989,545,1,1
BRDA:1990,546,0,0
BRDA:1990,546,1,1
BRDA:1995,547,0,0
BRDA:1995,547,1,1
BRDA:2019,548,0,1
BRDA:2019,548,1,0
BRDA:2021,549,0,1
BRDA:2021,549,1,0
BRDA:2022,550,0,1
BRDA:2022,550,1,0
BRDA:2033,551,0,1
BRDA:2033,551,1,0
BRDA:2034,552,0,1
BRDA:2034,552,1,0
BRDA:2040,553,0,1
BRDA:2040,553,1,0
BRDA:2056,554,0,1
BRDA:2056,554,1,0
BRDA:2060,555,0,0
BRDA:2060,555,1,0
BRDA:2060,556,0,0
BRDA:2060,556,1,0
BRDA:2061,557,0,0
BRDA:2061,557,1,0
BRDA:2062,558,0,0
BRDA:2062,558,1,0
BRDA:2089,559,0,0
BRDA:2090,560,0,0
BRDA:2090,560,1,0
BRDA:2090,561,0,0
BRDA:2090,561,1,0
BRDA:2095,562,0,0
BRDA:2095,562,1,0
BRDA:2097,563,0,0
BRDA:2097,563,1,0
BRDA:2118,564,0,0
BRDA:2118,564,1,0
BRDA:2125,565,0,0
BRDA:2125,565,1,0
BRDA:2126,566,0,0
BRDA:2126,566,1,0
BRDA:2129,567,0,0
BRDA:2129,567,1,0
BRDA:2135,568,0,0
BRDA:2135,568,1,0
BRDA:2136,569,0,0
BRDA:2136,569,1,0
BRDA:2138,570,0,0
BRDA:2138,570,1,0
BRDA:2147,571,0,0
BRDA:2147,571,1,0
BRDA:2147,571,2,0
BRDA:2159,572,0,0
BRDA:2159,572,1,0
BRDA:2165,573,0,0
BRDA:2165,573,1,0
BRDA:2182,574,0,0
BRDA:2182,574,1,0
BRDA:2186,575,0,0
BRDA:2186,575,1,0
BRDA:2186,576,0,0
BRDA:2186,576,1,0
BRDA:2187,577,0,0
BRDA:2187,577,1,0
BRDA:2188,578,0,0
BRDA:2188,578,1,0
BRDA:2212,579,0,0
BRDA:2212,579,1,0
BRDA:2246,580,0,0
BRDA:2247,581,0,2
BRDA:2247,582,0,3
BRDA:2247,582,1,0
BRDA:2254,583,0,1
BRDA:2254,583,1,2
BRDA:2256,584,0,1
BRDA:2256,584,1,1
BRDA:2258,585,0,1
BRDA:2258,585,1,0
BRDA:2261,586,0,0
BRDA:2261,586,1,0
BRDA:2268,587,0,1
BRDA:2268,587,1,1
BRDA:2271,588,0,0
BRDA:2271,588,1,1
BRDA:2271,589,0,1
BRDA:2271,589,1,1
BRDA:2296,590,0,1
BRDA:2296,590,1,1
BRDA:2308,591,0,0
BRDA:2308,591,1,0
BRDA:2308,592,0,0
BRDA:2308,592,1,0
BRF:1224
BRH:566
end_of_record
TN:
SF:src\templates\authEmails.js
FN:11,wrapHtml
FN:36,verificationEmail
FN:48,passwordResetEmail
FNF:3
FNH:3
FNDA:6,wrapHtml
FNDA:4,verificationEmail
FNDA:2,passwordResetEmail
DA:6,2
DA:7,2
DA:8,2
DA:9,2
DA:12,6
DA:37,4
DA:44,4
DA:45,4
DA:49,2
DA:56,2
DA:57,2
DA:60,2
LF:12
LH:12
BRF:0
BRH:0
end_of_record
TN:
SF:src\utils\corsConfig.js
FN:12,parseCsv
FN:15,(anonymous_1)
FN:19,getAllowedOrigins
FN:24,isOriginAllowed
FNF:4
FNH:4
FNDA:6,parseCsv
FNDA:8,(anonymous_1)
FNDA:6,getAllowedOrigins
FNDA:5,isOriginAllowed
DA:1,1
DA:13,6
DA:15,8
DA:20,6
DA:21,6
DA:25,5
DA:26,5
DA:29,1
LF:8
LH:8
BRDA:13,0,0,6
BRDA:13,0,1,4
BRDA:19,1,0,0
BRDA:24,2,0,0
BRDA:25,3,0,0
BRDA:25,3,1,5
BRF:6
BRH:3
end_of_record
TN:
SF:src\utils\devDiscountEnvironment.js
FN:7,isDevDiscountEnvironment
FNF:1
FNH:0
FNDA:0,isDevDiscountEnvironment
DA:8,0
DA:9,0
DA:10,0
DA:11,0
DA:14,1
LF:5
LH:1
BRDA:8,0,0,0
BRDA:8,0,1,0
BRDA:9,1,0,0
BRDA:9,1,1,0
BRDA:9,2,0,0
BRDA:9,2,1,0
BRDA:9,2,2,0
BRDA:10,3,0,0
BRDA:10,3,1,0
BRF:9
BRH:0
end_of_record
TN:
SF:src\utils\helpers.js
FN:8,getConsentSnapshot
FN:37,transformPlayground
FN:67,(anonymous_2)
FN:79,(anonymous_3)
FN:85,(anonymous_4)
FNF:5
FNH:4
FNDA:0,getConsentSnapshot
FNDA:8,transformPlayground
FNDA:7,(anonymous_2)
FNDA:7,(anonymous_3)
FNDA:1,(anonymous_4)
DA:3,2
DA:9,0
DA:10,0
DA:11,0
DA:21,0
DA:38,8
DA:39,8
DA:40,8
DA:43,8
DA:45,8
DA:47,8
DA:48,0
DA:49,0
DA:50,0
DA:52,8
DA:53,8
DA:54,8
DA:55,8
DA:57,8
DA:58,8
DA:61,8
DA:62,1
DA:63,1
DA:66,8
DA:67,5
DA:68,7
DA:69,7
DA:70,2
DA:71,1
DA:72,1
DA:74,5
DA:75,2
DA:77,3
DA:78,3
DA:79,7
DA:81,3
DA:84,8
DA:85,1
DA:86,1
DA:87,1
DA:95,8
DA:96,8
DA:97,8
DA:98,8
DA:99,1
DA:100,7
DA:101,0
DA:103,7
DA:106,8
DA:109,2
LF:50
LH:42
BRDA:23,0,0,0
BRDA:23,0,1,0
BRDA:24,1,0,0
BRDA:24,1,1,0
BRDA:25,2,0,0
BRDA:25,2,1,0
BRDA:25,3,0,0
BRDA:25,3,1,0
BRDA:26,4,0,0
BRDA:26,4,1,0
BRDA:27,5,0,0
BRDA:27,5,1,0
BRDA:28,6,0,0
BRDA:28,6,1,0
BRDA:28,7,0,0
BRDA:28,7,1,0
BRDA:38,8,0,8
BRDA:38,8,1,1
BRDA:40,9,0,7
BRDA:40,9,1,1
BRDA:40,10,0,8
BRDA:40,10,1,7
BRDA:40,10,2,7
BRDA:47,11,0,0
BRDA:47,11,1,8
BRDA:47,12,0,8
BRDA:47,12,1,0
BRDA:49,13,0,0
BRDA:49,13,1,0
BRDA:50,14,0,0
BRDA:50,14,1,0
BRDA:52,15,0,8
BRDA:52,15,1,8
BRDA:53,16,0,8
BRDA:53,16,1,8
BRDA:54,17,0,8
BRDA:54,17,1,8
BRDA:57,18,0,8
BRDA:57,18,1,0
BRDA:61,19,0,1
BRDA:61,19,1,7
BRDA:61,20,0,8
BRDA:61,20,1,1
BRDA:66,21,0,5
BRDA:66,21,1,3
BRDA:68,22,0,0
BRDA:68,22,1,7
BRDA:69,23,0,2
BRDA:69,23,1,5
BRDA:70,24,0,1
BRDA:70,24,1,1
BRDA:74,25,0,2
BRDA:74,25,1,3
BRDA:74,26,0,5
BRDA:74,26,1,4
BRDA:77,27,0,1
BRDA:77,27,1,2
BRDA:79,28,0,7
BRDA:79,28,1,6
BRDA:84,29,0,1
BRDA:84,29,1,7
BRDA:84,30,0,8
BRDA:84,30,1,1
BRDA:86,31,0,1
BRDA:86,31,1,0
BRDA:89,32,0,1
BRDA:89,32,1,0
BRDA:98,33,0,1
BRDA:98,33,1,7
BRDA:98,34,0,8
BRDA:98,34,1,8
BRDA:100,35,0,0
BRDA:100,35,1,7
BRDA:100,36,0,7
BRDA:100,36,1,0
BRF:75
BRH:47
end_of_record
TN:
SF:src\utils\inferDemoCreative.js
FN:6,inferDemoCampaign
FNF:1
FNH:1
FNDA:4,inferDemoCampaign
DA:7,4
DA:8,4
DA:9,4
DA:10,4
DA:11,4
DA:12,4
DA:13,4
DA:14,4
DA:16,4
DA:17,4
DA:20,2
LF:11
LH:11
BRDA:7,0,0,0
BRDA:7,0,1,4
BRDA:8,1,0,0
BRDA:8,1,1,4
BRDA:9,2,0,4
BRDA:9,2,1,0
BRDA:10,3,0,4
BRDA:10,3,1,0
BRDA:11,4,0,0
BRDA:11,4,1,4
BRDA:12,5,0,0
BRDA:12,5,1,4
BRDA:13,6,0,0
BRDA:13,6,1,4
BRDA:13,7,0,4
BRDA:13,7,1,4
BRDA:13,7,2,4
BRDA:14,8,0,0
BRDA:14,8,1,4
BRDA:16,9,0,0
BRDA:16,9,1,4
BRDA:16,10,0,4
BRDA:16,10,1,0
BRDA:16,10,2,0
BRF:24
BRH:13
end_of_record
TN:
SF:src\utils\passwordPolicy.js
FN:6,validatePasswordStrength
FNF:1
FNH:1
FNDA:13,validatePasswordStrength
DA:7,13
DA:8,2
DA:10,11
DA:11,2
DA:13,9
DA:14,1
DA:16,8
DA:17,1
DA:19,7
DA:20,1
DA:22,6
DA:23,1
DA:25,5
DA:26,1
DA:28,4
DA:31,2
LF:16
LH:16
BRDA:7,0,0,2
BRDA:7,0,1,11
BRDA:7,1,0,13
BRDA:7,1,1,12
BRDA:10,2,0,2
BRDA:10,2,1,9
BRDA:13,3,0,1
BRDA:13,3,1,8
BRDA:16,4,0,1
BRDA:16,4,1,7
BRDA:19,5,0,1
BRDA:19,5,1,6
BRDA:22,6,0,1
BRDA:22,6,1,5
BRDA:25,7,0,1
BRDA:25,7,1,4
BRF:16
BRH:16
end_of_record
TN:
SF:src\utils\playgroundIdFilter.js
FN:6,resolvePlaygroundIdFilter
FN:29,collectSubsumedPlaygroundIdsForRegion
FNF:2
FNH:2
FNDA:11,resolvePlaygroundIdFilter
FNDA:2,collectSubsumedPlaygroundIdsForRegion
DA:1,6
DA:7,11
DA:8,2
DA:10,9
DA:11,9
DA:12,1
DA:13,1
DA:15,0
DA:18,8
DA:30,2
DA:31,1
DA:41,1
DA:42,1
DA:43,1
DA:44,3
DA:45,5
DA:46,5
DA:47,4
DA:48,4
DA:49,3
DA:50,3
DA:53,1
DA:56,6
LF:23
LH:22
BRDA:7,0,0,2
BRDA:7,0,1,9
BRDA:7,1,0,11
BRDA:7,1,1,10
BRDA:11,2,0,1
BRDA:11,2,1,8
BRDA:30,3,0,1
BRDA:30,3,1,1
BRDA:44,4,0,3
BRDA:44,4,1,1
BRDA:46,5,0,1
BRDA:46,5,1,4
BRDA:48,6,0,1
BRDA:48,6,1,3
BRF:14
BRH:14
end_of_record
TN:
SF:src\utils\regionKeyForAds.js
FN:7,canonicalRegionKeyForAds
FN:21,regionKeyCandidates
FNF:2
FNH:2
FNDA:23,canonicalRegionKeyForAds
FNDA:14,regionKeyCandidates
DA:8,23
DA:9,23
DA:10,21
DA:22,14
DA:23,14
DA:24,13
DA:25,13
DA:26,13
DA:27,13
DA:28,13
DA:31,5
LF:11
LH:11
BRDA:8,0,0,23
BRDA:8,0,1,1
BRDA:9,1,0,2
BRDA:9,1,1,21
BRDA:22,2,0,14
BRDA:22,2,1,0
BRDA:23,3,0,1
BRDA:23,3,1,13
BRF:8
BRH:7
end_of_record
