TN:
SF:src\database.js
FN:14,(anonymous_0)
FN:37,(anonymous_1)
FNF:2
FNH:0
FNDA:0,(anonymous_0)
FNDA:0,(anonymous_1)
DA:1,0
DA:2,0
DA:4,0
DA:5,0
DA:7,0
DA:8,0
DA:11,0
DA:13,0
DA:15,0
DA:16,0
DA:17,0
DA:21,0
DA:23,0
DA:29,0
DA:30,0
DA:32,0
DA:33,0
DA:38,0
LF:18
LH:0
BRDA:7,0,0,0
BRDA:7,0,1,0
BRF:2
BRH:0
end_of_record
TN:
SF:src\resolveMongoDbName.js
FN:11,resolveMongoDbName
FNF:1
FNH:0
FNDA:0,resolveMongoDbName
DA:12,0
DA:13,0
DA:14,0
DA:17,0
DA:18,0
DA:19,0
DA:21,0
DA:22,0
DA:25,0
DA:28,0
LF:10
LH:0
BRDA:12,0,0,0
BRDA:12,0,1,0
BRDA:13,1,0,0
BRDA:13,1,1,0
BRDA:17,2,0,0
BRDA:17,2,1,0
BRDA:18,3,0,0
BRDA:18,3,1,0
BRDA:19,4,0,0
BRDA:19,4,1,0
BRDA:21,5,0,0
BRDA:21,5,1,0
BRDA:22,6,0,0
BRDA:22,6,1,0
BRF:14
BRH:0
end_of_record
TN:
SF:src\middleware\adRateLimiter.js
FNF:0
FNH:0
DA:1,0
DA:3,0
DA:11,0
DA:19,0
LF:4
LH:0
BRF:0
BRH:0
end_of_record
TN:
SF:src\routes\adAdminRoutes.js
FN:16,(anonymous_0)
FN:27,(anonymous_1)
FN:39,(anonymous_2)
FN:43,(anonymous_3)
FN:45,(anonymous_4)
FN:64,(anonymous_5)
FN:88,(anonymous_6)
FN:175,(anonymous_7)
FN:243,(anonymous_8)
FN:278,(anonymous_9)
FN:283,(anonymous_10)
FN:299,(anonymous_11)
FN:317,(anonymous_12)
FN:373,(anonymous_13)
FN:380,(anonymous_14)
FN:384,(anonymous_15)
FN:406,(anonymous_16)
FN:426,(anonymous_17)
FN:443,(anonymous_18)
FN:444,(anonymous_19)
FN:463,(anonymous_20)
FN:483,(anonymous_21)
FN:525,(anonymous_22)
FNF:23
FNH:0
FNDA:0,(anonymous_0)
FNDA:0,(anonymous_1)
FNDA:0,(anonymous_2)
FNDA:0,(anonymous_3)
FNDA:0,(anonymous_4)
FNDA:0,(anonymous_5)
FNDA:0,(anonymous_6)
FNDA:0,(anonymous_7)
FNDA:0,(anonymous_8)
FNDA:0,(anonymous_9)
FNDA:0,(anonymous_10)
FNDA:0,(anonymous_11)
FNDA:0,(anonymous_12)
FNDA:0,(anonymous_13)
FNDA:0,(anonymous_14)
FNDA:0,(anonymous_15)
FNDA:0,(anonymous_16)
FNDA:0,(anonymous_17)
FNDA:0,(anonymous_18)
FNDA:0,(anonymous_19)
FNDA:0,(anonymous_20)
FNDA:0,(anonymous_21)
FNDA:0,(anonymous_22)
DA:1,0
DA:2,0
DA:3,0
DA:4,0
DA:5,0
DA:6,0
DA:7,0
DA:8,0
DA:9,0
DA:10,0
DA:13,0
DA:16,0
DA:17,0
DA:18,0
DA:19,0
DA:21,0
DA:27,0
DA:28,0
DA:32,0
DA:33,0
DA:34,0
DA:35,0
DA:36,0
DA:39,0
DA:40,0
DA:43,0
DA:45,0
DA:46,0
DA:47,0
DA:48,0
DA:49,0
DA:50,0
DA:57,0
DA:59,0
DA:64,0
DA:65,0
DA:66,0
DA:67,0
DA:68,0
DA:70,0
DA:71,0
DA:74,0
DA:78,0
DA:83,0
DA:88,0
DA:89,0
DA:90,0
DA:91,0
DA:93,0
DA:94,0
DA:97,0
DA:98,0
DA:100,0
DA:102,0
DA:103,0
DA:107,0
DA:109,0
DA:115,0
DA:116,0
DA:117,0
DA:118,0
DA:122,0
DA:128,0
DA:129,0
DA:135,0
DA:138,0
DA:143,0
DA:144,0
DA:145,0
DA:146,0
DA:147,0
DA:148,0
DA:151,0
DA:152,0
DA:156,0
DA:162,0
DA:164,0
DA:170,0
DA:175,0
DA:176,0
DA:177,0
DA:178,0
DA:179,0
DA:180,0
DA:183,0
DA:184,0
DA:186,0
DA:187,0
DA:190,0
DA:192,0
DA:193,0
DA:194,0
DA:196,0
DA:197,0
DA:199,0
DA:200,0
DA:201,0
DA:207,0
DA:220,0
DA:225,0
DA:227,0
DA:229,0
DA:234,0
DA:243,0
DA:244,0
DA:245,0
DA:246,0
DA:247,0
DA:248,0
DA:253,0
DA:254,0
DA:256,0
DA:257,0
DA:263,0
DA:264,0
DA:265,0
DA:266,0
DA:269,0
DA:271,0
DA:273,0
DA:278,0
DA:279,0
DA:280,0
DA:281,0
DA:283,0
DA:292,0
DA:294,0
DA:299,0
DA:300,0
DA:301,0
DA:302,0
DA:304,0
DA:305,0
DA:308,0
DA:310,0
DA:312,0
DA:317,0
DA:318,0
DA:319,0
DA:320,0
DA:322,0
DA:324,0
DA:325,0
DA:329,0
DA:331,0
DA:332,0
DA:335,0
DA:364,0
DA:366,0
DA:373,0
DA:374,0
DA:375,0
DA:376,0
DA:379,0
DA:380,0
DA:383,0
DA:384,0
DA:388,0
DA:391,0
DA:392,0
DA:393,0
DA:396,0
DA:397,0
DA:399,0
DA:401,0
DA:406,0
DA:407,0
DA:408,0
DA:409,0
DA:410,0
DA:419,0
DA:420,0
DA:421,0
DA:426,0
DA:427,0
DA:428,0
DA:429,0
DA:430,0
DA:431,0
DA:432,0
DA:433,0
DA:434,0
DA:437,0
DA:441,0
DA:442,0
DA:443,0
DA:444,0
DA:445,0
DA:448,0
DA:458,0
DA:463,0
DA:464,0
DA:465,0
DA:466,0
DA:467,0
DA:476,0
DA:477,0
DA:478,0
DA:483,0
DA:484,0
DA:485,0
DA:486,0
DA:518,0
DA:520,0
DA:525,0
DA:526,0
DA:527,0
DA:528,0
DA:529,0
DA:539,0
DA:543,0
LF:211
LH:0
BRDA:19,0,0,0
BRDA:19,0,1,0
BRDA:35,1,0,0
BRDA:35,1,1,0
BRDA:40,2,0,0
BRDA:40,2,1,0
BRDA:46,3,0,0
BRDA:46,3,1,0
BRDA:47,4,0,0
BRDA:47,4,1,0
BRDA:47,5,0,0
BRDA:47,5,1,0
BRDA:48,6,0,0
BRDA:48,6,1,0
BRDA:48,7,0,0
BRDA:48,7,1,0
BRDA:49,8,0,0
BRDA:49,8,1,0
BRDA:49,8,2,0
BRDA:53,9,0,0
BRDA:53,9,1,0
BRDA:68,10,0,0
BRDA:68,10,1,0
BRDA:71,11,0,0
BRDA:71,11,1,0
BRDA:93,12,0,0
BRDA:93,12,1,0
BRDA:93,13,0,0
BRDA:93,13,1,0
BRDA:98,14,0,0
BRDA:98,14,1,0
BRDA:102,15,0,0
BRDA:102,15,1,0
BRDA:107,16,0,0
BRDA:107,16,1,0
BRDA:116,17,0,0
BRDA:116,17,1,0
BRDA:118,18,0,0
BRDA:118,18,1,0
BRDA:128,19,0,0
BRDA:128,19,1,0
BRDA:140,20,0,0
BRDA:140,20,1,0
BRDA:145,21,0,0
BRDA:145,21,1,0
BRDA:145,22,0,0
BRDA:145,22,1,0
BRDA:146,23,0,0
BRDA:146,23,1,0
BRDA:147,24,0,0
BRDA:147,24,1,0
BRDA:148,25,0,0
BRDA:148,25,1,0
BRDA:151,26,0,0
BRDA:151,26,1,0
BRDA:162,27,0,0
BRDA:162,27,1,0
BRDA:178,28,0,0
BRDA:178,28,1,0
BRDA:179,29,0,0
BRDA:179,29,1,0
BRDA:179,30,0,0
BRDA:179,30,1,0
BRDA:184,31,0,0
BRDA:184,31,1,0
BRDA:186,32,0,0
BRDA:186,32,1,0
BRDA:192,33,0,0
BRDA:192,33,1,0
BRDA:193,34,0,0
BRDA:193,34,1,0
BRDA:246,35,0,0
BRDA:246,35,1,0
BRDA:247,36,0,0
BRDA:247,36,1,0
BRDA:247,37,0,0
BRDA:247,37,1,0
BRDA:254,38,0,0
BRDA:254,38,1,0
BRDA:263,39,0,0
BRDA:263,39,1,0
BRDA:264,40,0,0
BRDA:264,40,1,0
BRDA:265,41,0,0
BRDA:265,41,1,0
BRDA:265,42,0,0
BRDA:265,42,1,0
BRDA:285,43,0,0
BRDA:285,43,1,0
BRDA:286,44,0,0
BRDA:286,44,1,0
BRDA:287,45,0,0
BRDA:287,45,1,0
BRDA:288,46,0,0
BRDA:288,46,1,0
BRDA:289,47,0,0
BRDA:289,47,1,0
BRDA:304,48,0,0
BRDA:304,48,1,0
BRDA:304,49,0,0
BRDA:304,49,1,0
BRDA:324,50,0,0
BRDA:324,50,1,0
BRDA:324,51,0,0
BRDA:324,51,1,0
BRDA:383,52,0,0
BRDA:383,52,1,0
BRDA:409,53,0,0
BRDA:409,53,1,0
BRDA:419,54,0,0
BRDA:419,54,1,0
BRDA:420,55,0,0
BRDA:420,55,1,0
BRDA:431,56,0,0
BRDA:431,56,1,0
BRDA:433,57,0,0
BRDA:433,57,1,0
BRDA:442,58,0,0
BRDA:442,58,1,0
BRDA:476,59,0,0
BRDA:476,59,1,0
BRDA:477,60,0,0
BRDA:477,60,1,0
BRDA:532,61,0,0
BRDA:532,61,1,0
BRDA:533,62,0,0
BRDA:533,62,1,0
BRDA:534,63,0,0
BRDA:534,63,1,0
BRDA:535,64,0,0
BRDA:535,64,1,0
BRF:131
BRH:0
end_of_record
TN:
SF:src\routes\adAnalyticsRoutes.js
FN:9,(anonymous_0)
FN:20,(anonymous_1)
FN:24,(anonymous_2)
FN:26,(anonymous_3)
FN:34,(anonymous_4)
FN:37,(anonymous_5)
FN:38,(anonymous_6)
FN:39,(anonymous_7)
FN:67,(anonymous_8)
FN:90,(anonymous_9)
FN:91,(anonymous_10)
FN:93,(anonymous_11)
FNF:12
FNH:0
FNDA:0,(anonymous_0)
FNDA:0,(anonymous_1)
FNDA:0,(anonymous_2)
FNDA:0,(anonymous_3)
FNDA:0,(anonymous_4)
FNDA:0,(anonymous_5)
FNDA:0,(anonymous_6)
FNDA:0,(anonymous_7)
FNDA:0,(anonymous_8)
FNDA:0,(anonymous_9)
FNDA:0,(anonymous_10)
FNDA:0,(anonymous_11)
DA:1,0
DA:2,0
DA:3,0
DA:4,0
DA:5,0
DA:6,0
DA:9,0
DA:10,0
DA:11,0
DA:12,0
DA:13,0
DA:15,0
DA:20,0
DA:21,0
DA:24,0
DA:26,0
DA:27,0
DA:30,0
DA:32,0
DA:34,0
DA:35,0
DA:36,0
DA:37,0
DA:38,0
DA:39,0
DA:40,0
DA:60,0
DA:62,0
DA:67,0
DA:68,0
DA:69,0
DA:70,0
DA:71,0
DA:73,0
DA:74,0
DA:75,0
DA:78,0
DA:79,0
DA:80,0
DA:83,0
DA:89,0
DA:90,0
DA:91,0
DA:92,0
DA:93,0
DA:95,0
DA:99,0
DA:121,0
DA:123,0
DA:127,0
LF:50
LH:0
BRDA:13,0,0,0
BRDA:13,0,1,0
BRDA:21,1,0,0
BRDA:21,1,1,0
BRDA:27,2,0,0
BRDA:27,2,1,0
BRDA:27,3,0,0
BRDA:27,3,1,0
BRDA:35,4,0,0
BRDA:35,4,1,0
BRDA:36,5,0,0
BRDA:36,5,1,0
BRDA:36,6,0,0
BRDA:36,6,1,0
BRDA:39,7,0,0
BRDA:39,7,1,0
BRDA:42,8,0,0
BRDA:42,8,1,0
BRDA:43,9,0,0
BRDA:43,9,1,0
BRDA:44,10,0,0
BRDA:44,10,1,0
BRDA:45,11,0,0
BRDA:45,11,1,0
BRDA:46,12,0,0
BRDA:46,12,1,0
BRDA:47,13,0,0
BRDA:47,13,1,0
BRDA:48,14,0,0
BRDA:48,14,1,0
BRDA:49,15,0,0
BRDA:49,15,1,0
BRDA:50,16,0,0
BRDA:50,16,1,0
BRDA:53,17,0,0
BRDA:53,17,1,0
BRDA:54,18,0,0
BRDA:54,18,1,0
BRDA:55,19,0,0
BRDA:55,19,1,0
BRDA:56,20,0,0
BRDA:56,20,1,0
BRDA:70,21,0,0
BRDA:70,21,1,0
BRDA:75,22,0,0
BRDA:75,22,1,0
BRDA:79,23,0,0
BRDA:79,23,1,0
BRDA:79,24,0,0
BRDA:79,24,1,0
BRDA:89,25,0,0
BRDA:89,25,1,0
BRDA:89,26,0,0
BRDA:89,26,1,0
BRDA:93,27,0,0
BRDA:93,27,1,0
BRDA:95,28,0,0
BRDA:95,28,1,0
BRDA:102,29,0,0
BRDA:102,29,1,0
BRDA:103,30,0,0
BRDA:103,30,1,0
BRDA:104,31,0,0
BRDA:104,31,1,0
BRDA:107,32,0,0
BRDA:107,32,1,0
BRDA:108,33,0,0
BRDA:108,33,1,0
BRDA:109,34,0,0
BRDA:109,34,1,0
BRDA:111,35,0,0
BRDA:111,35,1,0
BRDA:112,36,0,0
BRDA:112,36,1,0
BRDA:113,37,0,0
BRDA:113,37,1,0
BRDA:114,38,0,0
BRDA:114,38,1,0
BRDA:115,39,0,0
BRDA:115,39,1,0
BRDA:116,40,0,0
BRDA:116,40,1,0
BRF:82
BRH:0
end_of_record
TN:
SF:src\routes\adDiscountRoutes.js
FN:10,(anonymous_0)
FN:78,(anonymous_1)
FN:93,(anonymous_2)
FN:172,(anonymous_3)
FN:199,(anonymous_4)
FN:224,(anonymous_5)
FNF:6
FNH:0
FNDA:0,(anonymous_0)
FNDA:0,(anonymous_1)
FNDA:0,(anonymous_2)
FNDA:0,(anonymous_3)
FNDA:0,(anonymous_4)
FNDA:0,(anonymous_5)
DA:1,0
DA:2,0
DA:3,0
DA:4,0
DA:5,0
DA:10,0
DA:11,0
DA:12,0
DA:13,0
DA:16,0
DA:17,0
DA:20,0
DA:21,0
DA:24,0
DA:25,0
DA:28,0
DA:29,0
DA:31,0
DA:32,0
DA:35,0
DA:36,0
DA:40,0
DA:45,0
DA:46,0
DA:49,0
DA:50,0
DA:63,0
DA:64,0
DA:66,0
DA:69,0
DA:70,0
DA:72,0
DA:78,0
DA:79,0
DA:80,0
DA:81,0
DA:86,0
DA:88,0
DA:93,0
DA:94,0
DA:95,0
DA:96,0
DA:98,0
DA:99,0
DA:102,0
DA:103,0
DA:105,0
DA:106,0
DA:107,0
DA:109,0
DA:112,0
DA:113,0
DA:114,0
DA:115,0
DA:117,0
DA:120,0
DA:121,0
DA:122,0
DA:123,0
DA:125,0
DA:129,0
DA:130,0
DA:131,0
DA:132,0
DA:134,0
DA:135,0
DA:136,0
DA:137,0
DA:141,0
DA:142,0
DA:145,0
DA:146,0
DA:149,0
DA:150,0
DA:153,0
DA:155,0
DA:161,0
DA:162,0
DA:165,0
DA:167,0
DA:172,0
DA:173,0
DA:174,0
DA:175,0
DA:177,0
DA:178,0
DA:181,0
DA:182,0
DA:188,0
DA:189,0
DA:192,0
DA:194,0
DA:199,0
DA:200,0
DA:201,0
DA:202,0
DA:204,0
DA:205,0
DA:208,0
DA:213,0
DA:215,0
DA:221,0
DA:224,0
DA:225,0
DA:226,0
DA:227,0
DA:229,0
DA:230,0
DA:232,0
DA:233,0
DA:237,0
DA:242,0
DA:243,0
DA:246,0
DA:247,0
DA:250,0
DA:251,0
DA:252,0
DA:255,0
DA:256,0
DA:260,0
DA:264,0
DA:265,0
DA:268,0
DA:269,0
DA:271,0
DA:280,0
DA:284,0
LF:128
LH:0
BRDA:16,0,0,0
BRDA:16,0,1,0
BRDA:16,1,0,0
BRDA:16,1,1,0
BRDA:16,1,2,0
BRDA:20,2,0,0
BRDA:20,2,1,0
BRDA:20,3,0,0
BRDA:20,3,1,0
BRDA:20,3,2,0
BRDA:20,3,3,0
BRDA:24,4,0,0
BRDA:24,4,1,0
BRDA:24,5,0,0
BRDA:24,5,1,0
BRDA:31,6,0,0
BRDA:31,6,1,0
BRDA:31,7,0,0
BRDA:31,7,1,0
BRDA:35,8,0,0
BRDA:35,8,1,0
BRDA:45,9,0,0
BRDA:45,9,1,0
BRDA:55,10,0,0
BRDA:55,10,1,0
BRDA:55,11,0,0
BRDA:55,11,1,0
BRDA:69,12,0,0
BRDA:69,12,1,0
BRDA:98,13,0,0
BRDA:98,13,1,0
BRDA:105,14,0,0
BRDA:105,14,1,0
BRDA:106,15,0,0
BRDA:106,15,1,0
BRDA:106,16,0,0
BRDA:106,16,1,0
BRDA:112,17,0,0
BRDA:112,17,1,0
BRDA:114,18,0,0
BRDA:114,18,1,0
BRDA:120,19,0,0
BRDA:120,19,1,0
BRDA:122,20,0,0
BRDA:122,20,1,0
BRDA:129,21,0,0
BRDA:129,21,1,0
BRDA:129,22,0,0
BRDA:129,22,1,0
BRDA:131,23,0,0
BRDA:131,23,1,0
BRDA:134,24,0,0
BRDA:134,24,1,0
BRDA:135,25,0,0
BRDA:135,25,1,0
BRDA:136,26,0,0
BRDA:136,26,1,0
BRDA:141,27,0,0
BRDA:141,27,1,0
BRDA:142,28,0,0
BRDA:142,28,1,0
BRDA:145,29,0,0
BRDA:145,29,1,0
BRDA:149,30,0,0
BRDA:149,30,1,0
BRDA:161,31,0,0
BRDA:161,31,1,0
BRDA:177,32,0,0
BRDA:177,32,1,0
BRDA:188,33,0,0
BRDA:188,33,1,0
BRDA:204,34,0,0
BRDA:204,34,1,0
BRDA:229,35,0,0
BRDA:229,35,1,0
BRDA:229,36,0,0
BRDA:229,36,1,0
BRDA:232,37,0,0
BRDA:232,37,1,0
BRDA:242,38,0,0
BRDA:242,38,1,0
BRDA:246,39,0,0
BRDA:246,39,1,0
BRDA:251,40,0,0
BRDA:251,40,1,0
BRDA:251,41,0,0
BRDA:251,41,1,0
BRDA:255,42,0,0
BRDA:255,42,1,0
BRDA:255,43,0,0
BRDA:255,43,1,0
BRDA:264,44,0,0
BRDA:264,44,1,0
BRF:93
BRH:0
end_of_record
TN:
SF:src\routes\adPaymentRoutes.js
FN:12,validateDiscountCode
FN:67,recordDiscountRedemption
FN:104,(anonymous_2)
FN:124,(anonymous_3)
FN:173,(anonymous_4)
FN:239,(anonymous_5)
FN:254,(anonymous_6)
FNF:7
FNH:0
FNDA:0,validateDiscountCode
FNDA:0,recordDiscountRedemption
FNDA:0,(anonymous_2)
FNDA:0,(anonymous_3)
FNDA:0,(anonymous_4)
FNDA:0,(anonymous_5)
FNDA:0,(anonymous_6)
DA:1,0
DA:2,0
DA:3,0
DA:4,0
DA:5,0
DA:6,0
DA:13,0
DA:14,0
DA:15,0
DA:16,0
DA:19,0
DA:24,0
DA:25,0
DA:26,0
DA:27,0
DA:30,0
DA:31,0
DA:32,0
DA:33,0
DA:36,0
DA:37,0
DA:38,0
DA:39,0
DA:40,0
DA:43,0
DA:44,0
DA:45,0
DA:46,0
DA:49,0
DA:50,0
DA:51,0
DA:52,0
DA:53,0
DA:56,0
DA:59,0
DA:61,0
DA:69,0
DA:75,0
DA:88,0
DA:104,0
DA:105,0
DA:106,0
DA:107,0
DA:108,0
DA:110,0
DA:111,0
DA:112,0
DA:113,0
DA:114,0
DA:116,0
DA:117,0
DA:119,0
DA:124,0
DA:125,0
DA:126,0
DA:127,0
DA:128,0
DA:130,0
DA:131,0
DA:134,0
DA:135,0
DA:136,0
DA:137,0
DA:138,0
DA:139,0
DA:142,0
DA:143,0
DA:144,0
DA:145,0
DA:146,0
DA:147,0
DA:149,0
DA:158,0
DA:161,0
DA:162,0
DA:165,0
DA:167,0
DA:168,0
DA:173,0
DA:174,0
DA:175,0
DA:176,0
DA:177,0
DA:180,0
DA:183,0
DA:184,0
DA:187,0
DA:188,0
DA:192,0
DA:195,0
DA:212,0
DA:224,0
DA:226,0
DA:229,0
DA:230,0
DA:232,0
DA:233,0
DA:239,0
DA:240,0
DA:241,0
DA:242,0
DA:243,0
DA:246,0
DA:247,0
DA:249,0
DA:254,0
DA:255,0
DA:256,0
DA:257,0
DA:258,0
DA:260,0
DA:264,0
DA:265,0
DA:269,0
DA:270,0
DA:272,0
DA:273,0
DA:274,0
DA:277,0
DA:279,0
DA:283,0
LF:121
LH:0
BRDA:13,0,0,0
BRDA:13,0,1,0
BRDA:24,1,0,0
BRDA:24,1,1,0
BRDA:30,2,0,0
BRDA:30,2,1,0
BRDA:37,3,0,0
BRDA:37,3,1,0
BRDA:37,4,0,0
BRDA:37,4,1,0
BRDA:43,5,0,0
BRDA:43,5,1,0
BRDA:43,6,0,0
BRDA:43,6,1,0
BRDA:50,7,0,0
BRDA:50,7,1,0
BRDA:56,8,0,0
BRDA:56,8,1,0
BRDA:56,9,0,0
BRDA:56,9,1,0
BRDA:80,10,0,0
BRDA:80,10,1,0
BRDA:107,11,0,0
BRDA:107,11,1,0
BRDA:111,12,0,0
BRDA:111,12,1,0
BRDA:113,13,0,0
BRDA:113,13,1,0
BRDA:113,14,0,0
BRDA:113,14,1,0
BRDA:127,15,0,0
BRDA:127,15,1,0
BRDA:130,16,0,0
BRDA:130,16,1,0
BRDA:142,17,0,0
BRDA:142,17,1,0
BRDA:161,18,0,0
BRDA:161,18,1,0
BRDA:161,19,0,0
BRDA:161,19,1,0
BRDA:167,20,0,0
BRDA:167,20,1,0
BRDA:176,21,0,0
BRDA:176,21,1,0
BRDA:176,22,0,0
BRDA:176,22,1,0
BRDA:187,23,0,0
BRDA:187,23,1,0
BRDA:229,24,0,0
BRDA:229,24,1,0
BRDA:232,25,0,0
BRDA:232,25,1,0
BRDA:242,26,0,0
BRDA:242,26,1,0
BRDA:257,27,0,0
BRDA:257,27,1,0
BRDA:264,28,0,0
BRDA:264,28,1,0
BRDA:264,29,0,0
BRDA:264,29,1,0
BRDA:270,30,0,0
BRDA:270,30,1,0
BRDA:273,31,0,0
BRDA:273,31,1,0
BRDA:273,32,0,0
BRDA:273,32,1,0
BRF:66
BRH:0
end_of_record
TN:
SF:src\routes\adServingRoutes.js
FN:9,(anonymous_0)
FN:24,(anonymous_1)
FN:39,(anonymous_2)
FN:53,(anonymous_3)
FN:67,(anonymous_4)
FNF:5
FNH:0
FNDA:0,(anonymous_0)
FNDA:0,(anonymous_1)
FNDA:0,(anonymous_2)
FNDA:0,(anonymous_3)
FNDA:0,(anonymous_4)
DA:1,0
DA:2,0
DA:3,0
DA:4,0
DA:5,0
DA:6,0
DA:9,0
DA:10,0
DA:11,0
DA:12,0
DA:13,0
DA:16,0
DA:17,0
DA:19,0
DA:24,0
DA:25,0
DA:26,0
DA:27,0
DA:28,0
DA:31,0
DA:32,0
DA:34,0
DA:39,0
DA:40,0
DA:41,0
DA:42,0
DA:43,0
DA:45,0
DA:46,0
DA:48,0
DA:53,0
DA:54,0
DA:55,0
DA:56,0
DA:57,0
DA:59,0
DA:60,0
DA:62,0
DA:67,0
DA:68,0
DA:69,0
DA:70,0
DA:71,0
DA:74,0
DA:75,0
DA:76,0
DA:78,0
DA:84,0
DA:86,0
DA:90,0
LF:50
LH:0
BRDA:12,0,0,0
BRDA:12,0,1,0
BRDA:12,1,0,0
BRDA:12,1,1,0
BRDA:27,2,0,0
BRDA:27,2,1,0
BRDA:27,3,0,0
BRDA:27,3,1,0
BRDA:42,4,0,0
BRDA:42,4,1,0
BRDA:56,5,0,0
BRDA:56,5,1,0
BRDA:56,6,0,0
BRDA:56,6,1,0
BRDA:70,7,0,0
BRDA:70,7,1,0
BRF:16
BRH:0
end_of_record
TN:
SF:src\routes\adSubmissionRoutes.js
FN:19,geocodeAddress
FN:55,hasHtml
FN:59,isValidEmail
FN:64,(anonymous_3)
FN:98,(anonymous_4)
FN:128,(anonymous_5)
FN:146,(anonymous_6)
FN:197,(anonymous_7)
FN:241,(anonymous_8)
FN:260,(anonymous_9)
FN:399,(anonymous_10)
FN:541,(anonymous_11)
FN:753,(anonymous_12)
FN:754,(anonymous_13)
FN:845,(anonymous_14)
FNF:15
FNH:0
FNDA:0,geocodeAddress
FNDA:0,hasHtml
FNDA:0,isValidEmail
FNDA:0,(anonymous_3)
FNDA:0,(anonymous_4)
FNDA:0,(anonymous_5)
FNDA:0,(anonymous_6)
FNDA:0,(anonymous_7)
FNDA:0,(anonymous_8)
FNDA:0,(anonymous_9)
FNDA:0,(anonymous_10)
FNDA:0,(anonymous_11)
FNDA:0,(anonymous_12)
FNDA:0,(anonymous_13)
FNDA:0,(anonymous_14)
DA:1,0
DA:2,0
DA:3,0
DA:4,0
DA:5,0
DA:6,0
DA:7,0
DA:8,0
DA:9,0
DA:10,0
DA:11,0
DA:12,0
DA:13,0
DA:20,0
DA:21,0
DA:22,0
DA:23,0
DA:26,0
DA:27,0
DA:28,0
DA:31,0
DA:34,0
DA:39,0
DA:44,0
DA:46,0
DA:51,0
DA:53,0
DA:56,0
DA:60,0
DA:64,0
DA:65,0
DA:66,0
DA:67,0
DA:69,0
DA:70,0
DA:71,0
DA:72,0
DA:74,0
DA:76,0
DA:77,0
DA:78,0
DA:81,0
DA:82,0
DA:83,0
DA:85,0
DA:86,0
DA:89,0
DA:92,0
DA:93,0
DA:94,0
DA:98,0
DA:99,0
DA:100,0
DA:101,0
DA:102,0
DA:104,0
DA:105,0
DA:106,0
DA:109,0
DA:110,0
DA:111,0
DA:114,0
DA:115,0
DA:116,0
DA:117,0
DA:120,0
DA:121,0
DA:123,0
DA:128,0
DA:129,0
DA:130,0
DA:131,0
DA:132,0
DA:134,0
DA:139,0
DA:141,0
DA:146,0
DA:147,0
DA:148,0
DA:149,0
DA:150,0
DA:151,0
DA:152,0
DA:153,0
DA:155,0
DA:156,0
DA:157,0
DA:159,0
DA:163,0
DA:164,0
DA:165,0
DA:166,0
DA:168,0
DA:170,0
DA:171,0
DA:172,0
DA:173,0
DA:175,0
DA:178,0
DA:179,0
DA:183,0
DA:184,0
DA:188,0
DA:190,0
DA:192,0
DA:197,0
DA:198,0
DA:199,0
DA:200,0
DA:201,0
DA:202,0
DA:203,0
DA:204,0
DA:206,0
DA:207,0
DA:211,0
DA:212,0
DA:213,0
DA:215,0
DA:219,0
DA:220,0
DA:222,0
DA:223,0
DA:224,0
DA:226,0
DA:229,0
DA:230,0
DA:232,0
DA:233,0
DA:234,0
DA:236,0
DA:241,0
DA:242,0
DA:243,0
DA:244,0
DA:245,0
DA:248,0
DA:249,0
DA:250,0
DA:253,0
DA:255,0
DA:260,0
DA:261,0
DA:262,0
DA:263,0
DA:265,0
DA:266,0
DA:269,0
DA:270,0
DA:273,0
DA:274,0
DA:275,0
DA:278,0
DA:279,0
DA:280,0
DA:283,0
DA:284,0
DA:288,0
DA:297,0
DA:323,0
DA:324,0
DA:325,0
DA:326,0
DA:327,0
DA:344,0
DA:345,0
DA:347,0
DA:348,0
DA:351,0
DA:356,0
DA:358,0
DA:377,0
DA:378,0
DA:394,0
DA:399,0
DA:400,0
DA:401,0
DA:402,0
DA:405,0
DA:406,0
DA:410,0
DA:411,0
DA:413,0
DA:414,0
DA:418,0
DA:419,0
DA:423,0
DA:424,0
DA:425,0
DA:426,0
DA:430,0
DA:431,0
DA:435,0
DA:437,0
DA:439,0
DA:441,0
DA:443,0
DA:444,0
DA:445,0
DA:476,0
DA:480,0
DA:483,0
DA:499,0
DA:500,0
DA:501,0
DA:502,0
DA:503,0
DA:507,0
DA:512,0
DA:515,0
DA:533,0
DA:534,0
DA:536,0
DA:541,0
DA:542,0
DA:543,0
DA:544,0
DA:545,0
DA:546,0
DA:547,0
DA:548,0
DA:551,0
DA:552,0
DA:553,0
DA:554,0
DA:557,0
DA:558,0
DA:559,0
DA:560,0
DA:561,0
DA:562,0
DA:567,0
DA:568,0
DA:569,0
DA:572,0
DA:574,0
DA:575,0
DA:576,0
DA:578,0
DA:582,0
DA:583,0
DA:590,0
DA:591,0
DA:592,0
DA:593,0
DA:594,0
DA:597,0
DA:599,0
DA:600,0
DA:601,0
DA:602,0
DA:603,0
DA:612,0
DA:615,0
DA:616,0
DA:617,0
DA:618,0
DA:622,0
DA:623,0
DA:624,0
DA:625,0
DA:626,0
DA:627,0
DA:628,0
DA:631,0
DA:632,0
DA:633,0
DA:640,0
DA:642,0
DA:644,0
DA:646,0
DA:651,0
DA:654,0
DA:655,0
DA:656,0
DA:657,0
DA:660,0
DA:661,0
DA:662,0
DA:663,0
DA:666,0
DA:670,0
DA:675,0
DA:676,0
DA:677,0
DA:678,0
DA:679,0
DA:682,0
DA:686,0
DA:687,0
DA:688,0
DA:689,0
DA:691,0
DA:692,0
DA:694,0
DA:696,0
DA:697,0
DA:699,0
DA:701,0
DA:702,0
DA:704,0
DA:706,0
DA:707,0
DA:711,0
DA:712,0
DA:714,0
DA:715,0
DA:717,0
DA:718,0
DA:720,0
DA:722,0
DA:723,0
DA:725,0
DA:726,0
DA:727,0
DA:729,0
DA:730,0
DA:731,0
DA:732,0
DA:735,0
DA:736,0
DA:739,0
DA:740,0
DA:743,0
DA:744,0
DA:745,0
DA:746,0
DA:747,0
DA:750,0
DA:751,0
DA:752,0
DA:753,0
DA:754,0
DA:759,0
DA:760,0
DA:761,0
DA:762,0
DA:763,0
DA:764,0
DA:766,0
DA:767,0
DA:769,0
DA:771,0
DA:772,0
DA:773,0
DA:774,0
DA:776,0
DA:779,0
DA:795,0
DA:796,0
DA:801,0
DA:807,0
DA:808,0
DA:815,0
DA:816,0
DA:817,0
DA:825,0
DA:826,0
DA:829,0
DA:833,0
DA:835,0
DA:836,0
DA:837,0
DA:839,0
DA:840,0
DA:845,0
DA:846,0
DA:847,0
DA:848,0
DA:849,0
DA:852,0
DA:853,0
DA:854,0
DA:857,0
DA:858,0
DA:862,0
DA:863,0
DA:867,0
DA:868,0
DA:872,0
DA:873,0
DA:874,0
DA:875,0
DA:878,0
DA:880,0
DA:882,0
DA:886,0
LF:387
LH:0
BRDA:21,0,0,0
BRDA:21,0,1,0
BRDA:26,1,0,0
BRDA:26,1,1,0
BRDA:26,2,0,0
BRDA:26,2,1,0
BRDA:40,3,0,0
BRDA:40,3,1,0
BRDA:69,4,0,0
BRDA:69,4,1,0
BRDA:69,5,0,0
BRDA:69,5,1,0
BRDA:69,5,2,0
BRDA:71,6,0,0
BRDA:71,6,1,0
BRDA:71,7,0,0
BRDA:71,7,1,0
BRDA:77,8,0,0
BRDA:77,8,1,0
BRDA:77,9,0,0
BRDA:77,9,1,0
BRDA:82,10,0,0
BRDA:82,10,1,0
BRDA:85,11,0,0
BRDA:85,11,1,0
BRDA:85,12,0,0
BRDA:85,12,1,0
BRDA:89,13,0,0
BRDA:89,13,1,0
BRDA:89,14,0,0
BRDA:89,14,1,0
BRDA:102,15,0,0
BRDA:102,15,1,0
BRDA:105,16,0,0
BRDA:105,16,1,0
BRDA:105,17,0,0
BRDA:105,17,1,0
BRDA:109,18,0,0
BRDA:109,18,1,0
BRDA:115,19,0,0
BRDA:115,19,1,0
BRDA:120,20,0,0
BRDA:120,20,1,0
BRDA:120,21,0,0
BRDA:120,21,1,0
BRDA:132,22,0,0
BRDA:132,22,1,0
BRDA:150,23,0,0
BRDA:150,23,1,0
BRDA:152,24,0,0
BRDA:152,24,1,0
BRDA:152,25,0,0
BRDA:152,25,1,0
BRDA:156,26,0,0
BRDA:156,26,1,0
BRDA:156,27,0,0
BRDA:156,27,1,0
BRDA:164,28,0,0
BRDA:164,28,1,0
BRDA:164,29,0,0
BRDA:164,29,1,0
BRDA:170,30,0,0
BRDA:170,30,1,0
BRDA:170,31,0,0
BRDA:170,31,1,0
BRDA:183,32,0,0
BRDA:183,32,1,0
BRDA:201,33,0,0
BRDA:201,33,1,0
BRDA:203,34,0,0
BRDA:203,34,1,0
BRDA:203,35,0,0
BRDA:203,35,1,0
BRDA:206,36,0,0
BRDA:206,36,1,0
BRDA:212,37,0,0
BRDA:212,37,1,0
BRDA:219,38,0,0
BRDA:219,38,1,0
BRDA:219,39,0,0
BRDA:219,39,1,0
BRDA:219,39,2,0
BRDA:219,40,0,0
BRDA:219,40,1,0
BRDA:222,41,0,0
BRDA:222,41,1,0
BRDA:229,42,0,0
BRDA:229,42,1,0
BRDA:245,43,0,0
BRDA:245,43,1,0
BRDA:249,44,0,0
BRDA:249,44,1,0
BRDA:249,45,0,0
BRDA:249,45,1,0
BRDA:265,46,0,0
BRDA:265,46,1,0
BRDA:269,47,0,0
BRDA:269,47,1,0
BRDA:274,48,0,0
BRDA:274,48,1,0
BRDA:279,49,0,0
BRDA:279,49,1,0
BRDA:279,50,0,0
BRDA:279,50,1,0
BRDA:288,51,0,0
BRDA:288,51,1,0
BRDA:300,52,0,0
BRDA:300,52,1,0
BRDA:301,53,0,0
BRDA:301,53,1,0
BRDA:302,54,0,0
BRDA:302,54,1,0
BRDA:302,54,2,0
BRDA:303,55,0,0
BRDA:303,55,1,0
BRDA:303,55,2,0
BRDA:304,56,0,0
BRDA:304,56,1,0
BRDA:305,57,0,0
BRDA:305,57,1,0
BRDA:307,58,0,0
BRDA:307,58,1,0
BRDA:324,59,0,0
BRDA:324,59,1,0
BRDA:326,60,0,0
BRDA:326,60,1,0
BRDA:332,61,0,0
BRDA:332,61,1,0
BRDA:365,62,0,0
BRDA:365,62,1,0
BRDA:385,63,0,0
BRDA:385,63,1,0
BRDA:405,64,0,0
BRDA:405,64,1,0
BRDA:405,65,0,0
BRDA:405,65,1,0
BRDA:405,65,2,0
BRDA:405,65,3,0
BRDA:405,65,4,0
BRDA:410,66,0,0
BRDA:410,66,1,0
BRDA:410,67,0,0
BRDA:410,67,1,0
BRDA:413,68,0,0
BRDA:413,68,1,0
BRDA:418,69,0,0
BRDA:418,69,1,0
BRDA:425,70,0,0
BRDA:425,70,1,0
BRDA:430,71,0,0
BRDA:430,71,1,0
BRDA:437,72,0,0
BRDA:437,72,1,0
BRDA:441,73,0,0
BRDA:441,73,1,0
BRDA:491,74,0,0
BRDA:491,74,1,0
BRDA:492,75,0,0
BRDA:492,75,1,0
BRDA:493,76,0,0
BRDA:493,76,1,0
BRDA:499,77,0,0
BRDA:499,77,1,0
BRDA:499,78,0,0
BRDA:499,78,1,0
BRDA:501,79,0,0
BRDA:501,79,1,0
BRDA:512,80,0,0
BRDA:512,80,1,0
BRDA:543,81,0,0
BRDA:543,81,1,0
BRDA:548,82,0,0
BRDA:548,82,1,0
BRDA:553,83,0,0
BRDA:553,83,1,0
BRDA:553,84,0,0
BRDA:553,84,1,0
BRDA:558,85,0,0
BRDA:558,85,1,0
BRDA:560,86,0,0
BRDA:560,86,1,0
BRDA:560,87,0,0
BRDA:560,87,1,0
BRDA:567,88,0,0
BRDA:567,88,1,0
BRDA:582,89,0,0
BRDA:582,89,1,0
BRDA:582,90,0,0
BRDA:582,90,1,0
BRDA:590,91,0,0
BRDA:590,91,1,0
BRDA:591,92,0,0
BRDA:591,92,1,0
BRDA:592,93,0,0
BRDA:592,93,1,0
BRDA:592,94,0,0
BRDA:592,94,1,0
BRDA:599,95,0,0
BRDA:599,95,1,0
BRDA:601,96,0,0
BRDA:601,96,1,0
BRDA:604,97,0,0
BRDA:604,97,1,0
BRDA:617,98,0,0
BRDA:617,98,1,0
BRDA:627,99,0,0
BRDA:627,99,1,0
BRDA:631,100,0,0
BRDA:631,100,1,0
BRDA:631,101,0,0
BRDA:631,101,1,0
BRDA:640,102,0,0
BRDA:640,102,1,0
BRDA:642,103,0,0
BRDA:642,103,1,0
BRDA:644,104,0,0
BRDA:644,104,1,0
BRDA:655,105,0,0
BRDA:655,105,1,0
BRDA:661,106,0,0
BRDA:661,106,1,0
BRDA:677,107,0,0
BRDA:677,107,1,0
BRDA:687,108,0,0
BRDA:687,108,1,0
BRDA:689,109,0,0
BRDA:689,109,1,0
BRDA:691,110,0,0
BRDA:691,110,1,0
BRDA:691,111,0,0
BRDA:691,111,1,0
BRDA:691,111,2,0
BRDA:694,112,0,0
BRDA:694,112,1,0
BRDA:696,113,0,0
BRDA:696,113,1,0
BRDA:696,114,0,0
BRDA:696,114,1,0
BRDA:696,114,2,0
BRDA:699,115,0,0
BRDA:699,115,1,0
BRDA:701,116,0,0
BRDA:701,116,1,0
BRDA:701,117,0,0
BRDA:701,117,1,0
BRDA:701,117,2,0
BRDA:704,118,0,0
BRDA:704,118,1,0
BRDA:706,119,0,0
BRDA:706,119,1,0
BRDA:706,120,0,0
BRDA:706,120,1,0
BRDA:714,121,0,0
BRDA:714,121,1,0
BRDA:717,122,0,0
BRDA:717,122,1,0
BRDA:717,123,0,0
BRDA:717,123,1,0
BRDA:717,123,2,0
BRDA:720,124,0,0
BRDA:720,124,1,0
BRDA:722,125,0,0
BRDA:722,125,1,0
BRDA:726,126,0,0
BRDA:726,126,1,0
BRDA:731,127,0,0
BRDA:731,127,1,0
BRDA:735,128,0,0
BRDA:735,128,1,0
BRDA:735,129,0,0
BRDA:735,129,1,0
BRDA:735,129,2,0
BRDA:739,130,0,0
BRDA:739,130,1,0
BRDA:739,131,0,0
BRDA:739,131,1,0
BRDA:739,131,2,0
BRDA:745,132,0,0
BRDA:745,132,1,0
BRDA:747,133,0,0
BRDA:747,133,1,0
BRDA:751,134,0,0
BRDA:751,134,1,0
BRDA:753,135,0,0
BRDA:753,135,1,0
BRDA:761,136,0,0
BRDA:761,136,1,0
BRDA:761,137,0,0
BRDA:761,137,1,0
BRDA:763,138,0,0
BRDA:763,138,1,0
BRDA:763,139,0,0
BRDA:763,139,1,0
BRDA:766,140,0,0
BRDA:766,140,1,0
BRDA:771,141,0,0
BRDA:771,141,1,0
BRDA:771,142,0,0
BRDA:771,142,1,0
BRDA:773,143,0,0
BRDA:773,143,1,0
BRDA:782,144,0,0
BRDA:782,144,1,0
BRDA:795,145,0,0
BRDA:795,145,1,0
BRDA:815,146,0,0
BRDA:815,146,1,0
BRDA:820,147,0,0
BRDA:820,147,1,0
BRDA:822,148,0,0
BRDA:822,148,1,0
BRDA:822,148,2,0
BRDA:823,149,0,0
BRDA:823,149,1,0
BRDA:836,150,0,0
BRDA:836,150,1,0
BRDA:849,151,0,0
BRDA:849,151,1,0
BRDA:853,152,0,0
BRDA:853,152,1,0
BRDA:853,153,0,0
BRDA:853,153,1,0
BRDA:857,154,0,0
BRDA:857,154,1,0
BRDA:862,155,0,0
BRDA:862,155,1,0
BRDA:867,156,0,0
BRDA:867,156,1,0
BRDA:872,157,0,0
BRDA:872,157,1,0
BRF:330
BRH:0
end_of_record
TN:
SF:src\routes\adTrackingRoutes.js
FN:6,hashVisitorKey
FN:18,(anonymous_1)
FNF:2
FNH:0
FNDA:0,hashVisitorKey
FNDA:0,(anonymous_1)
DA:1,0
DA:2,0
DA:3,0
DA:4,0
DA:7,0
DA:8,0
DA:10,0
DA:11,0
DA:12,0
DA:13,0
DA:14,0
DA:18,0
DA:19,0
DA:20,0
DA:22,0
DA:23,0
DA:26,0
DA:27,0
DA:30,0
DA:40,0
DA:42,0
DA:46,0
LF:22
LH:0
BRDA:7,0,0,0
BRDA:7,0,1,0
BRDA:10,1,0,0
BRDA:10,1,1,0
BRDA:10,1,2,0
BRDA:11,2,0,0
BRDA:11,2,1,0
BRDA:12,3,0,0
BRDA:12,3,1,0
BRDA:12,3,2,0
BRDA:13,4,0,0
BRDA:13,4,1,0
BRDA:22,5,0,0
BRDA:22,5,1,0
BRDA:22,6,0,0
BRDA:22,6,1,0
BRDA:22,6,2,0
BRDA:22,6,3,0
BRDA:26,7,0,0
BRDA:26,7,1,0
BRDA:36,8,0,0
BRDA:36,8,1,0
BRDA:42,9,0,0
BRDA:42,9,1,0
BRF:24
BRH:0
end_of_record
TN:
SF:src\routes\adminCampaignRoutes.js
FN:14,(anonymous_0)
FN:33,(anonymous_1)
FN:50,(anonymous_2)
FN:96,(anonymous_3)
FN:121,(anonymous_4)
FN:140,(anonymous_5)
FN:161,(anonymous_6)
FN:191,(anonymous_7)
FNF:8
FNH:0
FNDA:0,(anonymous_0)
FNDA:0,(anonymous_1)
FNDA:0,(anonymous_2)
FNDA:0,(anonymous_3)
FNDA:0,(anonymous_4)
FNDA:0,(anonymous_5)
FNDA:0,(anonymous_6)
FNDA:0,(anonymous_7)
DA:1,0
DA:2,0
DA:3,0
DA:4,0
DA:5,0
DA:6,0
DA:7,0
DA:8,0
DA:9,0
DA:11,0
DA:14,0
DA:15,0
DA:16,0
DA:17,0
DA:18,0
DA:19,0
DA:20,0
DA:22,0
DA:23,0
DA:24,0
DA:25,0
DA:27,0
DA:33,0
DA:34,0
DA:35,0
DA:36,0
DA:45,0
DA:46,0
DA:50,0
DA:51,0
DA:52,0
DA:53,0
DA:54,0
DA:55,0
DA:56,0
DA:59,0
DA:60,0
DA:63,0
DA:64,0
DA:65,0
DA:66,0
DA:67,0
DA:68,0
DA:69,0
DA:70,0
DA:71,0
DA:72,0
DA:73,0
DA:78,0
DA:81,0
DA:82,0
DA:84,0
DA:85,0
DA:86,0
DA:89,0
DA:91,0
DA:92,0
DA:96,0
DA:97,0
DA:98,0
DA:99,0
DA:100,0
DA:101,0
DA:102,0
DA:105,0
DA:106,0
DA:108,0
DA:109,0
DA:111,0
DA:116,0
DA:117,0
DA:121,0
DA:122,0
DA:123,0
DA:124,0
DA:125,0
DA:126,0
DA:128,0
DA:133,0
DA:135,0
DA:136,0
DA:140,0
DA:141,0
DA:142,0
DA:143,0
DA:144,0
DA:145,0
DA:147,0
DA:148,0
DA:149,0
DA:150,0
DA:151,0
DA:153,0
DA:156,0
DA:157,0
DA:161,0
DA:162,0
DA:163,0
DA:164,0
DA:165,0
DA:167,0
DA:168,0
DA:169,0
DA:172,0
DA:173,0
DA:175,0
DA:176,0
DA:178,0
DA:179,0
DA:180,0
DA:182,0
DA:183,0
DA:184,0
DA:185,0
DA:187,0
DA:191,0
DA:192,0
DA:193,0
DA:194,0
DA:195,0
DA:197,0
DA:198,0
DA:200,0
DA:201,0
DA:202,0
DA:205,0
LF:126
LH:0
BRDA:17,0,0,0
BRDA:17,1,0,0
BRDA:17,2,0,0
BRDA:17,3,0,0
BRDA:19,4,0,0
BRDA:19,4,1,0
BRDA:20,5,0,0
BRDA:20,5,1,0
BRDA:22,6,0,0
BRDA:22,6,1,0
BRDA:23,7,0,0
BRDA:23,7,1,0
BRDA:35,8,0,0
BRDA:35,8,1,0
BRDA:38,9,0,0
BRDA:38,9,1,0
BRDA:38,9,2,0
BRDA:38,9,3,0
BRDA:41,10,0,0
BRDA:41,10,1,0
BRDA:54,11,0,0
BRDA:54,11,1,0
BRDA:55,12,0,0
BRDA:55,12,1,0
BRDA:65,13,0,0
BRDA:65,13,1,0
BRDA:67,14,0,0
BRDA:67,14,1,0
BRDA:67,15,0,0
BRDA:67,15,1,0
BRDA:70,16,0,0
BRDA:70,16,1,0
BRDA:72,17,0,0
BRDA:72,17,1,0
BRDA:79,18,0,0
BRDA:79,18,1,0
BRDA:84,19,0,0
BRDA:84,19,1,0
BRDA:85,20,0,0
BRDA:85,20,1,0
BRDA:100,21,0,0
BRDA:100,21,1,0
BRDA:101,22,0,0
BRDA:101,22,1,0
BRDA:106,23,0,0
BRDA:106,23,1,0
BRDA:106,24,0,0
BRDA:106,24,1,0
BRDA:106,24,2,0
BRDA:113,25,0,0
BRDA:113,25,1,0
BRDA:125,26,0,0
BRDA:125,26,1,0
BRDA:126,27,0,0
BRDA:126,27,1,0
BRDA:144,28,0,0
BRDA:144,28,1,0
BRDA:145,29,0,0
BRDA:145,29,1,0
BRDA:148,30,0,0
BRDA:148,30,1,0
BRDA:165,31,0,0
BRDA:165,31,1,0
BRDA:168,32,0,0
BRDA:168,32,1,0
BRDA:168,33,0,0
BRDA:168,33,1,0
BRDA:173,34,0,0
BRDA:173,34,1,0
BRDA:176,35,0,0
BRDA:176,35,1,0
BRDA:178,36,0,0
BRDA:178,36,1,0
BRDA:179,37,0,0
BRDA:179,37,1,0
BRDA:182,38,0,0
BRDA:182,38,1,0
BRDA:182,39,0,0
BRDA:182,39,1,0
BRDA:183,40,0,0
BRDA:183,40,1,0
BRDA:184,41,0,0
BRDA:184,41,1,0
BRDA:195,42,0,0
BRDA:195,42,1,0
BRDA:198,43,0,0
BRDA:198,43,1,0
BRF:87
BRH:0
end_of_record
TN:
SF:src\routes\adminRoutes.js
FN:25,notifyUser
FN:52,(anonymous_1)
FN:63,(anonymous_2)
FN:74,(anonymous_3)
FN:84,(anonymous_4)
FN:95,(anonymous_5)
FN:105,(anonymous_6)
FN:118,(anonymous_7)
FN:136,(anonymous_8)
FN:151,(anonymous_9)
FN:174,(anonymous_10)
FN:199,(anonymous_11)
FN:212,(anonymous_12)
FN:229,(anonymous_13)
FN:242,(anonymous_14)
FN:243,(anonymous_15)
FN:258,(anonymous_16)
FN:273,(anonymous_17)
FN:288,(anonymous_18)
FN:302,(anonymous_19)
FN:314,(anonymous_20)
FN:322,(anonymous_21)
FN:329,(anonymous_22)
FN:352,(anonymous_23)
FN:368,(anonymous_24)
FN:408,(anonymous_25)
FN:432,(anonymous_26)
FN:456,(anonymous_27)
FN:465,(anonymous_28)
FN:486,(anonymous_29)
FN:495,(anonymous_30)
FN:537,(anonymous_31)
FN:546,(anonymous_32)
FN:568,(anonymous_33)
FN:577,(anonymous_34)
FN:613,(anonymous_35)
FN:622,(anonymous_36)
FN:641,(anonymous_37)
FN:652,(anonymous_38)
FN:666,(anonymous_39)
FN:682,(anonymous_40)
FN:697,(anonymous_41)
FN:714,(anonymous_42)
FN:729,(anonymous_43)
FN:754,(anonymous_44)
FN:768,(anonymous_45)
FN:781,(anonymous_46)
FN:797,(anonymous_47)
FN:821,(anonymous_48)
FN:823,(anonymous_49)
FN:823,(anonymous_50)
FN:824,(anonymous_51)
FN:824,(anonymous_52)
FN:840,(anonymous_53)
FN:885,(anonymous_54)
FN:893,(anonymous_55)
FN:927,(anonymous_56)
FN:944,(anonymous_57)
FN:961,(anonymous_58)
FN:978,(anonymous_59)
FN:1004,(anonymous_60)
FN:1022,(anonymous_61)
FN:1033,(anonymous_62)
FN:1045,(anonymous_63)
FN:1060,(anonymous_64)
FN:1118,(anonymous_65)
FN:1151,(anonymous_66)
FN:1160,(anonymous_67)
FN:1162,(anonymous_68)
FN:1173,(anonymous_69)
FN:1190,(anonymous_70)
FN:1199,(anonymous_71)
FN:1236,(anonymous_72)
FN:1285,(anonymous_73)
FN:1320,(anonymous_74)
FN:1343,(anonymous_75)
FN:1370,(anonymous_76)
FN:1384,(anonymous_77)
FN:1398,(anonymous_78)
FN:1412,(anonymous_79)
FN:1444,(anonymous_80)
FN:1455,(anonymous_81)
FN:1477,(anonymous_82)
FN:1493,(anonymous_83)
FN:1524,(anonymous_84)
FN:1549,(anonymous_85)
FN:1575,(anonymous_86)
FN:1622,escapeRegExpLiteral
FN:1629,(anonymous_88)
FN:1679,(anonymous_89)
FNF:90
FNH:0
FNDA:0,notifyUser
FNDA:0,(anonymous_1)
FNDA:0,(anonymous_2)
FNDA:0,(anonymous_3)
FNDA:0,(anonymous_4)
FNDA:0,(anonymous_5)
FNDA:0,(anonymous_6)
FNDA:0,(anonymous_7)
FNDA:0,(anonymous_8)
FNDA:0,(anonymous_9)
FNDA:0,(anonymous_10)
FNDA:0,(anonymous_11)
FNDA:0,(anonymous_12)
FNDA:0,(anonymous_13)
FNDA:0,(anonymous_14)
FNDA:0,(anonymous_15)
FNDA:0,(anonymous_16)
FNDA:0,(anonymous_17)
FNDA:0,(anonymous_18)
FNDA:0,(anonymous_19)
FNDA:0,(anonymous_20)
FNDA:0,(anonymous_21)
FNDA:0,(anonymous_22)
FNDA:0,(anonymous_23)
FNDA:0,(anonymous_24)
FNDA:0,(anonymous_25)
FNDA:0,(anonymous_26)
FNDA:0,(anonymous_27)
FNDA:0,(anonymous_28)
FNDA:0,(anonymous_29)
FNDA:0,(anonymous_30)
FNDA:0,(anonymous_31)
FNDA:0,(anonymous_32)
FNDA:0,(anonymous_33)
FNDA:0,(anonymous_34)
FNDA:0,(anonymous_35)
FNDA:0,(anonymous_36)
FNDA:0,(anonymous_37)
FNDA:0,(anonymous_38)
FNDA:0,(anonymous_39)
FNDA:0,(anonymous_40)
FNDA:0,(anonymous_41)
FNDA:0,(anonymous_42)
FNDA:0,(anonymous_43)
FNDA:0,(anonymous_44)
FNDA:0,(anonymous_45)
FNDA:0,(anonymous_46)
FNDA:0,(anonymous_47)
FNDA:0,(anonymous_48)
FNDA:0,(anonymous_49)
FNDA:0,(anonymous_50)
FNDA:0,(anonymous_51)
FNDA:0,(anonymous_52)
FNDA:0,(anonymous_53)
FNDA:0,(anonymous_54)
FNDA:0,(anonymous_55)
FNDA:0,(anonymous_56)
FNDA:0,(anonymous_57)
FNDA:0,(anonymous_58)
FNDA:0,(anonymous_59)
FNDA:0,(anonymous_60)
FNDA:0,(anonymous_61)
FNDA:0,(anonymous_62)
FNDA:0,(anonymous_63)
FNDA:0,(anonymous_64)
FNDA:0,(anonymous_65)
FNDA:0,(anonymous_66)
FNDA:0,(anonymous_67)
FNDA:0,(anonymous_68)
FNDA:0,(anonymous_69)
FNDA:0,(anonymous_70)
FNDA:0,(anonymous_71)
FNDA:0,(anonymous_72)
FNDA:0,(anonymous_73)
FNDA:0,(anonymous_74)
FNDA:0,(anonymous_75)
FNDA:0,(anonymous_76)
FNDA:0,(anonymous_77)
FNDA:0,(anonymous_78)
FNDA:0,(anonymous_79)
FNDA:0,(anonymous_80)
FNDA:0,(anonymous_81)
FNDA:0,(anonymous_82)
FNDA:0,(anonymous_83)
FNDA:0,(anonymous_84)
FNDA:0,(anonymous_85)
FNDA:0,(anonymous_86)
FNDA:0,escapeRegExpLiteral
FNDA:0,(anonymous_88)
FNDA:0,(anonymous_89)
DA:1,0
DA:2,0
DA:3,0
DA:4,0
DA:5,0
DA:6,0
DA:13,0
DA:14,0
DA:15,0
DA:16,0
DA:17,0
DA:18,0
DA:19,0
DA:20,0
DA:21,0
DA:22,0
DA:26,0
DA:34,0
DA:40,0
DA:49,0
DA:52,0
DA:53,0
DA:54,0
DA:55,0
DA:56,0
DA:58,0
DA:63,0
DA:64,0
DA:65,0
DA:66,0
DA:67,0
DA:69,0
DA:74,0
DA:75,0
DA:76,0
DA:77,0
DA:79,0
DA:84,0
DA:85,0
DA:86,0
DA:87,0
DA:88,0
DA:90,0
DA:95,0
DA:96,0
DA:97,0
DA:98,0
DA:100,0
DA:105,0
DA:106,0
DA:107,0
DA:108,0
DA:109,0
DA:111,0
DA:112,0
DA:118,0
DA:129,0
DA:131,0
DA:136,0
DA:137,0
DA:138,0
DA:139,0
DA:140,0
DA:141,0
DA:146,0
DA:151,0
DA:152,0
DA:153,0
DA:154,0
DA:155,0
DA:167,0
DA:169,0
DA:174,0
DA:175,0
DA:176,0
DA:177,0
DA:178,0
DA:190,0
DA:192,0
DA:199,0
DA:200,0
DA:201,0
DA:202,0
DA:204,0
DA:205,0
DA:206,0
DA:208,0
DA:212,0
DA:213,0
DA:214,0
DA:215,0
DA:216,0
DA:217,0
DA:218,0
DA:223,0
DA:225,0
DA:229,0
DA:230,0
DA:231,0
DA:232,0
DA:233,0
DA:234,0
DA:235,0
DA:236,0
DA:241,0
DA:242,0
DA:243,0
DA:244,0
DA:248,0
DA:253,0
DA:258,0
DA:259,0
DA:260,0
DA:261,0
DA:263,0
DA:264,0
DA:265,0
DA:266,0
DA:268,0
DA:273,0
DA:274,0
DA:275,0
DA:276,0
DA:278,0
DA:279,0
DA:280,0
DA:281,0
DA:283,0
DA:288,0
DA:289,0
DA:290,0
DA:291,0
DA:293,0
DA:294,0
DA:295,0
DA:297,0
DA:302,0
DA:303,0
DA:304,0
DA:305,0
DA:307,0
DA:314,0
DA:315,0
DA:316,0
DA:317,0
DA:322,0
DA:324,0
DA:329,0
DA:330,0
DA:331,0
DA:332,0
DA:333,0
DA:338,0
DA:339,0
DA:345,0
DA:347,0
DA:352,0
DA:353,0
DA:354,0
DA:355,0
DA:356,0
DA:360,0
DA:362,0
DA:368,0
DA:369,0
DA:370,0
DA:372,0
DA:373,0
DA:374,0
DA:375,0
DA:376,0
DA:378,0
DA:380,0
DA:404,0
DA:405,0
DA:408,0
DA:417,0
DA:418,0
DA:419,0
DA:421,0
DA:422,0
DA:424,0
DA:427,0
DA:432,0
DA:433,0
DA:434,0
DA:435,0
DA:436,0
DA:439,0
DA:443,0
DA:449,0
DA:450,0
DA:451,0
DA:452,0
DA:453,0
DA:456,0
DA:458,0
DA:460,0
DA:465,0
DA:466,0
DA:467,0
DA:468,0
DA:469,0
DA:470,0
DA:472,0
DA:478,0
DA:479,0
DA:480,0
DA:483,0
DA:486,0
DA:488,0
DA:490,0
DA:495,0
DA:496,0
DA:497,0
DA:498,0
DA:499,0
DA:500,0
DA:501,0
DA:503,0
DA:504,0
DA:506,0
DA:515,0
DA:517,0
DA:522,0
DA:523,0
DA:524,0
DA:530,0
DA:537,0
DA:539,0
DA:541,0
DA:546,0
DA:547,0
DA:548,0
DA:549,0
DA:550,0
DA:551,0
DA:552,0
DA:553,0
DA:556,0
DA:561,0
DA:562,0
DA:565,0
DA:568,0
DA:570,0
DA:572,0
DA:577,0
DA:578,0
DA:579,0
DA:580,0
DA:581,0
DA:584,0
DA:588,0
DA:594,0
DA:595,0
DA:596,0
DA:597,0
DA:598,0
DA:601,0
DA:602,0
DA:603,0
DA:606,0
DA:607,0
DA:609,0
DA:613,0
DA:615,0
DA:617,0
DA:622,0
DA:623,0
DA:624,0
DA:625,0
DA:626,0
DA:627,0
DA:629,0
DA:634,0
DA:635,0
DA:638,0
DA:641,0
DA:643,0
DA:645,0
DA:652,0
DA:653,0
DA:654,0
DA:655,0
DA:656,0
DA:657,0
DA:658,0
DA:659,0
DA:666,0
DA:667,0
DA:668,0
DA:669,0
DA:670,0
DA:672,0
DA:675,0
DA:677,0
DA:682,0
DA:683,0
DA:684,0
DA:685,0
DA:690,0
DA:692,0
DA:697,0
DA:698,0
DA:699,0
DA:700,0
DA:701,0
DA:702,0
DA:704,0
DA:709,0
DA:711,0
DA:712,0
DA:713,0
DA:714,0
DA:715,0
DA:722,0
DA:724,0
DA:729,0
DA:730,0
DA:731,0
DA:732,0
DA:733,0
DA:734,0
DA:736,0
DA:742,0
DA:747,0
DA:749,0
DA:754,0
DA:755,0
DA:756,0
DA:757,0
DA:761,0
DA:763,0
DA:768,0
DA:769,0
DA:770,0
DA:771,0
DA:772,0
DA:773,0
DA:774,0
DA:777,0
DA:781,0
DA:791,0
DA:797,0
DA:798,0
DA:799,0
DA:800,0
DA:802,0
DA:812,0
DA:814,0
DA:815,0
DA:816,0
DA:817,0
DA:819,0
DA:820,0
DA:821,0
DA:822,0
DA:823,0
DA:824,0
DA:825,0
DA:826,0
DA:827,0
DA:828,0
DA:831,0
DA:833,0
DA:840,0
DA:841,0
DA:842,0
DA:843,0
DA:844,0
DA:845,0
DA:846,0
DA:847,0
DA:848,0
DA:849,0
DA:850,0
DA:852,0
DA:853,0
DA:854,0
DA:858,0
DA:859,0
DA:867,0
DA:869,0
DA:876,0
DA:885,0
DA:886,0
DA:887,0
DA:891,0
DA:892,0
DA:893,0
DA:895,0
DA:898,0
DA:899,0
DA:902,0
DA:903,0
DA:906,0
DA:915,0
DA:916,0
DA:917,0
DA:918,0
DA:920,0
DA:927,0
DA:928,0
DA:929,0
DA:930,0
DA:931,0
DA:932,0
DA:934,0
DA:935,0
DA:936,0
DA:937,0
DA:939,0
DA:940,0
DA:942,0
DA:943,0
DA:944,0
DA:945,0
DA:947,0
DA:951,0
DA:961,0
DA:962,0
DA:964,0
DA:968,0
DA:969,0
DA:970,0
DA:972,0
DA:978,0
DA:979,0
DA:980,0
DA:982,0
DA:983,0
DA:986,0
DA:987,0
DA:988,0
DA:989,0
DA:991,0
DA:992,0
DA:994,0
DA:995,0
DA:997,0
DA:998,0
DA:1001,0
DA:1002,0
DA:1003,0
DA:1004,0
DA:1005,0
DA:1007,0
DA:1010,0
DA:1014,0
DA:1022,0
DA:1023,0
DA:1024,0
DA:1025,0
DA:1028,0
DA:1030,0
DA:1033,0
DA:1034,0
DA:1036,0
DA:1044,0
DA:1045,0
DA:1053,0
DA:1055,0
DA:1056,0
DA:1060,0
DA:1061,0
DA:1062,0
DA:1063,0
DA:1064,0
DA:1066,0
DA:1067,0
DA:1071,0
DA:1077,0
DA:1078,0
DA:1081,0
DA:1082,0
DA:1102,0
DA:1103,0
DA:1108,0
DA:1110,0
DA:1111,0
DA:1118,0
DA:1119,0
DA:1120,0
DA:1121,0
DA:1122,0
DA:1124,0
DA:1125,0
DA:1126,0
DA:1139,0
DA:1144,0
DA:1146,0
DA:1151,0
DA:1152,0
DA:1153,0
DA:1154,0
DA:1155,0
DA:1160,0
DA:1161,0
DA:1162,0
DA:1166,0
DA:1168,0
DA:1173,0
DA:1174,0
DA:1175,0
DA:1176,0
DA:1179,0
DA:1180,0
DA:1181,0
DA:1182,0
DA:1184,0
DA:1185,0
DA:1188,0
DA:1189,0
DA:1190,0
DA:1192,0
DA:1194,0
DA:1199,0
DA:1200,0
DA:1201,0
DA:1203,0
DA:1204,0
DA:1205,0
DA:1206,0
DA:1209,0
DA:1215,0
DA:1217,0
DA:1228,0
DA:1236,0
DA:1237,0
DA:1238,0
DA:1239,0
DA:1240,0
DA:1241,0
DA:1243,0
DA:1244,0
DA:1245,0
DA:1246,0
DA:1247,0
DA:1248,0
DA:1249,0
DA:1250,0
DA:1256,0
DA:1257,0
DA:1267,0
DA:1270,0
DA:1271,0
DA:1272,0
DA:1274,0
DA:1279,0
DA:1285,0
DA:1286,0
DA:1287,0
DA:1288,0
DA:1289,0
DA:1290,0
DA:1292,0
DA:1293,0
DA:1294,0
DA:1295,0
DA:1301,0
DA:1314,0
DA:1320,0
DA:1322,0
DA:1323,0
DA:1324,0
DA:1326,0
DA:1328,0
DA:1329,0
DA:1330,0
DA:1335,0
DA:1337,0
DA:1343,0
DA:1344,0
DA:1345,0
DA:1346,0
DA:1347,0
DA:1349,0
DA:1350,0
DA:1351,0
DA:1353,0
DA:1354,0
DA:1357,0
DA:1358,0
DA:1363,0
DA:1365,0
DA:1370,0
DA:1371,0
DA:1372,0
DA:1373,0
DA:1375,0
DA:1376,0
DA:1377,0
DA:1379,0
DA:1384,0
DA:1385,0
DA:1386,0
DA:1387,0
DA:1389,0
DA:1390,0
DA:1391,0
DA:1393,0
DA:1398,0
DA:1399,0
DA:1400,0
DA:1401,0
DA:1403,0
DA:1404,0
DA:1405,0
DA:1412,0
DA:1413,0
DA:1414,0
DA:1415,0
DA:1416,0
DA:1417,0
DA:1418,0
DA:1419,0
DA:1420,0
DA:1421,0
DA:1423,0
DA:1425,0
DA:1436,0
DA:1437,0
DA:1439,0
DA:1444,0
DA:1445,0
DA:1446,0
DA:1447,0
DA:1448,0
DA:1450,0
DA:1455,0
DA:1456,0
DA:1457,0
DA:1458,0
DA:1459,0
DA:1461,0
DA:1462,0
DA:1463,0
DA:1465,0
DA:1469,0
DA:1470,0
DA:1472,0
DA:1477,0
DA:1478,0
DA:1479,0
DA:1480,0
DA:1481,0
DA:1485,0
DA:1486,0
DA:1488,0
DA:1493,0
DA:1494,0
DA:1495,0
DA:1496,0
DA:1497,0
DA:1499,0
DA:1500,0
DA:1501,0
DA:1503,0
DA:1509,0
DA:1510,0
DA:1511,0
DA:1513,0
DA:1516,0
DA:1517,0
DA:1519,0
DA:1524,0
DA:1525,0
DA:1526,0
DA:1527,0
DA:1528,0
DA:1534,0
DA:1535,0
DA:1536,0
DA:1538,0
DA:1541,0
DA:1542,0
DA:1544,0
DA:1549,0
DA:1550,0
DA:1551,0
DA:1552,0
DA:1553,0
DA:1554,0
DA:1564,0
DA:1565,0
DA:1567,0
DA:1569,0
DA:1575,0
DA:1576,0
DA:1577,0
DA:1578,0
DA:1579,0
DA:1581,0
DA:1582,0
DA:1584,0
DA:1585,0
DA:1586,0
DA:1588,0
DA:1589,0
DA:1599,0
DA:1607,0
DA:1617,0
DA:1623,0
DA:1629,0
DA:1630,0
DA:1631,0
DA:1632,0
DA:1633,0
DA:1635,0
DA:1636,0
DA:1637,0
DA:1638,0
DA:1639,0
DA:1641,0
DA:1642,0
DA:1652,0
DA:1663,0
DA:1672,0
DA:1679,0
DA:1680,0
DA:1681,0
DA:1682,0
DA:1683,0
DA:1685,0
DA:1686,0
DA:1687,0
DA:1688,0
DA:1689,0
DA:1691,0
DA:1692,0
DA:1693,0
DA:1698,0
DA:1699,0
DA:1710,0
DA:1722,0
DA:1731,0
DA:1735,0
LF:737
LH:0
BRDA:66,0,0,0
BRDA:66,0,1,0
BRDA:107,1,0,0
BRDA:107,1,1,0
BRDA:109,2,0,0
BRDA:109,2,1,0
BRDA:140,3,0,0
BRDA:140,3,1,0
BRDA:153,4,0,0
BRDA:153,4,1,0
BRDA:160,5,0,0
BRDA:160,5,1,0
BRDA:176,6,0,0
BRDA:176,6,1,0
BRDA:183,7,0,0
BRDA:183,7,1,0
BRDA:201,8,0,0
BRDA:201,8,1,0
BRDA:201,9,0,0
BRDA:201,9,1,0
BRDA:216,10,0,0
BRDA:216,10,1,0
BRDA:232,11,0,0
BRDA:232,11,1,0
BRDA:235,12,0,0
BRDA:235,12,1,0
BRDA:239,13,0,0
BRDA:239,13,1,0
BRDA:241,14,0,0
BRDA:241,14,1,0
BRDA:248,15,0,0
BRDA:248,15,1,0
BRDA:249,16,0,0
BRDA:249,16,1,0
BRDA:260,17,0,0
BRDA:260,17,1,0
BRDA:260,18,0,0
BRDA:260,18,1,0
BRDA:263,19,0,0
BRDA:263,19,1,0
BRDA:275,20,0,0
BRDA:275,20,1,0
BRDA:275,21,0,0
BRDA:275,21,1,0
BRDA:278,22,0,0
BRDA:278,22,1,0
BRDA:280,23,0,0
BRDA:280,23,1,0
BRDA:290,24,0,0
BRDA:290,24,1,0
BRDA:290,25,0,0
BRDA:290,25,1,0
BRDA:294,26,0,0
BRDA:294,26,1,0
BRDA:331,27,0,0
BRDA:331,27,1,0
BRDA:338,28,0,0
BRDA:338,28,1,0
BRDA:338,29,0,0
BRDA:338,29,1,0
BRDA:354,30,0,0
BRDA:354,30,1,0
BRDA:358,31,0,0
BRDA:358,31,1,0
BRDA:372,32,0,0
BRDA:372,32,1,0
BRDA:373,33,0,0
BRDA:373,33,1,0
BRDA:404,34,0,0
BRDA:404,34,1,0
BRDA:421,35,0,0
BRDA:421,35,1,0
BRDA:436,36,0,0
BRDA:436,36,1,0
BRDA:450,37,0,0
BRDA:450,37,1,0
BRDA:467,38,0,0
BRDA:467,38,1,0
BRDA:470,39,0,0
BRDA:470,39,1,0
BRDA:474,40,0,0
BRDA:474,40,1,0
BRDA:479,41,0,0
BRDA:479,41,1,0
BRDA:480,42,0,0
BRDA:480,42,1,0
BRDA:499,43,0,0
BRDA:499,43,1,0
BRDA:500,44,0,0
BRDA:500,44,1,0
BRDA:504,45,0,0
BRDA:504,45,1,0
BRDA:510,46,0,0
BRDA:510,46,1,0
BRDA:522,47,0,0
BRDA:522,47,1,0
BRDA:533,48,0,0
BRDA:533,48,1,0
BRDA:548,49,0,0
BRDA:548,49,1,0
BRDA:551,50,0,0
BRDA:551,50,1,0
BRDA:552,51,0,0
BRDA:552,51,1,0
BRDA:558,52,0,0
BRDA:558,52,1,0
BRDA:561,53,0,0
BRDA:561,53,1,0
BRDA:562,54,0,0
BRDA:562,54,1,0
BRDA:581,55,0,0
BRDA:581,55,1,0
BRDA:595,56,0,0
BRDA:595,56,1,0
BRDA:601,57,0,0
BRDA:601,57,1,0
BRDA:601,58,0,0
BRDA:601,58,1,0
BRDA:603,59,0,0
BRDA:603,59,1,0
BRDA:603,60,0,0
BRDA:603,60,1,0
BRDA:624,61,0,0
BRDA:624,61,1,0
BRDA:627,62,0,0
BRDA:627,62,1,0
BRDA:631,63,0,0
BRDA:631,63,1,0
BRDA:634,64,0,0
BRDA:634,64,1,0
BRDA:635,65,0,0
BRDA:635,65,1,0
BRDA:654,66,0,0
BRDA:658,67,0,0
BRDA:658,67,1,0
BRDA:667,68,0,0
BRDA:667,68,1,0
BRDA:668,69,0,0
BRDA:668,69,1,0
BRDA:699,70,0,0
BRDA:699,70,1,0
BRDA:702,71,0,0
BRDA:702,71,1,0
BRDA:709,72,0,0
BRDA:709,72,1,0
BRDA:712,73,0,0
BRDA:712,73,1,0
BRDA:713,74,0,0
BRDA:713,74,1,0
BRDA:731,75,0,0
BRDA:731,75,1,0
BRDA:734,76,0,0
BRDA:734,76,1,0
BRDA:738,77,0,0
BRDA:738,77,1,0
BRDA:784,78,0,0
BRDA:784,78,1,0
BRDA:785,79,0,0
BRDA:785,79,1,0
BRDA:786,80,0,0
BRDA:786,80,1,0
BRDA:802,81,0,0
BRDA:802,81,1,0
BRDA:821,82,0,0
BRDA:821,82,1,0
BRDA:822,83,0,0
BRDA:822,83,1,0
BRDA:823,84,0,0
BRDA:823,84,1,0
BRDA:824,85,0,0
BRDA:824,85,1,0
BRDA:825,86,0,0
BRDA:825,86,1,0
BRDA:825,87,0,0
BRDA:825,87,1,0
BRDA:826,88,0,0
BRDA:826,88,1,0
BRDA:842,89,0,0
BRDA:842,89,1,0
BRDA:843,90,0,0
BRDA:843,90,1,0
BRDA:844,91,0,0
BRDA:844,91,1,0
BRDA:844,91,2,0
BRDA:845,92,0,0
BRDA:845,92,1,0
BRDA:845,92,2,0
BRDA:846,93,0,0
BRDA:846,93,1,0
BRDA:846,94,0,0
BRDA:846,94,1,0
BRDA:847,95,0,0
BRDA:847,95,1,0
BRDA:849,96,0,0
BRDA:849,96,1,0
BRDA:849,97,0,0
BRDA:849,97,1,0
BRDA:853,98,0,0
BRDA:853,98,1,0
BRDA:865,99,0,0
BRDA:865,99,1,0
BRDA:887,100,0,0
BRDA:887,101,0,0
BRDA:887,101,1,0
BRDA:891,102,0,0
BRDA:891,102,1,0
BRDA:891,103,0,0
BRDA:891,103,1,0
BRDA:898,104,0,0
BRDA:898,104,1,0
BRDA:953,105,0,0
BRDA:953,105,1,0
BRDA:962,106,0,0
BRDA:962,107,0,0
BRDA:962,108,0,0
BRDA:962,108,1,0
BRDA:966,109,0,0
BRDA:966,109,1,0
BRDA:980,110,0,0
BRDA:980,110,1,0
BRDA:982,111,0,0
BRDA:982,111,1,0
BRDA:982,112,0,0
BRDA:982,112,1,0
BRDA:1002,113,0,0
BRDA:1002,113,1,0
BRDA:1016,114,0,0
BRDA:1016,114,1,0
BRDA:1028,115,0,0
BRDA:1028,115,1,0
BRDA:1034,116,0,0
BRDA:1034,116,1,0
BRDA:1036,117,0,0
BRDA:1036,117,1,0
BRDA:1037,118,0,0
BRDA:1037,118,1,0
BRDA:1038,119,0,0
BRDA:1038,119,1,0
BRDA:1039,120,0,0
BRDA:1039,120,1,0
BRDA:1040,121,0,0
BRDA:1040,121,1,0
BRDA:1041,122,0,0
BRDA:1041,122,1,0
BRDA:1042,123,0,0
BRDA:1042,123,1,0
BRDA:1043,124,0,0
BRDA:1043,124,1,0
BRDA:1050,125,0,0
BRDA:1050,125,1,0
BRDA:1064,126,0,0
BRDA:1064,126,1,0
BRDA:1066,127,0,0
BRDA:1066,127,1,0
BRDA:1078,128,0,0
BRDA:1078,128,1,0
BRDA:1081,129,0,0
BRDA:1081,129,1,0
BRDA:1084,130,0,0
BRDA:1084,130,1,0
BRDA:1085,131,0,0
BRDA:1085,131,1,0
BRDA:1088,132,0,0
BRDA:1088,132,1,0
BRDA:1089,133,0,0
BRDA:1089,133,1,0
BRDA:1092,134,0,0
BRDA:1092,134,1,0
BRDA:1093,135,0,0
BRDA:1093,135,1,0
BRDA:1096,136,0,0
BRDA:1096,136,1,0
BRDA:1097,137,0,0
BRDA:1097,137,1,0
BRDA:1099,138,0,0
BRDA:1099,138,1,0
BRDA:1099,138,2,0
BRDA:1102,139,0,0
BRDA:1102,139,1,0
BRDA:1120,140,0,0
BRDA:1120,140,1,0
BRDA:1121,141,0,0
BRDA:1121,141,1,0
BRDA:1121,142,0,0
BRDA:1121,142,1,0
BRDA:1129,143,0,0
BRDA:1129,143,1,0
BRDA:1129,144,0,0
BRDA:1129,144,1,0
BRDA:1133,145,0,0
BRDA:1133,145,1,0
BRDA:1133,146,0,0
BRDA:1133,146,1,0
BRDA:1136,147,0,0
BRDA:1136,147,1,0
BRDA:1164,148,0,0
BRDA:1164,148,1,0
BRDA:1175,149,0,0
BRDA:1175,149,1,0
BRDA:1175,150,0,0
BRDA:1175,150,1,0
BRDA:1184,151,0,0
BRDA:1184,151,1,0
BRDA:1184,152,0,0
BRDA:1184,152,1,0
BRDA:1201,153,0,0
BRDA:1201,153,1,0
BRDA:1206,154,0,0
BRDA:1206,154,1,0
BRDA:1237,155,0,0
BRDA:1237,156,0,0
BRDA:1237,156,1,0
BRDA:1238,157,0,0
BRDA:1238,157,1,0
BRDA:1239,158,0,0
BRDA:1239,158,1,0
BRDA:1240,159,0,0
BRDA:1240,159,1,0
BRDA:1240,160,0,0
BRDA:1240,160,1,0
BRDA:1244,161,0,0
BRDA:1244,161,1,0
BRDA:1244,162,0,0
BRDA:1244,162,1,0
BRDA:1249,163,0,0
BRDA:1249,163,1,0
BRDA:1287,164,0,0
BRDA:1287,164,1,0
BRDA:1288,165,0,0
BRDA:1288,165,1,0
BRDA:1289,166,0,0
BRDA:1289,166,1,0
BRDA:1289,167,0,0
BRDA:1289,167,1,0
BRDA:1293,168,0,0
BRDA:1293,168,1,0
BRDA:1293,169,0,0
BRDA:1293,169,1,0
BRDA:1322,170,0,0
BRDA:1322,170,1,0
BRDA:1323,171,0,0
BRDA:1323,171,1,0
BRDA:1323,172,0,0
BRDA:1323,172,1,0
BRDA:1328,173,0,0
BRDA:1328,173,1,0
BRDA:1328,174,0,0
BRDA:1328,174,1,0
BRDA:1344,175,0,0
BRDA:1344,176,0,0
BRDA:1344,176,1,0
BRDA:1345,177,0,0
BRDA:1345,177,1,0
BRDA:1346,178,0,0
BRDA:1346,178,1,0
BRDA:1346,179,0,0
BRDA:1346,179,1,0
BRDA:1350,180,0,0
BRDA:1350,180,1,0
BRDA:1350,181,0,0
BRDA:1350,181,1,0
BRDA:1351,182,0,0
BRDA:1351,182,1,0
BRDA:1354,183,0,0
BRDA:1354,183,1,0
BRDA:1371,184,0,0
BRDA:1371,184,1,0
BRDA:1372,185,0,0
BRDA:1372,185,1,0
BRDA:1372,186,0,0
BRDA:1372,186,1,0
BRDA:1372,186,2,0
BRDA:1385,187,0,0
BRDA:1385,187,1,0
BRDA:1386,188,0,0
BRDA:1386,188,1,0
BRDA:1386,189,0,0
BRDA:1386,189,1,0
BRDA:1403,190,0,0
BRDA:1403,190,1,0
BRDA:1404,191,0,0
BRDA:1404,191,1,0
BRDA:1414,192,0,0
BRDA:1417,193,0,0
BRDA:1417,193,1,0
BRDA:1418,194,0,0
BRDA:1418,194,1,0
BRDA:1419,195,0,0
BRDA:1419,195,1,0
BRDA:1423,196,0,0
BRDA:1423,196,1,0
BRDA:1436,197,0,0
BRDA:1436,197,1,0
BRDA:1458,198,0,0
BRDA:1458,198,1,0
BRDA:1459,199,0,0
BRDA:1459,199,1,0
BRDA:1463,200,0,0
BRDA:1463,200,1,0
BRDA:1496,201,0,0
BRDA:1496,201,1,0
BRDA:1497,202,0,0
BRDA:1497,202,1,0
BRDA:1501,203,0,0
BRDA:1501,203,1,0
BRDA:1564,204,0,0
BRDA:1564,204,1,0
BRDA:1577,205,0,0
BRDA:1577,206,0,0
BRDA:1577,206,1,0
BRDA:1578,207,0,0
BRDA:1578,207,1,0
BRDA:1578,208,0,0
BRDA:1578,208,1,0
BRDA:1581,209,0,0
BRDA:1581,209,1,0
BRDA:1588,210,0,0
BRDA:1588,210,1,0
BRDA:1631,211,0,0
BRDA:1631,212,0,0
BRDA:1631,212,1,0
BRDA:1632,213,0,0
BRDA:1632,213,1,0
BRDA:1632,214,0,0
BRDA:1632,214,1,0
BRDA:1641,215,0,0
BRDA:1641,215,1,0
BRDA:1681,216,0,0
BRDA:1681,217,0,0
BRDA:1681,217,1,0
BRDA:1682,218,0,0
BRDA:1682,218,1,0
BRDA:1682,219,0,0
BRDA:1682,219,1,0
BRDA:1688,220,0,0
BRDA:1688,220,1,0
BRDA:1698,221,0,0
BRDA:1698,221,1,0
BRF:438
BRH:0
end_of_record
TN:
SF:src\routes\advertiserRoutes.js
FN:6,(anonymous_0)
FNF:1
FNH:0
FNDA:0,(anonymous_0)
DA:1,0
DA:2,0
DA:3,0
DA:6,0
DA:7,0
DA:8,0
DA:9,0
DA:10,0
DA:11,0
DA:13,0
DA:15,0
DA:19,0
LF:12
LH:0
BRDA:10,0,0,0
BRDA:10,0,1,0
BRF:2
BRH:0
end_of_record
TN:
SF:src\routes\authRoutes.js
FN:11,(anonymous_0)
FN:62,(anonymous_1)
FN:106,(anonymous_2)
FN:121,(anonymous_3)
FNF:4
FNH:0
FNDA:0,(anonymous_0)
FNDA:0,(anonymous_1)
FNDA:0,(anonymous_2)
FNDA:0,(anonymous_3)
DA:1,0
DA:2,0
DA:3,0
DA:4,0
DA:5,0
DA:6,0
DA:7,0
DA:8,0
DA:11,0
DA:12,0
DA:13,0
DA:14,0
DA:16,0
DA:17,0
DA:18,0
DA:20,0
DA:21,0
DA:22,0
DA:24,0
DA:25,0
DA:32,0
DA:33,0
DA:34,0
DA:35,0
DA:37,0
DA:41,0
DA:42,0
DA:43,0
DA:45,0
DA:46,0
DA:50,0
DA:51,0
DA:53,0
DA:54,0
DA:55,0
DA:57,0
DA:62,0
DA:63,0
DA:64,0
DA:65,0
DA:67,0
DA:68,0
DA:69,0
DA:70,0
DA:72,0
DA:76,0
DA:78,0
DA:79,0
DA:86,0
DA:87,0
DA:88,0
DA:90,0
DA:91,0
DA:94,0
DA:96,0
DA:97,0
DA:98,0
DA:99,0
DA:101,0
DA:106,0
DA:107,0
DA:108,0
DA:109,0
DA:110,0
DA:111,0
DA:112,0
DA:113,0
DA:115,0
DA:116,0
DA:121,0
DA:122,0
DA:123,0
DA:124,0
DA:125,0
DA:126,0
DA:127,0
DA:129,0
DA:131,0
DA:132,0
DA:136,0
LF:80
LH:0
BRDA:12,0,0,0
BRDA:12,0,1,0
BRDA:13,1,0,0
BRDA:13,1,1,0
BRDA:13,2,0,0
BRDA:13,2,1,0
BRDA:17,3,0,0
BRDA:17,3,1,0
BRDA:42,4,0,0
BRDA:42,4,1,0
BRDA:54,5,0,0
BRDA:54,5,1,0
BRDA:63,6,0,0
BRDA:63,6,1,0
BRDA:64,7,0,0
BRDA:64,7,1,0
BRDA:64,8,0,0
BRDA:64,8,1,0
BRDA:69,9,0,0
BRDA:69,9,1,0
BRDA:87,10,0,0
BRDA:87,10,1,0
BRDA:88,11,0,0
BRDA:88,11,1,0
BRDA:90,12,0,0
BRDA:90,12,1,0
BRDA:91,13,0,0
BRDA:91,13,1,0
BRDA:96,14,0,0
BRDA:96,14,1,0
BRDA:98,15,0,0
BRDA:98,15,1,0
BRDA:98,16,0,0
BRDA:98,16,1,0
BRDA:98,16,2,0
BRDA:107,17,0,0
BRDA:107,17,1,0
BRDA:108,18,0,0
BRDA:108,18,1,0
BRDA:122,19,0,0
BRDA:122,19,1,0
BRDA:123,20,0,0
BRDA:123,20,1,0
BRF:43
BRH:0
end_of_record
TN:
SF:src\routes\campaignManagementRoutes.js
FN:11,verifyCampaignOwnership
FN:28,(anonymous_1)
FN:66,(anonymous_2)
FN:104,(anonymous_3)
FN:157,(anonymous_4)
FNF:5
FNH:0
FNDA:0,verifyCampaignOwnership
FNDA:0,(anonymous_1)
FNDA:0,(anonymous_2)
FNDA:0,(anonymous_3)
FNDA:0,(anonymous_4)
DA:1,0
DA:2,0
DA:3,0
DA:4,0
DA:5,0
DA:6,0
DA:7,0
DA:8,0
DA:12,0
DA:14,0
DA:15,0
DA:16,0
DA:18,0
DA:19,0
DA:20,0
DA:21,0
DA:22,0
DA:24,0
DA:28,0
DA:29,0
DA:30,0
DA:31,0
DA:32,0
DA:33,0
DA:34,0
DA:35,0
DA:36,0
DA:37,0
DA:41,0
DA:51,0
DA:61,0
DA:62,0
DA:66,0
DA:67,0
DA:68,0
DA:69,0
DA:70,0
DA:71,0
DA:72,0
DA:73,0
DA:74,0
DA:75,0
DA:79,0
DA:89,0
DA:99,0
DA:100,0
DA:104,0
DA:105,0
DA:106,0
DA:107,0
DA:108,0
DA:110,0
DA:111,0
DA:114,0
DA:117,0
DA:118,0
DA:119,0
DA:121,0
DA:125,0
DA:127,0
DA:129,0
DA:135,0
DA:141,0
DA:144,0
DA:145,0
DA:146,0
DA:147,0
DA:150,0
DA:152,0
DA:153,0
DA:157,0
DA:158,0
DA:159,0
DA:160,0
DA:161,0
DA:163,0
DA:171,0
DA:174,0
LF:78
LH:0
BRDA:19,0,0,0
BRDA:19,0,1,0
BRDA:21,1,0,0
BRDA:21,1,1,0
BRDA:21,2,0,0
BRDA:21,2,1,0
BRDA:32,3,0,0
BRDA:32,3,1,0
BRDA:34,4,0,0
BRDA:34,4,1,0
BRDA:35,5,0,0
BRDA:35,5,1,0
BRDA:70,6,0,0
BRDA:70,6,1,0
BRDA:72,7,0,0
BRDA:72,7,1,0
BRDA:73,8,0,0
BRDA:73,8,1,0
BRDA:108,9,0,0
BRDA:108,9,1,0
BRDA:110,10,0,0
BRDA:110,10,1,0
BRDA:117,11,0,0
BRDA:117,11,1,0
BRDA:117,12,0,0
BRDA:117,12,1,0
BRDA:144,13,0,0
BRDA:144,13,1,0
BRDA:145,14,0,0
BRDA:145,14,1,0
BRDA:161,15,0,0
BRDA:161,15,1,0
BRF:32
BRH:0
end_of_record
TN:
SF:src\routes\healthRoutes.js
FN:8,(anonymous_0)
FN:14,(anonymous_1)
FN:14,(anonymous_2)
FN:17,(anonymous_3)
FN:21,(anonymous_4)
FN:22,(anonymous_5)
FN:23,(anonymous_6)
FN:24,(anonymous_7)
FN:25,(anonymous_8)
FN:76,formatBytes
FNF:10
FNH:0
FNDA:0,(anonymous_0)
FNDA:0,(anonymous_1)
FNDA:0,(anonymous_2)
FNDA:0,(anonymous_3)
FNDA:0,(anonymous_4)
FNDA:0,(anonymous_5)
FNDA:0,(anonymous_6)
FNDA:0,(anonymous_7)
FNDA:0,(anonymous_8)
FNDA:0,formatBytes
DA:1,0
DA:2,0
DA:3,0
DA:5,0
DA:8,0
DA:9,0
DA:10,0
DA:11,0
DA:14,0
DA:17,0
DA:20,0
DA:21,0
DA:22,0
DA:23,0
DA:24,0
DA:25,0
DA:29,0
DA:31,0
DA:33,0
DA:67,0
DA:77,0
DA:78,0
DA:79,0
DA:80,0
DA:81,0
DA:84,0
LF:26
LH:0
BRDA:34,0,0,0
BRDA:34,0,1,0
BRDA:42,1,0,0
BRDA:42,1,1,0
BRDA:43,2,0,0
BRDA:43,2,1,0
BRDA:44,3,0,0
BRDA:44,3,1,0
BRDA:45,4,0,0
BRDA:45,4,1,0
BRDA:46,5,0,0
BRDA:46,5,1,0
BRDA:47,6,0,0
BRDA:47,6,1,0
BRDA:48,7,0,0
BRDA:48,7,1,0
BRDA:77,8,0,0
BRDA:77,8,1,0
BRF:18
BRH:0
end_of_record
TN:
SF:src\routes\playgroundRoutes.js
FN:31,groundTypeNormalizedTokensExpr
FN:46,parseGroundTypeQueryTokens
FN:51,(anonymous_2)
FN:67,buildGroundTypeSearchClause
FN:76,(anonymous_4)
FN:88,normalizeRoutePlaygroundId
FN:100,denudeExtendedJsonAndDates
FN:119,deepOmitMongoIds
FN:132,sanitizePlaygroundUpdateBody
FN:153,upsertRatingAndRecalculate
FN:186,(anonymous_10)
FN:197,(anonymous_11)
FN:220,(anonymous_12)
FN:224,(anonymous_13)
FN:235,(anonymous_14)
FN:291,(anonymous_15)
FN:293,(anonymous_16)
FN:305,(anonymous_17)
FN:335,(anonymous_18)
FN:336,(anonymous_19)
FN:348,(anonymous_20)
FN:500,(anonymous_21)
FN:604,(anonymous_22)
FN:634,(anonymous_23)
FN:688,(anonymous_24)
FN:713,(anonymous_25)
FN:743,(anonymous_26)
FN:796,(anonymous_27)
FN:863,(anonymous_28)
FN:879,(anonymous_29)
FN:910,(anonymous_30)
FN:912,(anonymous_31)
FN:931,(anonymous_32)
FNF:33
FNH:0
FNDA:0,groundTypeNormalizedTokensExpr
FNDA:0,parseGroundTypeQueryTokens
FNDA:0,(anonymous_2)
FNDA:0,buildGroundTypeSearchClause
FNDA:0,(anonymous_4)
FNDA:0,normalizeRoutePlaygroundId
FNDA:0,denudeExtendedJsonAndDates
FNDA:0,deepOmitMongoIds
FNDA:0,sanitizePlaygroundUpdateBody
FNDA:0,upsertRatingAndRecalculate
FNDA:0,(anonymous_10)
FNDA:0,(anonymous_11)
FNDA:0,(anonymous_12)
FNDA:0,(anonymous_13)
FNDA:0,(anonymous_14)
FNDA:0,(anonymous_15)
FNDA:0,(anonymous_16)
FNDA:0,(anonymous_17)
FNDA:0,(anonymous_18)
FNDA:0,(anonymous_19)
FNDA:0,(anonymous_20)
FNDA:0,(anonymous_21)
FNDA:0,(anonymous_22)
FNDA:0,(anonymous_23)
FNDA:0,(anonymous_24)
FNDA:0,(anonymous_25)
FNDA:0,(anonymous_26)
FNDA:0,(anonymous_27)
FNDA:0,(anonymous_28)
FNDA:0,(anonymous_29)
FNDA:0,(anonymous_30)
FNDA:0,(anonymous_31)
FNDA:0,(anonymous_32)
DA:1,0
DA:2,0
DA:3,0
DA:4,0
DA:5,0
DA:6,0
DA:7,0
DA:8,0
DA:12,0
DA:13,0
DA:14,0
DA:15,0
DA:16,0
DA:17,0
DA:19,0
DA:28,0
DA:32,0
DA:47,0
DA:48,0
DA:49,0
DA:50,0
DA:51,0
DA:52,0
DA:53,0
DA:56,0
DA:68,0
DA:69,0
DA:70,0
DA:71,0
DA:72,0
DA:73,0
DA:74,0
DA:76,0
DA:79,0
DA:80,0
DA:82,0
DA:83,0
DA:84,0
DA:89,0
DA:90,0
DA:91,0
DA:93,0
DA:101,0
DA:102,0
DA:103,0
DA:104,0
DA:105,0
DA:106,0
DA:108,0
DA:109,0
DA:110,0
DA:112,0
DA:113,0
DA:114,0
DA:116,0
DA:120,0
DA:121,0
DA:122,0
DA:123,0
DA:124,0
DA:125,0
DA:126,0
DA:127,0
DA:129,0
DA:133,0
DA:134,0
DA:135,0
DA:136,0
DA:138,0
DA:139,0
DA:141,0
DA:154,0
DA:155,0
DA:158,0
DA:168,0
DA:173,0
DA:174,0
DA:177,0
DA:178,0
DA:182,0
DA:186,0
DA:187,0
DA:188,0
DA:189,0
DA:190,0
DA:192,0
DA:197,0
DA:198,0
DA:199,0
DA:201,0
DA:206,0
DA:207,0
DA:208,0
DA:210,0
DA:217,0
DA:218,0
DA:219,0
DA:220,0
DA:223,0
DA:224,0
DA:225,0
DA:226,0
DA:227,0
DA:230,0
DA:235,0
DA:236,0
DA:243,0
DA:245,0
DA:247,0
DA:248,0
DA:256,0
DA:257,0
DA:258,0
DA:259,0
DA:260,0
DA:261,0
DA:262,0
DA:263,0
DA:264,0
DA:265,0
DA:266,0
DA:267,0
DA:268,0
DA:269,0
DA:270,0
DA:271,0
DA:272,0
DA:273,0
DA:274,0
DA:275,0
DA:276,0
DA:277,0
DA:278,0
DA:279,0
DA:280,0
DA:281,0
DA:282,0
DA:283,0
DA:284,0
DA:286,0
DA:287,0
DA:288,0
DA:289,0
DA:290,0
DA:291,0
DA:293,0
DA:294,0
DA:295,0
DA:296,0
DA:299,0
DA:305,0
DA:306,0
DA:307,0
DA:308,0
DA:309,0
DA:310,0
DA:311,0
DA:312,0
DA:313,0
DA:314,0
DA:315,0
DA:320,0
DA:321,0
DA:322,0
DA:323,0
DA:326,0
DA:327,0
DA:332,0
DA:334,0
DA:335,0
DA:336,0
DA:338,0
DA:340,0
DA:343,0
DA:348,0
DA:349,0
DA:364,0
DA:365,0
DA:367,0
DA:368,0
DA:369,0
DA:370,0
DA:371,0
DA:372,0
DA:373,0
DA:374,0
DA:375,0
DA:384,0
DA:391,0
DA:439,0
DA:440,0
DA:450,0
DA:451,0
DA:460,0
DA:461,0
DA:465,0
DA:473,0
DA:474,0
DA:488,0
DA:495,0
DA:500,0
DA:501,0
DA:502,0
DA:503,0
DA:504,0
DA:507,0
DA:513,0
DA:514,0
DA:515,0
DA:519,0
DA:520,0
DA:521,0
DA:522,0
DA:525,0
DA:527,0
DA:528,0
DA:538,0
DA:539,0
DA:549,0
DA:550,0
DA:551,0
DA:552,0
DA:553,0
DA:554,0
DA:556,0
DA:562,0
DA:563,0
DA:570,0
DA:572,0
DA:579,0
DA:592,0
DA:599,0
DA:604,0
DA:605,0
DA:606,0
DA:607,0
DA:608,0
DA:609,0
DA:610,0
DA:611,0
DA:614,0
DA:615,0
DA:616,0
DA:619,0
DA:620,0
DA:625,0
DA:626,0
DA:629,0
DA:630,0
DA:631,0
DA:634,0
DA:635,0
DA:636,0
DA:637,0
DA:638,0
DA:640,0
DA:643,0
DA:644,0
DA:646,0
DA:647,0
DA:648,0
DA:651,0
DA:653,0
DA:663,0
DA:664,0
DA:669,0
DA:678,0
DA:679,0
DA:687,0
DA:688,0
DA:689,0
DA:690,0
DA:691,0
DA:694,0
DA:695,0
DA:699,0
DA:700,0
DA:701,0
DA:702,0
DA:705,0
DA:706,0
DA:708,0
DA:713,0
DA:714,0
DA:715,0
DA:716,0
DA:718,0
DA:719,0
DA:722,0
DA:723,0
DA:724,0
DA:725,0
DA:727,0
DA:730,0
DA:731,0
DA:732,0
DA:733,0
DA:736,0
DA:738,0
DA:743,0
DA:744,0
DA:745,0
DA:746,0
DA:747,0
DA:750,0
DA:751,0
DA:755,0
DA:756,0
DA:757,0
DA:761,0
DA:762,0
DA:763,0
DA:764,0
DA:767,0
DA:768,0
DA:786,0
DA:787,0
DA:791,0
DA:792,0
DA:793,0
DA:796,0
DA:797,0
DA:798,0
DA:799,0
DA:800,0
DA:802,0
DA:805,0
DA:806,0
DA:809,0
DA:810,0
DA:811,0
DA:812,0
DA:816,0
DA:822,0
DA:828,0
DA:829,0
DA:830,0
DA:831,0
DA:832,0
DA:833,0
DA:837,0
DA:840,0
DA:841,0
DA:842,0
DA:843,0
DA:846,0
DA:847,0
DA:848,0
DA:858,0
DA:863,0
DA:864,0
DA:865,0
DA:866,0
DA:867,0
DA:871,0
DA:872,0
DA:874,0
DA:879,0
DA:880,0
DA:881,0
DA:882,0
DA:883,0
DA:884,0
DA:885,0
DA:886,0
DA:887,0
DA:896,0
DA:905,0
DA:906,0
DA:907,0
DA:908,0
DA:909,0
DA:910,0
DA:911,0
DA:912,0
DA:913,0
DA:916,0
DA:918,0
DA:924,0
DA:926,0
DA:931,0
DA:932,0
DA:933,0
DA:934,0
DA:935,0
DA:936,0
DA:937,0
DA:938,0
DA:941,0
DA:946,0
DA:947,0
DA:950,0
DA:952,0
DA:964,0
DA:966,0
DA:970,0
DA:971,0
DA:972,0
DA:973,0
DA:974,0
LF:400
LH:0
BRDA:47,0,0,0
BRDA:47,0,1,0
BRDA:47,1,0,0
BRDA:47,1,1,0
BRDA:48,2,0,0
BRDA:48,2,1,0
BRDA:53,3,0,0
BRDA:53,3,1,0
BRDA:72,4,0,0
BRDA:72,4,1,0
BRDA:73,5,0,0
BRDA:73,5,1,0
BRDA:82,6,0,0
BRDA:82,6,1,0
BRDA:83,7,0,0
BRDA:83,7,1,0
BRDA:89,8,0,0
BRDA:89,8,1,0
BRDA:89,9,0,0
BRDA:89,9,1,0
BRDA:90,10,0,0
BRDA:90,10,1,0
BRDA:90,11,0,0
BRDA:90,11,1,0
BRDA:90,11,2,0
BRDA:101,12,0,0
BRDA:101,12,1,0
BRDA:101,13,0,0
BRDA:101,13,1,0
BRDA:102,14,0,0
BRDA:102,14,1,0
BRDA:103,15,0,0
BRDA:103,15,1,0
BRDA:104,16,0,0
BRDA:104,16,1,0
BRDA:105,17,0,0
BRDA:105,17,1,0
BRDA:105,18,0,0
BRDA:105,18,1,0
BRDA:108,19,0,0
BRDA:108,19,1,0
BRDA:108,20,0,0
BRDA:108,20,1,0
BRDA:110,21,0,0
BRDA:110,21,1,0
BRDA:120,22,0,0
BRDA:120,22,1,0
BRDA:120,23,0,0
BRDA:120,23,1,0
BRDA:121,24,0,0
BRDA:121,24,1,0
BRDA:122,25,0,0
BRDA:122,25,1,0
BRDA:123,26,0,0
BRDA:123,26,1,0
BRDA:126,27,0,0
BRDA:126,27,1,0
BRDA:133,28,0,0
BRDA:133,28,1,0
BRDA:138,29,0,0
BRDA:138,29,1,0
BRDA:138,30,0,0
BRDA:138,30,1,0
BRDA:173,31,0,0
BRDA:173,31,1,0
BRDA:174,32,0,0
BRDA:174,32,1,0
BRDA:190,33,0,0
BRDA:190,33,1,0
BRDA:201,34,0,0
BRDA:201,34,1,0
BRDA:206,35,0,0
BRDA:206,35,1,0
BRDA:208,36,0,0
BRDA:208,36,1,0
BRDA:218,37,0,0
BRDA:218,37,1,0
BRDA:223,38,0,0
BRDA:223,38,1,0
BRDA:226,39,0,0
BRDA:226,39,1,0
BRDA:247,40,0,0
BRDA:247,40,1,0
BRDA:247,41,0,0
BRDA:247,41,1,0
BRDA:247,41,2,0
BRDA:257,42,0,0
BRDA:257,42,1,0
BRDA:258,43,0,0
BRDA:258,43,1,0
BRDA:259,44,0,0
BRDA:259,44,1,0
BRDA:259,45,0,0
BRDA:259,45,1,0
BRDA:260,46,0,0
BRDA:260,46,1,0
BRDA:261,47,0,0
BRDA:261,47,1,0
BRDA:262,48,0,0
BRDA:262,48,1,0
BRDA:263,49,0,0
BRDA:263,49,1,0
BRDA:264,50,0,0
BRDA:264,50,1,0
BRDA:265,51,0,0
BRDA:265,51,1,0
BRDA:267,52,0,0
BRDA:267,52,1,0
BRDA:268,53,0,0
BRDA:268,53,1,0
BRDA:269,54,0,0
BRDA:269,54,1,0
BRDA:270,55,0,0
BRDA:270,55,1,0
BRDA:271,56,0,0
BRDA:271,56,1,0
BRDA:272,57,0,0
BRDA:272,57,1,0
BRDA:273,58,0,0
BRDA:273,58,1,0
BRDA:274,59,0,0
BRDA:274,59,1,0
BRDA:275,60,0,0
BRDA:275,60,1,0
BRDA:276,61,0,0
BRDA:276,61,1,0
BRDA:277,62,0,0
BRDA:277,62,1,0
BRDA:278,63,0,0
BRDA:278,63,1,0
BRDA:279,64,0,0
BRDA:279,64,1,0
BRDA:280,65,0,0
BRDA:280,65,1,0
BRDA:281,66,0,0
BRDA:281,66,1,0
BRDA:282,67,0,0
BRDA:282,67,1,0
BRDA:283,68,0,0
BRDA:283,68,1,0
BRDA:283,69,0,0
BRDA:283,69,1,0
BRDA:284,70,0,0
BRDA:284,70,1,0
BRDA:284,71,0,0
BRDA:284,71,1,0
BRDA:289,72,0,0
BRDA:289,72,1,0
BRDA:295,73,0,0
BRDA:295,73,1,0
BRDA:310,74,0,0
BRDA:310,74,1,0
BRDA:313,75,0,0
BRDA:313,75,1,0
BRDA:313,76,0,0
BRDA:313,76,1,0
BRDA:321,77,0,0
BRDA:321,77,1,0
BRDA:332,78,0,0
BRDA:332,78,1,0
BRDA:335,79,0,0
BRDA:335,79,1,0
BRDA:365,80,0,0
BRDA:365,80,1,0
BRDA:368,81,0,0
BRDA:368,81,1,0
BRDA:368,82,0,0
BRDA:368,82,1,0
BRDA:374,83,0,0
BRDA:374,83,1,0
BRDA:374,84,0,0
BRDA:374,84,1,0
BRDA:377,85,0,0
BRDA:377,85,1,0
BRDA:380,86,0,0
BRDA:380,86,1,0
BRDA:380,87,0,0
BRDA:380,87,1,0
BRDA:394,88,0,0
BRDA:394,88,1,0
BRDA:395,89,0,0
BRDA:395,89,1,0
BRDA:397,90,0,0
BRDA:397,90,1,0
BRDA:398,91,0,0
BRDA:398,91,1,0
BRDA:399,92,0,0
BRDA:399,92,1,0
BRDA:399,93,0,0
BRDA:399,93,1,0
BRDA:406,94,0,0
BRDA:406,94,1,0
BRDA:406,95,0,0
BRDA:406,95,1,0
BRDA:407,96,0,0
BRDA:407,96,1,0
BRDA:408,97,0,0
BRDA:408,97,1,0
BRDA:408,98,0,0
BRDA:408,98,1,0
BRDA:409,99,0,0
BRDA:409,99,1,0
BRDA:409,100,0,0
BRDA:409,100,1,0
BRDA:410,101,0,0
BRDA:410,101,1,0
BRDA:410,102,0,0
BRDA:410,102,1,0
BRDA:411,103,0,0
BRDA:411,103,1,0
BRDA:411,104,0,0
BRDA:411,104,1,0
BRDA:412,105,0,0
BRDA:412,105,1,0
BRDA:413,106,0,0
BRDA:413,106,1,0
BRDA:414,107,0,0
BRDA:414,107,1,0
BRDA:415,108,0,0
BRDA:415,108,1,0
BRDA:416,109,0,0
BRDA:416,109,1,0
BRDA:417,110,0,0
BRDA:417,110,1,0
BRDA:418,111,0,0
BRDA:418,111,1,0
BRDA:419,112,0,0
BRDA:419,112,1,0
BRDA:420,113,0,0
BRDA:420,113,1,0
BRDA:421,114,0,0
BRDA:421,114,1,0
BRDA:422,115,0,0
BRDA:422,115,1,0
BRDA:423,116,0,0
BRDA:423,116,1,0
BRDA:424,117,0,0
BRDA:424,117,1,0
BRDA:425,118,0,0
BRDA:425,118,1,0
BRDA:426,119,0,0
BRDA:426,119,1,0
BRDA:427,120,0,0
BRDA:427,120,1,0
BRDA:428,121,0,0
BRDA:428,121,1,0
BRDA:429,122,0,0
BRDA:429,122,1,0
BRDA:430,123,0,0
BRDA:430,123,1,0
BRDA:431,124,0,0
BRDA:431,124,1,0
BRDA:433,125,0,0
BRDA:433,125,1,0
BRDA:447,126,0,0
BRDA:447,126,1,0
BRDA:450,127,0,0
BRDA:450,127,1,0
BRDA:514,128,0,0
BRDA:514,128,1,0
BRDA:522,129,0,0
BRDA:522,129,1,0
BRDA:535,130,0,0
BRDA:535,130,1,0
BRDA:538,131,0,0
BRDA:538,131,1,0
BRDA:551,132,0,0
BRDA:551,132,1,0
BRDA:567,133,0,0
BRDA:567,133,1,0
BRDA:574,134,0,0
BRDA:574,134,1,0
BRDA:583,135,0,0
BRDA:583,135,1,0
BRDA:607,136,0,0
BRDA:607,136,1,0
BRDA:610,137,0,0
BRDA:610,137,1,0
BRDA:610,138,0,0
BRDA:610,138,1,0
BRDA:616,139,0,0
BRDA:616,139,1,0
BRDA:625,140,0,0
BRDA:625,140,1,0
BRDA:629,141,0,0
BRDA:629,141,1,0
BRDA:630,142,0,0
BRDA:630,142,1,0
BRDA:630,143,0,0
BRDA:630,143,1,0
BRDA:646,144,0,0
BRDA:646,144,1,0
BRDA:647,145,0,0
BRDA:647,145,1,0
BRDA:647,146,0,0
BRDA:647,146,1,0
BRDA:678,147,0,0
BRDA:678,147,1,0
BRDA:689,148,0,0
BRDA:689,148,1,0
BRDA:690,149,0,0
BRDA:690,149,1,0
BRDA:690,149,2,0
BRDA:694,150,0,0
BRDA:694,150,1,0
BRDA:700,151,0,0
BRDA:700,151,1,0
BRDA:716,152,0,0
BRDA:716,152,1,0
BRDA:718,153,0,0
BRDA:718,153,1,0
BRDA:718,154,0,0
BRDA:718,154,1,0
BRDA:718,154,2,0
BRDA:725,155,0,0
BRDA:725,155,1,0
BRDA:731,156,0,0
BRDA:731,156,1,0
BRDA:746,157,0,0
BRDA:746,157,1,0
BRDA:750,158,0,0
BRDA:750,158,1,0
BRDA:750,159,0,0
BRDA:750,159,1,0
BRDA:755,160,0,0
BRDA:755,160,1,0
BRDA:755,161,0,0
BRDA:755,161,1,0
BRDA:756,162,0,0
BRDA:756,162,1,0
BRDA:756,163,0,0
BRDA:756,163,1,0
BRDA:756,163,2,0
BRDA:764,164,0,0
BRDA:764,164,1,0
BRDA:786,165,0,0
BRDA:786,165,1,0
BRDA:791,166,0,0
BRDA:791,166,1,0
BRDA:792,167,0,0
BRDA:792,167,1,0
BRDA:792,168,0,0
BRDA:792,168,1,0
BRDA:809,169,0,0
BRDA:809,169,1,0
BRDA:809,169,2,0
BRDA:809,169,3,0
BRDA:810,170,0,0
BRDA:810,170,1,0
BRDA:811,171,0,0
BRDA:811,171,1,0
BRDA:811,172,0,0
BRDA:811,172,1,0
BRDA:811,172,2,0
BRDA:828,173,0,0
BRDA:828,173,1,0
BRDA:829,174,0,0
BRDA:829,174,1,0
BRDA:830,175,0,0
BRDA:830,175,1,0
BRDA:830,176,0,0
BRDA:830,176,1,0
BRDA:841,177,0,0
BRDA:841,177,1,0
BRDA:852,178,0,0
BRDA:852,178,1,0
BRDA:852,179,0,0
BRDA:852,179,1,0
BRDA:871,180,0,0
BRDA:871,180,1,0
BRDA:884,181,0,0
BRDA:884,181,1,0
BRDA:884,182,0,0
BRDA:884,182,1,0
BRDA:884,182,2,0
BRDA:886,183,0,0
BRDA:886,183,1,0
BRDA:890,184,0,0
BRDA:890,184,1,0
BRDA:891,185,0,0
BRDA:891,185,1,0
BRDA:907,186,0,0
BRDA:907,186,1,0
BRDA:911,187,0,0
BRDA:911,187,1,0
BRDA:911,188,0,0
BRDA:911,188,1,0
BRDA:912,189,0,0
BRDA:912,189,1,0
BRDA:916,190,0,0
BRDA:916,190,1,0
BRDA:934,191,0,0
BRDA:934,191,1,0
BRDA:938,192,0,0
BRDA:938,192,1,0
BRDA:946,193,0,0
BRDA:946,193,1,0
BRDA:950,194,0,0
BRDA:950,194,1,0
BRDA:950,195,0,0
BRDA:950,195,1,0
BRDA:955,196,0,0
BRDA:955,196,1,0
BRDA:957,197,0,0
BRDA:957,197,1,0
BRF:405
BRH:0
end_of_record
TN:
SF:src\routes\regionRoutes.js
FN:18,fetchPlaygroundsNear
FN:35,mergePlaygroundsById
FN:49,parseGeoFromSearchBody
FN:68,(anonymous_3)
FN:156,(anonymous_4)
FN:185,(anonymous_5)
FN:195,(anonymous_6)
FNF:7
FNH:0
FNDA:0,fetchPlaygroundsNear
FNDA:0,mergePlaygroundsById
FNDA:0,parseGeoFromSearchBody
FNDA:0,(anonymous_3)
FNDA:0,(anonymous_4)
FNDA:0,(anonymous_5)
FNDA:0,(anonymous_6)
DA:1,0
DA:2,0
DA:3,0
DA:4,0
DA:5,0
DA:6,0
DA:7,0
DA:9,0
DA:12,0
DA:19,0
DA:20,0
DA:36,0
DA:37,0
DA:38,0
DA:39,0
DA:40,0
DA:42,0
DA:50,0
DA:51,0
DA:53,0
DA:54,0
DA:55,0
DA:56,0
DA:57,0
DA:59,0
DA:60,0
DA:61,0
DA:63,0
DA:64,0
DA:68,0
DA:69,0
DA:70,0
DA:71,0
DA:74,0
DA:76,0
DA:77,0
DA:79,0
DA:80,0
DA:81,0
DA:83,0
DA:93,0
DA:95,0
DA:98,0
DA:99,0
DA:101,0
DA:102,0
DA:104,0
DA:105,0
DA:109,0
DA:110,0
DA:111,0
DA:122,0
DA:124,0
DA:125,0
DA:136,0
DA:139,0
DA:140,0
DA:141,0
DA:151,0
DA:156,0
DA:157,0
DA:158,0
DA:159,0
DA:162,0
DA:163,0
DA:165,0
DA:166,0
DA:167,0
DA:168,0
DA:169,0
DA:170,0
DA:174,0
DA:180,0
DA:185,0
DA:186,0
DA:187,0
DA:188,0
DA:191,0
DA:192,0
DA:193,0
DA:194,0
DA:195,0
DA:199,0
DA:201,0
DA:205,0
LF:85
LH:0
BRDA:18,0,0,0
BRDA:40,1,0,0
BRDA:40,1,1,0
BRDA:50,2,0,0
BRDA:50,2,1,0
BRDA:50,3,0,0
BRDA:50,3,1,0
BRDA:54,4,0,0
BRDA:54,4,1,0
BRDA:55,5,0,0
BRDA:55,5,1,0
BRDA:56,6,0,0
BRDA:56,6,1,0
BRDA:59,7,0,0
BRDA:59,7,1,0
BRDA:60,8,0,0
BRDA:60,8,1,0
BRDA:61,9,0,0
BRDA:61,9,1,0
BRDA:61,9,2,0
BRDA:61,9,3,0
BRDA:61,9,4,0
BRDA:61,9,5,0
BRDA:63,10,0,0
BRDA:63,10,1,0
BRDA:70,11,0,0
BRDA:70,11,1,0
BRDA:76,12,0,0
BRDA:76,12,1,0
BRDA:80,13,0,0
BRDA:80,13,1,0
BRDA:95,14,0,0
BRDA:95,14,1,0
BRDA:95,15,0,0
BRDA:95,15,1,0
BRDA:95,15,2,0
BRDA:104,16,0,0
BRDA:104,16,1,0
BRDA:113,17,0,0
BRDA:113,17,1,0
BRDA:124,18,0,0
BRDA:124,18,1,0
BRDA:137,19,0,0
BRDA:137,19,1,0
BRDA:139,20,0,0
BRDA:139,20,1,0
BRDA:157,21,0,0
BRDA:157,22,0,0
BRDA:158,23,0,0
BRDA:158,23,1,0
BRDA:162,24,0,0
BRDA:162,24,1,0
BRDA:163,25,0,0
BRDA:163,25,1,0
BRDA:169,26,0,0
BRDA:169,26,1,0
BRDA:187,27,0,0
BRDA:187,27,1,0
BRDA:187,28,0,0
BRDA:187,28,1,0
BRDA:195,29,0,0
BRDA:195,29,1,0
BRF:62
BRH:0
end_of_record
TN:
SF:src\routes\reportRoutes.js
FN:40,(anonymous_0)
FN:64,(anonymous_1)
FN:111,(anonymous_2)
FNF:3
FNH:0
FNDA:0,(anonymous_0)
FNDA:0,(anonymous_1)
FNDA:0,(anonymous_2)
DA:1,0
DA:2,0
DA:3,0
DA:4,0
DA:5,0
DA:6,0
DA:8,0
DA:18,0
DA:24,0
DA:33,0
DA:40,0
DA:41,0
DA:42,0
DA:43,0
DA:44,0
DA:45,0
DA:46,0
DA:47,0
DA:49,0
DA:56,0
DA:57,0
DA:59,0
DA:64,0
DA:65,0
DA:66,0
DA:67,0
DA:68,0
DA:69,0
DA:70,0
DA:71,0
DA:82,0
DA:85,0
DA:86,0
DA:90,0
DA:91,0
DA:92,0
DA:93,0
DA:94,0
DA:95,0
DA:96,0
DA:104,0
DA:106,0
DA:111,0
DA:112,0
DA:113,0
DA:114,0
DA:115,0
DA:116,0
DA:117,0
DA:119,0
DA:123,0
LF:51
LH:0
BRDA:46,0,0,0
BRDA:46,0,1,0
BRDA:70,1,0,0
BRDA:70,1,1,0
BRDA:76,2,0,0
BRDA:76,2,1,0
BRDA:85,3,0,0
BRDA:85,3,1,0
BRDA:90,4,0,0
BRDA:90,4,1,0
BRDA:90,5,0,0
BRDA:90,5,1,0
BRDA:92,6,0,0
BRDA:92,6,1,0
BRDA:93,7,0,0
BRDA:93,7,1,0
BRDA:93,7,2,0
BRDA:95,8,0,0
BRDA:95,8,1,0
BRDA:117,9,0,0
BRDA:117,9,1,0
BRF:21
BRH:0
end_of_record
TN:
SF:src\routes\seedRoutes.js
FN:11,hybridSearchHandler
FN:22,(anonymous_1)
FN:24,(anonymous_2)
FN:39,(anonymous_3)
FN:51,(anonymous_4)
FN:62,(anonymous_5)
FN:79,(anonymous_6)
FN:107,(anonymous_7)
FN:117,normalizeRegionKey
FNF:9
FNH:0
FNDA:0,hybridSearchHandler
FNDA:0,(anonymous_1)
FNDA:0,(anonymous_2)
FNDA:0,(anonymous_3)
FNDA:0,(anonymous_4)
FNDA:0,(anonymous_5)
FNDA:0,(anonymous_6)
FNDA:0,(anonymous_7)
FNDA:0,normalizeRegionKey
DA:1,0
DA:2,0
DA:3,0
DA:4,0
DA:5,0
DA:6,0
DA:7,0
DA:8,0
DA:12,0
DA:13,0
DA:15,0
DA:16,0
DA:17,0
DA:18,0
DA:19,0
DA:20,0
DA:21,0
DA:22,0
DA:24,0
DA:25,0
DA:26,0
DA:27,0
DA:28,0
DA:31,0
DA:33,0
DA:34,0
DA:39,0
DA:40,0
DA:41,0
DA:42,0
DA:43,0
DA:44,0
DA:46,0
DA:51,0
DA:52,0
DA:53,0
DA:54,0
DA:55,0
DA:57,0
DA:62,0
DA:63,0
DA:64,0
DA:65,0
DA:69,0
DA:70,0
DA:71,0
DA:73,0
DA:79,0
DA:80,0
DA:81,0
DA:82,0
DA:83,0
DA:84,0
DA:93,0
DA:95,0
DA:100,0
DA:102,0
DA:107,0
DA:108,0
DA:109,0
DA:112,0
DA:113,0
DA:118,0
DA:120,0
DA:122,0
DA:124,0
DA:125,0
DA:126,0
DA:129,0
DA:142,0
DA:143,0
DA:144,0
DA:150,0
DA:153,0
DA:155,0
DA:160,0
LF:76
LH:0
BRDA:13,0,0,0
BRDA:13,0,1,0
BRDA:13,1,0,0
BRDA:13,1,1,0
BRDA:16,2,0,0
BRDA:16,2,1,0
BRDA:17,3,0,0
BRDA:17,3,1,0
BRDA:19,4,0,0
BRDA:19,4,1,0
BRDA:26,5,0,0
BRDA:26,5,1,0
BRDA:26,5,2,0
BRDA:82,6,0,0
BRDA:82,6,1,0
BRDA:82,7,0,0
BRDA:82,7,1,0
BRDA:93,8,0,0
BRDA:93,8,1,0
BRDA:109,9,0,0
BRDA:109,9,1,0
BRDA:112,10,0,0
BRDA:112,10,1,0
BRDA:112,11,0,0
BRDA:112,11,1,0
BRDA:112,11,2,0
BRDA:112,11,3,0
BRDA:125,12,0,0
BRDA:125,12,1,0
BRDA:135,13,0,0
BRDA:135,13,1,0
BRDA:136,14,0,0
BRDA:136,14,1,0
BRF:33
BRH:0
end_of_record
TN:
SF:src\routes\supportRoutes.js
FN:19,getConsentSnapshot
FN:44,(anonymous_1)
FNF:2
FNH:0
FNDA:0,getConsentSnapshot
FNDA:0,(anonymous_1)
DA:1,0
DA:2,0
DA:3,0
DA:5,0
DA:13,0
DA:20,0
DA:21,0
DA:22,0
DA:32,0
DA:44,0
DA:45,0
DA:46,0
DA:48,0
DA:49,0
DA:50,0
DA:53,0
DA:54,0
DA:56,0
DA:58,0
DA:77,0
DA:79,0
DA:83,0
LF:22
LH:0
BRDA:34,0,0,0
BRDA:34,0,1,0
BRDA:35,1,0,0
BRDA:35,1,1,0
BRDA:36,2,0,0
BRDA:36,2,1,0
BRDA:36,3,0,0
BRDA:36,3,1,0
BRDA:37,4,0,0
BRDA:37,4,1,0
BRDA:38,5,0,0
BRDA:38,5,1,0
BRDA:39,6,0,0
BRDA:39,6,1,0
BRDA:39,7,0,0
BRDA:39,7,1,0
BRDA:46,8,0,0
BRDA:46,8,1,0
BRDA:49,9,0,0
BRDA:49,9,1,0
BRDA:49,10,0,0
BRDA:49,10,1,0
BRDA:54,11,0,0
BRDA:54,11,1,0
BRDA:61,12,0,0
BRDA:61,12,1,0
BRDA:63,13,0,0
BRDA:63,13,1,0
BRDA:64,14,0,0
BRDA:64,14,1,0
BRDA:65,15,0,0
BRDA:65,15,1,0
BRF:32
BRH:0
end_of_record
TN:
SF:src\routes\userRoutes.js
FN:19,(anonymous_0)
FN:55,(anonymous_1)
FN:106,(anonymous_2)
FN:143,(anonymous_3)
FN:144,(anonymous_4)
FN:145,(anonymous_5)
FN:202,(anonymous_6)
FN:211,(anonymous_7)
FN:219,(anonymous_8)
FN:232,(anonymous_9)
FN:236,(anonymous_10)
FN:243,(anonymous_11)
FN:248,(anonymous_12)
FN:253,(anonymous_13)
FN:261,(anonymous_14)
FN:276,(anonymous_15)
FN:280,(anonymous_16)
FN:288,(anonymous_17)
FN:300,(anonymous_18)
FN:305,(anonymous_19)
FN:308,(anonymous_20)
FN:316,(anonymous_21)
FN:332,(anonymous_22)
FN:348,(anonymous_23)
FN:364,(anonymous_24)
FN:376,(anonymous_25)
FN:402,(anonymous_26)
FN:438,(anonymous_27)
FN:462,(anonymous_28)
FN:491,(anonymous_29)
FN:502,(anonymous_30)
FN:513,(anonymous_31)
FN:530,(anonymous_32)
FN:537,(anonymous_33)
FN:547,(anonymous_34)
FN:559,(anonymous_35)
FN:575,(anonymous_36)
FNF:37
FNH:0
FNDA:0,(anonymous_0)
FNDA:0,(anonymous_1)
FNDA:0,(anonymous_2)
FNDA:0,(anonymous_3)
FNDA:0,(anonymous_4)
FNDA:0,(anonymous_5)
FNDA:0,(anonymous_6)
FNDA:0,(anonymous_7)
FNDA:0,(anonymous_8)
FNDA:0,(anonymous_9)
FNDA:0,(anonymous_10)
FNDA:0,(anonymous_11)
FNDA:0,(anonymous_12)
FNDA:0,(anonymous_13)
FNDA:0,(anonymous_14)
FNDA:0,(anonymous_15)
FNDA:0,(anonymous_16)
FNDA:0,(anonymous_17)
FNDA:0,(anonymous_18)
FNDA:0,(anonymous_19)
FNDA:0,(anonymous_20)
FNDA:0,(anonymous_21)
FNDA:0,(anonymous_22)
FNDA:0,(anonymous_23)
FNDA:0,(anonymous_24)
FNDA:0,(anonymous_25)
FNDA:0,(anonymous_26)
FNDA:0,(anonymous_27)
FNDA:0,(anonymous_28)
FNDA:0,(anonymous_29)
FNDA:0,(anonymous_30)
FNDA:0,(anonymous_31)
FNDA:0,(anonymous_32)
FNDA:0,(anonymous_33)
FNDA:0,(anonymous_34)
FNDA:0,(anonymous_35)
FNDA:0,(anonymous_36)
DA:1,0
DA:2,0
DA:3,0
DA:4,0
DA:5,0
DA:6,0
DA:7,0
DA:9,0
DA:19,0
DA:20,0
DA:21,0
DA:22,0
DA:23,0
DA:24,0
DA:26,0
DA:27,0
DA:29,0
DA:30,0
DA:33,0
DA:34,0
DA:36,0
DA:48,0
DA:50,0
DA:55,0
DA:56,0
DA:57,0
DA:58,0
DA:60,0
DA:61,0
DA:63,0
DA:64,0
DA:68,0
DA:74,0
DA:79,0
DA:83,0
DA:101,0
DA:106,0
DA:107,0
DA:108,0
DA:109,0
DA:111,0
DA:113,0
DA:114,0
DA:115,0
DA:116,0
DA:120,0
DA:127,0
DA:134,0
DA:142,0
DA:143,0
DA:144,0
DA:145,0
DA:146,0
DA:149,0
DA:150,0
DA:151,0
DA:157,0
DA:158,0
DA:164,0
DA:172,0
DA:173,0
DA:188,0
DA:189,0
DA:190,0
DA:195,0
DA:197,0
DA:202,0
DA:203,0
DA:204,0
DA:205,0
DA:206,0
DA:207,0
DA:208,0
DA:209,0
DA:211,0
DA:212,0
DA:216,0
DA:218,0
DA:219,0
DA:220,0
DA:224,0
DA:227,0
DA:232,0
DA:233,0
DA:234,0
DA:235,0
DA:236,0
DA:238,0
DA:243,0
DA:244,0
DA:245,0
DA:246,0
DA:247,0
DA:248,0
DA:249,0
DA:251,0
DA:252,0
DA:253,0
DA:254,0
DA:256,0
DA:261,0
DA:262,0
DA:263,0
DA:264,0
DA:265,0
DA:267,0
DA:268,0
DA:269,0
DA:271,0
DA:276,0
DA:277,0
DA:278,0
DA:279,0
DA:280,0
DA:281,0
DA:283,0
DA:288,0
DA:289,0
DA:290,0
DA:291,0
DA:292,0
DA:293,0
DA:295,0
DA:300,0
DA:301,0
DA:302,0
DA:303,0
DA:304,0
DA:305,0
DA:306,0
DA:307,0
DA:308,0
DA:309,0
DA:311,0
DA:316,0
DA:317,0
DA:318,0
DA:319,0
DA:320,0
DA:324,0
DA:325,0
DA:327,0
DA:332,0
DA:333,0
DA:334,0
DA:335,0
DA:336,0
DA:340,0
DA:341,0
DA:343,0
DA:348,0
DA:349,0
DA:350,0
DA:351,0
DA:352,0
DA:356,0
DA:357,0
DA:359,0
DA:364,0
DA:365,0
DA:366,0
DA:367,0
DA:368,0
DA:369,0
DA:371,0
DA:376,0
DA:377,0
DA:378,0
DA:379,0
DA:381,0
DA:382,0
DA:383,0
DA:386,0
DA:389,0
DA:391,0
DA:392,0
DA:393,0
DA:394,0
DA:396,0
DA:397,0
DA:398,0
DA:399,0
DA:400,0
DA:401,0
DA:402,0
DA:408,0
DA:409,0
DA:410,0
DA:416,0
DA:417,0
DA:422,0
DA:425,0
DA:426,0
DA:431,0
DA:433,0
DA:438,0
DA:439,0
DA:440,0
DA:441,0
DA:442,0
DA:443,0
DA:444,0
DA:445,0
DA:457,0
DA:462,0
DA:463,0
DA:464,0
DA:465,0
DA:466,0
DA:467,0
DA:470,0
DA:473,0
DA:474,0
DA:476,0
DA:486,0
DA:491,0
DA:492,0
DA:493,0
DA:494,0
DA:495,0
DA:497,0
DA:502,0
DA:503,0
DA:504,0
DA:505,0
DA:506,0
DA:508,0
DA:513,0
DA:514,0
DA:515,0
DA:516,0
DA:517,0
DA:518,0
DA:523,0
DA:525,0
DA:530,0
DA:531,0
DA:532,0
DA:533,0
DA:534,0
DA:535,0
DA:536,0
DA:537,0
DA:539,0
DA:540,0
DA:542,0
DA:547,0
DA:548,0
DA:549,0
DA:550,0
DA:552,0
DA:554,0
DA:555,0
DA:559,0
DA:561,0
DA:565,0
DA:566,0
DA:569,0
DA:575,0
DA:576,0
DA:577,0
DA:578,0
DA:591,0
DA:593,0
DA:597,0
LF:265
LH:0
BRDA:21,0,0,0
BRDA:21,0,1,0
BRDA:23,1,0,0
BRDA:23,1,1,0
BRDA:23,2,0,0
BRDA:23,2,1,0
BRDA:26,3,0,0
BRDA:26,3,1,0
BRDA:29,4,0,0
BRDA:29,4,1,0
BRDA:33,5,0,0
BRDA:33,5,1,0
BRDA:33,6,0,0
BRDA:33,6,1,0
BRDA:34,7,0,0
BRDA:34,7,1,0
BRDA:42,8,0,0
BRDA:42,8,1,0
BRDA:43,9,0,0
BRDA:43,9,1,0
BRDA:44,10,0,0
BRDA:44,10,1,0
BRDA:45,11,0,0
BRDA:45,11,1,0
BRDA:57,12,0,0
BRDA:57,12,1,0
BRDA:58,13,0,0
BRDA:58,13,1,0
BRDA:60,14,0,0
BRDA:60,14,1,0
BRDA:60,15,0,0
BRDA:60,15,1,0
BRDA:61,16,0,0
BRDA:61,16,1,0
BRDA:74,17,0,0
BRDA:74,17,1,0
BRDA:74,17,2,0
BRDA:79,18,0,0
BRDA:79,18,1,0
BRDA:79,18,2,0
BRDA:88,19,0,0
BRDA:88,19,1,0
BRDA:89,20,0,0
BRDA:89,20,1,0
BRDA:94,21,0,0
BRDA:94,21,1,0
BRDA:95,22,0,0
BRDA:95,22,1,0
BRDA:108,23,0,0
BRDA:108,23,1,0
BRDA:108,24,0,0
BRDA:108,24,1,0
BRDA:109,25,0,0
BRDA:109,25,1,0
BRDA:146,26,0,0
BRDA:146,26,1,0
BRDA:146,27,0,0
BRDA:146,27,1,0
BRDA:146,28,0,0
BRDA:146,28,1,0
BRDA:157,29,0,0
BRDA:157,29,1,0
BRDA:172,30,0,0
BRDA:172,30,1,0
BRDA:208,31,0,0
BRDA:208,31,1,0
BRDA:245,32,0,0
BRDA:245,32,1,0
BRDA:264,33,0,0
BRDA:264,33,1,0
BRDA:264,34,0,0
BRDA:264,34,1,0
BRDA:264,34,2,0
BRDA:264,34,3,0
BRDA:268,35,0,0
BRDA:268,35,1,0
BRDA:280,36,0,0
BRDA:280,36,1,0
BRDA:280,37,0,0
BRDA:280,37,1,0
BRDA:290,38,0,0
BRDA:290,38,1,0
BRDA:304,39,0,0
BRDA:304,39,1,0
BRDA:324,40,0,0
BRDA:324,40,1,0
BRDA:340,41,0,0
BRDA:340,41,1,0
BRDA:356,42,0,0
BRDA:356,42,1,0
BRDA:368,43,0,0
BRDA:368,43,1,0
BRDA:379,44,0,0
BRDA:379,44,1,0
BRDA:382,45,0,0
BRDA:382,45,1,0
BRDA:382,46,0,0
BRDA:382,46,1,0
BRDA:382,46,2,0
BRDA:382,46,3,0
BRDA:396,47,0,0
BRDA:396,47,1,0
BRDA:399,48,0,0
BRDA:399,48,1,0
BRDA:399,48,2,0
BRDA:408,49,0,0
BRDA:408,49,1,0
BRDA:416,50,0,0
BRDA:416,50,1,0
BRDA:417,51,0,0
BRDA:417,51,1,0
BRDA:440,52,0,0
BRDA:440,52,1,0
BRDA:440,53,0,0
BRDA:440,53,1,0
BRDA:441,54,0,0
BRDA:441,54,1,0
BRDA:444,55,0,0
BRDA:444,55,1,0
BRDA:449,56,0,0
BRDA:449,56,1,0
BRDA:450,57,0,0
BRDA:450,57,1,0
BRDA:451,58,0,0
BRDA:451,58,1,0
BRDA:452,59,0,0
BRDA:452,59,1,0
BRDA:453,60,0,0
BRDA:453,60,1,0
BRDA:463,61,0,0
BRDA:463,61,1,0
BRDA:463,62,0,0
BRDA:463,62,1,0
BRDA:464,63,0,0
BRDA:464,63,1,0
BRDA:467,64,0,0
BRDA:467,64,1,0
BRDA:470,65,0,0
BRDA:470,65,1,0
BRDA:471,66,0,0
BRDA:471,66,1,0
BRDA:472,67,0,0
BRDA:472,67,1,0
BRDA:481,68,0,0
BRDA:481,68,1,0
BRDA:482,69,0,0
BRDA:482,69,1,0
BRDA:494,70,0,0
BRDA:494,70,1,0
BRDA:494,71,0,0
BRDA:494,71,1,0
BRDA:505,72,0,0
BRDA:505,72,1,0
BRDA:505,72,2,0
BRDA:505,73,0,0
BRDA:505,73,1,0
BRDA:515,74,0,0
BRDA:515,74,1,0
BRDA:515,75,0,0
BRDA:515,75,1,0
BRDA:516,76,0,0
BRDA:516,76,1,0
BRDA:532,77,0,0
BRDA:532,77,1,0
BRDA:532,78,0,0
BRDA:532,78,1,0
BRDA:533,79,0,0
BRDA:533,79,1,0
BRDA:534,80,0,0
BRDA:534,80,1,0
BRDA:536,81,0,0
BRDA:536,81,1,0
BRDA:536,82,0,0
BRDA:536,82,1,0
BRDA:536,82,2,0
BRDA:549,83,0,0
BRDA:549,83,1,0
BRDA:549,84,0,0
BRDA:549,84,1,0
BRDA:550,85,0,0
BRDA:550,85,1,0
BRDA:552,86,0,0
BRDA:552,86,1,0
BRDA:552,87,0,0
BRDA:552,87,1,0
BRDA:565,88,0,0
BRDA:565,88,1,0
BRDA:576,89,0,0
BRDA:576,89,1,0
BRDA:576,89,2,0
BRDA:577,90,0,0
BRDA:577,90,1,0
BRDA:577,91,0,0
BRDA:577,91,1,0
BRDA:582,92,0,0
BRDA:582,92,1,0
BRDA:582,92,2,0
BRDA:582,92,3,0
BRDA:583,93,0,0
BRDA:583,93,1,0
BRDA:583,94,0,0
BRDA:583,94,1,0
BRDA:584,95,0,0
BRDA:584,95,1,0
BRDA:586,96,0,0
BRDA:586,96,1,0
BRF:206
BRH:0
end_of_record
TN:
SF:src\services\activePlaygroundFilter.js
FNF:0
FNH:0
DA:1,0
DA:6,0
LF:2
LH:0
BRF:0
BRH:0
end_of_record
TN:
SF:src\services\adAnalyticsRollupService.js
FN:4,toCampaignId
FN:10,ymdFromDate
FN:15,dayBoundsUtc
FN:21,rollupCampaignDay
FN:42,(anonymous_4)
FN:43,(anonymous_5)
FN:70,rollupRecentCampaignDays
FNF:7
FNH:0
FNDA:0,toCampaignId
FNDA:0,ymdFromDate
FNDA:0,dayBoundsUtc
FNDA:0,rollupCampaignDay
FNDA:0,(anonymous_4)
FNDA:0,(anonymous_5)
FNDA:0,rollupRecentCampaignDays
DA:1,0
DA:2,0
DA:5,0
DA:6,0
DA:7,0
DA:11,0
DA:12,0
DA:16,0
DA:17,0
DA:18,0
DA:22,0
DA:23,0
DA:24,0
DA:26,0
DA:42,0
DA:43,0
DA:44,0
DA:45,0
DA:46,0
DA:47,0
DA:48,0
DA:50,0
DA:61,0
DA:67,0
DA:71,0
DA:72,0
DA:73,0
DA:74,0
DA:75,0
DA:76,0
DA:79,0
DA:80,0
DA:86,0
DA:87,0
DA:88,0
DA:89,0
DA:90,0
DA:91,0
DA:92,0
DA:93,0
DA:97,0
DA:100,0
LF:42
LH:0
BRDA:5,0,0,0
BRDA:5,0,1,0
BRDA:6,1,0,0
BRDA:6,1,1,0
BRDA:6,2,0,0
BRDA:6,2,1,0
BRDA:21,3,0,0
BRDA:44,4,0,0
BRDA:44,4,1,0
BRDA:45,5,0,0
BRDA:45,5,1,0
BRDA:46,6,0,0
BRDA:46,6,1,0
BRDA:47,7,0,0
BRDA:47,7,1,0
BRDA:48,8,0,0
BRDA:48,8,1,0
BRDA:70,9,0,0
BRDA:70,10,0,0
BRDA:90,11,0,0
BRDA:90,11,1,0
BRDA:90,12,0,0
BRDA:90,12,1,0
BRDA:91,13,0,0
BRDA:91,13,1,0
BRDA:91,14,0,0
BRDA:91,14,1,0
BRF:27
BRH:0
end_of_record
TN:
SF:src\services\adCampaignDisplayHelpers.js
FN:5,calendarYmdFromValue
FN:23,addCalendarMonthsYmd
FN:42,regionKeyToLabelMap
FN:43,(anonymous_3)
FNF:4
FNH:0
FNDA:0,calendarYmdFromValue
FNDA:0,addCalendarMonthsYmd
FNDA:0,regionKeyToLabelMap
FNDA:0,(anonymous_3)
DA:6,0
DA:7,0
DA:8,0
DA:9,0
DA:11,0
DA:12,0
DA:13,0
DA:14,0
DA:24,0
DA:25,0
DA:26,0
DA:27,0
DA:28,0
DA:29,0
DA:30,0
DA:31,0
DA:32,0
DA:33,0
DA:34,0
DA:43,0
DA:44,0
DA:45,0
DA:46,0
DA:47,0
DA:48,0
DA:49,0
DA:50,0
DA:51,0
DA:52,0
DA:54,0
DA:57,0
LF:31
LH:0
BRDA:6,0,0,0
BRDA:6,0,1,0
BRDA:6,1,0,0
BRDA:6,1,1,0
BRDA:7,2,0,0
BRDA:7,2,1,0
BRDA:7,3,0,0
BRDA:7,3,1,0
BRDA:8,4,0,0
BRDA:8,4,1,0
BRDA:9,5,0,0
BRDA:9,5,1,0
BRDA:24,6,0,0
BRDA:24,6,1,0
BRDA:25,7,0,0
BRDA:25,7,1,0
BRDA:43,8,0,0
BRDA:43,8,1,0
BRDA:44,9,0,0
BRDA:44,9,1,0
BRDA:49,10,0,0
BRDA:49,10,1,0
BRDA:50,11,0,0
BRDA:50,11,1,0
BRDA:50,11,2,0
BRDA:51,12,0,0
BRDA:51,12,1,0
BRDA:51,12,2,0
BRDA:52,13,0,0
BRDA:52,13,1,0
BRDA:52,14,0,0
BRDA:52,14,1,0
BRF:32
BRH:0
end_of_record
TN:
SF:src\services\adCampaignEmailTriggers.js
FN:9,toOid
FN:19,notifyPaymentCapturedIfNeeded
FN:48,notifyCampaignNowLiveIfNeeded
FN:69,notifyCampaignLifecycleAfterActivation
FNF:4
FNH:0
FNDA:0,toOid
FNDA:0,notifyPaymentCapturedIfNeeded
FNDA:0,notifyCampaignNowLiveIfNeeded
FNDA:0,notifyCampaignLifecycleAfterActivation
DA:1,0
DA:2,0
DA:3,0
DA:10,0
DA:11,0
DA:12,0
DA:20,0
DA:21,0
DA:22,0
DA:23,0
DA:25,0
DA:30,0
DA:32,0
DA:38,0
DA:49,0
DA:50,0
DA:51,0
DA:53,0
DA:59,0
DA:70,0
DA:71,0
DA:72,0
DA:73,0
DA:74,0
DA:76,0
DA:77,0
DA:78,0
DA:81,0
DA:82,0
DA:86,0
DA:93,0
LF:31
LH:0
BRDA:10,0,0,0
BRDA:10,0,1,0
BRDA:11,1,0,0
BRDA:11,1,1,0
BRDA:11,2,0,0
BRDA:11,2,1,0
BRDA:23,3,0,0
BRDA:23,3,1,0
BRDA:23,4,0,0
BRDA:23,4,1,0
BRDA:30,5,0,0
BRDA:30,5,1,0
BRDA:51,6,0,0
BRDA:51,6,1,0
BRDA:51,7,0,0
BRDA:51,7,1,0
BRDA:51,7,2,0
BRDA:74,8,0,0
BRDA:74,8,1,0
BRDA:74,9,0,0
BRDA:74,9,1,0
BRDA:76,10,0,0
BRDA:76,10,1,0
BRDA:81,11,0,0
BRDA:81,11,1,0
BRDA:81,12,0,0
BRDA:81,12,1,0
BRF:27
BRH:0
end_of_record
TN:
SF:src\services\adServingService.js
FN:9,getAd
FN:23,(anonymous_1)
FN:56,getAllAds
FN:70,(anonymous_3)
FN:83,(anonymous_4)
FN:85,(anonymous_5)
FN:87,(anonymous_6)
FN:89,(anonymous_7)
FN:91,(anonymous_8)
FN:102,getInlineAds
FN:111,(anonymous_10)
FN:122,(anonymous_11)
FN:124,(anonymous_12)
FN:126,(anonymous_13)
FN:128,(anonymous_14)
FN:130,(anonymous_15)
FN:135,formatPaidAd
FN:160,houseAd
FNF:18
FNH:0
FNDA:0,getAd
FNDA:0,(anonymous_1)
FNDA:0,getAllAds
FNDA:0,(anonymous_3)
FNDA:0,(anonymous_4)
FNDA:0,(anonymous_5)
FNDA:0,(anonymous_6)
FNDA:0,(anonymous_7)
FNDA:0,(anonymous_8)
FNDA:0,getInlineAds
FNDA:0,(anonymous_10)
FNDA:0,(anonymous_11)
FNDA:0,(anonymous_12)
FNDA:0,(anonymous_13)
FNDA:0,(anonymous_14)
FNDA:0,(anonymous_15)
FNDA:0,formatPaidAd
FNDA:0,houseAd
DA:1,0
DA:2,0
DA:10,0
DA:11,0
DA:13,0
DA:14,0
DA:15,0
DA:17,0
DA:18,0
DA:22,0
DA:23,0
DA:25,0
DA:32,0
DA:33,0
DA:34,0
DA:35,0
DA:43,0
DA:44,0
DA:45,0
DA:46,0
DA:48,0
DA:57,0
DA:58,0
DA:60,0
DA:61,0
DA:62,0
DA:64,0
DA:65,0
DA:69,0
DA:70,0
DA:75,0
DA:82,0
DA:83,0
DA:84,0
DA:85,0
DA:87,0
DA:88,0
DA:89,0
DA:91,0
DA:92,0
DA:95,0
DA:96,0
DA:103,0
DA:104,0
DA:106,0
DA:107,0
DA:110,0
DA:111,0
DA:113,0
DA:120,0
DA:122,0
DA:123,0
DA:124,0
DA:126,0
DA:127,0
DA:128,0
DA:130,0
DA:136,0
DA:161,0
DA:175,0
LF:60
LH:0
BRDA:14,0,0,0
BRDA:14,0,1,0
BRDA:15,1,0,0
BRDA:15,1,1,0
BRDA:17,2,0,0
BRDA:17,2,1,0
BRDA:25,3,0,0
BRDA:25,3,1,0
BRDA:32,4,0,0
BRDA:32,4,1,0
BRDA:43,5,0,0
BRDA:43,5,1,0
BRDA:45,6,0,0
BRDA:45,6,1,0
BRDA:45,7,0,0
BRDA:45,7,1,0
BRDA:61,8,0,0
BRDA:61,8,1,0
BRDA:62,9,0,0
BRDA:62,9,1,0
BRDA:64,10,0,0
BRDA:64,10,1,0
BRDA:75,11,0,0
BRDA:75,11,1,0
BRDA:82,12,0,0
BRDA:82,12,1,0
BRDA:95,13,0,0
BRDA:95,13,1,0
BRDA:107,14,0,0
BRDA:107,14,1,0
BRDA:113,15,0,0
BRDA:113,15,1,0
BRDA:120,16,0,0
BRDA:120,16,1,0
BRDA:139,17,0,0
BRDA:139,17,1,0
BRDA:140,18,0,0
BRDA:140,18,1,0
BRDA:141,19,0,0
BRDA:141,19,1,0
BRDA:142,20,0,0
BRDA:142,20,1,0
BRDA:143,21,0,0
BRDA:143,21,1,0
BRDA:144,22,0,0
BRDA:144,22,1,0
BRDA:145,23,0,0
BRDA:145,23,1,0
BRDA:147,24,0,0
BRDA:147,24,1,0
BRDA:148,25,0,0
BRDA:148,25,1,0
BRDA:149,26,0,0
BRDA:149,26,1,0
BRDA:149,27,0,0
BRDA:149,27,1,0
BRDA:150,28,0,0
BRDA:150,28,1,0
BRDA:150,29,0,0
BRDA:150,29,1,0
BRDA:150,30,0,0
BRDA:150,30,1,0
BRDA:151,31,0,0
BRDA:151,31,1,0
BRDA:151,32,0,0
BRDA:151,32,1,0
BRDA:152,33,0,0
BRDA:152,33,1,0
BRDA:153,34,0,0
BRDA:153,34,1,0
BRDA:153,35,0,0
BRDA:153,35,1,0
BRDA:154,36,0,0
BRDA:154,36,1,0
BRDA:154,37,0,0
BRDA:154,37,1,0
[...]
DA:177,45
DA:185,222
DA:186,156
DA:187,219
DA:193,21
DA:194,19
DA:195,20
DA:200,28
DA:201,28
DA:202,4
DA:206,27
DA:207,23
DA:208,23
DA:209,19
DA:214,14
DA:215,14
DA:216,15
DA:217,14
DA:218,6
DA:223,2
DA:224,2
DA:229,2
DA:231,2
DA:237,2
DA:238,2
DA:239,2
DA:243,13
DA:244,13
DA:245,15
DA:249,14
DA:250,14
DA:251,14
DA:252,13
DA:254,13
DA:255,13
DA:257,13
DA:259,6
DA:260,6
DA:261,6
DA:263,6
DA:264,6
DA:266,4
DA:267,4
DA:275,32
DA:278,32
DA:279,23
DA:280,23
DA:281,17
DA:283,17
DA:284,15
DA:285,15
DA:286,15
DA:287,15
DA:288,14
DA:289,14
DA:290,14
DA:291,47
DA:293,13
DA:297,17
DA:298,3
DA:299,3
DA:300,3
DA:301,3
DA:302,2
DA:305,14
DA:306,1
DA:307,1
DA:310,13
DA:313,12
DA:314,11
DA:315,11
DA:316,11
DA:317,0
DA:320,0
DA:322,0
DA:324,0
DA:325,0
DA:328,1
DA:329,1
DA:330,1
DA:331,1
DA:333,1
DA:338,14
DA:339,13
DA:348,19
DA:358,0
DA:359,0
DA:362,0
DA:363,0
DA:364,0
DA:367,0
DA:368,0
DA:371,0
DA:372,0
DA:373,0
DA:377,0
DA:378,0
DA:380,0
DA:381,0
DA:382,0
DA:384,0
DA:385,0
DA:387,0
DA:388,0
DA:389,0
DA:390,0
DA:391,0
DA:397,0
DA:398,0
DA:399,0
DA:402,0
DA:405,0
DA:416,30
DA:431,5
DA:432,5
DA:433,5
DA:435,5
DA:436,5
DA:440,3
DA:441,0
DA:444,3
DA:445,3
DA:447,3
DA:448,11
DA:450,61
DA:451,61
DA:454,12
DA:455,12
DA:456,12
DA:459,3
DA:460,11
DA:461,19
DA:462,19
DA:463,19
DA:467,19
DA:471,3
DA:472,3
DA:473,11
DA:474,11
DA:475,11
DA:478,3
DA:479,3
DA:480,3
DA:481,3
DA:483,3
DA:484,3
DA:486,0
DA:487,0
DA:488,0
DA:490,11
DA:491,3
DA:494,3
DA:498,3
DA:499,3
DA:502,1
DA:503,1
DA:504,0
DA:506,3
DA:508,3
DA:509,3
DA:510,3
DA:511,4
DA:512,4
DA:514,4
DA:515,4
DA:516,13
DA:517,13
DA:518,9
DA:524,9
DA:525,6
DA:528,4
DA:529,2
DA:530,8
DA:534,3
DA:541,0
DA:542,0
DA:543,0
DA:544,0
DA:546,0
DA:547,0
DA:548,0
DA:550,0
DA:554,0
DA:555,0
DA:556,0
DA:557,0
DA:559,0
DA:569,0
DA:570,0
DA:571,0
DA:572,0
DA:575,0
DA:576,0
DA:578,0
DA:586,0
DA:587,0
DA:588,0
DA:589,0
DA:590,0
DA:591,0
DA:592,0
DA:593,0
DA:596,0
DA:597,0
DA:598,0
DA:601,0
DA:602,0
DA:604,0
DA:618,0
DA:622,0
DA:623,0
DA:624,0
DA:625,0
DA:626,0
DA:629,0
DA:638,1
DA:639,1
DA:640,2
DA:641,2
DA:642,2
DA:643,12
DA:644,2
DA:645,2
DA:646,1
DA:648,2
DA:651,1
DA:652,2
DA:653,2
DA:654,2
DA:657,1
DA:658,0
DA:659,0
DA:660,0
DA:661,0
DA:662,0
DA:663,0
DA:664,0
DA:670,0
DA:671,0
DA:672,0
DA:677,1
DA:678,1
DA:679,1
DA:681,1
DA:690,0
DA:691,0
DA:692,0
DA:693,0
DA:694,0
DA:697,0
DA:698,0
DA:700,0
DA:717,30
DA:718,120
DA:719,30
DA:720,30
DA:722,30
DA:725,30
DA:726,30
DA:738,8
DA:741,8
DA:742,8
DA:745,8
DA:746,8
DA:749,8
DA:750,8
DA:751,8
DA:752,8
DA:755,8
DA:757,8
DA:767,1
DA:768,1
DA:787,1
DA:788,1
DA:791,1
DA:792,14
DA:793,7
DA:796,1
DA:797,1
DA:798,0
DA:800,0
DA:802,0
DA:803,0
DA:804,0
DA:805,0
DA:808,6
DA:813,1
DA:814,32
DA:815,16
DA:816,0
DA:821,1
DA:822,1
DA:823,2
DA:824,0
DA:825,0
DA:829,1
DA:832,2
DA:833,1
DA:834,0
DA:838,2
DA:841,2
DA:842,1
DA:843,0
DA:844,0
DA:845,0
DA:846,0
DA:849,1
DA:860,19
DA:861,17
DA:879,1
DA:880,1
DA:881,1
DA:882,1
DA:883,1
DA:884,6
DA:885,1
DA:887,0
DA:891,0
DA:893,0
DA:900,0
DA:907,0
DA:914,0
DA:921,0
DA:928,0
DA:943,0
DA:945,0
DA:946,0
DA:948,0
DA:951,0
DA:952,0
DA:954,0
DA:955,0
DA:957,0
DA:958,0
DA:960,0
DA:961,0
DA:962,0
DA:963,0
DA:974,0
DA:982,0
DA:983,0
DA:984,0
DA:985,0
DA:987,0
DA:996,0
DA:1019,0
DA:1020,0
DA:1022,0
DA:1027,0
DA:1028,0
DA:1030,0
DA:1031,0
DA:1032,0
DA:1033,0
DA:1035,0
DA:1037,0
DA:1038,0
DA:1040,0
DA:1041,0
DA:1042,0
DA:1043,0
DA:1045,0
DA:1051,0
DA:1052,0
DA:1053,0
DA:1054,0
DA:1058,0
DA:1059,0
DA:1060,0
DA:1062,0
DA:1063,0
DA:1064,0
DA:1068,0
DA:1069,0
DA:1074,0
DA:1075,0
DA:1078,0
DA:1080,0
DA:1087,0
DA:1088,0
DA:1090,0
DA:1091,0
DA:1092,0
DA:1093,0
DA:1096,0
DA:1102,0
DA:1112,0
DA:1122,0
DA:1124,0
DA:1125,0
DA:1128,0
DA:1129,0
DA:1130,0
DA:1131,0
DA:1134,0
DA:1135,0
DA:1139,0
DA:1140,0
DA:1143,0
DA:1147,0
DA:1162,0
DA:1163,0
DA:1164,0
DA:1165,0
DA:1166,0
DA:1167,0
DA:1168,0
DA:1169,0
DA:1170,0
DA:1171,0
DA:1172,0
DA:1173,0
DA:1185,0
DA:1189,1
DA:1190,1
DA:1191,1
DA:1192,2
DA:1193,2
DA:1194,2
DA:1195,2
DA:1197,1
DA:1212,0
DA:1213,0
DA:1216,0
DA:1221,0
DA:1223,0
DA:1224,0
DA:1225,0
DA:1227,0
DA:1230,0
DA:1234,0
DA:1235,0
DA:1242,0
DA:1253,0
DA:1263,0
DA:1264,0
DA:1265,0
DA:1267,0
DA:1268,0
DA:1269,0
DA:1272,0
DA:1273,0
DA:1277,0
DA:1290,0
DA:1292,0
DA:1297,0
DA:1298,0
DA:1299,0
DA:1300,0
DA:1301,0
DA:1305,0
DA:1306,0
DA:1307,0
DA:1311,0
DA:1312,0
DA:1317,0
DA:1318,0
DA:1319,0
DA:1320,0
DA:1321,0
DA:1325,0
DA:1326,0
DA:1327,0
DA:1331,0
DA:1332,0
DA:1337,0
DA:1340,0
DA:1341,0
DA:1343,0
DA:1344,0
DA:1345,0
DA:1350,0
DA:1351,0
DA:1352,0
DA:1356,0
DA:1366,1
DA:1367,1
DA:1368,1
DA:1369,1
DA:1370,2
DA:1371,1
DA:1375,1
DA:1378,1
DA:1386,1
DA:1387,2
DA:1389,5
DA:1390,5
DA:1393,1
DA:1394,1
DA:1395,1
DA:1398,1
DA:1399,2
DA:1400,2
DA:1401,1
DA:1402,1
DA:1408,1
DA:1412,1
DA:1413,1
DA:1414,2
DA:1415,2
DA:1416,2
DA:1418,1
DA:1436,1
DA:1438,1
DA:1439,1
DA:1443,1
DA:1444,1
DA:1445,2
DA:1446,2
DA:1447,12
DA:1448,2
DA:1449,2
DA:1450,2
DA:1453,1
DA:1455,1
DA:1456,1
DA:1457,1
DA:1458,1
DA:1459,1
DA:1460,2
DA:1461,1
DA:1462,1
DA:1463,1
DA:1467,1
DA:1468,0
DA:1473,0
DA:1474,0
DA:1476,0
DA:1477,0
DA:1484,1
DA:1485,1
DA:1487,1
DA:1488,1
DA:1489,2
DA:1490,1
DA:1491,1
DA:1492,1
DA:1494,1
DA:1496,1
DA:1497,2
DA:1500,1
DA:1508,1
DA:1518,1
DA:1528,1
DA:1529,1
DA:1530,1
DA:1532,0
DA:1533,0
DA:1534,0
DA:1537,1
DA:1538,1
DA:1542,1
DA:1543,1
DA:1546,1
DA:1562,0
DA:1563,0
DA:1565,0
DA:1566,0
DA:1567,0
DA:1574,0
DA:1587,0
DA:1589,0
DA:1590,0
DA:1592,0
DA:1597,0
DA:1598,0
DA:1601,0
DA:1602,0
DA:1614,0
DA:1615,0
DA:1617,0
DA:1619,0
DA:1623,0
DA:1644,0
DA:1654,0
DA:1655,0
DA:1656,0
DA:1658,0
DA:1659,0
DA:1660,0
DA:1663,0
DA:1668,0
DA:1681,0
DA:1683,0
DA:1684,0
DA:1687,0
DA:1688,0
DA:1689,0
DA:1692,0
DA:1702,0
DA:1706,1
LF:657
LH:347
BRDA:40,0,0,0
BRDA:40,0,1,72
BRDA:40,1,0,72
BRDA:40,1,1,72
BRDA:55,2,0,0
BRDA:55,2,1,0
BRDA:55,3,0,0
BRDA:55,3,1,0
BRDA:58,4,0,0
BRDA:58,4,1,0
BRDA:70,5,0,0
BRDA:70,5,1,15
BRDA:70,6,0,15
BRDA:70,6,1,15
BRDA:77,7,0,2
BRDA:77,7,1,14
BRDA:84,8,0,1
BRDA:84,8,1,14
BRDA:96,9,0,20
BRDA:96,9,1,0
BRDA:99,10,0,21
BRDA:99,10,1,17
BRDA:99,10,2,17
BRDA:99,10,3,17
BRDA:111,11,0,22
BRDA:111,11,1,17
BRDA:112,12,0,3
BRDA:112,12,1,14
BRDA:124,13,0,0
BRDA:124,13,1,129
BRDA:124,14,0,129
BRDA:124,14,1,129
BRDA:129,15,0,1
BRDA:129,15,1,128
BRDA:132,16,0,0
BRDA:132,16,1,1
BRDA:132,17,0,1
BRDA:132,17,1,1
BRDA:136,18,0,3
BRDA:136,18,1,126
BRDA:139,19,0,0
BRDA:139,19,1,3
BRDA:139,20,0,3
BRDA:139,20,1,0
BRDA:150,21,0,129
BRDA:150,21,1,0
BRDA:151,22,0,0
BRDA:151,22,1,129
BRDA:152,23,0,2
BRDA:152,23,1,127
BRDA:152,24,0,129
BRDA:152,24,1,127
BRDA:155,25,0,75
BRDA:155,25,1,52
BRDA:156,26,0,52
BRDA:156,26,1,52
BRDA:157,27,0,0
BRDA:157,27,1,52
BRDA:162,28,0,40
BRDA:162,28,1,0
BRDA:167,29,0,31
BRDA:167,29,1,90
BRDA:167,30,0,121
BRDA:167,30,1,120
BRDA:175,31,0,0
BRDA:175,31,1,45
BRDA:175,32,0,45
BRDA:175,32,1,45
BRDA:185,33,0,156
BRDA:185,33,1,0
BRDA:193,34,0,19
BRDA:193,34,1,0
BRDA:200,35,0,27
BRDA:200,35,1,0
BRDA:201,36,0,23
BRDA:201,36,1,4
BRDA:202,37,0,4
BRDA:202,37,1,4
BRDA:202,38,0,4
BRDA:202,38,1,0
BRDA:202,39,0,4
BRDA:202,39,1,3
BRDA:206,40,0,4
BRDA:206,40,1,23
BRDA:207,41,0,23
BRDA:207,41,1,0
BRDA:208,42,0,4
BRDA:208,42,1,19
BRDA:209,43,0,19
BRDA:209,43,1,0
BRDA:210,44,0,0
BRDA:210,44,1,0
BRDA:214,45,0,0
BRDA:214,45,1,14
BRDA:215,46,0,14
BRDA:215,46,1,0
BRDA:215,47,0,14
BRDA:215,47,1,12
BRDA:216,48,0,14
BRDA:216,48,1,0
BRDA:217,49,0,14
BRDA:217,49,1,5
BRDA:217,49,2,1
BRDA:219,50,0,1
BRDA:219,50,1,1
BRDA:223,51,0,0
BRDA:223,51,1,2
BRDA:223,52,0,2
BRDA:223,52,1,2
BRDA:229,53,0,0
BRDA:229,53,1,2
BRDA:238,54,0,0
BRDA:238,54,1,2
BRDA:239,55,0,2
BRDA:239,55,1,0
BRDA:245,56,0,15
BRDA:245,56,1,15
BRDA:249,57,0,0
BRDA:249,57,1,14
BRDA:250,58,0,0
BRDA:250,58,1,14
BRDA:251,59,0,1
BRDA:251,59,1,13
BRDA:252,60,0,0
BRDA:252,60,1,13
BRDA:254,61,0,13
BRDA:254,61,1,13
BRDA:255,62,0,0
BRDA:255,62,1,13
BRDA:257,63,0,7
BRDA:257,63,1,6
BRDA:259,64,0,6
BRDA:259,64,1,0
BRDA:260,65,0,6
BRDA:260,65,1,2
BRDA:261,66,0,0
BRDA:261,66,1,6
BRDA:261,67,0,6
BRDA:261,67,1,6
BRDA:261,67,2,4
BRDA:263,68,0,6
BRDA:263,68,1,6
BRDA:264,69,0,2
BRDA:264,69,1,4
BRDA:264,70,0,6
BRDA:264,70,1,2
BRDA:264,71,0,2
BRDA:264,71,1,0
BRDA:266,72,0,4
BRDA:266,72,1,4
BRDA:267,73,0,4
BRDA:267,73,1,0
BRDA:267,74,0,0
BRDA:267,74,1,0
BRDA:275,75,0,17
BRDA:275,75,1,15
BRDA:276,76,0,17
BRDA:276,76,1,17
BRDA:277,77,0,15
BRDA:277,77,1,15
BRDA:278,78,0,9
BRDA:278,78,1,23
BRDA:279,79,0,0
BRDA:279,79,1,23
BRDA:280,80,0,6
BRDA:280,80,1,17
BRDA:281,81,0,0
BRDA:281,81,1,17
BRDA:284,82,0,15
BRDA:284,82,1,0
BRDA:285,83,0,15
BRDA:285,83,1,0
BRDA:287,84,0,1
BRDA:287,84,1,14
BRDA:287,85,0,15
BRDA:287,85,1,1
BRDA:291,86,0,1
BRDA:291,86,1,46
BRDA:291,87,0,47
BRDA:291,87,1,39
BRDA:297,88,0,3
BRDA:297,88,1,14
BRDA:297,89,0,17
BRDA:297,89,1,16
BRDA:298,90,0,3
BRDA:298,90,1,3
BRDA:299,91,0,3
BRDA:299,91,1,3
BRDA:300,92,0,0
BRDA:300,92,1,3
BRDA:301,93,0,1
BRDA:301,93,1,2
BRDA:301,94,0,3
BRDA:301,94,1,1
BRDA:305,95,0,1
BRDA:305,95,1,13
BRDA:306,96,0,0
BRDA:306,96,1,1
BRDA:306,97,0,1
BRDA:306,97,1,0
BRDA:310,98,0,1
BRDA:310,98,1,12
BRDA:313,99,0,11
BRDA:313,99,1,1
BRDA:314,100,0,11
BRDA:314,100,1,11
BRDA:315,101,0,11
BRDA:315,101,1,11
BRDA:316,102,0,11
BRDA:316,102,1,0
BRDA:316,103,0,11
BRDA:316,103,1,11
BRDA:317,104,0,0
BRDA:317,104,1,0
BRDA:320,105,0,0
BRDA:320,105,1,0
BRDA:324,106,0,0
BRDA:324,106,1,0
BRDA:324,107,0,0
BRDA:324,107,1,0
BRDA:324,107,2,0
BRDA:328,108,0,1
BRDA:328,108,1,1
BRDA:329,109,0,0
BRDA:329,109,1,1
BRDA:330,110,0,0
BRDA:330,110,1,1
BRDA:331,111,0,0
BRDA:331,111,1,1
BRDA:338,112,0,1
BRDA:338,112,1,13
BRDA:340,113,0,13
BRDA:340,113,1,7
BRDA:340,113,2,2
BRDA:349,114,0,19
BRDA:349,114,1,9
BRDA:363,115,0,0
BRDA:363,115,1,0
BRDA:367,116,0,0
BRDA:367,116,1,0
BRDA:372,117,0,0
BRDA:372,117,1,0
BRDA:382,118,0,0
BRDA:382,118,1,0
BRDA:389,119,0,0
BRDA:389,119,1,0
BRDA:390,120,0,0
BRDA:390,120,1,0
BRDA:397,121,0,0
BRDA:397,121,1,0
BRDA:402,122,0,0
BRDA:402,122,1,0
BRDA:417,123,0,30
BRDA:417,123,1,30
BRDA:417,123,2,30
BRDA:417,123,3,30
BRDA:417,123,4,30
BRDA:431,124,0,0
BRDA:431,124,1,5
BRDA:435,125,0,0
BRDA:435,125,1,5
BRDA:435,126,0,5
BRDA:435,126,1,0
BRDA:440,127,0,0
BRDA:440,127,1,3
BRDA:440,128,0,3
BRDA:440,128,1,3
BRDA:445,129,0,0
BRDA:445,129,1,3
BRDA:450,130,0,26
BRDA:450,130,1,35
BRDA:456,131,0,8
BRDA:456,131,1,4
BRDA:467,132,0,12
BRDA:467,132,1,7
BRDA:474,133,0,3
BRDA:474,133,1,8
BRDA:480,134,0,0
BRDA:480,134,1,3
BRDA:483,135,0,3
BRDA:483,135,1,0
BRDA:484,136,0,1
BRDA:484,136,1,1
BRDA:487,137,0,0
BRDA:487,137,1,0
BRDA:488,138,0,0
BRDA:488,138,1,0
BRDA:503,139,0,1
BRDA:503,139,1,0
BRDA:506,140,0,0
BRDA:506,140,1,3
BRDA:512,141,0,0
BRDA:512,141,1,4
BRDA:517,142,0,4
BRDA:517,142,1,9
BRDA:517,143,0,13
BRDA:517,143,1,9
BRDA:524,144,0,3
BRDA:524,144,1,6
BRDA:528,145,0,2
BRDA:528,145,1,2
BRDA:541,146,0,0
BRDA:541,146,1,0
BRDA:541,147,0,0
BRDA:541,147,1,0
BRDA:543,148,0,0
BRDA:543,148,1,0
BRDA:544,149,0,0
BRDA:544,149,1,0
BRDA:547,150,0,0
BRDA:547,150,1,0
BRDA:548,151,0,0
BRDA:548,151,1,0
BRDA:554,152,0,0
BRDA:554,152,1,0
BRDA:554,153,0,0
BRDA:554,153,1,0
BRDA:556,154,0,0
BRDA:556,154,1,0
BRDA:557,155,0,0
BRDA:557,155,1,0
BRDA:593,156,0,0
BRDA:593,156,1,0
BRDA:626,157,0,0
BRDA:626,157,1,0
BRDA:640,158,0,0
BRDA:640,158,1,2
BRDA:642,159,0,0
BRDA:642,159,1,2
BRDA:644,160,0,0
BRDA:644,160,1,2
BRDA:645,161,0,1
BRDA:645,161,1,1
BRDA:652,162,0,0
BRDA:652,162,1,2
BRDA:654,163,0,2
BRDA:654,163,1,2
BRDA:654,164,0,2
BRDA:654,164,1,0
BRDA:659,165,0,0
BRDA:659,165,1,0
BRDA:660,166,0,0
BRDA:660,166,1,0
BRDA:661,167,0,0
BRDA:661,167,1,0
BRDA:663,168,0,0
BRDA:663,168,1,0
BRDA:670,169,0,0
BRDA:670,169,1,0
BRDA:679,170,0,1
BRDA:679,170,1,0
BRDA:741,171,0,8
BRDA:741,171,1,0
BRDA:745,172,0,8
BRDA:745,172,1,0
BRDA:746,173,0,7
BRDA:746,173,1,1
BRDA:749,174,0,8
BRDA:749,174,1,8
BRDA:750,175,0,8
BRDA:750,175,1,8
BRDA:751,176,0,8
BRDA:751,176,1,8
BRDA:752,177,0,8
BRDA:752,177,1,8
BRDA:755,178,0,0
BRDA:755,178,1,8
BRDA:755,179,0,8
BRDA:755,179,1,0
BRDA:768,180,0,0
BRDA:768,180,1,1
BRDA:792,181,0,14
BRDA:792,181,1,12
BRDA:793,182,0,1
BRDA:793,182,1,6
BRDA:798,183,0,0
BRDA:798,183,1,0
BRDA:800,184,0,0
BRDA:800,184,1,0
BRDA:803,185,0,0
BRDA:803,185,1,0
BRDA:814,186,0,32
BRDA:814,186,1,32
BRDA:815,187,0,0
BRDA:815,187,1,16
BRDA:823,188,0,0
BRDA:823,188,1,2
BRDA:825,189,0,0
BRDA:825,189,1,0
BRDA:829,190,0,0
BRDA:829,190,1,1
BRDA:833,191,0,0
BRDA:833,191,1,1
BRDA:834,192,0,0
BRDA:834,192,1,0
BRDA:838,193,0,2
BRDA:838,193,1,2
BRDA:841,194,0,2
BRDA:841,194,1,0
BRDA:842,195,0,0
BRDA:842,195,1,1
BRDA:860,196,0,2
BRDA:860,196,1,17
BRDA:860,197,0,19
BRDA:860,197,1,17
BRDA:879,198,0,0
BRDA:879,198,1,1
BRDA:879,199,0,1
BRDA:879,199,1,1
BRDA:881,200,0,0
BRDA:881,200,1,1
BRDA:883,201,0,0
BRDA:883,201,1,1
BRDA:885,202,0,1
BRDA:885,202,1,0
BRDA:891,203,0,0
BRDA:891,203,1,0
BRDA:891,203,2,0
BRDA:891,203,3,0
BRDA:891,203,4,0
BRDA:891,203,5,0
BRDA:929,204,0,0
BRDA:929,204,1,0
BRDA:930,205,0,0
BRDA:930,205,1,0
BRDA:931,206,0,0
BRDA:931,206,1,0
BRDA:946,207,0,0
BRDA:946,207,1,0
BRDA:952,208,0,0
BRDA:952,208,1,0
BRDA:954,209,0,0
BRDA:954,209,1,0
BRDA:957,210,0,0
BRDA:957,210,1,0
BRDA:962,211,0,0
BRDA:962,211,1,0
BRDA:966,212,0,0
BRDA:966,212,1,0
BRDA:967,213,0,0
BRDA:967,213,1,0
BRDA:968,214,0,0
BRDA:968,214,1,0
BRDA:970,215,0,0
BRDA:970,215,1,0
BRDA:971,216,0,0
BRDA:971,216,1,0
BRDA:982,217,0,0
BRDA:982,217,1,0
BRDA:984,218,0,0
BRDA:984,218,1,0
BRDA:984,218,2,0
BRDA:991,219,0,0
BRDA:991,219,1,0
BRDA:992,220,0,0
BRDA:992,220,1,0
BRDA:993,221,0,0
BRDA:993,221,1,0
BRDA:996,222,0,0
BRDA:996,222,1,0
BRDA:997,223,0,0
BRDA:997,223,1,0
BRDA:1004,224,0,0
BRDA:1004,224,1,0
BRDA:1018,225,0,0
BRDA:1019,226,0,0
BRDA:1019,227,0,0
BRDA:1032,228,0,0
BRDA:1032,228,1,0
BRDA:1033,229,0,0
BRDA:1033,229,1,0
BRDA:1042,230,0,0
BRDA:1042,230,1,0
BRDA:1043,231,0,0
BRDA:1043,231,1,0
BRDA:1051,232,0,0
BRDA:1051,232,1,0
BRDA:1058,233,0,0
BRDA:1058,233,1,0
BRDA:1060,234,0,0
BRDA:1060,234,1,0
BRDA:1060,235,0,0
BRDA:1060,235,1,0
BRDA:1062,236,0,0
BRDA:1062,236,1,0
BRDA:1068,237,0,0
BRDA:1068,237,1,0
BRDA:1074,238,0,0
BRDA:1074,238,1,0
BRDA:1122,239,0,0
BRDA:1122,239,1,0
BRDA:1128,240,0,0
BRDA:1128,240,1,0
BRDA:1128,241,0,0
BRDA:1128,241,1,0
BRDA:1129,242,0,0
BRDA:1129,242,1,0
BRDA:1131,243,0,0
BRDA:1131,243,1,0
BRDA:1152,244,0,0
BRDA:1152,244,1,0
BRDA:1153,245,0,0
BRDA:1153,245,1,0
BRDA:1155,246,0,0
BRDA:1155,246,1,0
BRDA:1166,247,0,0
BRDA:1166,247,1,0
BRDA:1169,248,0,0
BRDA:1169,248,1,0
BRDA:1170,249,0,0
BRDA:1170,249,1,0
BRDA:1171,250,0,0
BRDA:1171,250,1,0
BRDA:1171,251,0,0
BRDA:1171,251,1,0
BRDA:1177,252,0,0
BRDA:1177,252,1,0
BRDA:1178,253,0,0
BRDA:1178,253,1,0
BRDA:1180,254,0,0
BRDA:1180,254,1,0
BRDA:1192,255,0,2
BRDA:1192,255,1,0
BRDA:1193,256,0,0
BRDA:1193,256,1,2
BRDA:1193,257,0,2
BRDA:1193,257,1,2
BRDA:1207,258,0,0
BRDA:1209,259,0,0
BRDA:1210,260,0,0
BRDA:1213,261,0,0
BRDA:1213,261,1,0
BRDA:1213,262,0,0
BRDA:1213,262,1,0
BRDA:1216,263,0,0
BRDA:1216,263,1,0
BRDA:1218,264,0,0
BRDA:1218,264,1,0
BRDA:1223,265,0,0
BRDA:1223,265,1,0
BRDA:1230,266,0,0
BRDA:1230,266,1,0
BRDA:1231,267,0,0
BRDA:1231,267,1,0
BRDA:1231,267,2,0
BRDA:1239,268,0,0
BRDA:1239,268,1,0
BRDA:1263,269,0,0
BRDA:1263,269,1,0
BRDA:1267,270,0,0
BRDA:1267,270,1,0
BRDA:1267,271,0,0
BRDA:1267,271,1,0
BRDA:1268,272,0,0
BRDA:1268,272,1,0
BRDA:1269,273,0,0
BRDA:1269,273,1,0
BRDA:1305,274,0,0
BRDA:1305,274,1,0
BRDA:1311,275,0,0
BRDA:1311,275,1,0
BRDA:1325,276,0,0
BRDA:1325,276,1,0
BRDA:1331,277,0,0
BRDA:1331,277,1,0
BRDA:1348,278,0,0
BRDA:1348,278,1,0
BRDA:1350,279,0,0
BRDA:1350,279,1,0
BRDA:1367,280,0,0
BRDA:1367,280,1,1
BRDA:1375,281,0,1
BRDA:1375,281,1,0
BRDA:1389,282,0,1
BRDA:1389,282,1,4
BRDA:1395,283,0,1
BRDA:1395,283,1,0
BRDA:1399,284,0,0
BRDA:1399,284,1,2
BRDA:1401,285,0,0
BRDA:1401,285,1,1
BRDA:1408,286,0,1
BRDA:1408,286,1,0
BRDA:1415,287,0,1
BRDA:1415,287,1,1
BRDA:1431,288,0,0
BRDA:1433,289,0,1
BRDA:1434,290,0,0
BRDA:1435,291,0,1
BRDA:1445,292,0,0
BRDA:1445,292,1,2
BRDA:1448,293,0,0
BRDA:1448,293,1,2
BRDA:1449,294,0,1
BRDA:1449,294,1,1
BRDA:1457,295,0,0
BRDA:1457,295,1,1
BRDA:1461,296,0,0
BRDA:1461,296,1,1
BRDA:1461,297,0,1
BRDA:1461,297,1,1
BRDA:1462,298,0,0
BRDA:1462,298,1,1
BRDA:1467,299,0,0
BRDA:1467,299,1,1
BRDA:1491,300,0,1
BRDA:1491,300,1,0
BRDA:1493,301,0,1
BRDA:1493,301,1,0
BRDA:1494,302,0,1
BRDA:1494,302,1,0
BRDA:1505,303,0,1
BRDA:1505,303,1,0
BRDA:1506,304,0,1
BRDA:1506,304,1,0
BRDA:1512,305,0,1
BRDA:1512,305,1,0
BRDA:1528,306,0,1
BRDA:1528,306,1,0
BRDA:1532,307,0,0
BRDA:1532,307,1,0
BRDA:1532,308,0,0
BRDA:1532,308,1,0
BRDA:1533,309,0,0
BRDA:1533,309,1,0
BRDA:1534,310,0,0
BRDA:1534,310,1,0
BRDA:1561,311,0,0
BRDA:1562,312,0,0
BRDA:1562,312,1,0
BRDA:1562,313,0,0
BRDA:1562,313,1,0
BRDA:1567,314,0,0
BRDA:1567,314,1,0
BRDA:1569,315,0,0
BRDA:1569,315,1,0
BRDA:1590,316,0,0
BRDA:1590,316,1,0
BRDA:1597,317,0,0
BRDA:1597,317,1,0
BRDA:1598,318,0,0
BRDA:1598,318,1,0
BRDA:1601,319,0,0
BRDA:1601,319,1,0
BRDA:1607,320,0,0
BRDA:1607,320,1,0
BRDA:1608,321,0,0
BRDA:1608,321,1,0
BRDA:1610,322,0,0
BRDA:1610,322,1,0
BRDA:1619,323,0,0
BRDA:1619,323,1,0
BRDA:1619,323,2,0
BRDA:1631,324,0,0
BRDA:1631,324,1,0
BRDA:1637,325,0,0
BRDA:1637,325,1,0
BRDA:1654,326,0,0
BRDA:1654,326,1,0
BRDA:1658,327,0,0
BRDA:1658,327,1,0
BRDA:1658,328,0,0
BRDA:1658,328,1,0
BRDA:1659,329,0,0
BRDA:1659,329,1,0
BRDA:1660,330,0,0
BRDA:1660,330,1,0
BRDA:1684,331,0,0
BRDA:1684,331,1,0
BRF:669
BRH:290
end_of_record
TN:
SF:src\templates\authEmails.js
FN:11,wrapHtml
FN:36,verificationEmail
FN:48,passwordResetEmail
FNF:3
FNH:0
FNDA:0,wrapHtml
FNDA:0,verificationEmail
FNDA:0,passwordResetEmail
DA:6,0
DA:7,0
DA:8,0
DA:9,0
DA:12,0
DA:37,0
DA:44,0
DA:45,0
DA:49,0
DA:56,0
DA:57,0
DA:60,0
LF:12
LH:0
BRF:0
BRH:0
end_of_record
TN:
SF:src\utils\helpers.js
FN:8,getConsentSnapshot
FN:37,transformPlayground
FN:64,(anonymous_2)
FN:81,(anonymous_3)
FNF:4
FNH:0
FNDA:0,getConsentSnapshot
FNDA:0,transformPlayground
FNDA:0,(anonymous_2)
FNDA:0,(anonymous_3)
DA:3,0
DA:9,0
DA:10,0
DA:11,0
DA:21,0
DA:38,0
DA:39,0
DA:40,0
DA:42,0
DA:44,0
DA:45,0
DA:46,0
DA:47,0
DA:49,0
DA:50,0
DA:51,0
DA:52,0
DA:54,0
DA:55,0
DA:58,0
DA:59,0
DA:60,0
DA:63,0
DA:64,0
DA:65,0
DA:66,0
DA:67,0
DA:68,0
DA:70,0
DA:71,0
DA:73,0
DA:74,0
DA:77,0
DA:80,0
DA:81,0
DA:82,0
DA:83,0
DA:90,0
DA:93,0
LF:39
LH:0
BRDA:23,0,0,0
BRDA:23,0,1,0
BRDA:24,1,0,0
BRDA:24,1,1,0
BRDA:25,2,0,0
BRDA:25,2,1,0
BRDA:25,3,0,0
BRDA:25,3,1,0
BRDA:26,4,0,0
BRDA:26,4,1,0
BRDA:27,5,0,0
BRDA:27,5,1,0
BRDA:28,6,0,0
BRDA:28,6,1,0
BRDA:28,7,0,0
BRDA:28,7,1,0
BRDA:38,8,0,0
BRDA:38,8,1,0
BRDA:44,9,0,0
BRDA:44,9,1,0
BRDA:44,10,0,0
BRDA:44,10,1,0
BRDA:46,11,0,0
BRDA:46,11,1,0
BRDA:47,12,0,0
BRDA:47,12,1,0
BRDA:49,13,0,0
BRDA:49,13,1,0
BRDA:50,14,0,0
BRDA:50,14,1,0
BRDA:51,15,0,0
BRDA:51,15,1,0
BRDA:54,16,0,0
BRDA:54,16,1,0
BRDA:58,17,0,0
BRDA:58,17,1,0
BRDA:58,18,0,0
BRDA:58,18,1,0
BRDA:63,19,0,0
BRDA:63,19,1,0
BRDA:65,20,0,0
BRDA:65,20,1,0
BRDA:66,21,0,0
BRDA:66,21,1,0
BRDA:70,22,0,0
BRDA:70,22,1,0
BRDA:70,23,0,0
BRDA:70,23,1,0
BRDA:73,24,0,0
BRDA:73,24,1,0
BRDA:80,25,0,0
BRDA:80,25,1,0
BRDA:80,26,0,0
BRDA:80,26,1,0
BRDA:82,27,0,0
BRDA:82,27,1,0
BRDA:85,28,0,0
BRDA:85,28,1,0
BRF:58
BRH:0
end_of_record
TN:
SF:src\utils\passwordPolicy.js
FN:6,validatePasswordStrength
FNF:1
FNH:0
FNDA:0,validatePasswordStrength
DA:7,0
DA:8,0
DA:10,0
DA:11,0
DA:13,0
DA:14,0
DA:16,0
DA:17,0
DA:19,0
DA:20,0
DA:22,0
DA:23,0
DA:25,0
DA:26,0
DA:28,0
DA:31,0
LF:16
LH:0
BRDA:7,0,0,0
BRDA:7,0,1,0
BRDA:7,1,0,0
BRDA:7,1,1,0
BRDA:10,2,0,0
BRDA:10,2,1,0
BRDA:13,3,0,0
BRDA:13,3,1,0
BRDA:16,4,0,0
BRDA:16,4,1,0
BRDA:19,5,0,0
BRDA:19,5,1,0
BRDA:22,6,0,0
BRDA:22,6,1,0
BRDA:25,7,0,0
BRDA:25,7,1,0
BRF:16
BRH:0
end_of_record
TN:
SF:src\utils\playgroundIdFilter.js
FN:6,resolvePlaygroundIdFilter
FN:29,collectSubsumedPlaygroundIdsForRegion
FNF:2
FNH:0
FNDA:0,resolvePlaygroundIdFilter
FNDA:0,collectSubsumedPlaygroundIdsForRegion
DA:1,0
DA:7,0
DA:8,0
DA:10,0
DA:11,0
DA:12,0
DA:13,0
DA:15,0
DA:18,0
DA:30,0
DA:31,0
DA:41,0
DA:42,0
DA:43,0
DA:44,0
DA:45,0
DA:46,0
DA:47,0
DA:48,0
DA:49,0
DA:50,0
DA:53,0
DA:56,0
LF:23
LH:0
BRDA:7,0,0,0
BRDA:7,0,1,0
BRDA:7,1,0,0
BRDA:7,1,1,0
BRDA:11,2,0,0
BRDA:11,2,1,0
BRDA:30,3,0,0
BRDA:30,3,1,0
BRDA:44,4,0,0
BRDA:44,4,1,0
BRDA:46,5,0,0
BRDA:46,5,1,0
BRDA:48,6,0,0
BRDA:48,6,1,0
BRF:14
BRH:0
end_of_record
