{"C:\\Users\\danim\\Documents\\Programming\\playground-app\\playground-app\\server\\src\\routes\\adAnalyticsRoutes.js": {"path":"C:\\Users\\danim\\Documents\\Programming\\playground-app\\playground-app\\server\\src\\routes\\adAnalyticsRoutes.js","statementMap":{"0":{"start":{"line":1,"column":16},"end":{"line":1,"column":34}},"1":{"start":{"line":2,"column":15},"end":{"line":2,"column":31}},"2":{"start":{"line":3,"column":18},"end":{"line":3,"column":40}},"3":{"start":{"line":4,"column":21},"end":{"line":4,"column":39}},"4":{"start":{"line":5,"column":26},"end":{"line":5,"column":66}},"5":{"start":{"line":6,"column":54},"end":{"line":6,"column":101}},"6":{"start":{"line":9,"column":0},"end":{"line":64,"column":3}},"7":{"start":{"line":10,"column":2},"end":{"line":63,"column":3}},"8":{"start":{"line":11,"column":15},"end":{"line":11,"column":22}},"9":{"start":{"line":12,"column":23},"end":{"line":12,"column":91}},"10":{"start":{"line":13,"column":4},"end":{"line":13,"column":71}},"11":{"start":{"line":13,"column":21},"end":{"line":13,"column":71}},"12":{"start":{"line":15,"column":22},"end":{"line":18,"column":16}},"13":{"start":{"line":20,"column":24},"end":{"line":20,"column":88}},"14":{"start":{"line":20,"column":57},"end":{"line":20,"column":69}},"15":{"start":{"line":21,"column":22},"end":{"line":23,"column":10}},"16":{"start":{"line":24,"column":24},"end":{"line":24,"column":79}},"17":{"start":{"line":24,"column":54},"end":{"line":24,"column":77}},"18":{"start":{"line":26,"column":20},"end":{"line":31,"column":6}},"19":{"start":{"line":27,"column":19},"end":{"line":29,"column":36}},"20":{"start":{"line":30,"column":6},"end":{"line":30,"column":18}},"21":{"start":{"line":32,"column":21},"end":{"line":32,"column":59}},"22":{"start":{"line":34,"column":17},"end":{"line":58,"column":6}},"23":{"start":{"line":35,"column":17},"end":{"line":35,"column":79}},"24":{"start":{"line":36,"column":19},"end":{"line":38,"column":58}},"25":{"start":{"line":37,"column":42},"end":{"line":37,"column":51}},"26":{"start":{"line":38,"column":48},"end":{"line":38,"column":57}},"27":{"start":{"line":39,"column":33},"end":{"line":39,"column":66}},"28":{"start":{"line":39,"column":49},"end":{"line":39,"column":65}},"29":{"start":{"line":40,"column":6},"end":{"line":57,"column":8}},"30":{"start":{"line":60,"column":4},"end":{"line":60,"column":43}},"31":{"start":{"line":62,"column":4},"end":{"line":62,"column":49}},"32":{"start":{"line":67,"column":0},"end":{"line":125,"column":3}},"33":{"start":{"line":68,"column":2},"end":{"line":124,"column":3}},"34":{"start":{"line":69,"column":15},"end":{"line":69,"column":22}},"35":{"start":{"line":70,"column":4},"end":{"line":72,"column":5}},"36":{"start":{"line":71,"column":6},"end":{"line":71,"column":68}},"37":{"start":{"line":73,"column":23},"end":{"line":73,"column":50}},"38":{"start":{"line":74,"column":21},"end":{"line":74,"column":84}},"39":{"start":{"line":75,"column":4},"end":{"line":75,"column":80}},"40":{"start":{"line":75,"column":19},"end":{"line":75,"column":80}},"41":{"start":{"line":78,"column":23},"end":{"line":78,"column":91}},"42":{"start":{"line":79,"column":4},"end":{"line":81,"column":5}},"43":{"start":{"line":80,"column":6},"end":{"line":80,"column":58}},"44":{"start":{"line":83,"column":22},"end":{"line":87,"column":5}},"45":{"start":{"line":89,"column":17},"end":{"line":91,"column":63}},"46":{"start":{"line":90,"column":47},"end":{"line":90,"column":56}},"47":{"start":{"line":91,"column":53},"end":{"line":91,"column":62}},"48":{"start":{"line":92,"column":21},"end":{"line":92,"column":56}},"49":{"start":{"line":93,"column":31},"end":{"line":93,"column":64}},"50":{"start":{"line":93,"column":47},"end":{"line":93,"column":63}},"51":{"start":{"line":95,"column":21},"end":{"line":97,"column":12}},"52":{"start":{"line":99,"column":24},"end":{"line":119,"column":5}},"53":{"start":{"line":121,"column":4},"end":{"line":121,"column":81}},"54":{"start":{"line":123,"column":4},"end":{"line":123,"column":49}},"55":{"start":{"line":127,"column":0},"end":{"line":127,"column":24}}},"fnMap":{"0":{"name":"(anonymous_0)","decl":{"start":{"line":9,"column":25},"end":{"line":9,"column":26}},"loc":{"start":{"line":9,"column":45},"end":{"line":64,"column":1}},"line":9},"1":{"name":"(anonymous_1)","decl":{"start":{"line":20,"column":50},"end":{"line":20,"column":51}},"loc":{"start":{"line":20,"column":57},"end":{"line":20,"column":69}},"line":20},"2":{"name":"(anonymous_2)","decl":{"start":{"line":24,"column":46},"end":{"line":24,"column":47}},"loc":{"start":{"line":24,"column":54},"end":{"line":24,"column":77}},"line":24},"3":{"name":"(anonymous_3)","decl":{"start":{"line":26,"column":38},"end":{"line":26,"column":39}},"loc":{"start":{"line":26,"column":45},"end":{"line":31,"column":5}},"line":26},"4":{"name":"(anonymous_4)","decl":{"start":{"line":34,"column":31},"end":{"line":34,"column":32}},"loc":{"start":{"line":34,"column":38},"end":{"line":58,"column":5}},"line":34},"5":{"name":"(anonymous_5)","decl":{"start":{"line":37,"column":35},"end":{"line":37,"column":36}},"loc":{"start":{"line":37,"column":42},"end":{"line":37,"column":51}},"line":37},"6":{"name":"(anonymous_6)","decl":{"start":{"line":38,"column":41},"end":{"line":38,"column":42}},"loc":{"start":{"line":38,"column":48},"end":{"line":38,"column":57}},"line":38},"7":{"name":"(anonymous_7)","decl":{"start":{"line":39,"column":42},"end":{"line":39,"column":43}},"loc":{"start":{"line":39,"column":49},"end":{"line":39,"column":65}},"line":39},"8":{"name":"(anonymous_8)","decl":{"start":{"line":67,"column":29},"end":{"line":67,"column":30}},"loc":{"start":{"line":67,"column":49},"end":{"line":125,"column":1}},"line":67},"9":{"name":"(anonymous_9)","decl":{"start":{"line":90,"column":40},"end":{"line":90,"column":41}},"loc":{"start":{"line":90,"column":47},"end":{"line":90,"column":56}},"line":90},"10":{"name":"(anonymous_10)","decl":{"start":{"line":91,"column":46},"end":{"line":91,"column":47}},"loc":{"start":{"line":91,"column":53},"end":{"line":91,"column":62}},"line":91},"11":{"name":"(anonymous_11)","decl":{"start":{"line":93,"column":40},"end":{"line":93,"column":41}},"loc":{"start":{"line":93,"column":47},"end":{"line":93,"column":63}},"line":93}},"branchMap":{"0":{"loc":{"start":{"line":13,"column":4},"end":{"line":13,"column":71}},"type":"if","locations":[{"start":{"line":13,"column":4},"end":{"line":13,"column":71}},{"start":{},"end":{}}],"line":13},"1":{"loc":{"start":{"line":21,"column":22},"end":{"line":23,"column":10}},"type":"cond-expr","locations":[{"start":{"line":22,"column":8},"end":{"line":22,"column":88}},{"start":{"line":23,"column":8},"end":{"line":23,"column":10}}],"line":21},"2":{"loc":{"start":{"line":27,"column":19},"end":{"line":29,"column":36}},"type":"cond-expr","locations":[{"start":{"line":28,"column":10},"end":{"line":28,"column":30}},{"start":{"line":29,"column":10},"end":{"line":29,"column":36}}],"line":27},"3":{"loc":{"start":{"line":27,"column":19},"end":{"line":27,"column":70}},"type":"binary-expr","locations":[{"start":{"line":27,"column":19},"end":{"line":27,"column":39}},{"start":{"line":27,"column":43},"end":{"line":27,"column":70}}],"line":27},"4":{"loc":{"start":{"line":35,"column":17},"end":{"line":35,"column":79}},"type":"cond-expr","locations":[{"start":{"line":35,"column":32},"end":{"line":35,"column":72}},{"start":{"line":35,"column":75},"end":{"line":35,"column":79}}],"line":35},"5":{"loc":{"start":{"line":36,"column":19},"end":{"line":38,"column":58}},"type":"cond-expr","locations":[{"start":{"line":37,"column":10},"end":{"line":37,"column":52}},{"start":{"line":38,"column":10},"end":{"line":38,"column":58}}],"line":36},"6":{"loc":{"start":{"line":36,"column":19},"end":{"line":36,"column":70}},"type":"binary-expr","locations":[{"start":{"line":36,"column":19},"end":{"line":36,"column":39}},{"start":{"line":36,"column":43},"end":{"line":36,"column":70}}],"line":36},"7":{"loc":{"start":{"line":39,"column":49},"end":{"line":39,"column":65}},"type":"binary-expr","locations":[{"start":{"line":39,"column":49},"end":{"line":39,"column":60}},{"start":{"line":39,"column":64},"end":{"line":39,"column":65}}],"line":39},"8":{"loc":{"start":{"line":42,"column":22},"end":{"line":42,"column":69}},"type":"cond-expr","locations":[{"start":{"line":42,"column":39},"end":{"line":42,"column":64}},{"start":{"line":42,"column":67},"end":{"line":42,"column":69}}],"line":42},"9":{"loc":{"start":{"line":43,"column":21},"end":{"line":43,"column":39}},"type":"binary-expr","locations":[{"start":{"line":43,"column":21},"end":{"line":43,"column":34}},{"start":{"line":43,"column":38},"end":{"line":43,"column":39}}],"line":43},"10":{"loc":{"start":{"line":44,"column":16},"end":{"line":44,"column":29}},"type":"binary-expr","locations":[{"start":{"line":44,"column":16},"end":{"line":44,"column":24}},{"start":{"line":44,"column":28},"end":{"line":44,"column":29}}],"line":44},"11":{"loc":{"start":{"line":45,"column":13},"end":{"line":45,"column":61}},"type":"cond-expr","locations":[{"start":{"line":45,"column":33},"end":{"line":45,"column":57}},{"start":{"line":45,"column":60},"end":{"line":45,"column":61}}],"line":45},"12":{"loc":{"start":{"line":46,"column":18},"end":{"line":46,"column":36}},"type":"binary-expr","locations":[{"start":{"line":46,"column":18},"end":{"line":46,"column":30}},{"start":{"line":46,"column":34},"end":{"line":46,"column":36}}],"line":46},"13":{"loc":{"start":{"line":47,"column":18},"end":{"line":47,"column":38}},"type":"binary-expr","locations":[{"start":{"line":47,"column":18},"end":{"line":47,"column":30}},{"start":{"line":47,"column":34},"end":{"line":47,"column":38}}],"line":47},"14":{"loc":{"start":{"line":48,"column":22},"end":{"line":48,"column":44}},"type":"binary-expr","locations":[{"start":{"line":48,"column":22},"end":{"line":48,"column":38}},{"start":{"line":48,"column":42},"end":{"line":48,"column":44}}],"line":48},"15":{"loc":{"start":{"line":49,"column":19},"end":{"line":49,"column":36}},"type":"binary-expr","locations":[{"start":{"line":49,"column":19},"end":{"line":49,"column":30}},{"start":{"line":49,"column":34},"end":{"line":49,"column":36}}],"line":49},"16":{"loc":{"start":{"line":50,"column":16},"end":{"line":50,"column":30}},"type":"binary-expr","locations":[{"start":{"line":50,"column":16},"end":{"line":50,"column":24}},{"start":{"line":50,"column":28},"end":{"line":50,"column":30}}],"line":50},"17":{"loc":{"start":{"line":53,"column":27},"end":{"line":53,"column":83}},"type":"binary-expr","locations":[{"start":{"line":53,"column":27},"end":{"line":53,"column":46}},{"start":{"line":53,"column":50},"end":{"line":53,"column":83}}],"line":53},"18":{"loc":{"start":{"line":54,"column":25},"end":{"line":54,"column":77}},"type":"binary-expr","locations":[{"start":{"line":54,"column":25},"end":{"line":54,"column":42}},{"start":{"line":54,"column":46},"end":{"line":54,"column":77}}],"line":54},"19":{"loc":{"start":{"line":55,"column":30},"end":{"line":55,"column":58}},"type":"binary-expr","locations":[{"start":{"line":55,"column":30},"end":{"line":55,"column":52}},{"start":{"line":55,"column":56},"end":{"line":55,"column":58}}],"line":55},"20":{"loc":{"start":{"line":56,"column":16},"end":{"line":56,"column":48}},"type":"cond-expr","locations":[{"start":{"line":56,"column":27},"end":{"line":56,"column":43}},{"start":{"line":56,"column":46},"end":{"line":56,"column":48}}],"line":56},"21":{"loc":{"start":{"line":70,"column":4},"end":{"line":72,"column":5}},"type":"if","locations":[{"start":{"line":70,"column":4},"end":{"line":72,"column":5}},{"start":{},"end":{}}],"line":70},"22":{"loc":{"start":{"line":75,"column":4},"end":{"line":75,"column":80}},"type":"if","locations":[{"start":{"line":75,"column":4},"end":{"line":75,"column":80}},{"start":{},"end":{}}],"line":75},"23":{"loc":{"start":{"line":79,"column":4},"end":{"line":81,"column":5}},"type":"if","locations":[{"start":{"line":79,"column":4},"end":{"line":81,"column":5}},{"start":{},"end":{}}],"line":79},"24":{"loc":{"start":{"line":79,"column":8},"end":{"line":79,"column":85}},"type":"binary-expr","locations":[{"start":{"line":79,"column":8},"end":{"line":79,"column":19}},{"start":{"line":79,"column":23},"end":{"line":79,"column":85}}],"line":79},"25":{"loc":{"start":{"line":89,"column":17},"end":{"line":91,"column":63}},"type":"cond-expr","locations":[{"start":{"line":90,"column":8},"end":{"line":90,"column":57}},{"start":{"line":91,"column":8},"end":{"line":91,"column":63}}],"line":89},"26":{"loc":{"start":{"line":89,"column":17},"end":{"line":89,"column":82}},"type":"binary-expr","locations":[{"start":{"line":89,"column":17},"end":{"line":89,"column":44}},{"start":{"line":89,"column":48},"end":{"line":89,"column":82}}],"line":89},"27":{"loc":{"start":{"line":93,"column":47},"end":{"line":93,"column":63}},"type":"binary-expr","locations":[{"start":{"line":93,"column":47},"end":{"line":93,"column":58}},{"start":{"line":93,"column":62},"end":{"line":93,"column":63}}],"line":93},"28":{"loc":{"start":{"line":95,"column":21},"end":{"line":97,"column":12}},"type":"cond-expr","locations":[{"start":{"line":96,"column":8},"end":{"line":96,"column":80}},{"start":{"line":97,"column":8},"end":{"line":97,"column":12}}],"line":95},"29":{"loc":{"start":{"line":102,"column":20},"end":{"line":102,"column":81}},"type":"cond-expr","locations":[{"start":{"line":102,"column":44},"end":{"line":102,"column":76}},{"start":{"line":102,"column":79},"end":{"line":102,"column":81}}],"line":102},"30":{"loc":{"start":{"line":103,"column":20},"end":{"line":103,"column":81}},"type":"cond-expr","locations":[{"start":{"line":103,"column":44},"end":{"line":103,"column":76}},{"start":{"line":103,"column":79},"end":{"line":103,"column":81}}],"line":103},"31":{"loc":{"start":{"line":104,"column":18},"end":{"line":104,"column":75}},"type":"cond-expr","locations":[{"start":{"line":104,"column":40},"end":{"line":104,"column":70}},{"start":{"line":104,"column":73},"end":{"line":104,"column":75}}],"line":104},"32":{"loc":{"start":{"line":107,"column":25},"end":{"line":107,"column":95}},"type":"binary-expr","locations":[{"start":{"line":107,"column":25},"end":{"line":107,"column":51}},{"start":{"line":107,"column":55},"end":{"line":107,"column":95}}],"line":107},"33":{"loc":{"start":{"line":108,"column":23},"end":{"line":108,"column":89}},"type":"binary-expr","locations":[{"start":{"line":108,"column":23},"end":{"line":108,"column":47}},{"start":{"line":108,"column":51},"end":{"line":108,"column":89}}],"line":108},"34":{"loc":{"start":{"line":109,"column":23},"end":{"line":118,"column":14}},"type":"cond-expr","locations":[{"start":{"line":110,"column":10},"end":{"line":117,"column":9}},{"start":{"line":118,"column":10},"end":{"line":118,"column":14}}],"line":109},"35":{"loc":{"start":{"line":111,"column":20},"end":{"line":111,"column":43}},"type":"binary-expr","locations":[{"start":{"line":111,"column":20},"end":{"line":111,"column":37}},{"start":{"line":111,"column":41},"end":{"line":111,"column":43}}],"line":111},"36":{"loc":{"start":{"line":112,"column":16},"end":{"line":112,"column":35}},"type":"binary-expr","locations":[{"start":{"line":112,"column":16},"end":{"line":112,"column":29}},{"start":{"line":112,"column":33},"end":{"line":112,"column":35}}],"line":112},"37":{"loc":{"start":{"line":113,"column":20},"end":{"line":113,"column":45}},"type":"binary-expr","locations":[{"start":{"line":113,"column":20},"end":{"line":113,"column":37}},{"start":{"line":113,"column":41},"end":{"line":113,"column":45}}],"line":113},"38":{"loc":{"start":{"line":114,"column":19},"end":{"line":114,"column":41}},"type":"binary-expr","locations":[{"start":{"line":114,"column":19},"end":{"line":114,"column":35}},{"start":{"line":114,"column":39},"end":{"line":114,"column":41}}],"line":114},"39":{"loc":{"start":{"line":115,"column":18},"end":{"line":115,"column":39}},"type":"binary-expr","locations":[{"start":{"line":115,"column":18},"end":{"line":115,"column":33}},{"start":{"line":115,"column":37},"end":{"line":115,"column":39}}],"line":115},"40":{"loc":{"start":{"line":116,"column":24},"end":{"line":116,"column":51}},"type":"binary-expr","locations":[{"start":{"line":116,"column":24},"end":{"line":116,"column":45}},{"start":{"line":116,"column":49},"end":{"line":116,"column":51}}],"line":116}},"s":{"0":1,"1":1,"2":1,"3":1,"4":1,"5":1,"6":1,"7":2,"8":2,"9":2,"10":2,"11":1,"12":1,"13":1,"14":1,"15":1,"16":1,"17":1,"18":1,"19":1,"20":1,"21":1,"22":1,"23":1,"24":1,"25":1,"26":0,"27":1,"28":1,"29":1,"30":1,"31":0,"32":1,"33":4,"34":4,"35":4,"36":1,"37":3,"38":3,"39":3,"40":1,"41":2,"42":2,"43":1,"44":1,"45":1,"46":0,"47":1,"48":1,"49":1,"50":1,"51":1,"52":1,"53":1,"54":0,"55":1},"f":{"0":2,"1":1,"2":1,"3":1,"4":1,"5":1,"6":0,"7":1,"8":4,"9":0,"10":1,"11":1},"b":{"0":[1,1],"1":[1,0],"2":[1,0],"3":[1,1],"4":[1,0],"5":[1,0],"6":[1,1],"7":[1,0],"8":[1,0],"9":[1,0],"10":[1,0],"11":[1,0],"12":[1,0],"13":[1,0],"14":[1,0],"15":[1,0],"16":[1,0],"17":[1,0],"18":[1,0],"19":[1,0],"20":[0,1],"21":[1,3],"22":[1,2],"23":[1,1],"24":[2,2],"25":[0,1],"26":[1,0],"27":[1,0],"28":[1,0],"29":[1,0],"30":[1,0],"31":[1,0],"32":[1,1],"33":[1,1],"34":[1,0],"35":[1,0],"36":[1,0],"37":[1,0],"38":[1,0],"39":[1,0],"40":[1,0]},"_coverageSchema":"1a1c01bbd47fc00a2c39e90264f33305004495a9","hash":"766b5bff7a9f69e5734a85aa8ca700ff19d79ff0"}
,"C:\\Users\\danim\\Documents\\Programming\\playground-app\\playground-app\\server\\src\\routes\\adDiscountRoutes.js": {"path":"C:\\Users\\danim\\Documents\\Programming\\playground-app\\playground-app\\server\\src\\routes\\adDiscountRoutes.js","statementMap":{"0":{"start":{"line":1,"column":16},"end":{"line":1,"column":34}},"1":{"start":{"line":2,"column":15},"end":{"line":2,"column":31}},"2":{"start":{"line":3,"column":18},"end":{"line":3,"column":40}},"3":{"start":{"line":4,"column":21},"end":{"line":4,"column":39}},"4":{"start":{"line":5,"column":29},"end":{"line":5,"column":63}},"5":{"start":{"line":10,"column":0},"end":{"line":74,"column":3}},"6":{"start":{"line":11,"column":2},"end":{"line":73,"column":3}},"7":{"start":{"line":12,"column":15},"end":{"line":12,"column":22}},"8":{"start":{"line":13,"column":62},"end":{"line":13,"column":70}},"9":{"start":{"line":16,"column":4},"end":{"line":18,"column":5}},"10":{"start":{"line":17,"column":6},"end":{"line":17,"column":65}},"11":{"start":{"line":20,"column":4},"end":{"line":22,"column":5}},"12":{"start":{"line":21,"column":6},"end":{"line":21,"column":85}},"13":{"start":{"line":24,"column":4},"end":{"line":26,"column":5}},"14":{"start":{"line":25,"column":6},"end":{"line":25,"column":83}},"15":{"start":{"line":28,"column":18},"end":{"line":28,"column":37}},"16":{"start":{"line":29,"column":16},"end":{"line":29,"column":33}},"17":{"start":{"line":31,"column":4},"end":{"line":33,"column":5}},"18":{"start":{"line":32,"column":6},"end":{"line":32,"column":90}},"19":{"start":{"line":35,"column":4},"end":{"line":37,"column":5}},"20":{"start":{"line":36,"column":6},"end":{"line":36,"column":80}},"21":{"start":{"line":40,"column":21},"end":{"line":43,"column":5}},"22":{"start":{"line":45,"column":4},"end":{"line":47,"column":5}},"23":{"start":{"line":46,"column":6},"end":{"line":46,"column":94}},"24":{"start":{"line":49,"column":16},"end":{"line":49,"column":26}},"25":{"start":{"line":50,"column":16},"end":{"line":61,"column":5}},"26":{"start":{"line":63,"column":19},"end":{"line":63,"column":70}},"27":{"start":{"line":64,"column":4},"end":{"line":64,"column":32}},"28":{"start":{"line":66,"column":4},"end":{"line":66,"column":60}},"29":{"start":{"line":69,"column":4},"end":{"line":71,"column":5}},"30":{"start":{"line":70,"column":6},"end":{"line":70,"column":94}},"31":{"start":{"line":72,"column":4},"end":{"line":72,"column":49}},"32":{"start":{"line":78,"column":0},"end":{"line":90,"column":3}},"33":{"start":{"line":79,"column":2},"end":{"line":89,"column":3}},"34":{"start":{"line":80,"column":15},"end":{"line":80,"column":22}},"35":{"start":{"line":81,"column":18},"end":{"line":84,"column":16}},"36":{"start":{"line":86,"column":4},"end":{"line":86,"column":50}},"37":{"start":{"line":88,"column":4},"end":{"line":88,"column":49}},"38":{"start":{"line":93,"column":0},"end":{"line":169,"column":3}},"39":{"start":{"line":94,"column":2},"end":{"line":168,"column":3}},"40":{"start":{"line":95,"column":15},"end":{"line":95,"column":22}},"41":{"start":{"line":96,"column":15},"end":{"line":96,"column":28}},"42":{"start":{"line":98,"column":4},"end":{"line":100,"column":5}},"43":{"start":{"line":99,"column":6},"end":{"line":99,"column":73}},"44":{"start":{"line":102,"column":64},"end":{"line":102,"column":72}},"45":{"start":{"line":103,"column":25},"end":{"line":103,"column":27}},"46":{"start":{"line":105,"column":4},"end":{"line":110,"column":5}},"47":{"start":{"line":106,"column":6},"end":{"line":108,"column":7}},"48":{"start":{"line":107,"column":8},"end":{"line":107,"column":87}},"49":{"start":{"line":109,"column":6},"end":{"line":109,"column":55}},"50":{"start":{"line":112,"column":4},"end":{"line":118,"column":5}},"51":{"start":{"line":113,"column":20},"end":{"line":113,"column":39}},"52":{"start":{"line":114,"column":6},"end":{"line":116,"column":7}},"53":{"start":{"line":115,"column":8},"end":{"line":115,"column":81}},"54":{"start":{"line":117,"column":6},"end":{"line":117,"column":37}},"55":{"start":{"line":120,"column":4},"end":{"line":126,"column":5}},"56":{"start":{"line":121,"column":18},"end":{"line":121,"column":35}},"57":{"start":{"line":122,"column":6},"end":{"line":124,"column":7}},"58":{"start":{"line":123,"column":8},"end":{"line":123,"column":79}},"59":{"start":{"line":125,"column":6},"end":{"line":125,"column":33}},"60":{"start":{"line":129,"column":4},"end":{"line":139,"column":5}},"61":{"start":{"line":130,"column":23},"end":{"line":130,"column":94}},"62":{"start":{"line":131,"column":6},"end":{"line":133,"column":7}},"63":{"start":{"line":132,"column":8},"end":{"line":132,"column":74}},"64":{"start":{"line":134,"column":29},"end":{"line":134,"column":73}},"65":{"start":{"line":135,"column":27},"end":{"line":135,"column":67}},"66":{"start":{"line":136,"column":6},"end":{"line":138,"column":7}},"67":{"start":{"line":137,"column":8},"end":{"line":137,"column":82}},"68":{"start":{"line":141,"column":4},"end":{"line":143,"column":5}},"69":{"start":{"line":142,"column":6},"end":{"line":142,"column":67}},"70":{"start":{"line":145,"column":4},"end":{"line":147,"column":5}},"71":{"start":{"line":146,"column":6},"end":{"line":146,"column":37}},"72":{"start":{"line":149,"column":4},"end":{"line":151,"column":5}},"73":{"start":{"line":150,"column":6},"end":{"line":150,"column":74}},"74":{"start":{"line":153,"column":4},"end":{"line":153,"column":40}},"75":{"start":{"line":155,"column":19},"end":{"line":159,"column":5}},"76":{"start":{"line":161,"column":4},"end":{"line":163,"column":5}},"77":{"start":{"line":162,"column":6},"end":{"line":162,"column":72}},"78":{"start":{"line":165,"column":4},"end":{"line":165,"column":51}},"79":{"start":{"line":167,"column":4},"end":{"line":167,"column":49}},"80":{"start":{"line":172,"column":0},"end":{"line":196,"column":3}},"81":{"start":{"line":173,"column":2},"end":{"line":195,"column":3}},"82":{"start":{"line":174,"column":15},"end":{"line":174,"column":22}},"83":{"start":{"line":175,"column":15},"end":{"line":175,"column":28}},"84":{"start":{"line":177,"column":4},"end":{"line":179,"column":5}},"85":{"start":{"line":178,"column":6},"end":{"line":178,"column":73}},"86":{"start":{"line":181,"column":16},"end":{"line":181,"column":26}},"87":{"start":{"line":182,"column":19},"end":{"line":186,"column":5}},"88":{"start":{"line":188,"column":4},"end":{"line":190,"column":5}},"89":{"start":{"line":189,"column":6},"end":{"line":189,"column":72}},"90":{"start":{"line":192,"column":4},"end":{"line":192,"column":51}},"91":{"start":{"line":194,"column":4},"end":{"line":194,"column":49}},"92":{"start":{"line":199,"column":0},"end":{"line":217,"column":3}},"93":{"start":{"line":200,"column":2},"end":{"line":216,"column":3}},"94":{"start":{"line":201,"column":15},"end":{"line":201,"column":22}},"95":{"start":{"line":202,"column":15},"end":{"line":202,"column":28}},"96":{"start":{"line":204,"column":4},"end":{"line":206,"column":5}},"97":{"start":{"line":205,"column":6},"end":{"line":205,"column":73}},"98":{"start":{"line":208,"column":24},"end":{"line":211,"column":16}},"99":{"start":{"line":213,"column":4},"end":{"line":213,"column":56}},"100":{"start":{"line":215,"column":4},"end":{"line":215,"column":49}},"101":{"start":{"line":221,"column":23},"end":{"line":221,"column":39}},"102":{"start":{"line":224,"column":0},"end":{"line":282,"column":3}},"103":{"start":{"line":225,"column":2},"end":{"line":281,"column":3}},"104":{"start":{"line":226,"column":15},"end":{"line":226,"column":22}},"105":{"start":{"line":227,"column":35},"end":{"line":227,"column":43}},"106":{"start":{"line":229,"column":4},"end":{"line":231,"column":5}},"107":{"start":{"line":230,"column":6},"end":{"line":230,"column":83}},"108":{"start":{"line":232,"column":4},"end":{"line":234,"column":5}},"109":{"start":{"line":233,"column":6},"end":{"line":233,"column":70}},"110":{"start":{"line":237,"column":25},"end":{"line":240,"column":5}},"111":{"start":{"line":242,"column":4},"end":{"line":244,"column":5}},"112":{"start":{"line":243,"column":6},"end":{"line":243,"column":70}},"113":{"start":{"line":246,"column":4},"end":{"line":248,"column":5}},"114":{"start":{"line":247,"column":6},"end":{"line":247,"column":87}},"115":{"start":{"line":250,"column":16},"end":{"line":250,"column":26}},"116":{"start":{"line":251,"column":4},"end":{"line":253,"column":5}},"117":{"start":{"line":252,"column":6},"end":{"line":252,"column":90}},"118":{"start":{"line":255,"column":4},"end":{"line":257,"column":5}},"119":{"start":{"line":256,"column":6},"end":{"line":256,"column":95}},"120":{"start":{"line":260,"column":23},"end":{"line":262,"column":5}},"121":{"start":{"line":264,"column":4},"end":{"line":266,"column":5}},"122":{"start":{"line":265,"column":6},"end":{"line":265,"column":69}},"123":{"start":{"line":268,"column":34},"end":{"line":268,"column":65}},"124":{"start":{"line":269,"column":36},"end":{"line":269,"column":109}},"125":{"start":{"line":271,"column":4},"end":{"line":278,"column":7}},"126":{"start":{"line":280,"column":4},"end":{"line":280,"column":49}},"127":{"start":{"line":284,"column":0},"end":{"line":284,"column":57}}},"fnMap":{"0":{"name":"(anonymous_0)","decl":{"start":{"line":10,"column":35},"end":{"line":10,"column":36}},"loc":{"start":{"line":10,"column":55},"end":{"line":74,"column":1}},"line":10},"1":{"name":"(anonymous_1)","decl":{"start":{"line":78,"column":34},"end":{"line":78,"column":35}},"loc":{"start":{"line":78,"column":54},"end":{"line":90,"column":1}},"line":78},"2":{"name":"(anonymous_2)","decl":{"start":{"line":93,"column":37},"end":{"line":93,"column":38}},"loc":{"start":{"line":93,"column":57},"end":{"line":169,"column":1}},"line":93},"3":{"name":"(anonymous_3)","decl":{"start":{"line":172,"column":40},"end":{"line":172,"column":41}},"loc":{"start":{"line":172,"column":60},"end":{"line":196,"column":1}},"line":172},"4":{"name":"(anonymous_4)","decl":{"start":{"line":199,"column":49},"end":{"line":199,"column":50}},"loc":{"start":{"line":199,"column":69},"end":{"line":217,"column":1}},"line":199},"5":{"name":"(anonymous_5)","decl":{"start":{"line":224,"column":33},"end":{"line":224,"column":34}},"loc":{"start":{"line":224,"column":53},"end":{"line":282,"column":1}},"line":224}},"branchMap":{"0":{"loc":{"start":{"line":16,"column":4},"end":{"line":18,"column":5}},"type":"if","locations":[{"start":{"line":16,"column":4},"end":{"line":18,"column":5}},{"start":{},"end":{}}],"line":16},"1":{"loc":{"start":{"line":16,"column":8},"end":{"line":16,"column":69}},"type":"binary-expr","locations":[{"start":{"line":16,"column":8},"end":{"line":16,"column":13}},{"start":{"line":16,"column":17},"end":{"line":16,"column":41}},{"start":{"line":16,"column":45},"end":{"line":16,"column":69}}],"line":16},"2":{"loc":{"start":{"line":20,"column":4},"end":{"line":22,"column":5}},"type":"if","locations":[{"start":{"line":20,"column":4},"end":{"line":22,"column":5}},{"start":{},"end":{}}],"line":20},"3":{"loc":{"start":{"line":20,"column":8},"end":{"line":20,"column":93}},"type":"binary-expr","locations":[{"start":{"line":20,"column":8},"end":{"line":20,"column":32}},{"start":{"line":20,"column":36},"end":{"line":20,"column":55}},{"start":{"line":20,"column":59},"end":{"line":20,"column":73}},{"start":{"line":20,"column":77},"end":{"line":20,"column":93}}],"line":20},"4":{"loc":{"start":{"line":24,"column":4},"end":{"line":26,"column":5}},"type":"if","locations":[{"start":{"line":24,"column":4},"end":{"line":26,"column":5}},{"start":{},"end":{}}],"line":24},"5":{"loc":{"start":{"line":24,"column":8},"end":{"line":24,"column":30}},"type":"binary-expr","locations":[{"start":{"line":24,"column":8},"end":{"line":24,"column":18}},{"start":{"line":24,"column":22},"end":{"line":24,"column":30}}],"line":24},"6":{"loc":{"start":{"line":31,"column":4},"end":{"line":33,"column":5}},"type":"if","locations":[{"start":{"line":31,"column":4},"end":{"line":33,"column":5}},{"start":{},"end":{}}],"line":31},"7":{"loc":{"start":{"line":31,"column":8},"end":{"line":31,"column":54}},"type":"binary-expr","locations":[{"start":{"line":31,"column":8},"end":{"line":31,"column":30}},{"start":{"line":31,"column":34},"end":{"line":31,"column":54}}],"line":31},"8":{"loc":{"start":{"line":35,"column":4},"end":{"line":37,"column":5}},"type":"if","locations":[{"start":{"line":35,"column":4},"end":{"line":37,"column":5}},{"start":{},"end":{}}],"line":35},"9":{"loc":{"start":{"line":45,"column":4},"end":{"line":47,"column":5}},"type":"if","locations":[{"start":{"line":45,"column":4},"end":{"line":47,"column":5}},{"start":{},"end":{}}],"line":45},"10":{"loc":{"start":{"line":55,"column":15},"end":{"line":55,"column":63}},"type":"cond-expr","locations":[{"start":{"line":55,"column":40},"end":{"line":55,"column":59}},{"start":{"line":55,"column":62},"end":{"line":55,"column":63}}],"line":55},"11":{"loc":{"start":{"line":55,"column":15},"end":{"line":55,"column":37}},"type":"binary-expr","locations":[{"start":{"line":55,"column":15},"end":{"line":55,"column":22}},{"start":{"line":55,"column":26},"end":{"line":55,"column":37}}],"line":55},"12":{"loc":{"start":{"line":69,"column":4},"end":{"line":71,"column":5}},"type":"if","locations":[{"start":{"line":69,"column":4},"end":{"line":71,"column":5}},{"start":{},"end":{}}],"line":69},"13":{"loc":{"start":{"line":98,"column":4},"end":{"line":100,"column":5}},"type":"if","locations":[{"start":{"line":98,"column":4},"end":{"line":100,"column":5}},{"start":{},"end":{}}],"line":98},"14":{"loc":{"start":{"line":105,"column":4},"end":{"line":110,"column":5}},"type":"if","locations":[{"start":{"line":105,"column":4},"end":{"line":110,"column":5}},{"start":{},"end":{}}],"line":105},"15":{"loc":{"start":{"line":106,"column":6},"end":{"line":108,"column":7}},"type":"if","locations":[{"start":{"line":106,"column":6},"end":{"line":108,"column":7}},{"start":{},"end":{}}],"line":106},"16":{"loc":{"start":{"line":106,"column":10},"end":{"line":106,"column":44}},"type":"binary-expr","locations":[{"start":{"line":106,"column":10},"end":{"line":106,"column":24}},{"start":{"line":106,"column":28},"end":{"line":106,"column":44}}],"line":106},"17":{"loc":{"start":{"line":112,"column":4},"end":{"line":118,"column":5}},"type":"if","locations":[{"start":{"line":112,"column":4},"end":{"line":118,"column":5}},{"start":{},"end":{}}],"line":112},"18":{"loc":{"start":{"line":114,"column":6},"end":{"line":116,"column":7}},"type":"if","locations":[{"start":{"line":114,"column":6},"end":{"line":116,"column":7}},{"start":{},"end":{}}],"line":114},"19":{"loc":{"start":{"line":120,"column":4},"end":{"line":126,"column":5}},"type":"if","locations":[{"start":{"line":120,"column":4},"end":{"line":126,"column":5}},{"start":{},"end":{}}],"line":120},"20":{"loc":{"start":{"line":122,"column":6},"end":{"line":124,"column":7}},"type":"if","locations":[{"start":{"line":122,"column":6},"end":{"line":124,"column":7}},{"start":{},"end":{}}],"line":122},"21":{"loc":{"start":{"line":129,"column":4},"end":{"line":139,"column":5}},"type":"if","locations":[{"start":{"line":129,"column":4},"end":{"line":139,"column":5}},{"start":{},"end":{}}],"line":129},"22":{"loc":{"start":{"line":129,"column":8},"end":{"line":129,"column":54}},"type":"binary-expr","locations":[{"start":{"line":129,"column":8},"end":{"line":129,"column":30}},{"start":{"line":129,"column":34},"end":{"line":129,"column":54}}],"line":129},"23":{"loc":{"start":{"line":131,"column":6},"end":{"line":133,"column":7}},"type":"if","locations":[{"start":{"line":131,"column":6},"end":{"line":133,"column":7}},{"start":{},"end":{}}],"line":131},"24":{"loc":{"start":{"line":134,"column":29},"end":{"line":134,"column":73}},"type":"binary-expr","locations":[{"start":{"line":134,"column":29},"end":{"line":134,"column":51}},{"start":{"line":134,"column":55},"end":{"line":134,"column":73}}],"line":134},"25":{"loc":{"start":{"line":135,"column":27},"end":{"line":135,"column":67}},"type":"binary-expr","locations":[{"start":{"line":135,"column":27},"end":{"line":135,"column":47}},{"start":{"line":135,"column":51},"end":{"line":135,"column":67}}],"line":135},"26":{"loc":{"start":{"line":136,"column":6},"end":{"line":138,"column":7}},"type":"if","locations":[{"start":{"line":136,"column":6},"end":{"line":138,"column":7}},{"start":{},"end":{}}],"line":136},"27":{"loc":{"start":{"line":141,"column":4},"end":{"line":143,"column":5}},"type":"if","locations":[{"start":{"line":141,"column":4},"end":{"line":143,"column":5}},{"start":{},"end":{}}],"line":141},"28":{"loc":{"start":{"line":142,"column":29},"end":{"line":142,"column":66}},"type":"cond-expr","locations":[{"start":{"line":142,"column":43},"end":{"line":142,"column":62}},{"start":{"line":142,"column":65},"end":{"line":142,"column":66}}],"line":142},"29":{"loc":{"start":{"line":145,"column":4},"end":{"line":147,"column":5}},"type":"if","locations":[{"start":{"line":145,"column":4},"end":{"line":147,"column":5}},{"start":{},"end":{}}],"line":145},"30":{"loc":{"start":{"line":149,"column":4},"end":{"line":151,"column":5}},"type":"if","locations":[{"start":{"line":149,"column":4},"end":{"line":151,"column":5}},{"start":{},"end":{}}],"line":149},"31":{"loc":{"start":{"line":161,"column":4},"end":{"line":163,"column":5}},"type":"if","locations":[{"start":{"line":161,"column":4},"end":{"line":163,"column":5}},{"start":{},"end":{}}],"line":161},"32":{"loc":{"start":{"line":177,"column":4},"end":{"line":179,"column":5}},"type":"if","locations":[{"start":{"line":177,"column":4},"end":{"line":179,"column":5}},{"start":{},"end":{}}],"line":177},"33":{"loc":{"start":{"line":188,"column":4},"end":{"line":190,"column":5}},"type":"if","locations":[{"start":{"line":188,"column":4},"end":{"line":190,"column":5}},{"start":{},"end":{}}],"line":188},"34":{"loc":{"start":{"line":204,"column":4},"end":{"line":206,"column":5}},"type":"if","locations":[{"start":{"line":204,"column":4},"end":{"line":206,"column":5}},{"start":{},"end":{}}],"line":204},"35":{"loc":{"start":{"line":229,"column":4},"end":{"line":231,"column":5}},"type":"if","locations":[{"start":{"line":229,"column":4},"end":{"line":231,"column":5}},{"start":{},"end":{}}],"line":229},"36":{"loc":{"start":{"line":229,"column":8},"end":{"line":229,"column":30}},"type":"binary-expr","locations":[{"start":{"line":229,"column":8},"end":{"line":229,"column":13}},{"start":{"line":229,"column":17},"end":{"line":229,"column":30}}],"line":229},"37":{"loc":{"start":{"line":232,"column":4},"end":{"line":234,"column":5}},"type":"if","locations":[{"start":{"line":232,"column":4},"end":{"line":234,"column":5}},{"start":{},"end":{}}],"line":232},"38":{"loc":{"start":{"line":242,"column":4},"end":{"line":244,"column":5}},"type":"if","locations":[{"start":{"line":242,"column":4},"end":{"line":244,"column":5}},{"start":{},"end":{}}],"line":242},"39":{"loc":{"start":{"line":246,"column":4},"end":{"line":248,"column":5}},"type":"if","locations":[{"start":{"line":246,"column":4},"end":{"line":248,"column":5}},{"start":{},"end":{}}],"line":246},"40":{"loc":{"start":{"line":251,"column":4},"end":{"line":253,"column":5}},"type":"if","locations":[{"start":{"line":251,"column":4},"end":{"line":253,"column":5}},{"start":{},"end":{}}],"line":251},"41":{"loc":{"start":{"line":251,"column":8},"end":{"line":251,"column":66}},"type":"binary-expr","locations":[{"start":{"line":251,"column":8},"end":{"line":251,"column":36}},{"start":{"line":251,"column":40},"end":{"line":251,"column":66}}],"line":251},"42":{"loc":{"start":{"line":255,"column":4},"end":{"line":257,"column":5}},"type":"if","locations":[{"start":{"line":255,"column":4},"end":{"line":257,"column":5}},{"start":{},"end":{}}],"line":255},"43":{"loc":{"start":{"line":255,"column":8},"end":{"line":255,"column":83}},"type":"binary-expr","locations":[{"start":{"line":255,"column":8},"end":{"line":255,"column":32}},{"start":{"line":255,"column":36},"end":{"line":255,"column":83}}],"line":255},"44":{"loc":{"start":{"line":264,"column":4},"end":{"line":266,"column":5}},"type":"if","locations":[{"start":{"line":264,"column":4},"end":{"line":266,"column":5}},{"start":{},"end":{}}],"line":264}},"s":{"0":1,"1":1,"2":1,"3":1,"4":1,"5":1,"6":3,"7":3,"8":3,"9":3,"10":1,"11":2,"12":0,"13":2,"14":0,"15":2,"16":2,"17":2,"18":0,"19":2,"20":0,"21":2,"22":2,"23":1,"24":1,"25":1,"26":1,"27":1,"28":1,"29":0,"30":0,"31":0,"32":1,"33":1,"34":1,"35":1,"36":1,"37":0,"38":1,"39":1,"40":1,"41":1,"42":1,"43":0,"44":1,"45":1,"46":1,"47":1,"48":0,"49":1,"50":1,"51":0,"52":0,"53":0,"54":0,"55":1,"56":1,"57":1,"58":0,"59":1,"60":1,"61":1,"62":1,"63":0,"64":1,"65":1,"66":1,"67":0,"68":1,"69":1,"70":1,"71":1,"72":1,"73":0,"74":1,"75":1,"76":1,"77":0,"78":1,"79":0,"80":1,"81":1,"82":1,"83":1,"84":1,"85":0,"86":1,"87":1,"88":1,"89":0,"90":1,"91":0,"92":1,"93":1,"94":1,"95":1,"96":1,"97":0,"98":1,"99":1,"100":0,"101":1,"102":1,"103":7,"104":7,"105":7,"106":7,"107":1,"108":6,"109":1,"110":5,"111":5,"112":1,"113":4,"114":1,"115":3,"116":3,"117":1,"118":2,"119":1,"120":1,"121":1,"122":0,"123":1,"124":1,"125":1,"126":0,"127":1},"f":{"0":3,"1":1,"2":1,"3":1,"4":1,"5":7},"b":{"0":[1,2],"1":[3,2,2],"2":[0,2],"3":[2,2,2,2],"4":[0,2],"5":[2,2],"6":[0,2],"7":[2,2],"8":[0,2],"9":[1,1],"10":[1,0],"11":[1,1],"12":[0,0],"13":[0,1],"14":[1,0],"15":[0,1],"16":[1,1],"17":[0,1],"18":[0,0],"19":[1,0],"20":[0,1],"21":[1,0],"22":[1,1],"23":[0,1],"24":[1,1],"25":[1,0],"26":[0,1],"27":[1,0],"28":[0,1],"29":[1,0],"30":[0,1],"31":[0,1],"32":[0,1],"33":[0,1],"34":[0,1],"35":[1,6],"36":[7,6],"37":[1,5],"38":[1,4],"39":[1,3],"40":[1,2],"41":[3,2],"42":[1,1],"43":[2,1],"44":[0,1]},"_coverageSchema":"1a1c01bbd47fc00a2c39e90264f33305004495a9","hash":"b108a3d799d079c4128ac2c6c3d50e45040e3f0b"}
,"C:\\Users\\danim\\Documents\\Programming\\playground-app\\playground-app\\server\\src\\routes\\adPaymentRoutes.js": {"path":"C:\\Users\\danim\\Documents\\Programming\\playground-app\\playground-app\\server\\src\\routes\\adPaymentRoutes.js","statementMap":{"0":{"start":{"line":1,"column":16},"end":{"line":1,"column":34}},"1":{"start":{"line":2,"column":15},"end":{"line":2,"column":31}},"2":{"start":{"line":3,"column":21},"end":{"line":3,"column":39}},"3":{"start":{"line":4,"column":18},"end":{"line":4,"column":40}},"4":{"start":{"line":5,"column":22},"end":{"line":5,"column":58}},"5":{"start":{"line":6,"column":28},"end":{"line":6,"column":70}},"6":{"start":{"line":13,"column":2},"end":{"line":17,"column":3}},"7":{"start":{"line":14,"column":16},"end":{"line":14,"column":50}},"8":{"start":{"line":15,"column":4},"end":{"line":15,"column":25}},"9":{"start":{"line":16,"column":4},"end":{"line":16,"column":14}},"10":{"start":{"line":19,"column":23},"end":{"line":22,"column":3}},"11":{"start":{"line":24,"column":2},"end":{"line":28,"column":3}},"12":{"start":{"line":25,"column":16},"end":{"line":25,"column":50}},"13":{"start":{"line":26,"column":4},"end":{"line":26,"column":25}},"14":{"start":{"line":27,"column":4},"end":{"line":27,"column":14}},"15":{"start":{"line":30,"column":2},"end":{"line":34,"column":3}},"16":{"start":{"line":31,"column":16},"end":{"line":31,"column":67}},"17":{"start":{"line":32,"column":4},"end":{"line":32,"column":25}},"18":{"start":{"line":33,"column":4},"end":{"line":33,"column":14}},"19":{"start":{"line":36,"column":14},"end":{"line":36,"column":24}},"20":{"start":{"line":37,"column":2},"end":{"line":41,"column":3}},"21":{"start":{"line":38,"column":16},"end":{"line":38,"column":70}},"22":{"start":{"line":39,"column":4},"end":{"line":39,"column":25}},"23":{"start":{"line":40,"column":4},"end":{"line":40,"column":14}},"24":{"start":{"line":43,"column":2},"end":{"line":47,"column":3}},"25":{"start":{"line":44,"column":16},"end":{"line":44,"column":75}},"26":{"start":{"line":45,"column":4},"end":{"line":45,"column":25}},"27":{"start":{"line":46,"column":4},"end":{"line":46,"column":14}},"28":{"start":{"line":49,"column":21},"end":{"line":49,"column":102}},"29":{"start":{"line":50,"column":2},"end":{"line":54,"column":3}},"30":{"start":{"line":51,"column":16},"end":{"line":51,"column":49}},"31":{"start":{"line":52,"column":4},"end":{"line":52,"column":25}},"32":{"start":{"line":53,"column":4},"end":{"line":53,"column":14}},"33":{"start":{"line":56,"column":32},"end":{"line":58,"column":37}},"34":{"start":{"line":59,"column":34},"end":{"line":59,"column":107}},"35":{"start":{"line":61,"column":2},"end":{"line":61,"column":86}},"36":{"start":{"line":69,"column":2},"end":{"line":72,"column":4}},"37":{"start":{"line":75,"column":2},"end":{"line":85,"column":5}},"38":{"start":{"line":88,"column":2},"end":{"line":100,"column":4}},"39":{"start":{"line":104,"column":0},"end":{"line":121,"column":3}},"40":{"start":{"line":105,"column":2},"end":{"line":120,"column":3}},"41":{"start":{"line":106,"column":15},"end":{"line":106,"column":22}},"42":{"start":{"line":107,"column":4},"end":{"line":109,"column":5}},"43":{"start":{"line":108,"column":6},"end":{"line":108,"column":70}},"44":{"start":{"line":110,"column":23},"end":{"line":110,"column":115}},"45":{"start":{"line":111,"column":4},"end":{"line":111,"column":84}},"46":{"start":{"line":111,"column":21},"end":{"line":111,"column":84}},"47":{"start":{"line":112,"column":23},"end":{"line":112,"column":99}},"48":{"start":{"line":113,"column":4},"end":{"line":115,"column":5}},"49":{"start":{"line":114,"column":6},"end":{"line":114,"column":58}},"50":{"start":{"line":116,"column":19},"end":{"line":116,"column":96}},"51":{"start":{"line":117,"column":4},"end":{"line":117,"column":51}},"52":{"start":{"line":119,"column":4},"end":{"line":119,"column":49}},"53":{"start":{"line":124,"column":0},"end":{"line":170,"column":3}},"54":{"start":{"line":125,"column":2},"end":{"line":169,"column":3}},"55":{"start":{"line":126,"column":43},"end":{"line":126,"column":51}},"56":{"start":{"line":127,"column":4},"end":{"line":129,"column":5}},"57":{"start":{"line":128,"column":6},"end":{"line":128,"column":73}},"58":{"start":{"line":130,"column":4},"end":{"line":132,"column":5}},"59":{"start":{"line":131,"column":6},"end":{"line":131,"column":70}},"60":{"start":{"line":134,"column":15},"end":{"line":134,"column":22}},"61":{"start":{"line":135,"column":23},"end":{"line":135,"column":27}},"62":{"start":{"line":136,"column":26},"end":{"line":136,"column":30}},"63":{"start":{"line":137,"column":21},"end":{"line":137,"column":25}},"64":{"start":{"line":138,"column":32},"end":{"line":138,"column":36}},"65":{"start":{"line":139,"column":34},"end":{"line":139,"column":38}},"66":{"start":{"line":142,"column":4},"end":{"line":156,"column":5}},"67":{"start":{"line":143,"column":25},"end":{"line":143,"column":83}},"68":{"start":{"line":144,"column":6},"end":{"line":144,"column":48}},"69":{"start":{"line":145,"column":6},"end":{"line":145,"column":41}},"70":{"start":{"line":146,"column":6},"end":{"line":146,"column":63}},"71":{"start":{"line":147,"column":6},"end":{"line":147,"column":67}},"72":{"start":{"line":149,"column":6},"end":{"line":155,"column":8}},"73":{"start":{"line":158,"column":19},"end":{"line":158,"column":100}},"74":{"start":{"line":161,"column":4},"end":{"line":163,"column":5}},"75":{"start":{"line":162,"column":6},"end":{"line":162,"column":118}},"76":{"start":{"line":165,"column":4},"end":{"line":165,"column":51}},"77":{"start":{"line":167,"column":19},"end":{"line":167,"column":40}},"78":{"start":{"line":168,"column":4},"end":{"line":168,"column":52}},"79":{"start":{"line":173,"column":0},"end":{"line":235,"column":3}},"80":{"start":{"line":174,"column":2},"end":{"line":234,"column":3}},"81":{"start":{"line":175,"column":43},"end":{"line":175,"column":51}},"82":{"start":{"line":176,"column":4},"end":{"line":178,"column":5}},"83":{"start":{"line":177,"column":6},"end":{"line":177,"column":91}},"84":{"start":{"line":180,"column":15},"end":{"line":180,"column":22}},"85":{"start":{"line":183,"column":23},"end":{"line":183,"column":81}},"86":{"start":{"line":184,"column":106},"end":{"line":184,"column":116}},"87":{"start":{"line":187,"column":4},"end":{"line":189,"column":5}},"88":{"start":{"line":188,"column":6},"end":{"line":188,"column":84}},"89":{"start":{"line":192,"column":4},"end":{"line":192,"column":116}},"90":{"start":{"line":195,"column":4},"end":{"line":209,"column":7}},"91":{"start":{"line":212,"column":4},"end":{"line":221,"column":6}},"92":{"start":{"line":224,"column":4},"end":{"line":224,"column":60}},"93":{"start":{"line":226,"column":4},"end":{"line":226,"column":37}},"94":{"start":{"line":229,"column":4},"end":{"line":231,"column":5}},"95":{"start":{"line":230,"column":6},"end":{"line":230,"column":108}},"96":{"start":{"line":232,"column":19},"end":{"line":232,"column":40}},"97":{"start":{"line":233,"column":4},"end":{"line":233,"column":52}},"98":{"start":{"line":239,"column":0},"end":{"line":251,"column":3}},"99":{"start":{"line":240,"column":2},"end":{"line":250,"column":3}},"100":{"start":{"line":241,"column":22},"end":{"line":241,"column":53}},"101":{"start":{"line":242,"column":4},"end":{"line":244,"column":5}},"102":{"start":{"line":243,"column":6},"end":{"line":243,"column":80}},"103":{"start":{"line":246,"column":19},"end":{"line":246,"column":73}},"104":{"start":{"line":247,"column":4},"end":{"line":247,"column":44}},"105":{"start":{"line":249,"column":4},"end":{"line":249,"column":49}},"106":{"start":{"line":254,"column":0},"end":{"line":281,"column":3}},"107":{"start":{"line":255,"column":2},"end":{"line":280,"column":3}},"108":{"start":{"line":256,"column":15},"end":{"line":256,"column":22}},"109":{"start":{"line":257,"column":4},"end":{"line":259,"column":5}},"110":{"start":{"line":258,"column":6},"end":{"line":258,"column":70}},"111":{"start":{"line":260,"column":24},"end":{"line":263,"column":6}},"112":{"start":{"line":264,"column":4},"end":{"line":266,"column":5}},"113":{"start":{"line":265,"column":6},"end":{"line":265,"column":66}},"114":{"start":{"line":269,"column":23},"end":{"line":269,"column":102}},"115":{"start":{"line":270,"column":4},"end":{"line":270,"column":84}},"116":{"start":{"line":270,"column":21},"end":{"line":270,"column":84}},"117":{"start":{"line":272,"column":23},"end":{"line":272,"column":99}},"118":{"start":{"line":273,"column":4},"end":{"line":275,"column":5}},"119":{"start":{"line":274,"column":6},"end":{"line":274,"column":58}},"120":{"start":{"line":277,"column":4},"end":{"line":277,"column":64}},"121":{"start":{"line":279,"column":4},"end":{"line":279,"column":49}},"122":{"start":{"line":283,"column":0},"end":{"line":283,"column":24}}},"fnMap":{"0":{"name":"validateDiscountCode","decl":{"start":{"line":12,"column":15},"end":{"line":12,"column":35}},"loc":{"start":{"line":12,"column":60},"end":{"line":62,"column":1}},"line":12},"1":{"name":"recordDiscountRedemption","decl":{"start":{"line":67,"column":15},"end":{"line":67,"column":39}},"loc":{"start":{"line":67,"column":118},"end":{"line":101,"column":1}},"line":67},"2":{"name":"(anonymous_2)","decl":{"start":{"line":104,"column":40},"end":{"line":104,"column":41}},"loc":{"start":{"line":104,"column":60},"end":{"line":121,"column":1}},"line":104},"3":{"name":"(anonymous_3)","decl":{"start":{"line":124,"column":30},"end":{"line":124,"column":31}},"loc":{"start":{"line":124,"column":50},"end":{"line":170,"column":1}},"line":124},"4":{"name":"(anonymous_4)","decl":{"start":{"line":173,"column":32},"end":{"line":173,"column":33}},"loc":{"start":{"line":173,"column":52},"end":{"line":235,"column":1}},"line":173},"5":{"name":"(anonymous_5)","decl":{"start":{"line":239,"column":24},"end":{"line":239,"column":25}},"loc":{"start":{"line":239,"column":44},"end":{"line":251,"column":1}},"line":239},"6":{"name":"(anonymous_6)","decl":{"start":{"line":254,"column":37},"end":{"line":254,"column":38}},"loc":{"start":{"line":254,"column":57},"end":{"line":281,"column":1}},"line":254}},"branchMap":{"0":{"loc":{"start":{"line":13,"column":2},"end":{"line":17,"column":3}},"type":"if","locations":[{"start":{"line":13,"column":2},"end":{"line":17,"column":3}},{"start":{},"end":{}}],"line":13},"1":{"loc":{"start":{"line":24,"column":2},"end":{"line":28,"column":3}},"type":"if","locations":[{"start":{"line":24,"column":2},"end":{"line":28,"column":3}},{"start":{},"end":{}}],"line":24},"2":{"loc":{"start":{"line":30,"column":2},"end":{"line":34,"column":3}},"type":"if","locations":[{"start":{"line":30,"column":2},"end":{"line":34,"column":3}},{"start":{},"end":{}}],"line":30},"3":{"loc":{"start":{"line":37,"column":2},"end":{"line":41,"column":3}},"type":"if","locations":[{"start":{"line":37,"column":2},"end":{"line":41,"column":3}},{"start":{},"end":{}}],"line":37},"4":{"loc":{"start":{"line":37,"column":6},"end":{"line":37,"column":64}},"type":"binary-expr","locations":[{"start":{"line":37,"column":6},"end":{"line":37,"column":34}},{"start":{"line":37,"column":38},"end":{"line":37,"column":64}}],"line":37},"5":{"loc":{"start":{"line":43,"column":2},"end":{"line":47,"column":3}},"type":"if","locations":[{"start":{"line":43,"column":2},"end":{"line":47,"column":3}},{"start":{},"end":{}}],"line":43},"6":{"loc":{"start":{"line":43,"column":6},"end":{"line":43,"column":81}},"type":"binary-expr","locations":[{"start":{"line":43,"column":6},"end":{"line":43,"column":30}},{"start":{"line":43,"column":34},"end":{"line":43,"column":81}}],"line":43},"7":{"loc":{"start":{"line":50,"column":2},"end":{"line":54,"column":3}},"type":"if","locations":[{"start":{"line":50,"column":2},"end":{"line":54,"column":3}},{"start":{},"end":{}}],"line":50},"8":{"loc":{"start":{"line":56,"column":32},"end":{"line":58,"column":37}},"type":"cond-expr","locations":[{"start":{"line":57,"column":6},"end":{"line":57,"column":34}},{"start":{"line":58,"column":6},"end":{"line":58,"column":37}}],"line":56},"9":{"loc":{"start":{"line":56,"column":32},"end":{"line":56,"column":96}},"type":"binary-expr","locations":[{"start":{"line":56,"column":32},"end":{"line":56,"column":60}},{"start":{"line":56,"column":64},"end":{"line":56,"column":96}}],"line":56},"10":{"loc":{"start":{"line":80,"column":12},"end":{"line":80,"column":35}},"type":"binary-expr","locations":[{"start":{"line":80,"column":12},"end":{"line":80,"column":29}},{"start":{"line":80,"column":33},"end":{"line":80,"column":35}}],"line":80},"11":{"loc":{"start":{"line":107,"column":4},"end":{"line":109,"column":5}},"type":"if","locations":[{"start":{"line":107,"column":4},"end":{"line":109,"column":5}},{"start":{},"end":{}}],"line":107},"12":{"loc":{"start":{"line":111,"column":4},"end":{"line":111,"column":84}},"type":"if","locations":[{"start":{"line":111,"column":4},"end":{"line":111,"column":84}},{"start":{},"end":{}}],"line":111},"13":{"loc":{"start":{"line":113,"column":4},"end":{"line":115,"column":5}},"type":"if","locations":[{"start":{"line":113,"column":4},"end":{"line":115,"column":5}},{"start":{},"end":{}}],"line":113},"14":{"loc":{"start":{"line":113,"column":8},"end":{"line":113,"column":57}},"type":"binary-expr","locations":[{"start":{"line":113,"column":8},"end":{"line":113,"column":19}},{"start":{"line":113,"column":23},"end":{"line":113,"column":57}}],"line":113},"15":{"loc":{"start":{"line":127,"column":4},"end":{"line":129,"column":5}},"type":"if","locations":[{"start":{"line":127,"column":4},"end":{"line":129,"column":5}},{"start":{},"end":{}}],"line":127},"16":{"loc":{"start":{"line":130,"column":4},"end":{"line":132,"column":5}},"type":"if","locations":[{"start":{"line":130,"column":4},"end":{"line":132,"column":5}},{"start":{},"end":{}}],"line":130},"17":{"loc":{"start":{"line":142,"column":4},"end":{"line":156,"column":5}},"type":"if","locations":[{"start":{"line":142,"column":4},"end":{"line":156,"column":5}},{"start":{},"end":{}}],"line":142},"18":{"loc":{"start":{"line":161,"column":4},"end":{"line":163,"column":5}},"type":"if","locations":[{"start":{"line":161,"column":4},"end":{"line":163,"column":5}},{"start":{},"end":{}}],"line":161},"19":{"loc":{"start":{"line":161,"column":8},"end":{"line":161,"column":37}},"type":"binary-expr","locations":[{"start":{"line":161,"column":8},"end":{"line":161,"column":23}},{"start":{"line":161,"column":27},"end":{"line":161,"column":37}}],"line":161},"20":{"loc":{"start":{"line":167,"column":19},"end":{"line":167,"column":40}},"type":"binary-expr","locations":[{"start":{"line":167,"column":19},"end":{"line":167,"column":33}},{"start":{"line":167,"column":37},"end":{"line":167,"column":40}}],"line":167},"21":{"loc":{"start":{"line":176,"column":4},"end":{"line":178,"column":5}},"type":"if","locations":[{"start":{"line":176,"column":4},"end":{"line":178,"column":5}},{"start":{},"end":{}}],"line":176},"22":{"loc":{"start":{"line":176,"column":8},"end":{"line":176,"column":38}},"type":"binary-expr","locations":[{"start":{"line":176,"column":8},"end":{"line":176,"column":21}},{"start":{"line":176,"column":25},"end":{"line":176,"column":38}}],"line":176},"23":{"loc":{"start":{"line":187,"column":4},"end":{"line":189,"column":5}},"type":"if","locations":[{"start":{"line":187,"column":4},"end":{"line":189,"column":5}},{"start":{},"end":{}}],"line":187},"24":{"loc":{"start":{"line":229,"column":4},"end":{"line":231,"column":5}},"type":"if","locations":[{"start":{"line":229,"column":4},"end":{"line":231,"column":5}},{"start":{},"end":{}}],"line":229},"25":{"loc":{"start":{"line":232,"column":19},"end":{"line":232,"column":40}},"type":"binary-expr","locations":[{"start":{"line":232,"column":19},"end":{"line":232,"column":33}},{"start":{"line":232,"column":37},"end":{"line":232,"column":40}}],"line":232},"26":{"loc":{"start":{"line":242,"column":4},"end":{"line":244,"column":5}},"type":"if","locations":[{"start":{"line":242,"column":4},"end":{"line":244,"column":5}},{"start":{},"end":{}}],"line":242},"27":{"loc":{"start":{"line":257,"column":4},"end":{"line":259,"column":5}},"type":"if","locations":[{"start":{"line":257,"column":4},"end":{"line":259,"column":5}},{"start":{},"end":{}}],"line":257},"28":{"loc":{"start":{"line":264,"column":4},"end":{"line":266,"column":5}},"type":"if","locations":[{"start":{"line":264,"column":4},"end":{"line":266,"column":5}},{"start":{},"end":{}}],"line":264},"29":{"loc":{"start":{"line":264,"column":8},"end":{"line":264,"column":44}},"type":"binary-expr","locations":[{"start":{"line":264,"column":8},"end":{"line":264,"column":20}},{"start":{"line":264,"column":24},"end":{"line":264,"column":44}}],"line":264},"30":{"loc":{"start":{"line":270,"column":4},"end":{"line":270,"column":84}},"type":"if","locations":[{"start":{"line":270,"column":4},"end":{"line":270,"column":84}},{"start":{},"end":{}}],"line":270},"31":{"loc":{"start":{"line":273,"column":4},"end":{"line":275,"column":5}},"type":"if","locations":[{"start":{"line":273,"column":4},"end":{"line":275,"column":5}},{"start":{},"end":{}}],"line":273},"32":{"loc":{"start":{"line":273,"column":8},"end":{"line":273,"column":57}},"type":"binary-expr","locations":[{"start":{"line":273,"column":8},"end":{"line":273,"column":19}},{"start":{"line":273,"column":23},"end":{"line":273,"column":57}}],"line":273}},"s":{"0":1,"1":1,"2":1,"3":1,"4":1,"5":1,"6":3,"7":0,"8":0,"9":0,"10":3,"11":3,"12":0,"13":0,"14":0,"15":3,"16":0,"17":0,"18":0,"19":3,"20":3,"21":0,"22":0,"23":0,"24":3,"25":0,"26":0,"27":0,"28":3,"29":3,"30":0,"31":0,"32":0,"33":3,"34":3,"35":3,"36":2,"37":2,"38":2,"39":1,"40":1,"41":1,"42":1,"43":0,"44":1,"45":1,"46":0,"47":1,"48":1,"49":0,"50":1,"51":1,"52":0,"53":1,"54":3,"55":3,"56":3,"57":1,"58":2,"59":1,"60":1,"61":1,"62":1,"63":1,"64":1,"65":1,"66":1,"67":1,"68":1,"69":1,"70":1,"71":1,"72":1,"73":1,"74":1,"75":1,"76":1,"77":0,"78":0,"79":1,"80":2,"81":2,"82":2,"83":0,"84":2,"85":2,"86":2,"87":2,"88":1,"89":1,"90":1,"91":1,"92":1,"93":1,"94":0,"95":0,"96":0,"97":0,"98":1,"99":2,"100":2,"101":2,"102":1,"103":1,"104":1,"105":0,"106":1,"107":1,"108":1,"109":1,"110":0,"111":1,"112":1,"113":0,"114":1,"115":1,"116":0,"117":1,"118":1,"119":0,"120":1,"121":0,"122":1},"f":{"0":3,"1":2,"2":1,"3":3,"4":2,"5":2,"6":1},"b":{"0":[0,3],"1":[0,3],"2":[0,3],"3":[0,3],"4":[3,3],"5":[0,3],"6":[3,0],"7":[0,3],"8":[1,2],"9":[3,1],"10":[2,0],"11":[0,1],"12":[0,1],"13":[0,1],"14":[1,1],"15":[1,2],"16":[1,1],"17":[1,0],"18":[1,0],"19":[1,1],"20":[0,0],"21":[0,2],"22":[2,2],"23":[1,1],"24":[0,0],"25":[0,0],"26":[1,1],"27":[0,1],"28":[0,1],"29":[1,1],"30":[0,1],"31":[0,1],"32":[1,1]},"_coverageSchema":"1a1c01bbd47fc00a2c39e90264f33305004495a9","hash":"1dbadb336c441028c1bb22d21bf173519d9b121d"}
,"C:\\Users\\danim\\Documents\\Programming\\playground-app\\playground-app\\server\\src\\routes\\adServingRoutes.js": {"path":"C:\\Users\\danim\\Documents\\Programming\\playground-app\\playground-app\\server\\src\\routes\\adServingRoutes.js","statementMap":{"0":{"start":{"line":1,"column":16},"end":{"line":1,"column":34}},"1":{"start":{"line":2,"column":15},"end":{"line":2,"column":31}},"2":{"start":{"line":3,"column":18},"end":{"line":3,"column":40}},"3":{"start":{"line":4,"column":25},"end":{"line":4,"column":64}},"4":{"start":{"line":5,"column":25},"end":{"line":5,"column":64}},"5":{"start":{"line":6,"column":23},"end":{"line":6,"column":60}},"6":{"start":{"line":9,"column":0},"end":{"line":21,"column":3}},"7":{"start":{"line":10,"column":2},"end":{"line":20,"column":3}},"8":{"start":{"line":11,"column":35},"end":{"line":11,"column":44}},"9":{"start":{"line":12,"column":4},"end":{"line":14,"column":5}},"10":{"start":{"line":13,"column":6},"end":{"line":13,"column":96}},"11":{"start":{"line":16,"column":19},"end":{"line":16,"column":67}},"12":{"start":{"line":17,"column":4},"end":{"line":17,"column":51}},"13":{"start":{"line":19,"column":4},"end":{"line":19,"column":49}},"14":{"start":{"line":24,"column":0},"end":{"line":36,"column":3}},"15":{"start":{"line":25,"column":2},"end":{"line":35,"column":3}},"16":{"start":{"line":26,"column":35},"end":{"line":26,"column":44}},"17":{"start":{"line":27,"column":4},"end":{"line":29,"column":5}},"18":{"start":{"line":28,"column":6},"end":{"line":28,"column":96}},"19":{"start":{"line":31,"column":19},"end":{"line":31,"column":71}},"20":{"start":{"line":32,"column":4},"end":{"line":32,"column":51}},"21":{"start":{"line":34,"column":4},"end":{"line":34,"column":49}},"22":{"start":{"line":39,"column":0},"end":{"line":50,"column":3}},"23":{"start":{"line":40,"column":2},"end":{"line":49,"column":3}},"24":{"start":{"line":41,"column":23},"end":{"line":41,"column":32}},"25":{"start":{"line":42,"column":4},"end":{"line":44,"column":5}},"26":{"start":{"line":43,"column":6},"end":{"line":43,"column":79}},"27":{"start":{"line":45,"column":19},"end":{"line":45,"column":62}},"28":{"start":{"line":46,"column":4},"end":{"line":46,"column":51}},"29":{"start":{"line":48,"column":4},"end":{"line":48,"column":49}},"30":{"start":{"line":53,"column":0},"end":{"line":64,"column":3}},"31":{"start":{"line":54,"column":2},"end":{"line":63,"column":3}},"32":{"start":{"line":55,"column":34},"end":{"line":55,"column":43}},"33":{"start":{"line":56,"column":4},"end":{"line":58,"column":5}},"34":{"start":{"line":57,"column":6},"end":{"line":57,"column":95}},"35":{"start":{"line":59,"column":19},"end":{"line":59,"column":72}},"36":{"start":{"line":60,"column":4},"end":{"line":60,"column":51}},"37":{"start":{"line":62,"column":4},"end":{"line":62,"column":49}},"38":{"start":{"line":67,"column":0},"end":{"line":88,"column":3}},"39":{"start":{"line":68,"column":2},"end":{"line":87,"column":3}},"40":{"start":{"line":69,"column":23},"end":{"line":69,"column":32}},"41":{"start":{"line":70,"column":4},"end":{"line":72,"column":5}},"42":{"start":{"line":71,"column":6},"end":{"line":71,"column":79}},"43":{"start":{"line":74,"column":15},"end":{"line":74,"column":22}},"44":{"start":{"line":75,"column":23},"end":{"line":75,"column":33}},"45":{"start":{"line":76,"column":4},"end":{"line":76,"column":36}},"46":{"start":{"line":78,"column":18},"end":{"line":82,"column":6}},"47":{"start":{"line":84,"column":4},"end":{"line":84,"column":74}},"48":{"start":{"line":86,"column":4},"end":{"line":86,"column":49}},"49":{"start":{"line":90,"column":0},"end":{"line":90,"column":24}}},"fnMap":{"0":{"name":"(anonymous_0)","decl":{"start":{"line":9,"column":16},"end":{"line":9,"column":17}},"loc":{"start":{"line":9,"column":36},"end":{"line":21,"column":1}},"line":9},"1":{"name":"(anonymous_1)","decl":{"start":{"line":24,"column":19},"end":{"line":24,"column":20}},"loc":{"start":{"line":24,"column":39},"end":{"line":36,"column":1}},"line":24},"2":{"name":"(anonymous_2)","decl":{"start":{"line":39,"column":26},"end":{"line":39,"column":27}},"loc":{"start":{"line":39,"column":46},"end":{"line":50,"column":1}},"line":39},"3":{"name":"(anonymous_3)","decl":{"start":{"line":53,"column":23},"end":{"line":53,"column":24}},"loc":{"start":{"line":53,"column":43},"end":{"line":64,"column":1}},"line":53},"4":{"name":"(anonymous_4)","decl":{"start":{"line":67,"column":27},"end":{"line":67,"column":28}},"loc":{"start":{"line":67,"column":47},"end":{"line":88,"column":1}},"line":67}},"branchMap":{"0":{"loc":{"start":{"line":12,"column":4},"end":{"line":14,"column":5}},"type":"if","locations":[{"start":{"line":12,"column":4},"end":{"line":14,"column":5}},{"start":{},"end":{}}],"line":12},"1":{"loc":{"start":{"line":12,"column":8},"end":{"line":12,"column":30}},"type":"binary-expr","locations":[{"start":{"line":12,"column":8},"end":{"line":12,"column":16}},{"start":{"line":12,"column":20},"end":{"line":12,"column":30}}],"line":12},"2":{"loc":{"start":{"line":27,"column":4},"end":{"line":29,"column":5}},"type":"if","locations":[{"start":{"line":27,"column":4},"end":{"line":29,"column":5}},{"start":{},"end":{}}],"line":27},"3":{"loc":{"start":{"line":27,"column":8},"end":{"line":27,"column":30}},"type":"binary-expr","locations":[{"start":{"line":27,"column":8},"end":{"line":27,"column":16}},{"start":{"line":27,"column":20},"end":{"line":27,"column":30}}],"line":27},"4":{"loc":{"start":{"line":42,"column":4},"end":{"line":44,"column":5}},"type":"if","locations":[{"start":{"line":42,"column":4},"end":{"line":44,"column":5}},{"start":{},"end":{}}],"line":42},"5":{"loc":{"start":{"line":56,"column":4},"end":{"line":58,"column":5}},"type":"if","locations":[{"start":{"line":56,"column":4},"end":{"line":58,"column":5}},{"start":{},"end":{}}],"line":56},"6":{"loc":{"start":{"line":56,"column":8},"end":{"line":56,"column":29}},"type":"binary-expr","locations":[{"start":{"line":56,"column":8},"end":{"line":56,"column":15}},{"start":{"line":56,"column":19},"end":{"line":56,"column":29}}],"line":56},"7":{"loc":{"start":{"line":70,"column":4},"end":{"line":72,"column":5}},"type":"if","locations":[{"start":{"line":70,"column":4},"end":{"line":72,"column":5}},{"start":{},"end":{}}],"line":70}},"s":{"0":1,"1":1,"2":1,"3":1,"4":1,"5":1,"6":1,"7":1,"8":1,"9":1,"10":0,"11":1,"12":1,"13":0,"14":1,"15":1,"16":1,"17":1,"18":0,"19":1,"20":1,"21":0,"22":1,"23":1,"24":1,"25":1,"26":0,"27":1,"28":1,"29":0,"30":1,"31":1,"32":1,"33":1,"34":0,"35":1,"36":1,"37":0,"38":1,"39":1,"40":1,"41":1,"42":0,"43":1,"44":1,"45":1,"46":1,"47":1,"48":0,"49":1},"f":{"0":1,"1":1,"2":1,"3":1,"4":1},"b":{"0":[0,1],"1":[1,1],"2":[0,1],"3":[1,1],"4":[0,1],"5":[0,1],"6":[1,1],"7":[0,1]},"_coverageSchema":"1a1c01bbd47fc00a2c39e90264f33305004495a9","hash":"48a8189aaa7f027bedb91ae68650a240e1373305"}
,"C:\\Users\\danim\\Documents\\Programming\\playground-app\\playground-app\\server\\src\\routes\\adTrackingRoutes.js": {"path":"C:\\Users\\danim\\Documents\\Programming\\playground-app\\playground-app\\server\\src\\routes\\adTrackingRoutes.js","statementMap":{"0":{"start":{"line":1,"column":16},"end":{"line":1,"column":34}},"1":{"start":{"line":2,"column":15},"end":{"line":2,"column":31}},"2":{"start":{"line":3,"column":26},"end":{"line":3,"column":66}},"3":{"start":{"line":6,"column":0},"end":{"line":31,"column":3}},"4":{"start":{"line":7,"column":2},"end":{"line":30,"column":3}},"5":{"start":{"line":8,"column":66},"end":{"line":8,"column":74}},"6":{"start":{"line":10,"column":4},"end":{"line":12,"column":5}},"7":{"start":{"line":11,"column":6},"end":{"line":11,"column":95}},"8":{"start":{"line":14,"column":4},"end":{"line":16,"column":5}},"9":{"start":{"line":15,"column":6},"end":{"line":15,"column":81}},"10":{"start":{"line":18,"column":4},"end":{"line":25,"column":7}},"11":{"start":{"line":27,"column":4},"end":{"line":27,"column":37}},"12":{"start":{"line":29,"column":4},"end":{"line":29,"column":49}},"13":{"start":{"line":33,"column":0},"end":{"line":33,"column":24}}},"fnMap":{"0":{"name":"(anonymous_0)","decl":{"start":{"line":6,"column":17},"end":{"line":6,"column":18}},"loc":{"start":{"line":6,"column":37},"end":{"line":31,"column":1}},"line":6}},"branchMap":{"0":{"loc":{"start":{"line":10,"column":4},"end":{"line":12,"column":5}},"type":"if","locations":[{"start":{"line":10,"column":4},"end":{"line":12,"column":5}},{"start":{},"end":{}}],"line":10},"1":{"loc":{"start":{"line":10,"column":8},"end":{"line":10,"column":47}},"type":"binary-expr","locations":[{"start":{"line":10,"column":8},"end":{"line":10,"column":13}},{"start":{"line":10,"column":17},"end":{"line":10,"column":22}},{"start":{"line":10,"column":26},"end":{"line":10,"column":33}},{"start":{"line":10,"column":37},"end":{"line":10,"column":47}}],"line":10},"2":{"loc":{"start":{"line":14,"column":4},"end":{"line":16,"column":5}},"type":"if","locations":[{"start":{"line":14,"column":4},"end":{"line":16,"column":5}},{"start":{},"end":{}}],"line":14},"3":{"loc":{"start":{"line":24,"column":14},"end":{"line":24,"column":45}},"type":"binary-expr","locations":[{"start":{"line":24,"column":14},"end":{"line":24,"column":20}},{"start":{"line":24,"column":24},"end":{"line":24,"column":37}},{"start":{"line":24,"column":41},"end":{"line":24,"column":45}}],"line":24}},"s":{"0":1,"1":1,"2":1,"3":1,"4":3,"5":3,"6":3,"7":1,"8":2,"9":1,"10":1,"11":1,"12":0,"13":1},"f":{"0":3},"b":{"0":[1,2],"1":[3,3,2,2],"2":[1,1],"3":[1,1,0]},"_coverageSchema":"1a1c01bbd47fc00a2c39e90264f33305004495a9","hash":"13816d9fb39806fd9a2d75429ff350844a892f97"}
,"C:\\Users\\danim\\Documents\\Programming\\playground-app\\playground-app\\server\\src\\routes\\adminCampaignRoutes.js": {"path":"C:\\Users\\danim\\Documents\\Programming\\playground-app\\playground-app\\server\\src\\routes\\adminCampaignRoutes.js","statementMap":{"0":{"start":{"line":1,"column":16},"end":{"line":1,"column":34}},"1":{"start":{"line":2,"column":15},"end":{"line":2,"column":31}},"2":{"start":{"line":3,"column":18},"end":{"line":3,"column":40}},"3":{"start":{"line":4,"column":21},"end":{"line":4,"column":39}},"4":{"start":{"line":5,"column":29},"end":{"line":5,"column":63}},"5":{"start":{"line":6,"column":25},"end":{"line":6,"column":64}},"6":{"start":{"line":7,"column":22},"end":{"line":7,"column":58}},"7":{"start":{"line":8,"column":25},"end":{"line":8,"column":64}},"8":{"start":{"line":9,"column":29},"end":{"line":9,"column":74}},"9":{"start":{"line":11,"column":0},"end":{"line":11,"column":29}},"10":{"start":{"line":14,"column":0},"end":{"line":47,"column":3}},"11":{"start":{"line":15,"column":2},"end":{"line":46,"column":65}},"12":{"start":{"line":16,"column":15},"end":{"line":16,"column":22}},"13":{"start":{"line":17,"column":93},"end":{"line":17,"column":102}},"14":{"start":{"line":18,"column":19},"end":{"line":18,"column":21}},"15":{"start":{"line":19,"column":4},"end":{"line":19,"column":39}},"16":{"start":{"line":19,"column":16},"end":{"line":19,"column":39}},"17":{"start":{"line":20,"column":4},"end":{"line":20,"column":39}},"18":{"start":{"line":20,"column":16},"end":{"line":20,"column":39}},"19":{"start":{"line":22,"column":22},"end":{"line":22,"column":95}},"20":{"start":{"line":23,"column":20},"end":{"line":23,"column":44}},"21":{"start":{"line":24,"column":17},"end":{"line":24,"column":68}},"22":{"start":{"line":25,"column":16},"end":{"line":25,"column":59}},"23":{"start":{"line":27,"column":31},"end":{"line":30,"column":6}},"24":{"start":{"line":33,"column":21},"end":{"line":43,"column":7}},"25":{"start":{"line":34,"column":25},"end":{"line":34,"column":92}},"26":{"start":{"line":35,"column":23},"end":{"line":35,"column":110}},"27":{"start":{"line":36,"column":6},"end":{"line":42,"column":8}},"28":{"start":{"line":45,"column":4},"end":{"line":45,"column":94}},"29":{"start":{"line":46,"column":18},"end":{"line":46,"column":63}},"30":{"start":{"line":50,"column":0},"end":{"line":93,"column":3}},"31":{"start":{"line":51,"column":2},"end":{"line":92,"column":65}},"32":{"start":{"line":52,"column":15},"end":{"line":52,"column":22}},"33":{"start":{"line":53,"column":21},"end":{"line":53,"column":101}},"34":{"start":{"line":54,"column":4},"end":{"line":54,"column":80}},"35":{"start":{"line":54,"column":19},"end":{"line":54,"column":80}},"36":{"start":{"line":55,"column":4},"end":{"line":57,"column":5}},"37":{"start":{"line":56,"column":6},"end":{"line":56,"column":99}},"38":{"start":{"line":59,"column":23},"end":{"line":59,"column":31}},"39":{"start":{"line":60,"column":16},"end":{"line":60,"column":26}},"40":{"start":{"line":63,"column":23},"end":{"line":63,"column":99}},"41":{"start":{"line":64,"column":30},"end":{"line":64,"column":31}},"42":{"start":{"line":65,"column":4},"end":{"line":76,"column":5}},"43":{"start":{"line":66,"column":26},"end":{"line":66,"column":131}},"44":{"start":{"line":67,"column":6},"end":{"line":75,"column":7}},"45":{"start":{"line":68,"column":21},"end":{"line":68,"column":126}},"46":{"start":{"line":69,"column":8},"end":{"line":69,"column":55}},"47":{"start":{"line":70,"column":8},"end":{"line":74,"column":9}},"48":{"start":{"line":71,"column":10},"end":{"line":73,"column":88}},"49":{"start":{"line":72,"column":12},"end":{"line":72,"column":141}},"50":{"start":{"line":73,"column":26},"end":{"line":73,"column":86}},"51":{"start":{"line":78,"column":4},"end":{"line":80,"column":7}},"52":{"start":{"line":81,"column":4},"end":{"line":81,"column":134}},"53":{"start":{"line":82,"column":4},"end":{"line":82,"column":80}},"54":{"start":{"line":84,"column":23},"end":{"line":84,"column":71}},"55":{"start":{"line":85,"column":21},"end":{"line":85,"column":86}},"56":{"start":{"line":86,"column":4},"end":{"line":86,"column":109}},"57":{"start":{"line":86,"column":35},"end":{"line":86,"column":107}},"58":{"start":{"line":86,"column":41},"end":{"line":86,"column":92}},"59":{"start":{"line":89,"column":4},"end":{"line":89,"column":105}},"60":{"start":{"line":91,"column":4},"end":{"line":91,"column":85}},"61":{"start":{"line":92,"column":18},"end":{"line":92,"column":63}},"62":{"start":{"line":96,"column":0},"end":{"line":118,"column":3}},"63":{"start":{"line":97,"column":2},"end":{"line":117,"column":65}},"64":{"start":{"line":98,"column":15},"end":{"line":98,"column":22}},"65":{"start":{"line":99,"column":21},"end":{"line":99,"column":101}},"66":{"start":{"line":100,"column":4},"end":{"line":100,"column":80}},"67":{"start":{"line":100,"column":19},"end":{"line":100,"column":80}},"68":{"start":{"line":101,"column":4},"end":{"line":103,"column":5}},"69":{"start":{"line":102,"column":6},"end":{"line":102,"column":98}},"70":{"start":{"line":105,"column":29},"end":{"line":105,"column":37}},"71":{"start":{"line":106,"column":4},"end":{"line":106,"column":122}},"72":{"start":{"line":106,"column":40},"end":{"line":106,"column":122}},"73":{"start":{"line":108,"column":23},"end":{"line":108,"column":49}},"74":{"start":{"line":109,"column":4},"end":{"line":109,"column":52}},"75":{"start":{"line":111,"column":4},"end":{"line":114,"column":7}},"76":{"start":{"line":116,"column":4},"end":{"line":116,"column":59}},"77":{"start":{"line":117,"column":18},"end":{"line":117,"column":63}},"78":{"start":{"line":121,"column":0},"end":{"line":137,"column":3}},"79":{"start":{"line":122,"column":2},"end":{"line":136,"column":65}},"80":{"start":{"line":123,"column":15},"end":{"line":123,"column":22}},"81":{"start":{"line":124,"column":21},"end":{"line":124,"column":101}},"82":{"start":{"line":125,"column":4},"end":{"line":125,"column":80}},"83":{"start":{"line":125,"column":19},"end":{"line":125,"column":80}},"84":{"start":{"line":126,"column":4},"end":{"line":126,"column":116}},"85":{"start":{"line":126,"column":38},"end":{"line":126,"column":116}},"86":{"start":{"line":128,"column":4},"end":{"line":130,"column":7}},"87":{"start":{"line":133,"column":4},"end":{"line":133,"column":67}},"88":{"start":{"line":135,"column":4},"end":{"line":135,"column":37}},"89":{"start":{"line":136,"column":18},"end":{"line":136,"column":63}},"90":{"start":{"line":140,"column":0},"end":{"line":158,"column":3}},"91":{"start":{"line":141,"column":2},"end":{"line":157,"column":65}},"92":{"start":{"line":142,"column":15},"end":{"line":142,"column":22}},"93":{"start":{"line":143,"column":21},"end":{"line":143,"column":101}},"94":{"start":{"line":144,"column":4},"end":{"line":144,"column":80}},"95":{"start":{"line":144,"column":19},"end":{"line":144,"column":80}},"96":{"start":{"line":145,"column":4},"end":{"line":145,"column":118}},"97":{"start":{"line":145,"column":38},"end":{"line":145,"column":118}},"98":{"start":{"line":147,"column":16},"end":{"line":147,"column":26}},"99":{"start":{"line":148,"column":21},"end":{"line":148,"column":102}},"100":{"start":{"line":149,"column":23},"end":{"line":149,"column":66}},"101":{"start":{"line":150,"column":23},"end":{"line":150,"column":49}},"102":{"start":{"line":151,"column":4},"end":{"line":151,"column":58}},"103":{"start":{"line":153,"column":4},"end":{"line":155,"column":7}},"104":{"start":{"line":156,"column":4},"end":{"line":156,"column":71}},"105":{"start":{"line":157,"column":18},"end":{"line":157,"column":63}},"106":{"start":{"line":161,"column":0},"end":{"line":188,"column":3}},"107":{"start":{"line":162,"column":2},"end":{"line":187,"column":65}},"108":{"start":{"line":163,"column":15},"end":{"line":163,"column":22}},"109":{"start":{"line":164,"column":21},"end":{"line":164,"column":101}},"110":{"start":{"line":165,"column":4},"end":{"line":165,"column":80}},"111":{"start":{"line":165,"column":19},"end":{"line":165,"column":80}},"112":{"start":{"line":167,"column":44},"end":{"line":167,"column":52}},"113":{"start":{"line":168,"column":4},"end":{"line":170,"column":5}},"114":{"start":{"line":169,"column":6},"end":{"line":169,"column":77}},"115":{"start":{"line":172,"column":23},"end":{"line":172,"column":99}},"116":{"start":{"line":173,"column":4},"end":{"line":173,"column":115}},"117":{"start":{"line":173,"column":38},"end":{"line":173,"column":115}},"118":{"start":{"line":175,"column":24},"end":{"line":175,"column":129}},"119":{"start":{"line":176,"column":4},"end":{"line":176,"column":94}},"120":{"start":{"line":176,"column":22},"end":{"line":176,"column":94}},"121":{"start":{"line":178,"column":4},"end":{"line":186,"column":5}},"122":{"start":{"line":179,"column":6},"end":{"line":179,"column":92}},"123":{"start":{"line":180,"column":6},"end":{"line":180,"column":105}},"124":{"start":{"line":182,"column":6},"end":{"line":182,"column":136}},"125":{"start":{"line":182,"column":48},"end":{"line":182,"column":136}},"126":{"start":{"line":183,"column":6},"end":{"line":183,"column":141}},"127":{"start":{"line":183,"column":53},"end":{"line":183,"column":141}},"128":{"start":{"line":184,"column":6},"end":{"line":184,"column":131}},"129":{"start":{"line":185,"column":6},"end":{"line":185,"column":81}},"130":{"start":{"line":187,"column":18},"end":{"line":187,"column":63}},"131":{"start":{"line":191,"column":0},"end":{"line":203,"column":3}},"132":{"start":{"line":192,"column":2},"end":{"line":202,"column":65}},"133":{"start":{"line":193,"column":15},"end":{"line":193,"column":22}},"134":{"start":{"line":194,"column":21},"end":{"line":194,"column":101}},"135":{"start":{"line":195,"column":4},"end":{"line":195,"column":80}},"136":{"start":{"line":195,"column":19},"end":{"line":195,"column":80}},"137":{"start":{"line":197,"column":23},"end":{"line":197,"column":99}},"138":{"start":{"line":198,"column":4},"end":{"line":198,"column":90}},"139":{"start":{"line":198,"column":38},"end":{"line":198,"column":90}},"140":{"start":{"line":200,"column":24},"end":{"line":200,"column":129}},"141":{"start":{"line":201,"column":4},"end":{"line":201,"column":56}},"142":{"start":{"line":202,"column":18},"end":{"line":202,"column":63}},"143":{"start":{"line":205,"column":0},"end":{"line":205,"column":24}}},"fnMap":{"0":{"name":"(anonymous_0)","decl":{"start":{"line":14,"column":16},"end":{"line":14,"column":17}},"loc":{"start":{"line":14,"column":36},"end":{"line":47,"column":1}},"line":14},"1":{"name":"(anonymous_1)","decl":{"start":{"line":33,"column":53},"end":{"line":33,"column":54}},"loc":{"start":{"line":33,"column":66},"end":{"line":43,"column":5}},"line":33},"2":{"name":"(anonymous_2)","decl":{"start":{"line":50,"column":27},"end":{"line":50,"column":28}},"loc":{"start":{"line":50,"column":47},"end":{"line":93,"column":1}},"line":50},"3":{"name":"(anonymous_3)","decl":{"start":{"line":96,"column":27},"end":{"line":96,"column":28}},"loc":{"start":{"line":96,"column":47},"end":{"line":118,"column":1}},"line":96},"4":{"name":"(anonymous_4)","decl":{"start":{"line":121,"column":26},"end":{"line":121,"column":27}},"loc":{"start":{"line":121,"column":46},"end":{"line":137,"column":1}},"line":121},"5":{"name":"(anonymous_5)","decl":{"start":{"line":140,"column":28},"end":{"line":140,"column":29}},"loc":{"start":{"line":140,"column":48},"end":{"line":158,"column":1}},"line":140},"6":{"name":"(anonymous_6)","decl":{"start":{"line":161,"column":27},"end":{"line":161,"column":28}},"loc":{"start":{"line":161,"column":47},"end":{"line":188,"column":1}},"line":161},"7":{"name":"(anonymous_7)","decl":{"start":{"line":191,"column":27},"end":{"line":191,"column":28}},"loc":{"start":{"line":191,"column":47},"end":{"line":203,"column":1}},"line":191}},"branchMap":{"0":{"loc":{"start":{"line":17,"column":28},"end":{"line":17,"column":46}},"type":"default-arg","locations":[{"start":{"line":17,"column":35},"end":{"line":17,"column":46}}],"line":17},"1":{"loc":{"start":{"line":17,"column":48},"end":{"line":17,"column":62}},"type":"default-arg","locations":[{"start":{"line":17,"column":56},"end":{"line":17,"column":62}}],"line":17},"2":{"loc":{"start":{"line":17,"column":64},"end":{"line":17,"column":74}},"type":"default-arg","locations":[{"start":{"line":17,"column":71},"end":{"line":17,"column":74}}],"line":17},"3":{"loc":{"start":{"line":17,"column":76},"end":{"line":17,"column":88}},"type":"default-arg","locations":[{"start":{"line":17,"column":84},"end":{"line":17,"column":88}}],"line":17},"4":{"loc":{"start":{"line":19,"column":4},"end":{"line":19,"column":39}},"type":"if","
[...]
"type":"default-arg","locations":[{"start":{"line":430,"column":80},"end":{"line":430,"column":88}}],"line":430},"48":{"loc":{"start":{"line":462,"column":53},"end":{"line":462,"column":98}},"type":"default-arg","locations":[{"start":{"line":462,"column":62},"end":{"line":462,"column":98}}],"line":462},"49":{"loc":{"start":{"line":464,"column":2},"end":{"line":464,"column":31}},"type":"if","locations":[{"start":{"line":464,"column":2},"end":{"line":464,"column":31}},{"start":{},"end":{}}],"line":464},"50":{"loc":{"start":{"line":480,"column":2},"end":{"line":483,"column":3}},"type":"if","locations":[{"start":{"line":480,"column":2},"end":{"line":483,"column":3}},{"start":{},"end":{}}],"line":480},"51":{"loc":{"start":{"line":484,"column":2},"end":{"line":487,"column":3}},"type":"if","locations":[{"start":{"line":484,"column":2},"end":{"line":487,"column":3}},{"start":{},"end":{}}],"line":484},"52":{"loc":{"start":{"line":492,"column":17},"end":{"line":492,"column":29}},"type":"binary-expr","locations":[{"start":{"line":492,"column":17},"end":{"line":492,"column":23}},{"start":{"line":492,"column":27},"end":{"line":492,"column":29}}],"line":492},"53":{"loc":{"start":{"line":493,"column":23},"end":{"line":493,"column":38}},"type":"binary-expr","locations":[{"start":{"line":493,"column":23},"end":{"line":493,"column":32}},{"start":{"line":493,"column":36},"end":{"line":493,"column":38}}],"line":493},"54":{"loc":{"start":{"line":495,"column":6},"end":{"line":496,"column":61}},"type":"binary-expr","locations":[{"start":{"line":495,"column":7},"end":{"line":495,"column":49}},{"start":{"line":495,"column":53},"end":{"line":495,"column":84}},{"start":{"line":496,"column":6},"end":{"line":496,"column":61}}],"line":495},"55":{"loc":{"start":{"line":497,"column":4},"end":{"line":501,"column":5}},"type":"if","locations":[{"start":{"line":497,"column":4},"end":{"line":501,"column":5}},{"start":{"line":499,"column":11},"end":{"line":501,"column":5}}],"line":497},"56":{"loc":{"start":{"line":512,"column":2},"end":{"line":512,"column":58}},"type":"if","locations":[{"start":{"line":512,"column":2},"end":{"line":512,"column":58}},{"start":{},"end":{}}],"line":512},"57":{"loc":{"start":{"line":514,"column":2},"end":{"line":518,"column":3}},"type":"if","locations":[{"start":{"line":514,"column":2},"end":{"line":518,"column":3}},{"start":{},"end":{}}],"line":514},"58":{"loc":{"start":{"line":514,"column":6},"end":{"line":514,"column":79}},"type":"binary-expr","locations":[{"start":{"line":514,"column":6},"end":{"line":514,"column":49}},{"start":{"line":514,"column":53},"end":{"line":514,"column":79}}],"line":514},"59":{"loc":{"start":{"line":516,"column":4},"end":{"line":516,"column":83}},"type":"if","locations":[{"start":{"line":516,"column":4},"end":{"line":516,"column":83}},{"start":{},"end":{}}],"line":516},"60":{"loc":{"start":{"line":520,"column":2},"end":{"line":552,"column":3}},"type":"if","locations":[{"start":{"line":520,"column":2},"end":{"line":552,"column":3}},{"start":{},"end":{}}],"line":520},"61":{"loc":{"start":{"line":521,"column":4},"end":{"line":521,"column":80}},"type":"if","locations":[{"start":{"line":521,"column":4},"end":{"line":521,"column":80}},{"start":{},"end":{}}],"line":521},"62":{"loc":{"start":{"line":522,"column":26},"end":{"line":522,"column":84}},"type":"binary-expr","locations":[{"start":{"line":522,"column":26},"end":{"line":522,"column":42}},{"start":{"line":522,"column":46},"end":{"line":522,"column":84}}],"line":522},"63":{"loc":{"start":{"line":526,"column":16},"end":{"line":526,"column":56}},"type":"binary-expr","locations":[{"start":{"line":526,"column":16},"end":{"line":526,"column":43}},{"start":{"line":526,"column":47},"end":{"line":526,"column":56}}],"line":526},"64":{"loc":{"start":{"line":533,"column":21},"end":{"line":533,"column":51}},"type":"binary-expr","locations":[{"start":{"line":533,"column":21},"end":{"line":533,"column":45}},{"start":{"line":533,"column":49},"end":{"line":533,"column":51}}],"line":533},"65":{"loc":{"start":{"line":542,"column":14},"end":{"line":542,"column":76}},"type":"cond-expr","locations":[{"start":{"line":542,"column":53},"end":{"line":542,"column":64}},{"start":{"line":542,"column":67},"end":{"line":542,"column":76}}],"line":542},"66":{"loc":{"start":{"line":550,"column":4},"end":{"line":550,"column":104}},"type":"if","locations":[{"start":{"line":550,"column":4},"end":{"line":550,"column":104}},{"start":{},"end":{}}],"line":550},"67":{"loc":{"start":{"line":554,"column":46},"end":{"line":554,"column":81}},"type":"binary-expr","locations":[{"start":{"line":554,"column":46},"end":{"line":554,"column":68}},{"start":{"line":554,"column":72},"end":{"line":554,"column":81}}],"line":554},"68":{"loc":{"start":{"line":566,"column":14},"end":{"line":566,"column":104}},"type":"cond-expr","locations":[{"start":{"line":566,"column":55},"end":{"line":566,"column":89}},{"start":{"line":566,"column":92},"end":{"line":566,"column":104}}],"line":566},"69":{"loc":{"start":{"line":568,"column":2},"end":{"line":570,"column":3}},"type":"if","locations":[{"start":{"line":568,"column":2},"end":{"line":570,"column":3}},{"start":{},"end":{}}],"line":568},"70":{"loc":{"start":{"line":572,"column":2},"end":{"line":599,"column":3}},"type":"if","locations":[{"start":{"line":572,"column":2},"end":{"line":599,"column":3}},{"start":{},"end":{}}],"line":572},"71":{"loc":{"start":{"line":572,"column":6},"end":{"line":572,"column":75}},"type":"binary-expr","locations":[{"start":{"line":572,"column":6},"end":{"line":572,"column":47}},{"start":{"line":572,"column":51},"end":{"line":572,"column":75}}],"line":572},"72":{"loc":{"start":{"line":574,"column":4},"end":{"line":597,"column":5}},"type":"if","locations":[{"start":{"line":574,"column":4},"end":{"line":597,"column":5}},{"start":{},"end":{}}],"line":574},"73":{"loc":{"start":{"line":575,"column":19},"end":{"line":577,"column":61}},"type":"cond-expr","locations":[{"start":{"line":576,"column":10},"end":{"line":576,"column":27}},{"start":{"line":577,"column":10},"end":{"line":577,"column":61}}],"line":575},"74":{"loc":{"start":{"line":577,"column":10},"end":{"line":577,"column":61}},"type":"binary-expr","locations":[{"start":{"line":577,"column":11},"end":{"line":577,"column":28}},{"start":{"line":577,"column":32},"end":{"line":577,"column":52}},{"start":{"line":577,"column":57},"end":{"line":577,"column":61}}],"line":577},"75":{"loc":{"start":{"line":583,"column":16},"end":{"line":583,"column":53}},"type":"cond-expr","locations":[{"start":{"line":583,"column":23},"end":{"line":583,"column":48}},{"start":{"line":583,"column":51},"end":{"line":583,"column":53}}],"line":583},"76":{"loc":{"start":{"line":593,"column":6},"end":{"line":595,"column":7}},"type":"if","locations":[{"start":{"line":593,"column":6},"end":{"line":595,"column":7}},{"start":{},"end":{}}],"line":593},"77":{"loc":{"start":{"line":601,"column":2},"end":{"line":603,"column":3}},"type":"if","locations":[{"start":{"line":601,"column":2},"end":{"line":603,"column":3}},{"start":{},"end":{}}],"line":601},"78":{"loc":{"start":{"line":601,"column":6},"end":{"line":601,"column":80}},"type":"binary-expr","locations":[{"start":{"line":601,"column":6},"end":{"line":601,"column":49}},{"start":{"line":601,"column":53},"end":{"line":601,"column":80}}],"line":601},"79":{"loc":{"start":{"line":607,"column":2},"end":{"line":616,"column":3}},"type":"if","locations":[{"start":{"line":607,"column":2},"end":{"line":616,"column":3}},{"start":{},"end":{}}],"line":607},"80":{"loc":{"start":{"line":618,"column":2},"end":{"line":620,"column":3}},"type":"if","locations":[{"start":{"line":618,"column":2},"end":{"line":620,"column":3}},{"start":{},"end":{}}],"line":618}},"s":{"0":6,"1":6,"2":5,"3":5,"4":0,"5":5,"6":5,"7":0,"8":5,"9":7,"10":5,"11":5,"12":0,"13":5,"14":7,"15":6,"16":6,"17":0,"18":0,"19":0,"20":0,"21":0,"22":0,"23":0,"24":0,"25":0,"26":0,"27":0,"28":0,"29":0,"30":0,"31":0,"32":0,"33":0,"34":0,"35":0,"36":0,"37":0,"38":0,"39":0,"40":0,"41":0,"42":0,"43":0,"44":0,"45":0,"46":0,"47":0,"48":0,"49":0,"50":0,"51":0,"52":0,"53":0,"54":0,"55":0,"56":0,"57":0,"58":0,"59":0,"60":0,"61":0,"62":0,"63":0,"64":0,"65":0,"66":0,"67":0,"68":0,"69":0,"70":0,"71":0,"72":0,"73":0,"74":0,"75":0,"76":0,"77":0,"78":0,"79":0,"80":0,"81":0,"82":0,"83":0,"84":0,"85":0,"86":0,"87":0,"88":0,"89":0,"90":0,"91":0,"92":0,"93":0,"94":0,"95":0,"96":0,"97":0,"98":0,"99":0,"100":0,"101":0,"102":0,"103":0,"104":0,"105":0,"106":0,"107":0,"108":0,"109":0,"110":0,"111":0,"112":0,"113":0,"114":0,"115":0,"116":0,"117":0,"118":0,"119":0,"120":0,"121":0,"122":0,"123":0,"124":0,"125":0,"126":0,"127":0,"128":0,"129":0,"130":0,"131":0,"132":0,"133":0,"134":0,"135":0,"136":0,"137":6,"138":6,"139":1,"140":5,"141":3,"142":5,"143":5,"144":1,"145":1,"146":4,"147":1,"148":1,"149":3,"150":1,"151":1,"152":2,"153":2,"154":1,"155":1,"156":1,"157":1,"158":1,"159":0,"160":2,"161":0,"162":0,"163":0,"164":0,"165":0,"166":0,"167":0,"168":0,"169":0,"170":0,"171":0,"172":0,"173":0,"174":0,"175":0,"176":0,"177":0,"178":0,"179":0,"180":0,"181":0,"182":0,"183":0,"184":0,"185":0,"186":0,"187":0,"188":0,"189":0,"190":0,"191":0,"192":0,"193":0,"194":0,"195":0,"196":0,"197":0,"198":0,"199":0,"200":0,"201":0,"202":0,"203":0,"204":0,"205":0,"206":0,"207":0,"208":0,"209":0,"210":0,"211":6},"f":{"0":5,"1":7,"2":0,"3":0,"4":0,"5":0,"6":0,"7":0,"8":0,"9":6,"10":3,"11":0,"12":0},"b":{"0":[0,5],"1":[0,5],"2":[5,5,0,5,0],"3":[5,2],"4":[0,5],"5":[0,0],"6":[0,0],"7":[0,0],"8":[0,0],"9":[0,0],"10":[0,0],"11":[0,0],"12":[0,0],"13":[0,0],"14":[0,0],"15":[0,0],"16":[0,0],"17":[0,0],"18":[0,0],"19":[0,0],"20":[0,0],"21":[0,0],"22":[0,0],"23":[0,0],"24":[0,0],"25":[0,0],"26":[0,0],"27":[0,0],"28":[0,0],"29":[0,0],"30":[0,0],"31":[0,0],"32":[0,0],"33":[0,0],"34":[0,0],"35":[0,0],"36":[0,0],"37":[0,0],"38":[0,0],"39":[0,0],"40":[0,0],"41":[0,0],"42":[0,0],"43":[0,0],"44":[0,0],"45":[0,0],"46":[0,0],"47":[0],"48":[0],"49":[1,5],"50":[1,3],"51":[1,2],"52":[1,0],"53":[1,0],"54":[1,1,0],"55":[1,0],"56":[0,0],"57":[0,0],"58":[0,0],"59":[0,0],"60":[0,0],"61":[0,0],"62":[0,0],"63":[0,0],"64":[0,0],"65":[0,0],"66":[0,0],"67":[0,0],"68":[0,0],"69":[0,0],"70":[0,0],"71":[0,0],"72":[0,0],"73":[0,0],"74":[0,0,0],"75":[0,0],"76":[0,0],"77":[0,0],"78":[0,0],"79":[0,0],"80":[0,0]},"_coverageSchema":"1a1c01bbd47fc00a2c39e90264f33305004495a9","hash":"60b55c0eb9479a71a4e759ed6badb5375d16ea32"}
,"C:\\Users\\danim\\Documents\\Programming\\playground-app\\playground-app\\server\\src\\templates\\authEmails.js": {"path":"C:\\Users\\danim\\Documents\\Programming\\playground-app\\playground-app\\server\\src\\templates\\authEmails.js","statementMap":{"0":{"start":{"line":6,"column":14},"end":{"line":6,"column":33}},"1":{"start":{"line":7,"column":13},"end":{"line":7,"column":22}},"2":{"start":{"line":8,"column":18},"end":{"line":8,"column":27}},"3":{"start":{"line":9,"column":11},"end":{"line":9,"column":20}},"4":{"start":{"line":12,"column":4},"end":{"line":33,"column":16}},"5":{"start":{"line":37,"column":17},"end":{"line":43,"column":6}},"6":{"start":{"line":44,"column":17},"end":{"line":44,"column":167}},"7":{"start":{"line":45,"column":4},"end":{"line":45,"column":26}},"8":{"start":{"line":49,"column":17},"end":{"line":55,"column":6}},"9":{"start":{"line":56,"column":17},"end":{"line":56,"column":149}},"10":{"start":{"line":57,"column":4},"end":{"line":57,"column":26}},"11":{"start":{"line":60,"column":0},"end":{"line":60,"column":59}}},"fnMap":{"0":{"name":"wrapHtml","decl":{"start":{"line":11,"column":9},"end":{"line":11,"column":17}},"loc":{"start":{"line":11,"column":71},"end":{"line":34,"column":1}},"line":11},"1":{"name":"verificationEmail","decl":{"start":{"line":36,"column":9},"end":{"line":36,"column":26}},"loc":{"start":{"line":36,"column":33},"end":{"line":46,"column":1}},"line":36},"2":{"name":"passwordResetEmail","decl":{"start":{"line":48,"column":9},"end":{"line":48,"column":27}},"loc":{"start":{"line":48,"column":34},"end":{"line":58,"column":1}},"line":48}},"branchMap":{},"s":{"0":2,"1":2,"2":2,"3":2,"4":5,"5":3,"6":3,"7":3,"8":2,"9":2,"10":2,"11":2},"f":{"0":5,"1":3,"2":2},"b":{},"_coverageSchema":"1a1c01bbd47fc00a2c39e90264f33305004495a9","hash":"a645bc81ea1d47c4f8b08483bbe2ecf7a40a311b"}
,"C:\\Users\\danim\\Documents\\Programming\\playground-app\\playground-app\\server\\src\\utils\\passwordPolicy.js": {"path":"C:\\Users\\danim\\Documents\\Programming\\playground-app\\playground-app\\server\\src\\utils\\passwordPolicy.js","statementMap":{"0":{"start":{"line":7,"column":4},"end":{"line":9,"column":5}},"1":{"start":{"line":8,"column":8},"end":{"line":8,"column":39}},"2":{"start":{"line":10,"column":4},"end":{"line":12,"column":5}},"3":{"start":{"line":11,"column":8},"end":{"line":11,"column":58}},"4":{"start":{"line":13,"column":4},"end":{"line":15,"column":5}},"5":{"start":{"line":14,"column":8},"end":{"line":14,"column":58}},"6":{"start":{"line":16,"column":4},"end":{"line":18,"column":5}},"7":{"start":{"line":17,"column":8},"end":{"line":17,"column":59}},"8":{"start":{"line":19,"column":4},"end":{"line":21,"column":5}},"9":{"start":{"line":20,"column":8},"end":{"line":20,"column":60}},"10":{"start":{"line":22,"column":4},"end":{"line":24,"column":5}},"11":{"start":{"line":23,"column":8},"end":{"line":23,"column":49}},"12":{"start":{"line":25,"column":4},"end":{"line":27,"column":5}},"13":{"start":{"line":26,"column":8},"end":{"line":26,"column":60}},"14":{"start":{"line":28,"column":4},"end":{"line":28,"column":16}},"15":{"start":{"line":31,"column":0},"end":{"line":31,"column":46}}},"fnMap":{"0":{"name":"validatePasswordStrength","decl":{"start":{"line":6,"column":9},"end":{"line":6,"column":33}},"loc":{"start":{"line":6,"column":44},"end":{"line":29,"column":1}},"line":6}},"branchMap":{"0":{"loc":{"start":{"line":7,"column":4},"end":{"line":9,"column":5}},"type":"if","locations":[{"start":{"line":7,"column":4},"end":{"line":9,"column":5}},{"start":{},"end":{}}],"line":7},"1":{"loc":{"start":{"line":7,"column":8},"end":{"line":7,"column":61}},"type":"binary-expr","locations":[{"start":{"line":7,"column":8},"end":{"line":7,"column":36}},{"start":{"line":7,"column":40},"end":{"line":7,"column":61}}],"line":7},"2":{"loc":{"start":{"line":10,"column":4},"end":{"line":12,"column":5}},"type":"if","locations":[{"start":{"line":10,"column":4},"end":{"line":12,"column":5}},{"start":{},"end":{}}],"line":10},"3":{"loc":{"start":{"line":13,"column":4},"end":{"line":15,"column":5}},"type":"if","locations":[{"start":{"line":13,"column":4},"end":{"line":15,"column":5}},{"start":{},"end":{}}],"line":13},"4":{"loc":{"start":{"line":16,"column":4},"end":{"line":18,"column":5}},"type":"if","locations":[{"start":{"line":16,"column":4},"end":{"line":18,"column":5}},{"start":{},"end":{}}],"line":16},"5":{"loc":{"start":{"line":19,"column":4},"end":{"line":21,"column":5}},"type":"if","locations":[{"start":{"line":19,"column":4},"end":{"line":21,"column":5}},{"start":{},"end":{}}],"line":19},"6":{"loc":{"start":{"line":22,"column":4},"end":{"line":24,"column":5}},"type":"if","locations":[{"start":{"line":22,"column":4},"end":{"line":24,"column":5}},{"start":{},"end":{}}],"line":22},"7":{"loc":{"start":{"line":25,"column":4},"end":{"line":27,"column":5}},"type":"if","locations":[{"start":{"line":25,"column":4},"end":{"line":27,"column":5}},{"start":{},"end":{}}],"line":25}},"s":{"0":12,"1":2,"2":10,"3":2,"4":8,"5":1,"6":7,"7":1,"8":6,"9":1,"10":5,"11":1,"12":4,"13":1,"14":3,"15":2},"f":{"0":12},"b":{"0":[2,10],"1":[12,11],"2":[2,8],"3":[1,7],"4":[1,6],"5":[1,5],"6":[1,4],"7":[1,3]},"_coverageSchema":"1a1c01bbd47fc00a2c39e90264f33305004495a9","hash":"540423f87f57cf87a7f3cefc437f0dd5271c6fba"}
,"C:\\Users\\danim\\Documents\\Programming\\playground-app\\playground-app\\server\\src\\utils\\playgroundIdFilter.js": {"path":"C:\\Users\\danim\\Documents\\Programming\\playground-app\\playground-app\\server\\src\\utils\\playgroundIdFilter.js","statementMap":{"0":{"start":{"line":1,"column":21},"end":{"line":1,"column":39}},"1":{"start":{"line":7,"column":4},"end":{"line":9,"column":5}},"2":{"start":{"line":8,"column":8},"end":{"line":8,"column":27}},"3":{"start":{"line":10,"column":14},"end":{"line":10,"column":24}},"4":{"start":{"line":11,"column":4},"end":{"line":17,"column":5}},"5":{"start":{"line":12,"column":8},"end":{"line":16,"column":9}},"6":{"start":{"line":13,"column":12},"end":{"line":13,"column":44}},"7":{"start":{"line":15,"column":12},"end":{"line":15,"column":30}},"8":{"start":{"line":18,"column":4},"end":{"line":18,"column":22}},"9":{"start":{"line":30,"column":4},"end":{"line":30,"column":30}},"10":{"start":{"line":30,"column":20},"end":{"line":30,"column":30}},"11":{"start":{"line":31,"column":17},"end":{"line":39,"column":18}},"12":{"start":{"line":41,"column":16},"end":{"line":41,"column":18}},"13":{"start":{"line":42,"column":17},"end":{"line":42,"column":26}},"14":{"start":{"line":43,"column":4},"end":{"line":52,"column":5}},"15":{"start":{"line":44,"column":8},"end":{"line":51,"column":9}},"16":{"start":{"line":45,"column":23},"end":{"line":45,"column":29}},"17":{"start":{"line":46,"column":12},"end":{"line":46,"column":37}},"18":{"start":{"line":46,"column":28},"end":{"line":46,"column":37}},"19":{"start":{"line":47,"column":22},"end":{"line":47,"column":50}},"20":{"start":{"line":48,"column":12},"end":{"line":48,"column":38}},"21":{"start":{"line":48,"column":29},"end":{"line":48,"column":38}},"22":{"start":{"line":49,"column":12},"end":{"line":49,"column":24}},"23":{"start":{"line":50,"column":12},"end":{"line":50,"column":25}},"24":{"start":{"line":53,"column":4},"end":{"line":53,"column":15}},"25":{"start":{"line":56,"column":0},"end":{"line":56,"column":86}}},"fnMap":{"0":{"name":"resolvePlaygroundIdFilter","decl":{"start":{"line":6,"column":9},"end":{"line":6,"column":34}},"loc":{"start":{"line":6,"column":39},"end":{"line":19,"column":1}},"line":6},"1":{"name":"collectSubsumedPlaygroundIdsForRegion","decl":{"start":{"line":29,"column":15},"end":{"line":29,"column":52}},"loc":{"start":{"line":29,"column":68},"end":{"line":54,"column":1}},"line":29}},"branchMap":{"0":{"loc":{"start":{"line":7,"column":4},"end":{"line":9,"column":5}},"type":"if","locations":[{"start":{"line":7,"column":4},"end":{"line":9,"column":5}},{"start":{},"end":{}}],"line":7},"1":{"loc":{"start":{"line":7,"column":8},"end":{"line":7,"column":31}},"type":"binary-expr","locations":[{"start":{"line":7,"column":8},"end":{"line":7,"column":18}},{"start":{"line":7,"column":22},"end":{"line":7,"column":31}}],"line":7},"2":{"loc":{"start":{"line":11,"column":4},"end":{"line":17,"column":5}},"type":"if","locations":[{"start":{"line":11,"column":4},"end":{"line":17,"column":5}},{"start":{},"end":{}}],"line":11},"3":{"loc":{"start":{"line":30,"column":4},"end":{"line":30,"column":30}},"type":"if","locations":[{"start":{"line":30,"column":4},"end":{"line":30,"column":30}},{"start":{},"end":{}}],"line":30},"4":{"loc":{"start":{"line":44,"column":25},"end":{"line":44,"column":42}},"type":"binary-expr","locations":[{"start":{"line":44,"column":25},"end":{"line":44,"column":36}},{"start":{"line":44,"column":40},"end":{"line":44,"column":42}}],"line":44},"5":{"loc":{"start":{"line":46,"column":12},"end":{"line":46,"column":37}},"type":"if","locations":[{"start":{"line":46,"column":12},"end":{"line":46,"column":37}},{"start":{},"end":{}}],"line":46},"6":{"loc":{"start":{"line":48,"column":12},"end":{"line":48,"column":38}},"type":"if","locations":[{"start":{"line":48,"column":12},"end":{"line":48,"column":38}},{"start":{},"end":{}}],"line":48}},"s":{"0":2,"1":7,"2":2,"3":5,"4":5,"5":1,"6":1,"7":0,"8":4,"9":2,"10":1,"11":1,"12":1,"13":1,"14":1,"15":3,"16":5,"17":5,"18":1,"19":4,"20":4,"21":1,"22":3,"23":3,"24":1,"25":2},"f":{"0":7,"1":2},"b":{"0":[2,5],"1":[7,6],"2":[1,4],"3":[1,1],"4":[3,1],"5":[1,4],"6":[1,3]},"_coverageSchema":"1a1c01bbd47fc00a2c39e90264f33305004495a9","hash":"3d9623547641665b9eab203eb3227160a535a5c6"}
}
