TN:
SF:server\src\routes\adAnalyticsRoutes.js
FN:9,(anonymous_0)
FN:20,(anonymous_1)
FN:24,(anonymous_2)
FN:26,(anonymous_3)
FN:34,(anonymous_4)
FN:37,(anonymous_5)
FN:38,(anonymous_6)
FN:39,(anonymous_7)
FN:67,(anonymous_8)
FN:90,(anonymous_9)
FN:91,(anonymous_10)
FN:93,(anonymous_11)
FNF:12
FNH:10
FNDA:2,(anonymous_0)
FNDA:1,(anonymous_1)
FNDA:1,(anonymous_2)
FNDA:1,(anonymous_3)
FNDA:1,(anonymous_4)
FNDA:1,(anonymous_5)
FNDA:0,(anonymous_6)
FNDA:1,(anonymous_7)
FNDA:4,(anonymous_8)
FNDA:0,(anonymous_9)
FNDA:1,(anonymous_10)
FNDA:1,(anonymous_11)
DA:1,1
DA:2,1
DA:3,1
DA:4,1
DA:5,1
DA:6,1
DA:9,1
DA:10,2
DA:11,2
DA:12,2
DA:13,2
DA:15,1
DA:20,1
DA:21,1
DA:24,1
DA:26,1
DA:27,1
DA:30,1
DA:32,1
DA:34,1
DA:35,1
DA:36,1
DA:37,1
DA:38,0
DA:39,1
DA:40,1
DA:60,1
DA:62,0
DA:67,1
DA:68,4
DA:69,4
DA:70,4
DA:71,1
DA:73,3
DA:74,3
DA:75,3
DA:78,2
DA:79,2
DA:80,1
DA:83,1
DA:89,1
DA:90,0
DA:91,1
DA:92,1
DA:93,1
DA:95,1
DA:99,1
DA:121,1
DA:123,0
DA:127,1
LF:50
LH:46
BRDA:13,0,0,1
BRDA:13,0,1,1
BRDA:21,1,0,1
BRDA:21,1,1,0
BRDA:27,2,0,1
BRDA:27,2,1,0
BRDA:27,3,0,1
BRDA:27,3,1,1
BRDA:35,4,0,1
BRDA:35,4,1,0
BRDA:36,5,0,1
BRDA:36,5,1,0
BRDA:36,6,0,1
BRDA:36,6,1,1
BRDA:39,7,0,1
BRDA:39,7,1,0
BRDA:42,8,0,1
BRDA:42,8,1,0
BRDA:43,9,0,1
BRDA:43,9,1,0
BRDA:44,10,0,1
BRDA:44,10,1,0
BRDA:45,11,0,1
BRDA:45,11,1,0
BRDA:46,12,0,1
BRDA:46,12,1,0
BRDA:47,13,0,1
BRDA:47,13,1,0
BRDA:48,14,0,1
BRDA:48,14,1,0
BRDA:49,15,0,1
BRDA:49,15,1,0
BRDA:50,16,0,1
BRDA:50,16,1,0
BRDA:53,17,0,1
BRDA:53,17,1,0
BRDA:54,18,0,1
BRDA:54,18,1,0
BRDA:55,19,0,1
BRDA:55,19,1,0
BRDA:56,20,0,0
BRDA:56,20,1,1
BRDA:70,21,0,1
BRDA:70,21,1,3
BRDA:75,22,0,1
BRDA:75,22,1,2
BRDA:79,23,0,1
BRDA:79,23,1,1
BRDA:79,24,0,2
BRDA:79,24,1,2
BRDA:89,25,0,0
BRDA:89,25,1,1
BRDA:89,26,0,1
BRDA:89,26,1,0
BRDA:93,27,0,1
BRDA:93,27,1,0
BRDA:95,28,0,1
BRDA:95,28,1,0
BRDA:102,29,0,1
BRDA:102,29,1,0
BRDA:103,30,0,1
BRDA:103,30,1,0
BRDA:104,31,0,1
BRDA:104,31,1,0
BRDA:107,32,0,1
BRDA:107,32,1,1
BRDA:108,33,0,1
BRDA:108,33,1,1
BRDA:109,34,0,1
BRDA:109,34,1,0
BRDA:111,35,0,1
BRDA:111,35,1,0
BRDA:112,36,0,1
BRDA:112,36,1,0
BRDA:113,37,0,1
BRDA:113,37,1,0
BRDA:114,38,0,1
BRDA:114,38,1,0
BRDA:115,39,0,1
BRDA:115,39,1,0
BRDA:116,40,0,1
BRDA:116,40,1,0
BRF:82
BRH:50
end_of_record
TN:
SF:server\src\routes\adDiscountRoutes.js
FN:10,(anonymous_0)
FN:78,(anonymous_1)
FN:93,(anonymous_2)
FN:172,(anonymous_3)
FN:199,(anonymous_4)
FN:224,(anonymous_5)
FNF:6
FNH:6
FNDA:3,(anonymous_0)
FNDA:1,(anonymous_1)
FNDA:1,(anonymous_2)
FNDA:1,(anonymous_3)
FNDA:1,(anonymous_4)
FNDA:7,(anonymous_5)
DA:1,1
DA:2,1
DA:3,1
DA:4,1
DA:5,1
DA:10,1
DA:11,3
DA:12,3
DA:13,3
DA:16,3
DA:17,1
DA:20,2
DA:21,0
DA:24,2
DA:25,0
DA:28,2
DA:29,2
DA:31,2
DA:32,0
DA:35,2
DA:36,0
DA:40,2
DA:45,2
DA:46,1
DA:49,1
DA:50,1
DA:63,1
DA:64,1
DA:66,1
DA:69,0
DA:70,0
DA:72,0
DA:78,1
DA:79,1
DA:80,1
DA:81,1
DA:86,1
DA:88,0
DA:93,1
DA:94,1
DA:95,1
DA:96,1
DA:98,1
DA:99,0
DA:102,1
DA:103,1
DA:105,1
DA:106,1
DA:107,0
DA:109,1
DA:112,1
DA:113,0
DA:114,0
DA:115,0
DA:117,0
DA:120,1
DA:121,1
DA:122,1
DA:123,0
DA:125,1
DA:129,1
DA:130,1
DA:131,1
DA:132,0
DA:134,1
DA:135,1
DA:136,1
DA:137,0
DA:141,1
DA:142,1
DA:145,1
DA:146,1
DA:149,1
DA:150,0
DA:153,1
DA:155,1
DA:161,1
DA:162,0
DA:165,1
DA:167,0
DA:172,1
DA:173,1
DA:174,1
DA:175,1
DA:177,1
DA:178,0
DA:181,1
DA:182,1
DA:188,1
DA:189,0
DA:192,1
DA:194,0
DA:199,1
DA:200,1
DA:201,1
DA:202,1
DA:204,1
DA:205,0
DA:208,1
DA:213,1
DA:215,0
DA:221,1
DA:224,1
DA:225,7
DA:226,7
DA:227,7
DA:229,7
DA:230,1
DA:232,6
DA:233,1
DA:237,5
DA:242,5
DA:243,1
DA:246,4
DA:247,1
DA:250,3
DA:251,3
DA:252,1
DA:255,2
DA:256,1
DA:260,1
DA:264,1
DA:265,0
DA:268,1
DA:269,1
DA:271,1
DA:280,0
DA:284,1
LF:128
LH:101
BRDA:16,0,0,1
BRDA:16,0,1,2
BRDA:16,1,0,3
BRDA:16,1,1,2
BRDA:16,1,2,2
BRDA:20,2,0,0
BRDA:20,2,1,2
BRDA:20,3,0,2
BRDA:20,3,1,2
BRDA:20,3,2,2
BRDA:20,3,3,2
BRDA:24,4,0,0
BRDA:24,4,1,2
BRDA:24,5,0,2
BRDA:24,5,1,2
BRDA:31,6,0,0
BRDA:31,6,1,2
BRDA:31,7,0,2
BRDA:31,7,1,2
BRDA:35,8,0,0
BRDA:35,8,1,2
BRDA:45,9,0,1
BRDA:45,9,1,1
BRDA:55,10,0,1
BRDA:55,10,1,0
BRDA:55,11,0,1
BRDA:55,11,1,1
BRDA:69,12,0,0
BRDA:69,12,1,0
BRDA:98,13,0,0
BRDA:98,13,1,1
BRDA:105,14,0,1
BRDA:105,14,1,0
BRDA:106,15,0,0
BRDA:106,15,1,1
BRDA:106,16,0,1
BRDA:106,16,1,1
BRDA:112,17,0,0
BRDA:112,17,1,1
BRDA:114,18,0,0
BRDA:114,18,1,0
BRDA:120,19,0,1
BRDA:120,19,1,0
BRDA:122,20,0,0
BRDA:122,20,1,1
BRDA:129,21,0,1
BRDA:129,21,1,0
BRDA:129,22,0,1
BRDA:129,22,1,1
BRDA:131,23,0,0
BRDA:131,23,1,1
BRDA:134,24,0,1
BRDA:134,24,1,1
BRDA:135,25,0,1
BRDA:135,25,1,0
BRDA:136,26,0,0
BRDA:136,26,1,1
BRDA:141,27,0,1
BRDA:141,27,1,0
BRDA:142,28,0,0
BRDA:142,28,1,1
BRDA:145,29,0,1
BRDA:145,29,1,0
BRDA:149,30,0,0
BRDA:149,30,1,1
BRDA:161,31,0,0
BRDA:161,31,1,1
BRDA:177,32,0,0
BRDA:177,32,1,1
BRDA:188,33,0,0
BRDA:188,33,1,1
BRDA:204,34,0,0
BRDA:204,34,1,1
BRDA:229,35,0,1
BRDA:229,35,1,6
BRDA:229,36,0,7
BRDA:229,36,1,6
BRDA:232,37,0,1
BRDA:232,37,1,5
BRDA:242,38,0,1
BRDA:242,38,1,4
BRDA:246,39,0,1
BRDA:246,39,1,3
BRDA:251,40,0,1
BRDA:251,40,1,2
BRDA:251,41,0,3
BRDA:251,41,1,2
BRDA:255,42,0,1
BRDA:255,42,1,1
BRDA:255,43,0,2
BRDA:255,43,1,1
BRDA:264,44,0,0
BRDA:264,44,1,1
BRF:93
BRH:65
end_of_record
TN:
SF:server\src\routes\adPaymentRoutes.js
FN:12,validateDiscountCode
FN:67,recordDiscountRedemption
FN:104,(anonymous_2)
FN:124,(anonymous_3)
FN:173,(anonymous_4)
FN:239,(anonymous_5)
FN:254,(anonymous_6)
FNF:7
FNH:7
FNDA:3,validateDiscountCode
FNDA:2,recordDiscountRedemption
FNDA:1,(anonymous_2)
FNDA:3,(anonymous_3)
FNDA:2,(anonymous_4)
FNDA:2,(anonymous_5)
FNDA:1,(anonymous_6)
DA:1,1
DA:2,1
DA:3,1
DA:4,1
DA:5,1
DA:6,1
DA:13,3
DA:14,0
DA:15,0
DA:16,0
DA:19,3
DA:24,3
DA:25,0
DA:26,0
DA:27,0
DA:30,3
DA:31,0
DA:32,0
DA:33,0
DA:36,3
DA:37,3
DA:38,0
DA:39,0
DA:40,0
DA:43,3
DA:44,0
DA:45,0
DA:46,0
DA:49,3
DA:50,3
DA:51,0
DA:52,0
DA:53,0
DA:56,3
DA:59,3
DA:61,3
DA:69,2
DA:75,2
DA:88,2
DA:104,1
DA:105,1
DA:106,1
DA:107,1
DA:108,0
DA:110,1
DA:111,1
DA:112,1
DA:113,1
DA:114,0
DA:116,1
DA:117,1
DA:119,0
DA:124,1
DA:125,3
DA:126,3
DA:127,3
DA:128,1
DA:130,2
DA:131,1
DA:134,1
DA:135,1
DA:136,1
DA:137,1
DA:138,1
DA:139,1
DA:142,1
DA:143,1
DA:144,1
DA:145,1
DA:146,1
DA:147,1
DA:149,1
DA:158,1
DA:161,1
DA:162,1
DA:165,1
DA:167,0
DA:168,0
DA:173,1
DA:174,2
DA:175,2
DA:176,2
DA:177,0
DA:180,2
DA:183,2
DA:184,2
DA:187,2
DA:188,1
DA:192,1
DA:195,1
DA:212,1
DA:224,1
DA:226,1
DA:229,0
DA:230,0
DA:232,0
DA:233,0
DA:239,1
DA:240,2
DA:241,2
DA:242,2
DA:243,1
DA:246,1
DA:247,1
DA:249,0
DA:254,1
DA:255,1
DA:256,1
DA:257,1
DA:258,0
DA:260,1
DA:264,1
DA:265,0
DA:269,1
DA:270,1
DA:272,1
DA:273,1
DA:274,0
DA:277,1
DA:279,0
DA:283,1
LF:121
LH:88
BRDA:13,0,0,0
BRDA:13,0,1,3
BRDA:24,1,0,0
BRDA:24,1,1,3
BRDA:30,2,0,0
BRDA:30,2,1,3
BRDA:37,3,0,0
BRDA:37,3,1,3
BRDA:37,4,0,3
BRDA:37,4,1,3
BRDA:43,5,0,0
BRDA:43,5,1,3
BRDA:43,6,0,3
BRDA:43,6,1,0
BRDA:50,7,0,0
BRDA:50,7,1,3
BRDA:56,8,0,1
BRDA:56,8,1,2
BRDA:56,9,0,3
BRDA:56,9,1,1
BRDA:80,10,0,2
BRDA:80,10,1,0
BRDA:107,11,0,0
BRDA:107,11,1,1
BRDA:111,12,0,0
BRDA:111,12,1,1
BRDA:113,13,0,0
BRDA:113,13,1,1
BRDA:113,14,0,1
BRDA:113,14,1,1
BRDA:127,15,0,1
BRDA:127,15,1,2
BRDA:130,16,0,1
BRDA:130,16,1,1
BRDA:142,17,0,1
BRDA:142,17,1,0
BRDA:161,18,0,1
BRDA:161,18,1,0
BRDA:161,19,0,1
BRDA:161,19,1,1
BRDA:167,20,0,0
BRDA:167,20,1,0
BRDA:176,21,0,0
BRDA:176,21,1,2
BRDA:176,22,0,2
BRDA:176,22,1,2
BRDA:187,23,0,1
BRDA:187,23,1,1
BRDA:229,24,0,0
BRDA:229,24,1,0
BRDA:232,25,0,0
BRDA:232,25,1,0
BRDA:242,26,0,1
BRDA:242,26,1,1
BRDA:257,27,0,0
BRDA:257,27,1,1
BRDA:264,28,0,0
BRDA:264,28,1,1
BRDA:264,29,0,1
BRDA:264,29,1,1
BRDA:270,30,0,0
BRDA:270,30,1,1
BRDA:273,31,0,0
BRDA:273,31,1,1
BRDA:273,32,0,1
BRDA:273,32,1,1
BRF:66
BRH:42
end_of_record
TN:
SF:server\src\routes\adServingRoutes.js
FN:9,(anonymous_0)
FN:24,(anonymous_1)
FN:39,(anonymous_2)
FN:53,(anonymous_3)
FN:67,(anonymous_4)
FNF:5
FNH:5
FNDA:1,(anonymous_0)
FNDA:1,(anonymous_1)
FNDA:1,(anonymous_2)
FNDA:1,(anonymous_3)
FNDA:1,(anonymous_4)
DA:1,1
DA:2,1
DA:3,1
DA:4,1
DA:5,1
DA:6,1
DA:9,1
DA:10,1
DA:11,1
DA:12,1
DA:13,0
DA:16,1
DA:17,1
DA:19,0
DA:24,1
DA:25,1
DA:26,1
DA:27,1
DA:28,0
DA:31,1
DA:32,1
DA:34,0
DA:39,1
DA:40,1
DA:41,1
DA:42,1
DA:43,0
DA:45,1
DA:46,1
DA:48,0
DA:53,1
DA:54,1
DA:55,1
DA:56,1
DA:57,0
DA:59,1
DA:60,1
DA:62,0
DA:67,1
DA:68,1
DA:69,1
DA:70,1
DA:71,0
DA:74,1
DA:75,1
DA:76,1
DA:78,1
DA:84,1
DA:86,0
DA:90,1
LF:50
LH:40
BRDA:12,0,0,0
BRDA:12,0,1,1
BRDA:12,1,0,1
BRDA:12,1,1,1
BRDA:27,2,0,0
BRDA:27,2,1,1
BRDA:27,3,0,1
BRDA:27,3,1,1
BRDA:42,4,0,0
BRDA:42,4,1,1
BRDA:56,5,0,0
BRDA:56,5,1,1
BRDA:56,6,0,1
BRDA:56,6,1,1
BRDA:70,7,0,0
BRDA:70,7,1,1
BRF:16
BRH:11
end_of_record
TN:
SF:server\src\routes\adTrackingRoutes.js
FN:6,(anonymous_0)
FNF:1
FNH:1
FNDA:3,(anonymous_0)
DA:1,1
DA:2,1
DA:3,1
DA:6,1
DA:7,3
DA:8,3
DA:10,3
DA:11,1
DA:14,2
DA:15,1
DA:18,1
DA:27,1
DA:29,0
DA:33,1
LF:14
LH:13
BRDA:10,0,0,1
BRDA:10,0,1,2
BRDA:10,1,0,3
BRDA:10,1,1,3
BRDA:10,1,2,2
BRDA:10,1,3,2
BRDA:14,2,0,1
BRDA:14,2,1,1
BRDA:24,3,0,1
BRDA:24,3,1,1
BRDA:24,3,2,0
BRF:11
BRH:10
end_of_record
TN:
SF:server\src\routes\adminCampaignRoutes.js
FN:14,(anonymous_0)
FN:33,(anonymous_1)
FN:50,(anonymous_2)
FN:96,(anonymous_3)
FN:121,(anonymous_4)
FN:140,(anonymous_5)
FN:161,(anonymous_6)
FN:191,(anonymous_7)
FNF:8
FNH:8
FNDA:1,(anonymous_0)
FNDA:1,(anonymous_1)
FNDA:1,(anonymous_2)
FNDA:2,(anonymous_3)
FNDA:1,(anonymous_4)
FNDA:1,(anonymous_5)
FNDA:3,(anonymous_6)
FNDA:2,(anonymous_7)
DA:1,1
DA:2,1
DA:3,1
DA:4,1
DA:5,1
DA:6,1
DA:7,1
DA:8,1
DA:9,1
DA:11,1
DA:14,1
DA:15,1
DA:16,1
DA:17,1
DA:18,1
DA:19,1
DA:20,1
DA:22,1
DA:23,1
DA:24,1
DA:25,1
DA:27,1
DA:33,1
DA:34,1
DA:35,1
DA:36,1
DA:45,1
DA:46,0
DA:50,1
DA:51,1
DA:52,1
DA:53,1
DA:54,1
DA:55,1
DA:56,0
DA:59,1
DA:60,1
DA:63,1
DA:64,1
DA:65,1
DA:66,1
DA:67,1
DA:68,1
DA:69,1
DA:70,1
DA:71,1
DA:72,1
DA:73,0
DA:78,1
DA:81,1
DA:82,1
DA:84,1
DA:85,1
DA:86,2
DA:89,1
DA:91,1
DA:92,0
DA:96,1
DA:97,2
DA:98,2
DA:99,2
DA:100,2
DA:101,2
DA:102,0
DA:105,2
DA:106,2
DA:108,1
DA:109,1
DA:111,1
DA:116,1
DA:117,0
DA:121,1
DA:122,1
DA:123,1
DA:124,1
DA:125,1
DA:126,1
DA:128,1
DA:133,1
DA:135,1
DA:136,0
DA:140,1
DA:141,1
DA:142,1
DA:143,1
DA:144,1
DA:145,1
DA:147,1
DA:148,1
DA:149,1
DA:150,1
DA:151,1
DA:153,1
DA:156,1
DA:157,0
DA:161,1
DA:162,3
DA:163,3
DA:164,3
DA:165,3
DA:167,3
DA:168,3
DA:169,1
DA:172,2
DA:173,2
DA:175,2
DA:176,2
DA:178,2
DA:179,1
DA:180,1
DA:182,1
DA:183,1
DA:184,1
DA:185,1
DA:187,0
DA:191,1
DA:192,2
DA:193,2
DA:194,2
DA:195,2
DA:197,2
DA:198,2
DA:200,1
DA:201,1
DA:202,0
DA:205,1
LF:126
LH:116
BRDA:17,0,0,0
BRDA:17,1,0,0
BRDA:17,2,0,0
BRDA:17,3,0,0
BRDA:19,4,0,1
BRDA:19,4,1,0
BRDA:20,5,0,1
BRDA:20,5,1,0
BRDA:22,6,0,1
BRDA:22,6,1,0
BRDA:23,7,0,1
BRDA:23,7,1,0
BRDA:35,8,0,1
BRDA:35,8,1,0
BRDA:38,9,0,1
BRDA:38,9,1,1
BRDA:38,9,2,0
BRDA:38,9,3,0
BRDA:41,10,0,1
BRDA:41,10,1,0
BRDA:54,11,0,0
BRDA:54,11,1,1
BRDA:55,12,0,0
BRDA:55,12,1,1
BRDA:65,13,0,1
BRDA:65,13,1,0
BRDA:67,14,0,1
BRDA:67,14,1,0
BRDA:67,15,0,1
BRDA:67,15,1,1
BRDA:70,16,0,1
BRDA:70,16,1,0
BRDA:72,17,0,1
BRDA:72,17,1,0
BRDA:79,18,0,1
BRDA:79,18,1,0
BRDA:84,19,0,1
BRDA:84,19,1,0
BRDA:85,20,0,0
BRDA:85,20,1,1
BRDA:100,21,0,0
BRDA:100,21,1,2
BRDA:101,22,0,0
BRDA:101,22,1,2
BRDA:106,23,0,1
BRDA:106,23,1,1
BRDA:106,24,0,2
BRDA:106,24,1,1
BRDA:106,24,2,1
BRDA:113,25,0,1
BRDA:113,25,1,0
BRDA:125,26,0,0
BRDA:125,26,1,1
BRDA:126,27,0,0
BRDA:126,27,1,1
BRDA:144,28,0,0
BRDA:144,28,1,1
BRDA:145,29,0,0
BRDA:145,29,1,1
BRDA:148,30,0,1
BRDA:148,30,1,0
BRDA:165,31,0,0
BRDA:165,31,1,3
BRDA:168,32,0,1
BRDA:168,32,1,2
BRDA:168,33,0,3
BRDA:168,33,1,3
BRDA:173,34,0,0
BRDA:173,34,1,2
BRDA:176,35,0,0
BRDA:176,35,1,2
BRDA:178,36,0,1
BRDA:178,36,1,1
BRDA:179,37,0,1
BRDA:179,37,1,1
BRDA:182,38,0,0
BRDA:182,38,1,1
BRDA:182,39,0,1
BRDA:182,39,1,1
BRDA:183,40,0,0
BRDA:183,40,1,1
BRDA:184,41,0,1
BRDA:184,41,1,1
BRDA:195,42,0,0
BRDA:195,42,1,2
BRDA:198,43,0,1
BRDA:198,43,1,1
BRF:87
BRH:52
end_of_record
TN:
SF:server\src\routes\advertiserRoutes.js
FN:6,(anonymous_0)
FNF:1
FNH:1
FNDA:2,(anonymous_0)
DA:1,1
DA:2,1
DA:3,1
DA:6,1
DA:7,2
DA:8,2
DA:9,2
DA:10,2
DA:11,1
DA:13,1
DA:15,0
DA:19,1
LF:12
LH:11
BRDA:10,0,0,1
BRDA:10,0,1,1
BRF:2
BRH:2
end_of_record
TN:
SF:server\src\routes\authRoutes.js
FN:11,(anonymous_0)
FN:62,(anonymous_1)
FN:106,(anonymous_2)
FN:121,(anonymous_3)
FNF:4
FNH:4
FNDA:4,(anonymous_0)
FNDA:5,(anonymous_1)
FNDA:1,(anonymous_2)
FNDA:2,(anonymous_3)
DA:1,1
DA:2,1
DA:3,1
DA:4,1
DA:5,1
DA:6,1
DA:7,1
DA:8,1
DA:11,1
DA:12,4
DA:13,4
DA:14,1
DA:16,3
DA:17,3
DA:18,1
DA:20,2
DA:21,2
DA:22,1
DA:24,1
DA:25,1
DA:32,1
DA:33,1
DA:34,1
DA:35,1
DA:37,0
DA:41,1
DA:42,1
DA:43,0
DA:45,1
DA:46,1
DA:50,1
DA:51,1
DA:53,1
DA:54,1
DA:55,1
DA:57,0
DA:62,1
DA:63,5
DA:64,5
DA:65,1
DA:67,4
DA:68,4
DA:69,4
DA:70,0
DA:72,4
DA:76,3
DA:78,3
DA:79,3
DA:86,3
DA:87,3
DA:88,1
DA:90,2
DA:91,1
DA:94,1
DA:96,1
DA:97,1
DA:98,1
DA:99,1
DA:101,0
DA:106,1
DA:107,1
DA:108,1
DA:109,1
DA:110,1
DA:111,1
DA:112,1
DA:113,1
DA:115,0
DA:116,0
DA:121,1
DA:122,2
DA:123,2
DA:124,2
DA:125,2
DA:126,1
DA:127,1
DA:129,1
DA:131,1
DA:132,1
DA:136,1
LF:80
LH:73
BRDA:12,0,0,4
BRDA:12,0,1,0
BRDA:13,1,0,1
BRDA:13,1,1,3
BRDA:13,2,0,4
BRDA:13,2,1,3
BRDA:17,3,0,1
BRDA:17,3,1,2
BRDA:42,4,0,0
BRDA:42,4,1,1
BRDA:54,5,0,1
BRDA:54,5,1,0
BRDA:63,6,0,5
BRDA:63,6,1,0
BRDA:64,7,0,1
BRDA:64,7,1,4
BRDA:64,8,0,5
BRDA:64,8,1,4
BRDA:69,9,0,0
BRDA:69,9,1,4
BRDA:87,10,0,1
BRDA:87,10,1,2
BRDA:88,11,0,1
BRDA:88,11,1,0
BRDA:90,12,0,1
BRDA:90,12,1,1
BRDA:91,13,0,1
BRDA:91,13,1,0
BRDA:96,14,0,1
BRDA:96,14,1,0
BRDA:98,15,0,1
BRDA:98,15,1,0
BRDA:98,16,0,1
BRDA:98,16,1,1
BRDA:98,16,2,1
BRDA:107,17,0,1
BRDA:107,17,1,0
BRDA:108,18,0,0
BRDA:108,18,1,1
BRDA:122,19,0,2
BRDA:122,19,1,0
BRDA:123,20,0,0
BRDA:123,20,1,2
BRF:43
BRH:30
end_of_record
TN:
SF:server\src\routes\campaignManagementRoutes.js
FN:11,verifyCampaignOwnership
FN:28,(anonymous_1)
FN:66,(anonymous_2)
FN:104,(anonymous_3)
FN:157,(anonymous_4)
FNF:5
FNH:5
FNDA:6,verifyCampaignOwnership
FNDA:3,(anonymous_1)
FNDA:1,(anonymous_2)
FNDA:1,(anonymous_3)
FNDA:1,(anonymous_4)
DA:1,1
DA:2,1
DA:3,1
DA:4,1
DA:5,1
DA:6,1
DA:7,1
DA:8,1
DA:12,6
DA:14,6
DA:15,1
DA:16,1
DA:18,5
DA:19,5
DA:20,5
DA:21,5
DA:22,1
DA:24,4
DA:28,1
DA:29,3
DA:30,3
DA:31,3
DA:32,3
DA:33,1
DA:34,1
DA:35,1
DA:36,1
DA:37,1
DA:41,1
DA:51,1
DA:61,1
DA:62,0
DA:66,1
DA:67,1
DA:68,1
DA:69,1
DA:70,1
DA:71,1
DA:72,1
DA:73,0
DA:74,0
DA:75,0
DA:79,0
DA:89,0
DA:99,0
DA:100,0
DA:104,1
DA:105,1
DA:106,1
DA:107,1
DA:108,1
DA:110,1
DA:111,0
DA:114,1
DA:117,1
DA:118,1
DA:119,1
DA:121,0
DA:125,1
DA:127,1
DA:129,1
DA:135,1
DA:141,1
DA:144,1
DA:145,1
DA:146,1
DA:147,2
DA:150,1
DA:152,1
DA:153,0
DA:157,1
DA:158,1
DA:159,1
DA:160,1
DA:161,1
DA:163,1
DA:171,0
DA:174,1
LF:78
LH:66
BRDA:19,0,0,0
BRDA:19,0,1,5
BRDA:21,1,0,1
BRDA:21,1,1,4
BRDA:21,2,0,5
BRDA:21,2,1,5
BRDA:32,3,0,2
BRDA:32,3,1,1
BRDA:34,4,0,0
BRDA:34,4,1,1
BRDA:35,5,0,1
BRDA:35,5,1,0
BRDA:70,6,0,0
BRDA:70,6,1,1
BRDA:72,7,0,1
BRDA:72,7,1,0
BRDA:73,8,0,0
BRDA:73,8,1,0
BRDA:108,9,0,0
BRDA:108,9,1,1
BRDA:110,10,0,0
BRDA:110,10,1,1
BRDA:117,11,0,1
BRDA:117,11,1,0
BRDA:117,12,0,1
BRDA:117,12,1,1
BRDA:144,13,0,1
BRDA:144,13,1,0
BRDA:145,14,0,1
BRDA:145,14,1,0
BRDA:161,15,0,0
BRDA:161,15,1,1
BRF:32
BRH:19
end_of_record
TN:
SF:server\src\routes\healthRoutes.js
FN:8,(anonymous_0)
FN:14,(anonymous_1)
FN:14,(anonymous_2)
FN:17,(anonymous_3)
FN:21,(anonymous_4)
FN:22,(anonymous_5)
FN:23,(anonymous_6)
FN:24,(anonymous_7)
FN:25,(anonymous_8)
FN:76,formatBytes
FNF:10
FNH:4
FNDA:3,(anonymous_0)
FNDA:1,(anonymous_1)
FNDA:1,(anonymous_2)
FNDA:0,(anonymous_3)
FNDA:0,(anonymous_4)
FNDA:0,(anonymous_5)
FNDA:0,(anonymous_6)
FNDA:0,(anonymous_7)
FNDA:0,(anonymous_8)
FNDA:12,formatBytes
DA:1,1
DA:2,1
DA:3,1
DA:5,1
DA:8,1
DA:9,3
DA:10,3
DA:11,3
DA:14,3
DA:17,2
DA:20,2
DA:21,0
DA:22,0
DA:23,0
DA:24,0
DA:25,0
DA:29,2
DA:31,2
DA:33,2
DA:67,1
DA:77,12
DA:78,9
DA:79,9
DA:80,9
DA:81,9
DA:84,1
LF:26
LH:21
BRDA:34,0,0,1
BRDA:34,0,1,1
BRDA:42,1,0,2
BRDA:42,1,1,0
BRDA:43,2,0,2
BRDA:43,2,1,1
BRDA:44,3,0,2
BRDA:44,3,1,0
BRDA:45,4,0,2
BRDA:45,4,1,1
BRDA:46,5,0,2
BRDA:46,5,1,0
BRDA:47,6,0,2
BRDA:47,6,1,1
BRDA:48,7,0,2
BRDA:48,7,1,1
BRDA:77,8,0,3
BRDA:77,8,1,9
BRF:18
BRH:15
end_of_record
TN:
SF:server\src\routes\regionRoutes.js
FN:17,fetchPlaygroundsNear
FN:34,mergePlaygroundsById
FN:48,parseGeoFromSearchBody
FN:67,(anonymous_3)
FN:150,(anonymous_4)
FN:179,(anonymous_5)
FN:189,(anonymous_6)
FNF:7
FNH:7
FNDA:3,fetchPlaygroundsNear
FNDA:2,mergePlaygroundsById
FNDA:7,parseGeoFromSearchBody
FNDA:7,(anonymous_3)
FNDA:2,(anonymous_4)
FNDA:3,(anonymous_5)
FNDA:1,(anonymous_6)
DA:1,1
DA:2,1
DA:3,1
DA:4,1
DA:5,1
DA:6,1
DA:8,1
DA:11,1
DA:18,3
DA:19,3
DA:35,2
DA:36,2
DA:37,2
DA:38,3
DA:39,3
DA:41,2
DA:49,7
DA:50,0
DA:52,7
DA:53,7
DA:54,7
DA:55,3
DA:56,2
DA:58,4
DA:59,4
DA:60,4
DA:62,4
DA:63,2
DA:67,1
DA:68,7
DA:69,7
DA:70,3
DA:73,4
DA:75,4
DA:76,2
DA:78,2
DA:79,2
DA:80,1
DA:82,1
DA:91,3
DA:92,3
DA:93,3
DA:95,3
DA:96,3
DA:98,3
DA:99,1
DA:103,1
DA:104,1
DA:105,1
DA:116,2
DA:118,2
DA:119,1
DA:130,1
DA:133,1
DA:134,1
DA:135,1
DA:145,0
DA:150,1
DA:151,2
DA:152,2
DA:153,1
DA:156,1
DA:157,1
DA:159,1
DA:160,1
DA:161,1
DA:162,1
DA:163,1
DA:164,1
DA:168,1
DA:174,0
DA:179,1
DA:180,3
DA:181,3
DA:182,1
DA:185,2
DA:186,2
DA:187,2
DA:188,2
DA:189,1
DA:193,1
DA:195,1
DA:199,1
LF:83
LH:80
BRDA:17,0,0,3
BRDA:39,1,0,2
BRDA:39,1,1,1
BRDA:49,2,0,0
BRDA:49,2,1,7
BRDA:49,3,0,7
BRDA:49,3,1,7
BRDA:53,4,0,7
BRDA:53,4,1,3
BRDA:54,5,0,3
BRDA:54,5,1,4
BRDA:55,6,0,1
BRDA:55,6,1,2
BRDA:58,7,0,3
BRDA:58,7,1,1
BRDA:59,8,0,3
BRDA:59,8,1,1
BRDA:60,9,0,4
BRDA:60,9,1,3
BRDA:60,9,2,3
BRDA:60,9,3,3
BRDA:60,9,4,2
BRDA:60,9,5,2
BRDA:62,10,0,2
BRDA:62,10,1,2
BRDA:69,11,0,3
BRDA:69,11,1,4
BRDA:75,12,0,2
BRDA:75,12,1,2
BRDA:79,13,0,1
BRDA:79,13,1,1
BRDA:98,14,0,1
BRDA:98,14,1,2
BRDA:118,15,0,1
BRDA:118,15,1,1
BRDA:131,16,0,1
BRDA:131,16,1,0
BRDA:133,17,0,1
BRDA:133,17,1,0
BRDA:151,18,0,1
BRDA:151,19,0,1
BRDA:152,20,0,1
BRDA:152,20,1,1
BRDA:156,21,0,1
BRDA:156,21,1,0
BRDA:157,22,0,1
BRDA:157,22,1,0
BRDA:163,23,0,1
BRDA:163,23,1,0
BRDA:181,24,0,1
BRDA:181,24,1,2
BRDA:181,25,0,3
BRDA:181,25,1,3
BRDA:189,26,0,1
BRDA:189,26,1,0
BRF:55
BRH:48
end_of_record
TN:
SF:server\src\routes\reportRoutes.js
FN:40,(anonymous_0)
FN:64,(anonymous_1)
FN:111,(anonymous_2)
FNF:3
FNH:3
FNDA:2,(anonymous_0)
FNDA:2,(anonymous_1)
FNDA:1,(anonymous_2)
DA:1,1
DA:2,1
DA:3,1
DA:4,1
DA:5,1
DA:6,1
DA:8,1
DA:18,1
DA:24,1
DA:33,1
DA:40,1
DA:41,2
DA:42,2
DA:43,2
DA:44,2
DA:45,2
DA:46,2
DA:47,1
DA:49,1
DA:56,1
DA:57,1
DA:59,0
DA:64,1
DA:65,2
DA:66,2
DA:67,2
DA:68,2
DA:69,2
DA:70,2
DA:71,2
DA:82,2
DA:85,2
DA:86,2
DA:90,2
DA:91,1
DA:92,1
DA:93,1
DA:94,1
DA:95,1
DA:96,1
DA:104,2
DA:106,0
DA:111,1
DA:112,1
DA:113,1
DA:114,1
DA:115,1
DA:116,1
DA:117,1
DA:119,0
DA:123,1
LF:51
LH:48
BRDA:46,0,0,1
BRDA:46,0,1,1
BRDA:70,1,0,1
BRDA:70,1,1,1
BRDA:76,2,0,2
BRDA:76,2,1,0
BRDA:85,3,0,2
BRDA:85,3,1,2
BRDA:90,4,0,1
BRDA:90,4,1,1
BRDA:90,5,0,2
BRDA:90,5,1,2
BRDA:92,6,0,1
BRDA:92,6,1,0
BRDA:93,7,0,1
BRDA:93,7,1,1
BRDA:93,7,2,0
BRDA:95,8,0,1
BRDA:95,8,1,0
BRDA:117,9,0,1
BRDA:117,9,1,0
BRF:21
BRH:16
end_of_record
TN:
SF:server\src\routes\seedRoutes.js
FN:11,hybridSearchHandler
FN:22,(anonymous_1)
FN:24,(anonymous_2)
FN:39,(anonymous_3)
FN:51,(anonymous_4)
FN:62,(anonymous_5)
FN:79,(anonymous_6)
FN:107,(anonymous_7)
FN:117,normalizeRegionKey
FNF:9
FNH:9
FNDA:2,hybridSearchHandler
FNDA:1,(anonymous_1)
FNDA:2,(anonymous_2)
FNDA:1,(anonymous_3)
FNDA:1,(anonymous_4)
FNDA:1,(anonymous_5)
FNDA:2,(anonymous_6)
FNDA:3,(anonymous_7)
FNDA:2,normalizeRegionKey
DA:1,1
DA:2,1
DA:3,1
DA:4,1
DA:5,1
DA:6,1
DA:7,1
DA:8,1
DA:12,2
DA:13,2
DA:15,1
DA:16,1
DA:17,1
DA:18,1
DA:19,1
DA:20,1
DA:21,1
DA:22,1
DA:24,1
DA:25,2
DA:26,2
DA:27,2
DA:28,2
DA:31,1
DA:33,0
DA:34,0
DA:39,1
DA:40,1
DA:41,1
DA:42,1
DA:43,1
DA:44,1
DA:46,0
DA:51,1
DA:52,1
DA:53,1
DA:54,1
DA:55,1
DA:57,0
DA:62,1
DA:63,1
DA:64,1
DA:65,1
DA:69,1
DA:70,1
DA:71,1
DA:73,0
DA:79,1
DA:80,2
DA:81,2
DA:82,2
DA:83,1
DA:84,1
DA:93,1
DA:95,1
DA:100,1
DA:102,0
DA:107,1
DA:108,3
DA:109,3
DA:112,3
DA:113,1
DA:118,2
DA:120,2
DA:122,2
DA:124,2
DA:125,2
DA:126,1
DA:129,1
DA:142,1
DA:143,1
DA:144,1
DA:150,0
DA:153,1
DA:155,0
DA:160,1
LF:76
LH:68
BRDA:13,0,0,1
BRDA:13,0,1,1
BRDA:13,1,0,2
BRDA:13,1,1,2
BRDA:16,2,0,1
BRDA:16,2,1,0
BRDA:17,3,0,1
BRDA:17,3,1,0
BRDA:19,4,0,1
BRDA:19,4,1,0
BRDA:26,5,0,2
BRDA:26,5,1,0
BRDA:26,5,2,0
BRDA:82,6,0,1
BRDA:82,6,1,1
BRDA:82,7,0,2
BRDA:82,7,1,1
BRDA:93,8,0,1
BRDA:93,8,1,0
BRDA:109,9,0,3
BRDA:109,9,1,0
BRDA:112,10,0,1
BRDA:112,10,1,2
BRDA:112,11,0,3
BRDA:112,11,1,3
BRDA:112,11,2,2
BRDA:112,11,3,2
BRDA:125,12,0,1
BRDA:125,12,1,1
BRDA:135,13,0,1
BRDA:135,13,1,0
BRDA:136,14,0,1
BRDA:136,14,1,0
BRF:33
BRH:24
end_of_record
TN:
SF:server\src\routes\supportRoutes.js
FN:19,getConsentSnapshot
FN:44,(anonymous_1)
FNF:2
FNH:2
FNDA:2,getConsentSnapshot
FNDA:3,(anonymous_1)
DA:1,1
DA:2,1
DA:3,1
DA:5,1
DA:13,1
DA:20,2
DA:21,2
DA:22,2
DA:32,2
DA:44,1
DA:45,3
DA:46,3
DA:48,3
DA:49,3
DA:50,1
DA:53,2
DA:54,2
DA:56,2
DA:58,2
DA:77,2
DA:79,0
DA:83,1
LF:22
LH:21
BRDA:34,0,0,1
BRDA:34,0,1,1
BRDA:35,1,0,1
BRDA:35,1,1,1
BRDA:36,2,0,1
BRDA:36,2,1,1
BRDA:36,3,0,1
BRDA:36,3,1,0
BRDA:37,4,0,0
BRDA:37,4,1,2
BRDA:38,5,0,0
BRDA:38,5,1,2
BRDA:39,6,0,0
BRDA:39,6,1,2
BRDA:39,7,0,0
BRDA:39,7,1,0
BRDA:46,8,0,3
BRDA:46,8,1,0
BRDA:49,9,0,1
BRDA:49,9,1,2
BRDA:49,10,0,3
BRDA:49,10,1,2
BRDA:54,11,0,1
BRDA:54,11,1,1
BRDA:61,12,0,2
BRDA:61,12,1,1
BRDA:63,13,0,2
BRDA:63,13,1,1
BRDA:64,14,0,2
BRDA:64,14,1,1
BRDA:65,15,0,2
BRDA:65,15,1,1
BRF:32
BRH:25
end_of_record
TN:
SF:server\src\routes\userRoutes.js
FN:19,(anonymous_0)
FN:55,(anonymous_1)
FN:106,(anonymous_2)
FN:143,(anonymous_3)
FN:144,(anonymous_4)
FN:145,(anonymous_5)
FN:202,(anonymous_6)
FN:211,(anonymous_7)
FN:219,(anonymous_8)
FN:232,(anonymous_9)
FN:236,(anonymous_10)
FN:243,(anonymous_11)
FN:248,(anonymous_12)
FN:253,(anonymous_13)
FN:261,(anonymous_14)
FN:276,(anonymous_15)
FN:280,(anonymous_16)
FN:288,(anonymous_17)
FN:300,(anonymous_18)
FN:305,(anonymous_19)
FN:308,(anonymous_20)
FN:316,(anonymous_21)
FN:332,(anonymous_22)
FN:348,(anonymous_23)
FN:364,(anonymous_24)
FN:376,(anonymous_25)
FN:402,(anonymous_26)
FN:438,(anonymous_27)
FN:462,(anonymous_28)
FN:491,(anonymous_29)
FN:502,(anonymous_30)
FN:513,(anonymous_31)
FN:530,(anonymous_32)
FN:537,(anonymous_33)
FN:547,(anonymous_34)
FN:559,(anonymous_35)
FN:575,(anonymous_36)
FNF:37
FNH:30
FNDA:1,(anonymous_0)
FNDA:1,(anonymous_1)
FNDA:1,(anonymous_2)
FNDA:1,(anonymous_3)
FNDA:1,(anonymous_4)
FNDA:1,(anonymous_5)
FNDA:2,(anonymous_6)
FNDA:1,(anonymous_7)
FNDA:1,(anonymous_8)
FNDA:1,(anonymous_9)
FNDA:1,(anonymous_10)
FNDA:2,(anonymous_11)
FNDA:1,(anonymous_12)
FNDA:1,(anonymous_13)
FNDA:2,(anonymous_14)
FNDA:1,(anonymous_15)
FNDA:1,(anonymous_16)
FNDA:0,(anonymous_17)
FNDA:0,(anonymous_18)
FNDA:0,(anonymous_19)
FNDA:0,(anonymous_20)
FNDA:1,(anonymous_21)
FNDA:1,(anonymous_22)
FNDA:1,(anonymous_23)
FNDA:1,(anonymous_24)
FNDA:0,(anonymous_25)
FNDA:0,(anonymous_26)
FNDA:1,(anonymous_27)
FNDA:1,(anonymous_28)
FNDA:1,(anonymous_29)
FNDA:0,(anonymous_30)
FNDA:1,(anonymous_31)
FNDA:2,(anonymous_32)
FNDA:1,(anonymous_33)
FNDA:1,(anonymous_34)
FNDA:1,(anonymous_35)
FNDA:1,(anonymous_36)
DA:1,1
DA:2,1
DA:3,1
DA:4,1
DA:5,1
DA:6,1
DA:7,1
DA:9,1
DA:19,1
DA:20,1
DA:21,1
DA:22,1
DA:23,1
DA:24,0
DA:26,1
DA:27,0
DA:29,1
DA:30,0
DA:33,1
DA:34,1
DA:36,1
DA:48,1
DA:50,0
DA:55,1
DA:56,1
DA:57,1
DA:58,1
DA:60,1
DA:61,1
DA:63,1
DA:64,1
DA:68,1
DA:74,1
DA:79,1
DA:83,1
DA:101,0
DA:106,1
DA:107,1
DA:108,1
DA:109,1
DA:111,1
DA:113,1
DA:114,1
DA:115,1
DA:116,1
DA:120,1
DA:127,1
DA:134,1
DA:142,1
DA:143,1
DA:144,1
DA:145,1
DA:146,1
DA:149,1
DA:150,1
DA:151,1
DA:157,1
DA:158,1
DA:164,1
DA:172,1
DA:173,1
DA:188,1
DA:189,1
DA:190,1
DA:195,1
DA:197,0
DA:202,1
DA:203,2
DA:204,2
DA:205,2
DA:206,2
DA:207,2
DA:208,2
DA:209,1
DA:211,1
DA:212,1
DA:216,1
DA:218,1
DA:219,1
DA:220,1
DA:224,1
DA:227,0
DA:232,1
DA:233,1
DA:234,1
DA:235,1
DA:236,1
DA:238,0
DA:243,1
DA:244,2
DA:245,2
DA:246,1
DA:247,1
DA:248,1
DA:249,1
DA:251,1
DA:252,1
DA:253,1
DA:254,1
DA:256,0
DA:261,1
DA:262,2
DA:263,2
DA:264,2
DA:265,1
DA:267,1
DA:268,1
DA:269,1
DA:271,0
DA:276,1
DA:277,1
DA:278,1
DA:279,1
DA:280,1
DA:281,1
DA:283,0
DA:288,1
DA:289,0
DA:290,0
DA:291,0
DA:292,0
DA:293,0
DA:295,0
DA:300,1
DA:301,0
DA:302,0
DA:303,0
DA:304,0
DA:305,0
DA:306,0
DA:307,0
DA:308,0
DA:309,0
DA:311,0
DA:316,1
DA:317,1
DA:318,1
DA:319,1
DA:320,1
DA:324,1
DA:325,1
DA:327,0
DA:332,1
DA:333,1
DA:334,1
DA:335,1
DA:336,1
DA:340,1
DA:341,1
DA:343,0
DA:348,1
DA:349,1
DA:350,1
DA:351,1
DA:352,1
DA:356,1
DA:357,1
DA:359,0
DA:364,1
DA:365,1
DA:366,1
DA:367,1
DA:368,1
DA:369,1
DA:371,0
DA:376,1
DA:377,0
DA:378,0
DA:379,0
DA:381,0
DA:382,0
DA:383,0
DA:386,0
DA:389,0
DA:391,0
DA:392,0
DA:393,0
DA:394,0
DA:396,0
DA:397,0
DA:398,0
DA:399,0
DA:400,0
DA:401,0
DA:402,0
DA:408,0
DA:409,0
DA:410,0
DA:416,0
DA:417,0
DA:422,0
DA:425,0
DA:426,0
DA:431,0
DA:433,0
DA:438,1
DA:439,1
DA:440,1
DA:441,1
DA:442,1
DA:443,1
DA:444,1
DA:445,1
DA:457,0
DA:462,1
DA:463,1
DA:464,1
DA:465,1
DA:466,1
DA:467,1
DA:470,1
DA:473,1
DA:474,1
DA:476,1
DA:486,0
DA:491,1
DA:492,1
DA:493,1
DA:494,1
DA:495,1
DA:497,0
DA:502,1
DA:503,0
DA:504,0
DA:505,0
DA:506,0
DA:508,0
DA:513,1
DA:514,1
DA:515,1
DA:516,1
DA:517,1
DA:518,1
DA:523,1
DA:525,0
DA:530,1
DA:531,2
DA:532,2
DA:533,2
DA:534,2
DA:535,2
DA:536,2
DA:537,1
DA:539,2
DA:540,2
DA:542,0
DA:547,1
DA:548,1
DA:549,1
DA:550,1
DA:552,1
DA:554,1
DA:555,1
DA:559,1
DA:561,1
DA:565,1
DA:566,1
DA:569,1
DA:575,1
DA:576,1
DA:577,1
DA:578,1
DA:591,1
DA:593,0
DA:597,1
LF:265
LH:194
BRDA:21,0,0,1
BRDA:21,0,1,0
BRDA:23,1,0,0
BRDA:23,1,1,1
BRDA:23,2,0,1
BRDA:23,2,1,1
BRDA:26,3,0,0
BRDA:26,3,1,1
BRDA:29,4,0,0
BRDA:29,4,1,1
BRDA:33,5,0,1
BRDA:33,5,1,0
BRDA:33,6,0,1
BRDA:33,6,1,1
BRDA:34,7,0,0
BRDA:34,7,1,1
BRDA:42,8,0,1
BRDA:42,8,1,0
BRDA:43,9,0,1
BRDA:43,9,1,1
BRDA:44,10,0,1
BRDA:44,10,1,0
BRDA:45,11,0,1
BRDA:45,11,1,0
BRDA:57,12,0,1
BRDA:57,12,1,0
BRDA:58,13,0,1
BRDA:58,13,1,0
BRDA:60,14,0,1
BRDA:60,14,1,0
BRDA:60,15,0,1
BRDA:60,15,1,1
BRDA:61,16,0,0
BRDA:61,16,1,1
BRDA:74,17,0,1
BRDA:74,17,1,1
BRDA:74,17,2,1
BRDA:79,18,0,1
BRDA:79,18,1,1
BRDA:79,18,2,0
BRDA:88,19,0,1
BRDA:88,19,1,0
BRDA:89,20,0,1
BRDA:89,20,1,0
BRDA:94,21,0,1
BRDA:94,21,1,0
BRDA:95,22,0,1
BRDA:95,22,1,0
BRDA:108,23,0,1
BRDA:108,23,1,0
BRDA:108,24,0,1
BRDA:108,24,1,1
BRDA:109,25,0,0
BRDA:109,25,1,1
BRDA:146,26,0,1
BRDA:146,26,1,0
BRDA:146,27,0,1
BRDA:146,27,1,1
BRDA:146,28,0,0
BRDA:146,28,1,0
BRDA:157,29,0,1
BRDA:157,29,1,0
BRDA:172,30,0,1
BRDA:172,30,1,0
BRDA:208,31,0,1
BRDA:208,31,1,1
BRDA:245,32,0,1
BRDA:245,32,1,1
BRDA:264,33,0,1
BRDA:264,33,1,1
BRDA:264,34,0,2
BRDA:264,34,1,1
BRDA:264,34,2,1
BRDA:264,34,3,1
BRDA:268,35,0,1
BRDA:268,35,1,0
BRDA:280,36,0,1
BRDA:280,36,1,0
BRDA:280,37,0,1
BRDA:280,37,1,0
BRDA:290,38,0,0
BRDA:290,38,1,0
BRDA:304,39,0,0
BRDA:304,39,1,0
BRDA:324,40,0,0
BRDA:324,40,1,1
BRDA:340,41,0,0
BRDA:340,41,1,1
BRDA:356,42,0,0
BRDA:356,42,1,1
BRDA:368,43,0,0
BRDA:368,43,1,1
BRDA:379,44,0,0
BRDA:379,44,1,0
BRDA:382,45,0,0
BRDA:382,45,1,0
BRDA:382,46,0,0
BRDA:382,46,1,0
BRDA:382,46,2,0
BRDA:382,46,3,0
BRDA:396,47,0,0
BRDA:396,47,1,0
BRDA:399,48,0,0
BRDA:399,48,1,0
BRDA:399,48,2,0
BRDA:408,49,0,0
BRDA:408,49,1,0
BRDA:416,50,0,0
BRDA:416,50,1,0
BRDA:417,51,0,0
BRDA:417,51,1,0
BRDA:440,52,0,1
BRDA:440,52,1,0
BRDA:440,53,0,1
BRDA:440,53,1,1
BRDA:441,54,0,0
BRDA:441,54,1,1
BRDA:444,55,0,0
BRDA:444,55,1,1
BRDA:449,56,0,1
BRDA:449,56,1,0
BRDA:450,57,0,1
BRDA:450,57,1,0
BRDA:451,58,0,1
BRDA:451,58,1,0
BRDA:452,59,0,1
BRDA:452,59,1,0
BRDA:453,60,0,1
BRDA:453,60,1,1
BRDA:463,61,0,1
BRDA:463,61,1,0
BRDA:463,62,0,1
BRDA:463,62,1,1
BRDA:464,63,0,0
BRDA:464,63,1,1
BRDA:467,64,0,0
BRDA:467,64,1,1
BRDA:470,65,0,1
BRDA:470,65,1,0
BRDA:471,66,0,1
BRDA:471,66,1,0
BRDA:472,67,0,0
BRDA:472,67,1,0
BRDA:481,68,0,1
BRDA:481,68,1,1
BRDA:482,69,0,1
BRDA:482,69,1,0
BRDA:494,70,0,1
BRDA:494,70,1,0
BRDA:494,71,0,1
BRDA:494,71,1,0
BRDA:505,72,0,0
BRDA:505,72,1,0
BRDA:505,72,2,0
BRDA:505,73,0,0
BRDA:505,73,1,0
BRDA:515,74,0,1
BRDA:515,74,1,0
BRDA:515,75,0,1
BRDA:515,75,1,1
BRDA:516,76,0,0
BRDA:516,76,1,1
BRDA:532,77,0,2
BRDA:532,77,1,0
BRDA:532,78,0,2
BRDA:532,78,1,2
BRDA:533,79,0,0
BRDA:533,79,1,2
BRDA:534,80,0,2
BRDA:534,80,1,0
BRDA:536,81,0,1
BRDA:536,81,1,1
BRDA:536,82,0,2
BRDA:536,82,1,1
BRDA:536,82,2,1
BRDA:549,83,0,1
BRDA:549,83,1,0
BRDA:549,84,0,1
BRDA:549,84,1,1
BRDA:550,85,0,0
BRDA:550,85,1,1
BRDA:552,86,0,1
BRDA:552,86,1,0
BRDA:552,87,0,1
BRDA:552,87,1,0
BRDA:565,88,0,1
BRDA:565,88,1,0
BRDA:576,89,0,1
BRDA:576,89,1,0
BRDA:576,89,2,0
BRDA:577,90,0,1
BRDA:577,90,1,0
BRDA:577,91,0,1
BRDA:577,91,1,1
BRDA:582,92,0,1
BRDA:582,92,1,0
BRDA:582,92,2,0
BRDA:582,92,3,0
BRDA:583,93,0,1
BRDA:583,93,1,0
BRDA:583,94,0,0
BRDA:583,94,1,0
BRDA:584,95,0,1
BRDA:584,95,1,0
BRDA:586,96,0,1
BRDA:586,96,1,1
BRF:206
BRH:109
end_of_record
TN:
SF:server\src\services\adCampaignDisplayHelpers.js
FN:5,calendarYmdFromValue
FN:23,addCalendarMonthsYmd
FN:42,regionKeyToLabelMap
FN:43,(anonymous_3)
FNF:4
FNH:4
FNDA:4,calendarYmdFromValue
FNDA:3,addCalendarMonthsYmd
FNDA:2,regionKeyToLabelMap
FNDA:3,(anonymous_3)
DA:6,4
DA:7,3
DA:8,2
DA:9,2
DA:11,1
DA:12,1
DA:13,1
DA:14,1
DA:24,3
DA:25,3
DA:26,2
DA:27,2
DA:28,2
DA:29,2
DA:30,2
DA:31,2
DA:32,2
DA:33,2
DA:34,2
DA:43,3
DA:44,2
DA:45,1
DA:46,1
DA:47,1
DA:48,3
DA:49,3
DA:50,2
DA:51,2
DA:52,2
DA:54,1
DA:57,1
LF:31
LH:31
BRDA:6,0,0,1
BRDA:6,0,1,3
BRDA:6,1,0,4
BRDA:6,1,1,3
BRDA:7,2,0,1
BRDA:7,2,1,2
BRDA:7,3,0,3
BRDA:7,3,1,2
BRDA:8,4,0,1
BRDA:8,4,1,1
BRDA:9,5,0,1
BRDA:9,5,1,1
BRDA:24,6,0,3
BRDA:24,6,1,0
BRDA:25,7,0,1
BRDA:25,7,1,2
BRDA:43,8,0,2
BRDA:43,8,1,0
BRDA:44,9,0,1
BRDA:44,9,1,1
BRDA:49,10,0,1
BRDA:49,10,1,2
BRDA:50,11,0,2
BRDA:50,11,1,1
BRDA:50,11,2,1
BRDA:51,12,0,2
BRDA:51,12,1,2
BRDA:51,12,2,0
BRDA:52,13,0,1
BRDA:52,13,1,1
BRDA:52,14,0,1
BRDA:52,14,1,0
BRF:32
BRH:28
end_of_record
TN:
SF:server\src\services\adCampaignEmailTriggers.js
FN:9,toOid
FN:19,notifyPaymentCapturedIfNeeded
FN:48,notifyCampaignNowLiveIfNeeded
FN:69,notifyCampaignLifecycleAfterActivation
FNF:4
FNH:4
FNDA:5,toOid
FNDA:4,notifyPaymentCapturedIfNeeded
FNDA:3,notifyCampaignNowLiveIfNeeded
FNDA:1,notifyCampaignLifecycleAfterActivation
DA:1,1
DA:2,1
DA:3,1
DA:10,5
DA:11,1
DA:12,0
DA:20,4
DA:21,4
DA:22,4
DA:23,4
DA:25,2
DA:30,2
DA:32,1
DA:38,1
DA:49,3
DA:50,3
DA:51,3
DA:53,1
DA:59,1
DA:70,1
DA:71,1
DA:72,1
DA:73,1
DA:74,1
DA:76,1
DA:77,0
DA:78,0
DA:81,1
DA:82,1
DA:86,1
DA:93,1
LF:31
LH:28
BRDA:10,0,0,4
BRDA:10,0,1,1
BRDA:11,1,0,1
BRDA:11,1,1,0
BRDA:11,2,0,1
BRDA:11,2,1,1
BRDA:23,3,0,2
BRDA:23,3,1,2
BRDA:23,4,0,4
BRDA:23,4,1,3
BRDA:30,5,0,1
BRDA:30,5,1,1
BRDA:51,6,0,2
BRDA:51,6,1,1
BRDA:51,7,0,3
BRDA:51,7,1,3
BRDA:51,7,2,2
BRDA:74,8,0,0
BRDA:74,8,1,1
BRDA:74,9,0,1
BRDA:74,9,1,1
BRDA:76,10,0,0
BRDA:76,10,1,1
BRDA:81,11,0,1
BRDA:81,11,1,0
BRDA:81,12,0,1
BRDA:81,12,1,1
BRF:27
BRH:23
end_of_record
TN:
SF:server\src\services\adServingService.js
FN:9,getAd
FN:23,(anonymous_1)
FN:56,getAllAds
FN:70,(anonymous_3)
FN:80,(anonymous_4)
FN:82,(anonymous_5)
FN:84,(anonymous_6)
FN:86,(anonymous_7)
FN:88,(anonymous_8)
FN:99,getInlineAds
FN:108,(anonymous_10)
FN:119,(anonymous_11)
FN:121,(anonymous_12)
FN:123,(anonymous_13)
FN:125,(anonymous_14)
FN:127,(anonymous_15)
FN:132,formatPaidAd
FN:157,houseAd
FNF:18
FNH:12
FNDA:3,getAd
FNDA:1,(anonymous_1)
FNDA:1,getAllAds
FNDA:1,(anonymous_3)
FNDA:1,(anonymous_4)
FNDA:1,(anonymous_5)
FNDA:1,(anonymous_6)
FNDA:1,(anonymous_7)
FNDA:1,(anonymous_8)
FNDA:2,getInlineAds
FNDA:0,(anonymous_10)
FNDA:0,(anonymous_11)
FNDA:0,(anonymous_12)
FNDA:0,(anonymous_13)
FNDA:0,(anonymous_14)
FNDA:0,(anonymous_15)
FNDA:2,formatPaidAd
FNDA:1,houseAd
DA:1,1
DA:2,1
DA:10,3
DA:11,3
DA:13,3
DA:14,3
DA:15,3
DA:17,3
DA:18,1
DA:22,2
DA:23,2
DA:25,2
DA:32,2
DA:33,1
DA:34,1
DA:35,1
DA:43,1
DA:44,1
DA:45,1
DA:46,1
DA:48,0
DA:57,1
DA:58,1
DA:60,1
DA:61,1
DA:62,1
DA:64,1
DA:65,0
DA:69,1
DA:70,1
DA:72,1
DA:79,1
DA:80,1
DA:81,1
DA:82,1
DA:84,1
DA:85,1
DA:86,1
DA:88,1
DA:89,1
DA:92,0
DA:93,0
DA:100,2
DA:101,2
DA:103,2
DA:104,2
DA:107,1
DA:108,1
DA:110,1
DA:117,1
DA:119,0
DA:120,0
DA:121,0
DA:123,0
DA:124,0
DA:125,0
DA:127,0
DA:133,2
DA:158,1
DA:171,1
LF:60
LH:49
BRDA:14,0,0,2
BRDA:14,0,1,1
BRDA:15,1,0,3
BRDA:15,1,1,0
BRDA:17,2,0,1
BRDA:17,2,1,2
BRDA:25,3,0,1
BRDA:25,3,1,1
BRDA:32,4,0,1
BRDA:32,4,1,1
BRDA:43,5,0,0
BRDA:43,5,1,1
BRDA:45,6,0,1
BRDA:45,6,1,0
BRDA:45,7,0,1
BRDA:45,7,1,1
BRDA:61,8,0,0
BRDA:61,8,1,1
BRDA:62,9,0,1
BRDA:62,9,1,0
BRDA:64,10,0,0
BRDA:64,10,1,1
BRDA:72,11,0,1
BRDA:72,11,1,0
BRDA:79,12,0,1
BRDA:79,12,1,0
BRDA:92,13,0,0
BRDA:92,13,1,0
BRDA:104,14,0,1
BRDA:104,14,1,1
BRDA:110,15,0,0
BRDA:110,15,1,1
BRDA:117,16,0,1
BRDA:117,16,1,0
BRDA:136,17,0,2
BRDA:136,17,1,0
BRDA:137,18,0,2
BRDA:137,18,1,0
BRDA:138,19,0,2
BRDA:138,19,1,0
BRDA:139,20,0,2
BRDA:139,20,1,0
BRDA:140,21,0,2
BRDA:140,21,1,0
BRDA:141,22,0,2
BRDA:141,22,1,0
BRDA:142,23,0,2
BRDA:142,23,1,0
BRDA:144,24,0,2
BRDA:144,24,1,1
BRDA:145,25,0,2
BRDA:145,25,1,1
BRDA:146,26,0,2
BRDA:146,26,1,0
BRDA:146,27,0,2
BRDA:146,27,1,1
BRDA:147,28,0,2
BRDA:147,28,1,1
BRDA:147,29,0,1
BRDA:147,29,1,0
BRDA:147,30,0,1
BRDA:147,30,1,1
BRDA:148,31,0,2
BRDA:148,31,1,0
BRDA:148,32,0,2
BRDA:148,32,1,1
BRDA:149,33,0,2
BRDA:149,33,1,2
BRDA:150,34,0,2
BRDA:150,34,1,0
BRDA:150,35,0,2
BRDA:150,35,1,1
BRDA:151,36,0,2
BRDA:151,36,1,0
BRDA:151,37,0,2
BRDA:151,37,1,1
BRDA:152,38,0,2
BRDA:152,38,1,0
BRDA:152,39,0,2
BRDA:152,39,1,1
BRDA:153,40,0,2
BRDA:153,40,1,0
BRDA:153,41,0,2
BRDA:153,41,1,1
BRF:84
BRH:58
end_of_record
TN:
SF:server\src\services\adTrackingService.js
FN:9,recordEvent
FN:47,getCampaignAnalytics
FN:71,(anonymous_2)
FN:72,(anonymous_3)
FN:104,(anonymous_4)
FNF:5
FNH:5
FNDA:2,recordEvent
FNDA:1,getCampaignAnalytics
FNDA:1,(anonymous_2)
FNDA:2,(anonymous_3)
FNDA:2,(anonymous_4)
DA:1,1
DA:10,2
DA:11,2
DA:17,2
DA:18,1
DA:19,1
DA:25,1
DA:28,1
DA:31,1
DA:32,1
DA:33,1
DA:48,1
DA:50,1
DA:53,1
DA:54,1
DA:55,1
DA:56,1
DA:60,1
DA:70,1
DA:71,1
DA:72,2
DA:73,1
DA:76,1
DA:90,1
DA:93,1
DA:94,1
DA:95,3
DA:96,3
DA:97,2
DA:99,3
DA:100,3
DA:101,3
DA:104,2
DA:109,1
DA:112,1
LF:35
LH:35
BRDA:17,0,0,1
BRDA:17,0,1,1
BRDA:17,1,0,2
BRDA:17,1,1,1
BRDA:25,2,0,1
BRDA:25,2,1,0
BRDA:31,3,0,1
BRDA:31,3,1,0
BRDA:32,4,0,0
BRDA:32,4,1,1
BRDA:53,5,0,1
BRDA:53,5,1,0
BRDA:53,6,0,1
BRDA:53,6,1,0
BRDA:55,7,0,1
BRDA:55,7,1,0
BRDA:56,8,0,1
BRDA:56,8,1,0
BRDA:71,9,0,1
BRDA:71,9,1,0
BRDA:72,10,0,1
BRDA:72,10,1,0
BRDA:73,11,0,1
BRDA:73,11,1,0
BRDA:96,12,0,2
BRDA:96,12,1,1
BRDA:100,13,0,2
BRDA:100,13,1,1
BRDA:101,14,0,1
BRDA:101,14,1,2
BRDA:106,15,0,2
BRDA:106,15,1,0
BRF:32
BRH:21
end_of_record
TN:
SF:server\src\services\adminDailyTrendsService.js
FN:8,buildDateRange
FN:23,dailyCounts
FN:50,getDailyTrends
FN:63,(anonymous_3)
FN:78,getTopContributorsByPeriod
FN:117,getCityGrowthSummary
FNF:6
FNH:6
FNDA:1,buildDateRange
FNDA:6,dailyCounts
FNDA:2,getDailyTrends
FNDA:3,(anonymous_3)
FNDA:1,getTopContributorsByPeriod
FNDA:1,getCityGrowthSummary
DA:3,1
DA:9,1
DA:10,1
DA:11,1
DA:12,1
DA:13,3
DA:14,3
DA:16,1
DA:24,6
DA:25,6
DA:26,6
DA:36,6
DA:37,6
DA:38,6
DA:39,6
DA:51,2
DA:53,1
DA:54,1
DA:63,3
DA:79,1
DA:80,1
DA:81,1
DA:83,1
DA:109,1
DA:118,1
DA:119,1
DA:153,1
DA:156,1
LF:28
LH:28
BRDA:23,0,0,3
BRDA:51,1,0,1
BRDA:51,1,1,1
BRDA:65,2,0,3
BRDA:65,2,1,2
BRDA:66,3,0,3
BRDA:66,3,1,2
BRDA:67,4,0,3
BRDA:67,4,1,2
BRDA:68,5,0,3
BRDA:68,5,1,2
BRDA:69,6,0,3
BRDA:69,6,1,2
BRDA:70,7,0,3
BRDA:70,7,1,2
BRDA:78,8,0,0
BRF:16
BRH:15
end_of_record
TN:
SF:server\src\services\adminNotificationService.js
FN:10,notify
FNF:1
FNH:1
FNDA:2,notify
DA:2,1
DA:11,2
DA:12,2
DA:13,2
DA:21,1
DA:23,1
DA:27,1
LF:7
LH:7
BRDA:10,0,0,1
BRF:1
BRH:1
end_of_record
TN:
SF:server\src\services\advertiserEmailService.js
FN:14,notifyAdvertiser
FN:40,buildEmail
FN:45,(anonymous_2)
FNF:3
FNH:3
FNDA:5,notifyAdvertiser
FNDA:8,buildEmail
FNDA:8,(anonymous_2)
DA:1,1
DA:2,1
DA:4,1
DA:5,1
DA:15,5
DA:16,5
DA:17,5
DA:18,5
DA:20,3
DA:21,3
DA:23,2
DA:24,2
DA:26,1
DA:29,0
DA:41,8
DA:44,8
DA:45,8
DA:46,8
DA:47,1
DA:48,1
DA:54,7
DA:55,0
DA:61,7
DA:64,8
DA:107,8
DA:110,1
LF:26
LH:24
BRDA:14,0,0,1
BRDA:18,1,0,2
BRDA:18,1,1,3
BRDA:18,2,0,5
BRDA:18,2,1,4
BRDA:21,3,0,1
BRDA:21,3,1,2
BRDA:41,4,0,8
BRDA:41,4,1,1
BRDA:44,5,0,1
BRDA:44,5,1,7
BRDA:46,6,0,1
BRDA:46,6,1,7
BRDA:46,7,0,8
BRDA:46,7,1,1
BRDA:54,8,0,0
BRDA:54,8,1,7
BRDA:67,9,0,1
BRDA:67,9,1,7
BRDA:67,10,0,1
BRDA:67,10,1,7
BRDA:75,11,0,8
BRDA:75,11,1,7
BRDA:79,12,0,1
BRDA:79,12,1,7
BRDA:87,13,0,1
BRDA:87,13,1,7
BRDA:91,14,0,0
BRDA:91,14,1,8
BRDA:99,15,0,1
BRDA:99,15,1,7
BRDA:103,16,0,0
BRDA:103,16,1,8
BRDA:107,17,0,8
BRDA:107,17,1,2
BRF:35
BRH:32
end_of_record
TN:
SF:server\src\services\badgeService.js
FN:30,computeBadges
FN:34,(anonymous_1)
FN:46,(anonymous_2)
FNF:3
FNH:3
FNDA:13,computeBadges
FNDA:195,(anonymous_1)
FNDA:4,(anonymous_2)
DA:12,1
DA:18,1
DA:31,13
DA:34,195
DA:35,13
DA:36,4
DA:40,13
DA:41,4
DA:45,13
DA:46,4
DA:47,13
DA:48,5
DA:52,13
DA:53,4
DA:56,13
DA:59,1
LF:16
LH:16
BRDA:34,0,0,195
BRDA:34,0,1,195
BRDA:34,0,2,20
BRDA:35,1,0,4
BRDA:35,1,1,9
BRDA:35,2,0,13
BRDA:35,2,1,4
BRDA:35,3,0,4
BRDA:35,3,1,0
BRDA:40,4,0,4
BRDA:40,4,1,9
BRDA:40,5,0,13
BRDA:40,5,1,8
BRDA:45,6,0,13
BRDA:45,6,1,8
BRDA:46,7,0,8
BRDA:46,7,1,7
BRDA:46,8,0,4
BRDA:46,8,1,4
BRDA:47,9,0,5
BRDA:47,9,1,8
BRDA:52,10,0,4
BRDA:52,10,1,9
BRDA:52,11,0,13
BRDA:52,11,1,5
BRDA:52,12,0,13
BRDA:52,12,1,7
BRDA:52,13,0,5
BRDA:52,13,1,0
BRF:29
BRH:27
end_of_record
TN:
SF:server\src\services\campaignEditService.js
FN:5,hasHtml
FN:16,updateCreative
FN:82,updateEventFields
FNF:3
FNH:3
FNDA:6,hasHtml
FNDA:9,updateCreative
FNDA:4,updateEventFields
DA:1,1
DA:2,1
DA:4,1
DA:5,6
DA:7,1
DA:17,9
DA:18,9
DA:19,9
DA:20,9
DA:21,8
DA:22,1
DA:25,7
DA:27,7
DA:28,4
DA:29,3
DA:31,5
DA:32,1
DA:33,0
DA:35,4
DA:36,2
DA:37,1
DA:39,3
DA:40,1
DA:44,2
DA:45,2
DA:47,2
DA:48,2
DA:50,2
DA:51,2
DA:52,2
DA:53,2
DA:54,2
DA:55,2
DA:58,1
DA:59,1
DA:65,1
DA:66,1
DA:67,1
DA:68,1
DA:69,1
DA:70,1
DA:72,1
DA:73,1
DA:83,4
DA:84,4
DA:85,4
DA:86,4
DA:87,4
DA:88,3
DA:89,0
DA:92,3
DA:94,3
DA:95,3
DA:96,3
DA:97,2
DA:98,2
DA:99,2
DA:102,1
DA:103,0
DA:105,1
DA:106,0
DA:109,1
DA:110,1
DA:111,1
DA:113,1
DA:114,1
DA:115,1
DA:116,1
DA:118,1
DA:119,1
DA:121,1
DA:122,1
DA:123,1
DA:126,1
DA:129,1
LF:75
LH:71
BRDA:18,0,0,9
BRDA:18,0,1,0
BRDA:20,1,0,1
BRDA:20,1,1,8
BRDA:21,2,0,1
BRDA:21,2,1,7
BRDA:27,3,0,4
BRDA:27,3,1,3
BRDA:28,4,0,1
BRDA:28,4,1,3
BRDA:28,5,0,4
BRDA:28,5,1,3
BRDA:29,6,0,1
BRDA:29,6,1,2
BRDA:31,7,0,1
BRDA:31,7,1,4
BRDA:32,8,0,1
BRDA:32,8,1,0
BRDA:32,9,0,1
BRDA:32,9,1,0
BRDA:33,10,0,0
BRDA:33,10,1,0
BRDA:35,11,0,2
BRDA:35,11,1,2
BRDA:36,12,0,1
BRDA:36,12,1,1
BRDA:36,13,0,2
BRDA:36,13,1,1
BRDA:37,14,0,0
BRDA:37,14,1,1
BRDA:39,15,0,1
BRDA:39,15,1,2
BRDA:40,16,0,1
BRDA:40,16,1,0
BRDA:45,17,0,0
BRDA:45,17,1,2
BRDA:47,18,0,2
BRDA:47,18,1,0
BRDA:48,19,0,0
BRDA:48,19,1,2
BRDA:50,20,0,2
BRDA:50,20,1,2
BRDA:51,21,0,2
BRDA:51,21,1,0
BRDA:52,22,0,2
BRDA:52,22,1,0
BRDA:52,23,0,2
BRDA:52,23,1,0
BRDA:58,24,0,1
BRDA:58,24,1,0
BRDA:59,25,0,1
BRDA:59,25,1,0
BRDA:66,26,0,1
BRDA:66,26,1,0
BRDA:67,27,0,0
BRDA:67,27,1,1
BRDA:68,28,0,1
BRDA:68,28,1,0
BRDA:69,29,0,0
BRDA:69,29,1,1
BRDA:70,30,0,1
BRDA:70,30,1,0
BRDA:84,31,0,4
BRDA:84,31,1,0
BRDA:86,32,0,0
BRDA:86,32,1,4
BRDA:87,33,0,1
BRDA:87,33,1,3
BRDA:88,34,0,0
BRDA:88,34,1,3
BRDA:94,35,0,3
BRDA:94,35,1,0
BRDA:96,36,0,1
BRDA:96,36,1,2
BRDA:98,37,0,0
BRDA:98,37,1,2
BRDA:99,38,0,1
BRDA:99,38,1,1
BRDA:102,39,0,0
BRDA:102,39,1,1
BRDA:102,40,0,1
BRDA:102,40,1,1
BRDA:102,40,2,1
BRDA:105,41,0,0
BRDA:105,41,1,1
BRDA:105,42,0,1
BRDA:105,42,1,1
BRDA:105,42,2,1
BRDA:113,43,0,1
BRDA:113,43,1,0
BRDA:118,44,0,1
BRDA:118,44,1,0
BRDA:119,45,0,1
BRDA:119,45,1,0
BRDA:122,46,0,1
BRDA:122,46,1,0
BRF:96
BRH:65
end_of_record
TN:
SF:server\src\services\cityPhaseService.js
FN:34,getCityPhase
FN:66,checkSlotAvailability
FN:100,decrementSlot
FN:129,incrementSlot
FN:160,evaluateAllCityTransitions
FN:242,setPhaseOverride
FNF:6
FNH:6
FNDA:2,getCityPhase
FNDA:2,checkSlotAvailability
FNDA:2,decrementSlot
FNDA:1,incrementSlot
FNDA:1,evaluateAllCityTransitions
FNDA:2,setPhaseOverride
DA:1,1
DA:12,1
DA:22,1
DA:27,1
DA:35,2
DA:36,2
DA:38,2
DA:39,1
DA:46,1
DA:48,1
DA:53,1
DA:57,1
DA:67,2
DA:68,2
DA:70,2
DA:71,0
DA:74,2
DA:75,2
DA:77,2
DA:79,2
DA:80,1
DA:82,1
DA:83,0
DA:86,1
DA:101,2
DA:102,2
DA:103,2
DA:105,2
DA:117,2
DA:118,1
DA:130,1
DA:131,1
DA:132,1
DA:133,1
DA:136,1
DA:161,1
DA:162,1
DA:163,1
DA:165,1
DA:169,1
DA:170,2
DA:175,2
DA:177,2
DA:178,1
DA:179,1
DA:182,1
DA:186,1
DA:188,1
DA:189,1
DA:191,1
DA:193,1
DA:194,1
DA:198,2
DA:199,2
DA:202,2
DA:207,2
DA:213,2
DA:228,2
DA:232,1
DA:243,2
DA:244,1
DA:247,1
DA:248,1
DA:250,1
DA:264,1
LF:65
LH:63
BRDA:38,0,0,1
BRDA:38,0,1,1
BRDA:46,1,0,1
BRDA:46,1,1,0
BRDA:49,2,0,1
BRDA:49,2,1,0
BRDA:50,3,0,1
BRDA:50,3,1,0
BRDA:53,4,0,0
BRDA:53,4,1,1
BRDA:55,5,0,1
BRDA:55,5,1,0
BRDA:70,6,0,0
BRDA:70,6,1,2
BRDA:74,7,0,2
BRDA:74,7,1,0
BRDA:75,8,0,2
BRDA:75,8,1,0
BRDA:79,9,0,1
BRDA:79,9,1,1
BRDA:82,10,0,0
BRDA:82,10,1,1
BRDA:82,11,0,1
BRDA:82,11,1,1
BRDA:82,11,2,0
BRDA:102,12,0,2
BRDA:102,12,1,1
BRDA:117,13,0,1
BRDA:117,13,1,1
BRDA:131,14,0,1
BRDA:131,14,1,0
BRDA:177,15,0,1
BRDA:177,15,1,1
BRDA:179,16,0,1
BRDA:179,16,1,0
BRDA:182,17,0,1
BRDA:182,17,1,0
BRDA:183,18,0,1
BRDA:183,18,1,1
BRDA:183,18,2,0
BRDA:188,19,0,1
BRDA:188,19,1,0
BRDA:189,20,0,1
BRDA:189,20,1,0
BRDA:191,21,0,1
BRDA:191,21,1,1
BRDA:193,22,0,1
BRDA:193,22,1,0
BRDA:193,23,0,1
BRDA:193,23,1,1
BRDA:198,24,0,2
BRDA:198,24,1,0
BRDA:243,25,0,1
BRDA:243,25,1,1
BRF:54
BRH:36
end_of_record
TN:
SF:server\src\services\dynamicOptionsService.js
FN:8,processAndAddNewOptions
FN:22,(anonymous_1)
FN:23,(anonymous_2)
FN:24,(anonymous_3)
FN:25,(anonymous_4)
FN:26,(anonymous_5)
FN:30,(anonymous_6)
FN:36,(anonymous_7)
FN:64,getApprovedOptions
FN:69,(anonymous_9)
FNF:10
FNH:10
FNDA:3,processAndAddNewOptions
FNDA:4,(anonymous_1)
FNDA:1,(anonymous_2)
FNDA:1,(anonymous_3)
FNDA:1,(anonymous_4)
FNDA:1,(anonymous_5)
FNDA:17,(anonymous_6)
FNDA:9,(anonymous_7)
FNDA:2,getApprovedOptions
FNDA:3,(anonymous_9)
DA:2,1
DA:9,3
DA:19,3
DA:21,3
DA:22,4
DA:23,1
DA:24,1
DA:25,1
DA:26,1
DA:30,17
DA:32,3
DA:34,2
DA:36,9
DA:51,2
DA:52,2
DA:55,1
DA:65,2
DA:66,2
DA:67,2
DA:69,1
DA:70,3
DA:71,2
DA:73,3
DA:74,3
DA:77,1
DA:78,1
DA:82,1
LF:27
LH:27
BRDA:11,0,0,0
BRDA:12,1,0,2
BRDA:13,2,0,2
BRDA:14,3,0,2
BRDA:15,4,0,2
BRDA:30,5,0,17
BRDA:30,5,1,10
BRDA:30,5,2,10
BRDA:32,6,0,1
BRDA:32,6,1,2
BRDA:51,7,0,2
BRDA:51,7,1,0
BRDA:70,8,0,2
BRDA:70,8,1,1
BRF:14
BRH:12
end_of_record
TN:
SF:server\src\services\geminiCostLogger.js
FN:6,logGeminiCall
FNF:1
FNH:1
FNDA:2,logGeminiCall
DA:15,2
DA:16,2
DA:22,2
DA:23,2
DA:24,2
DA:25,2
DA:28,1
LF:7
LH:7
BRDA:10,0,0,1
BRDA:18,1,0,2
BRDA:18,1,1,1
BRDA:20,2,0,1
BRDA:20,2,1,1
BRDA:22,3,0,1
BRDA:22,3,1,1
BRDA:23,4,0,1
BRDA:23,4,1,1
BRDA:24,5,0,1
BRDA:24,5,1,1
BRF:11
BRH:11
end_of_record
TN:
SF:server\src\services\inferPlaygroundType.js
FN:23,inferPlaygroundType
FN:24,(anonymous_1)
FN:28,(anonymous_2)
FN:31,(anonymous_3)
FN:35,(anonymous_4)
FN:86,(anonymous_5)
FNF:6
FNH:6
FNDA:15,inferPlaygroundType
FNDA:15,(anonymous_1)
FNDA:15,(anonymous_2)
FNDA:15,(anonymous_3)
FNDA:15,(anonymous_4)
FNDA:2,(anonymous_5)
DA:10,2
DA:17,2
DA:19,2
DA:21,2
DA:24,15
DA:25,15
DA:28,15
DA:29,0
DA:31,15
DA:32,0
DA:34,15
DA:35,15
DA:38,1
DA:40,14
DA:46,2
DA:50,12
DA:51,0
DA:55,12
DA:56,2
DA:59,10
DA:63,5
DA:67,5
DA:68,2
DA:70,3
DA:71,0
DA:73,3
DA:78,1
DA:81,2
DA:82,0
DA:85,2
DA:86,2
DA:89,0
DA:92,2
DA:93,0
DA:98,2
DA:102,0
DA:104,2
DA:105,0
DA:108,2
DA:109,0
DA:113,2
DA:114,0
DA:117,2
DA:121,0
DA:124,2
DA:133,0
DA:137,2
DA:143,0
DA:147,2
DA:152,0
DA:155,2
DA:156,0
DA:159,2
DA:160,2
DA:164,0
DA:167,2
LF:56
LH:39
BRDA:24,0,0,15
BRDA:24,0,1,0
BRDA:25,1,0,15
BRDA:25,1,1,0
BRDA:28,2,0,0
BRDA:28,2,1,15
BRDA:28,3,0,15
BRDA:28,3,1,15
BRDA:31,4,0,0
BRDA:31,4,1,15
BRDA:34,5,0,1
BRDA:34,5,1,14
BRDA:35,6,0,15
BRDA:35,6,1,14
BRDA:40,7,0,2
BRDA:40,7,1,12
BRDA:41,8,0,14
BRDA:41,8,1,13
BRDA:41,8,2,12
BRDA:41,8,3,12
BRDA:50,9,0,0
BRDA:50,9,1,12
BRDA:50,10,0,12
BRDA:50,10,1,12
BRDA:55,11,0,2
BRDA:55,11,1,10
BRDA:59,12,0,5
BRDA:59,12,1,5
BRDA:60,13,0,10
BRDA:60,13,1,9
BRDA:67,14,0,2
BRDA:67,14,1,3
BRDA:67,15,0,5
BRDA:67,15,1,4
BRDA:70,16,0,0
BRDA:70,16,1,3
BRDA:73,17,0,1
BRDA:73,17,1,2
BRDA:74,18,0,3
BRDA:74,18,1,2
BRDA:74,18,2,2
BRDA:81,19,0,0
BRDA:81,19,1,2
BRDA:81,20,0,2
BRDA:81,20,1,2
BRDA:85,21,0,0
BRDA:85,21,1,2
BRDA:86,22,0,2
BRDA:86,22,1,2
BRDA:86,23,0,2
BRDA:86,23,1,2
BRDA:92,24,0,0
BRDA:92,24,1,2
BRDA:98,25,0,0
BRDA:98,25,1,2
BRDA:99,26,0,2
BRDA:99,26,1,2
BRDA:104,27,0,0
BRDA:104,27,1,2
BRDA:108,28,0,0
BRDA:108,28,1,2
BRDA:113,29,0,0
BRDA:113,29,1,2
BRDA:113,30,0,2
BRDA:113,30,1,2
BRDA:117,31,0,0
BRDA:117,31,1,2
BRDA:118,32,0,2
BRDA:118,32,1,2
BRDA:124,33,0,0
BRDA:124,33,1,2
BRDA:125,34,0,2
BRDA:125,34,1,2
BRDA:125,34,2,2
BRDA:125,34,3,2
BRDA:125,34,4,2
BRDA:137,35,0,0
BRDA:137,35,1,2
BRDA:138,36,0,2
BRDA:138,36,1,2
BRDA:147,37,0,0
BRDA:147,37,1,2
BRDA:155,38,0,0
BRDA:155,38,1,2
BRDA:159,39,0,2
BRDA:159,39,1,0
BRDA:159,40,0,2
BRDA:159,40,1,0
BRF:88
BRH:68
end_of_record
TN:
SF:server\src\services\kidPlaceFilters.js
FN:1,getKidPlaceFilterConfig
FN:165,nameForKidKeywordMatch
FN:174,kidKeywordHaystack
FN:175,(anonymous_3)
FN:182,evaluateKidFriendlySeedCandidate
FN:192,(anonymous_5)
FN:213,(anonymous_6)
FN:216,(anonymous_7)
FN:223,(anonymous_8)
FN:223,(anonymous_9)
FN:224,(anonymous_10)
FN:235,isKidFriendlySeedCandidate
FNF:12
FNH:12
FNDA:11,getKidPlaceFilterConfig
FNDA:10,nameForKidKeywordMatch
FNDA:10,kidKeywordHaystack
FNDA:20,(anonymous_3)
FNDA:11,evaluateKidFriendlySeedCandidate
FNDA:10,(anonymous_5)
FNDA:6,(anonymous_6)
FNDA:1,(anonymous_7)
FNDA:6,(anonymous_8)
FNDA:96,(anonymous_9)
FNDA:99,(anonymous_10)
FNDA:11,isKidFriendlySeedCandidate
DA:2,11
DA:166,10
DA:175,20
DA:176,10
DA:183,11
DA:184,11
DA:185,1
DA:188,10
DA:189,10
DA:190,10
DA:191,10
DA:192,10
DA:194,10
DA:195,10
DA:197,10
DA:198,10
DA:199,300
DA:200,2
DA:201,2
DA:206,8
DA:207,376
DA:208,2
DA:209,2
DA:213,6
DA:214,6
DA:215,1
DA:216,1
DA:217,1
DA:218,0
DA:219,0
DA:223,96
DA:224,99
DA:225,6
DA:226,1
DA:229,1
DA:232,5
DA:236,11
DA:239,1
LF:38
LH:36
BRDA:166,0,0,10
BRDA:166,0,1,1
BRDA:175,1,0,20
BRDA:175,1,1,18
BRDA:184,2,0,1
BRDA:184,2,1,10
BRDA:184,3,0,11
BRDA:184,3,1,10
BRDA:189,4,0,10
BRDA:189,4,1,1
BRDA:191,5,0,9
BRDA:191,5,1,1
BRDA:199,6,0,2
BRDA:199,6,1,298
BRDA:207,7,0,2
BRDA:207,7,1,374
BRDA:213,8,0,6
BRDA:213,8,1,5
BRDA:214,9,0,1
BRDA:214,9,1,5
BRDA:217,10,0,0
BRDA:217,10,1,1
BRDA:225,11,0,1
BRDA:225,11,1,5
BRDA:225,12,0,6
BRDA:225,12,1,3
BRF:26
BRH:25
end_of_record
TN:
SF:server\src\services\locationValidationCache.js
FN:12,getManyCached
FN:13,(anonymous_1)
FN:13,(anonymous_2)
FN:34,setCached
FNF:4
FNH:4
FNDA:2,getManyCached
FNDA:5,(anonymous_1)
FNDA:3,(anonymous_2)
FNDA:1,setCached
DA:5,1
DA:13,5
DA:14,2
DA:15,2
DA:17,1
DA:22,1
DA:23,2
DA:25,1
DA:35,1
DA:36,1
DA:43,1
LF:11
LH:11
BRDA:13,0,0,2
BRDA:13,0,1,0
BRDA:13,1,0,5
BRDA:13,1,1,4
BRDA:15,2,0,1
BRDA:15,2,1,1
BRDA:23,3,0,2
BRDA:23,3,1,1
BRF:8
BRH:7
end_of_record
TN:
SF:server\src\services\moderationStatsService.js
FN:19,resolveUserId
FN:33,thresholdRejectionTypes
FN:45,recordOutcomeFromQueueItem
FN:80,maybeAutoBlockAfterRejection
FN:137,getModerationSummaryForUser
FNF:5
FNH:5
FNDA:6,resolveUserId
FNDA:2,thresholdRejectionTypes
FNDA:2,recordOutcomeFromQueueItem
FNDA:1,maybeAutoBlockAfterRejection
FNDA:1,getModerationSummaryForUser
DA:5,1
DA:6,1
DA:9,1
DA:20,6
DA:21,3
DA:22,2
DA:23,2
DA:24,2
DA:25,1
DA:27,1
DA:30,0
DA:34,2
DA:35,2
DA:36,1
DA:38,2
DA:46,2
DA:48,2
DA:49,2
DA:50,2
DA:52,2
DA:53,2
DA:55,2
DA:57,2
DA:58,2
DA:60,0
DA:63,2
DA:64,2
DA:72,0
DA:75,2
DA:76,1
DA:81,1
DA:82,1
DA:84,1
DA:85,1
DA:86,1
DA:89,1
DA:90,1
DA:97,0
DA:98,0
DA:101,1
DA:103,1
DA:107,1
DA:109,1
DA:111,1
DA:112,1
DA:122,1
DA:130,0
DA:138,1
DA:139,1
DA:140,1
DA:141,1
DA:143,1
DA:153,1
DA:164,1
LF:54
LH:48
BRDA:20,0,0,3
BRDA:20,0,1,3
BRDA:21,1,0,1
BRDA:21,1,1,2
BRDA:22,2,0,2
BRDA:22,2,1,0
BRDA:22,3,0,2
BRDA:22,3,1,2
BRDA:25,4,0,1
BRDA:25,4,1,0
BRDA:35,5,0,1
BRDA:35,5,1,1
BRDA:46,6,0,0
BRDA:46,6,1,2
BRDA:46,7,0,2
BRDA:46,7,1,2
BRDA:46,7,2,1
BRDA:50,8,0,0
BRDA:50,8,1,2
BRDA:53,9,0,0
BRDA:53,9,1,2
BRDA:55,10,0,1
BRDA:55,10,1,1
BRDA:75,11,0,1
BRDA:75,11,1,1
BRDA:81,12,0,1
BRDA:81,12,1,0
BRDA:82,13,0,0
BRDA:82,13,1,1
BRDA:82,14,0,1
BRDA:82,14,1,1
BRDA:84,15,0,1
BRDA:84,15,1,0
BRDA:101,16,0,0
BRDA:101,16,1,1
BRDA:107,17,0,0
BRDA:107,17,1,1
BRDA:107,18,0,1
BRDA:107,18,1,1
BRDA:107,18,2,1
BRDA:139,19,0,1
BRDA:139,19,1,0
BRDA:154,20,0,1
BRDA:154,20,1,0
BRDA:158,21,0,1
BRDA:158,21,1,0
BRDA:158,22,0,1
BRDA:158,22,1,0
BRDA:159,23,0,1
BRDA:159,23,1,0
BRDA:160,24,0,1
BRDA:160,24,1,0
BRF:52
BRH:36
end_of_record
TN:
SF:server\src\services\notificationService.js
FN:26,sendAdminNotificationEmail
FN:48,sendEmail
FNF:2
FNH:2
FNDA:1,sendAdminNotificationEmail
FNDA:1,sendEmail
DA:1,1
DA:3,1
DA:4,1
DA:5,1
DA:9,1
DA:10,1
DA:23,0
DA:27,1
DA:28,0
DA:29,0
DA:32,1
DA:40,1
DA:41,1
DA:42,1
DA:44,0
DA:49,1
DA:50,0
DA:51,0
DA:53,1
DA:54,1
DA:55,1
DA:57,0
DA:61,1
LF:23
LH:16
BRDA:27,0,0,0
BRDA:27,0,1,1
BRDA:49,1,0,0
BRDA:49,1,1,1
BRF:4
BRH:2
end_of_record
TN:
SF:server\src\services\photoCleanupService.js
FN:6,deleteFromQuarantine
FNF:1
FNH:1
FNDA:2,deleteFromQuarantine
DA:1,1
DA:3,1
DA:4,1
DA:7,2
DA:8,2
DA:9,2
DA:10,2
DA:11,1
DA:12,1
DA:14,1
DA:15,1
DA:19,1
LF:12
LH:12
BRF:0
BRH:0
end_of_record
TN:
SF:server\src\services\photoModerationConfig.js
FNF:0
FNH:0
DA:1,1
DA:6,1
LF:2
LH:2
BRF:0
BRH:0
end_of_record
TN:
SF:server\src\services\placeValidityRules.js
FN:65,classifyPlaceForValidation
FN:66,(anonymous_1)
FN:70,(anonymous_2)
FN:81,(anonymous_3)
FNF:4
FNH:4
FNDA:4,classifyPlaceForValidation
FNDA:6,(anonymous_1)
FNDA:96,(anonymous_2)
FNDA:27,(anonymous_3)
DA:12,1
DA:34,1
DA:45,1
DA:66,6
DA:67,4
DA:69,4
DA:70,96
DA:71,1
DA:74,3
DA:75,17
DA:76,1
DA:80,2
DA:81,27
DA:82,1
DA:86,1
DA:89,1
LF:16
LH:16
BRDA:66,0,0,4
BRDA:66,0,1,0
BRDA:67,1,0,4
BRDA:67,1,1,0
BRDA:70,2,0,1
BRDA:70,2,1,5
BRDA:75,3,0,1
BRDA:75,3,1,16
BRDA:81,4,0,1
BRDA:81,4,1,2
BRF:10
BRH:8
end_of_record
TN:
SF:server\src\services\pricingService.js
FN:33,getPhasePrice
FN:115,checkFoundingEligibility
FN:145,createPriceLock
FN:198,calculateMultiMonthPrice
FN:225,validateStartDate
FNF:5
FNH:0
FNDA:0,getPhasePrice
FNDA:0,checkFoundingEligibility
FNDA:0,createPriceLock
FNDA:0,calculateMultiMonthPrice
FNDA:0,validateStartDate
DA:1,6
DA:2,6
DA:8,6
DA:34,0
DA:35,0
DA:37,0
DA:38,0
DA:41,0
DA:42,0
DA:44,0
DA:45,0
DA:49,0
DA:51,0
DA:54,0
DA:55,0
DA:59,0
DA:60,0
DA:64,0
DA:65,0
DA:66,0
DA:67,0
DA:68,0
DA:69,0
DA:70,0
DA:71,0
DA:74,0
DA:83,0
DA:84,0
DA:85,0
DA:87,0
DA:88,0
DA:90,0
DA:100,0
DA:116,0
DA:117,0
DA:119,0
DA:120,0
DA:123,0
DA:124,0
DA:126,0
DA:127,0
DA:133,0
DA:146,0
DA:147,0
DA:149,0
DA:150,0
DA:151,0
DA:154,0
DA:155,0
DA:156,0
DA:158,0
DA:166,0
DA:176,0
DA:181,6
DA:188,6
DA:199,0
DA:200,0
DA:203,0
DA:204,0
DA:205,0
DA:206,0
DA:207,0
DA:209,0
DA:226,0
DA:227,0
DA:228,0
DA:230,0
DA:231,0
DA:232,0
DA:233,0
DA:234,0
DA:239,0
DA:242,0
DA:243,0
DA:245,0
DA:246,0
DA:248,0
DA:249,0
DA:251,0
DA:253,0
DA:254,0
DA:260,0
DA:261,0
DA:268,0
DA:271,6
LF:85
LH:6
BRDA:37,0,0,0
BRDA:37,0,1,0
BRDA:37,1,0,0
BRDA:37,1,1,0
BRDA:41,2,0,0
BRDA:41,2,1,0
BRDA:42,3,0,0
BRDA:42,3,1,0
BRDA:44,4,0,0
BRDA:44,4,1,0
BRDA:51,5,0,0
BRDA:51,5,1,0
BRDA:51,5,2,0
BRDA:54,6,0,0
BRDA:54,6,1,0
BRDA:60,7,0,0
BRDA:60,7,1,0
BRDA:66,8,0,0
BRDA:66,8,1,0
BRDA:66,8,2,0
BRDA:67,9,0,0
BRDA:67,9,1,0
BRDA:68,10,0,0
BRDA:68,10,1,0
BRDA:70,11,0,0
BRDA:70,11,1,0
BRDA:83,12,0,0
BRDA:83,12,1,0
BRDA:84,13,0,0
BRDA:84,13,1,0
BRDA:85,14,0,0
BRDA:85,14,1,0
BRDA:87,15,0,0
BRDA:87,15,1,0
BRDA:88,16,0,0
BRDA:88,16,1,0
BRDA:119,17,0,0
BRDA:119,17,1,0
BRDA:123,18,0,0
BRDA:123,18,1,0
BRDA:124,19,0,0
BRDA:124,19,1,0
BRDA:126,20,0,0
BRDA:126,20,1,0
BRDA:147,21,0,0
BRDA:147,21,1,0
BRDA:150,22,0,0
BRDA:150,22,1,0
BRDA:154,23,0,0
BRDA:154,23,1,0
BRDA:156,24,0,0
BRDA:156,24,1,0
BRDA:161,25,0,0
BRDA:161,25,1,0
BRDA:198,26,0,0
BRDA:199,27,0,0
BRDA:199,27,1,0
BRDA:226,28,0,0
BRDA:226,28,1,0
BRDA:227,29,0,0
BRDA:227,29,1,0
BRDA:234,30,0,0
BRDA:234,30,1,0
BRDA:235,31,0,0
BRDA:235,31,1,0
BRDA:235,31,2,0
BRDA:253,32,0,0
BRDA:253,32,1,0
BRDA:260,33,0,0
BRDA:260,33,1,0
BRF:70
BRH:0
end_of_record
TN:
SF:server\src\services\radiusTargetingService.js
FN:10,centerToLatLng
FN:36,haversineDistanceMiles
FN:37,(anonymous_2)
FN:57,resolveRegionKeys
FN:74,(anonymous_4)
FN:81,(anonymous_5)
FN:83,(anonymous_6)
FN:90,(anonymous_7)
FN:103,getRadiusPreview
FN:120,(anonymous_9)
FN:128,(anonymous_10)
FN:129,(anonymous_11)
FN:142,(anonymous_12)
FN:149,(anonymous_13)
FN:152,(anonymous_14)
FN:155,(anonymous_15)
FN:171,(anonymous_16)
FN:171,(anonymous_17)
FNF:18
FNH:18
FNDA:35,centerToLatLng
FNDA:26,haversineDistanceMiles
FNDA:104,(anonymous_2)
FNDA:7,resolveRegionKeys
FNDA:20,(anonymous_4)
FNDA:13,(anonymous_5)
FNDA:20,(anonymous_6)
FNDA:14,(anonymous_7)
FNDA:1,getRadiusPreview
FNDA:3,(anonymous_9)
FNDA:3,(anonymous_10)
FNDA:2,(anonymous_11)
FNDA:3,(anonymous_12)
FNDA:12,(anonymous_13)
FNDA:10,(anonymous_14)
FNDA:10,(anonymous_15)
FNDA:4,(anonymous_16)
FNDA:3,(anonymous_17)
DA:1,1
DA:3,1
DA:11,35
DA:12,34
DA:13,31
DA:15,3
DA:16,3
DA:17,3
DA:18,2
DA:21,1
DA:25,1
DA:37,104
DA:38,26
DA:39,26
DA:41,26
DA:43,26
DA:58,7
DA:59,7
DA:60,7
DA:61,0
DA:64,7
DA:65,7
DA:66,7
DA:67,0
DA:69,7
DA:70,7
DA:72,7
DA:73,7
DA:75,20
DA:76,20
DA:81,13
DA:83,20
DA:85,7
DA:86,1
DA:89,6
DA:90,14
DA:104,1
DA:105,1
DA:106,1
DA:107,0
DA:110,1
DA:111,1
DA:112,1
DA:113,0
DA:115,1
DA:116,1
DA:118,1
DA:119,1
DA:121,3
DA:122,3
DA:128,3
DA:129,2
DA:131,1
DA:133,1
DA:142,3
DA:144,1
DA:145,1
DA:147,1
DA:148,1
DA:149,12
DA:150,4
DA:152,10
DA:155,4
DA:156,10
DA:157,10
DA:159,4
DA:160,4
DA:161,4
DA:171,4
DA:172,1
DA:175,1
LF:71
LH:67
BRDA:11,0,0,1
BRDA:11,0,1,34
BRDA:12,1,0,31
BRDA:12,1,1,3
BRDA:12,2,0,34
BRDA:12,2,1,31
BRDA:15,3,0,3
BRDA:15,3,1,0
BRDA:15,4,0,3
BRDA:15,4,1,3
BRDA:15,4,2,3
BRDA:17,5,0,2
BRDA:17,5,1,1
BRDA:17,6,0,3
BRDA:17,6,1,3
BRDA:57,7,0,0
BRDA:57,8,0,1
BRDA:60,9,0,0
BRDA:60,9,1,7
BRDA:60,10,0,7
BRDA:60,10,1,7
BRDA:64,11,0,7
BRDA:64,11,1,1
BRDA:66,12,0,0
BRDA:66,12,1,7
BRDA:66,13,0,7
BRDA:66,13,1,6
BRDA:69,14,0,1
BRDA:69,14,1,6
BRDA:70,15,0,1
BRDA:70,15,1,6
BRDA:78,16,0,20
BRDA:78,16,1,0
BRDA:85,17,0,1
BRDA:85,17,1,6
BRDA:85,18,0,7
BRDA:85,18,1,1
BRDA:103,19,0,1
BRDA:106,20,0,0
BRDA:106,20,1,1
BRDA:106,21,0,1
BRDA:106,21,1,1
BRDA:110,22,0,1
BRDA:110,22,1,0
BRDA:112,23,0,0
BRDA:112,23,1,1
BRDA:112,24,0,1
BRDA:112,24,1,1
BRDA:115,25,0,0
BRDA:115,25,1,1
BRDA:116,26,0,0
BRDA:116,26,1,1
BRDA:125,27,0,3
BRDA:125,27,1,0
BRDA:152,28,0,10
BRDA:152,28,1,0
BRDA:152,29,0,10
BRDA:152,29,1,10
BRDA:156,30,0,10
BRDA:156,30,1,0
BRDA:157,31,0,10
BRDA:157,31,1,0
BRDA:160,32,0,4
BRDA:160,32,1,3
BRDA:165,33,0,4
BRDA:165,33,1,1
BRF:66
BRH:52
end_of_record
TN:
SF:server\src\services\recategorizePlaygroundTypesService.js
FN:36,buildRecategorizeFilter
FN:91,recategorizePlaygroundTypes
FNF:2
FNH:2
FNDA:4,buildRecategorizeFilter
FNDA:1,recategorizePlaygroundTypes
DA:6,1
DA:9,1
DA:20,1
DA:38,4
DA:39,4
DA:42,4
DA:44,1
DA:45,1
DA:47,0
DA:51,0
DA:53,0
DA:62,0
DA:64,2
DA:65,2
DA:67,1
DA:68,1
DA:70,0
DA:73,4
DA:74,0
DA:76,4
DA:77,3
DA:79,1
DA:99,1
DA:100,1
DA:102,1
DA:103,1
DA:105,1
DA:106,1
DA:107,1
DA:108,1
DA:110,1
DA:112,1
DA:113,2
DA:114,0
DA:116,2
DA:118,2
DA:119,2
DA:120,2
DA:121,1
DA:124,1
DA:125,1
DA:127,1
DA:128,1
DA:136,1
DA:137,0
DA:138,0
DA:142,1
DA:156,1
LF:48
LH:39
BRDA:38,0,0,1
BRDA:38,0,1,3
BRDA:38,1,0,4
BRDA:38,1,1,1
BRDA:39,2,0,1
BRDA:39,2,1,3
BRDA:42,3,0,1
BRDA:42,3,1,0
BRDA:42,3,2,0
BRDA:42,3,3,2
BRDA:42,3,4,1
BRDA:42,3,5,0
BRDA:73,4,0,0
BRDA:73,4,1,4
BRDA:73,5,0,4
BRDA:73,5,1,1
BRDA:76,6,0,3
BRDA:76,6,1,1
BRDA:93,7,0,0
BRDA:94,8,0,0
BRDA:97,9,0,0
BRDA:113,10,0,0
BRDA:113,10,1,2
BRDA:113,11,0,2
BRDA:113,11,1,0
BRDA:118,12,0,2
BRDA:118,12,1,0
BRDA:118,13,0,2
BRDA:118,13,1,0
BRDA:119,14,0,2
BRDA:119,14,1,0
BRDA:120,15,0,1
BRDA:120,15,1,1
BRDA:125,16,0,1
BRDA:125,16,1,1
BRDA:127,17,0,1
BRDA:127,17,1,0
BRDA:127,18,0,1
BRDA:127,18,1,1
BRDA:129,19,0,1
BRDA:129,19,1,0
BRDA:136,20,0,0
BRDA:136,20,1,1
BRDA:145,21,0,1
BRDA:145,21,1,1
BRDA:149,22,0,1
BRDA:149,22,1,0
BRDA:152,23,0,1
BRDA:152,23,1,0
BRDA:152,23,2,0
BRF:50
BRH:32
end_of_record
TN:
SF:server\src\services\recordVerificationFromEdit.js
FN:9,recordVerificationFromPlaygroundEdit
FNF:1
FNH:1
FNDA:6,recordVerificationFromPlaygroundEdit
DA:1,1
DA:2,1
DA:3,1
DA:10,6
DA:12,3
DA:13,3
DA:14,3
DA:19,3
DA:21,2
DA:22,2
DA:23,2
DA:25,2
DA:26,2
DA:27,2
DA:32,2
DA:43,2
DA:44,2
DA:49,2
DA:50,2
DA:59,2
DA:60,2
DA:61,1
DA:62,1
DA:66,1
LF:24
LH:24
BRDA:10,0,0,3
BRDA:10,0,1,3
BRDA:10,1,0,6
BRDA:10,1,1,5
BRDA:10,1,2,4
BRDA:19,2,0,1
BRDA:19,2,1,2
BRDA:21,3,0,2
BRDA:21,3,1,1
BRDA:22,4,0,1
BRDA:22,4,1,1
BRDA:22,5,0,2
BRDA:22,5,1,1
BRDA:23,6,0,1
BRDA:23,6,1,1
BRDA:23,7,0,2
BRDA:23,7,1,1
BRDA:60,8,0,1
BRDA:60,8,1,1
BRF:19
BRH:19
end_of_record
TN:
SF:server\src\services\refundCalculator.js
FN:8,calculateProRatedRefund
FNF:1
FNH:1
FNDA:4,calculateProRatedRefund
DA:9,4
DA:10,4
DA:11,4
DA:13,4
DA:14,4
DA:16,4
DA:17,2
DA:20,2
DA:21,1
DA:24,1
DA:25,1
DA:28,1
LF:12
LH:12
BRDA:16,0,0,2
BRDA:16,0,1,2
BRDA:16,1,0,4
BRDA:16,1,1,3
BRDA:20,2,0,1
BRDA:20,2,1,1
BRF:6
BRH:6
end_of_record
TN:
SF:server\src\services\regionStatsService.js
FN:12,countActivePlaygroundsByRegionKeys
FN:14,(anonymous_1)
FNF:2
FNH:2
FNDA:2,countActivePlaygroundsByRegionKeys
FNDA:3,(anonymous_1)
DA:5,1
DA:13,2
DA:14,3
DA:15,2
DA:17,1
DA:25,1
DA:26,3
DA:28,1
DA:31,1
LF:9
LH:9
BRDA:13,0,0,2
BRDA:13,0,1,0
BRDA:15,1,0,1
BRDA:15,1,1,1
BRDA:26,2,0,2
BRDA:26,2,1,1
BRF:6
BRH:5
end_of_record
TN:
SF:server\src\services\retryWithBackoff.js
FN:12,retryWithBackoff
FN:32,(anonymous_1)
FN:38,defaultShouldRetry
FNF:3
FNH:3
FNDA:4,retryWithBackoff
FNDA:3,(anonymous_1)
FNDA:4,defaultShouldRetry
DA:19,4
DA:22,4
DA:23,7
DA:24,7
DA:26,5
DA:27,5
DA:29,3
DA:30,3
DA:31,3
DA:32,3
DA:35,0
DA:39,4
DA:41,4
DA:42,3
DA:43,1
DA:44,1
DA:45,1
DA:48,1
LF:18
LH:17
BRDA:12,0,0,0
BRDA:14,1,0,1
BRDA:15,2,0,0
BRDA:16,3,0,2
BRDA:17,4,0,4
BRDA:18,5,0,3
BRDA:27,6,0,2
BRDA:27,6,1,3
BRDA:27,7,0,5
BRDA:27,7,1,4
BRDA:39,8,0,4
BRDA:39,8,1,3
BRDA:39,8,2,2
BRDA:41,9,0,1
BRDA:41,9,1,3
BRDA:41,10,0,4
BRDA:41,10,1,4
BRDA:41,10,2,4
BRDA:41,10,3,4
BRDA:42,11,0,2
BRDA:42,11,1,1
BRDA:42,12,0,3
BRDA:42,12,1,3
BRDA:42,12,2,1
BRDA:43,13,0,1
BRDA:43,13,1,0
BRDA:44,14,0,0
BRDA:44,14,1,1
BRDA:44,15,0,1
BRDA:44,15,1,1
BRDA:44,15,2,1
BRDA:44,15,3,1
BRF:32
BRH:28
end_of_record
TN:
SF:server\src\services\storageService.js
FN:18,uploadBufferToPublic
FNF:1
FNH:1
FNDA:1,uploadBufferToPublic
DA:1,1
DA:2,1
DA:4,1
DA:9,1
DA:10,1
DA:19,1
DA:20,1
DA:21,1
DA:24,1
DA:27,1
LF:10
LH:10
BRDA:5,0,0,0
BRDA:5,0,1,1
BRDA:18,1,0,0
BRF:3
BRH:1
end_of_record
TN:
SF:server\src\services\stripeService.js
FN:7,normalizedStripeSecretKey
FN:18,getStripe
FN:41,daysUntil
FN:49,getSubmissionAmountInCents
FN:55,getOrCreateStripeCustomer
FN:84,createPaymentIntent
FN:223,handleWebhook
FN:386,refund
FN:430,partialRefund
FN:462,releaseAuthorization
FN:466,(anonymous_10)
FN:506,captureOrChargeSubmission
FN:562,reconcileSubmissionAfterCheckout
FNF:13
FNH:4
FNDA:5,normalizedStripeSecretKey
FNDA:7,getStripe
FNDA:0,daysUntil
FNDA:0,getSubmissionAmountInCents
FNDA:0,getOrCreateStripeCustomer
FNDA:0,createPaymentIntent
FNDA:0,handleWebhook
FNDA:0,refund
FNDA:0,partialRefund
FNDA:6,releaseAuthorization
FNDA:3,(anonymous_10)
FNDA:0,captureOrChargeSubmission
FNDA:0,reconcileSubmissionAfterCheckout
DA:1,6
DA:2,6
DA:8,5
DA:9,5
DA:10,5
DA:12,5
DA:13,0
DA:15,5
DA:19,7
DA:20,5
DA:21,5
DA:22,0
DA:27,5
DA:29,7
DA:33,6
DA:39,6
DA:42,0
DA:43,0
DA:44,0
DA:45,0
DA:46,0
DA:50,0
DA:51,0
DA:52,0
DA:56,0
DA:57,0
DA:58,0
DA:66,0
DA:70,0
DA:85,0
DA:86,0
DA:87,0
DA:89,0
DA:90,0
DA:92,0
DA:93,0
DA:98,0
DA:99,0
DA:100,0
DA:101,0
DA:105,0
DA:108,0
DA:116,0
DA:117,0
DA:118,0
DA:119,0
DA:120,0
DA:123,0
DA:124,0
DA:125,0
DA:127,0
DA:128,0
DA:129,0
DA:135,0
DA:136,0
DA:138,0
DA:148,0
DA:155,0
DA:156,0
DA:169,0
DA:172,0
DA:180,0
DA:181,0
DA:183,0
DA:193,0
DA:200,0
DA:201,0
DA:213,0
DA:224,0
DA:225,0
DA:228,0
DA:229,0
DA:231,0
DA:234,0
DA:235,0
DA:237,0
DA:238,0
DA:242,0
DA:243,0
DA:244,0
DA:248,0
DA:249,0
DA:251,0
DA:254,0
DA:256,0
DA:260,0
DA:261,0
DA:265,0
DA:277,0
DA:280,0
DA:281,0
DA:282,0
DA:295,0
DA:296,0
DA:316,0
DA:317,0
DA:318,0
DA:320,0
DA:321,0
DA:324,0
DA:325,0
DA:328,0
DA:331,0
DA:333,0
DA:337,0
DA:338,0
DA:341,0
DA:346,0
DA:349,0
DA:350,0
DA:351,0
DA:352,0
DA:353,0
DA:354,0
DA:355,0
DA:356,0
DA:366,0
DA:370,0
DA:371,0
DA:373,0
DA:377,0
DA:387,0
DA:389,0
DA:395,0
DA:417,0
DA:431,0
DA:433,0
DA:439,0
DA:459,0
DA:463,6
DA:464,6
DA:466,5
DA:467,3
DA:473,5
DA:474,5
DA:476,1
DA:477,1
DA:480,4
DA:481,1
DA:482,1
DA:484,3
DA:485,1
DA:486,1
DA:489,2
DA:490,2
DA:492,1
DA:493,1
DA:495,1
DA:497,1
DA:498,1
DA:500,0
DA:503,2
DA:507,0
DA:508,0
DA:512,0
DA:514,0
DA:515,0
DA:516,0
DA:517,0
DA:520,0
DA:521,0
DA:522,0
DA:523,0
DA:536,0
DA:546,0
DA:550,0
DA:551,0
DA:554,0
DA:563,0
DA:564,0
DA:565,0
DA:566,0
DA:567,0
DA:568,0
DA:569,0
DA:572,0
DA:573,0
DA:574,0
DA:575,0
DA:578,0
DA:588,0
DA:592,0
DA:593,0
DA:594,0
DA:596,0
DA:598,0
DA:601,0
DA:602,0
DA:605,0
DA:607,0
DA:608,0
DA:609,0
DA:613,0
DA:614,0
DA:615,0
DA:618,0
DA:619,0
DA:622,0
DA:625,6
LF:199
LH:37
BRDA:9,0,0,0
BRDA:9,0,1,5
BRDA:12,1,0,0
BRDA:12,1,1,5
BRDA:12,2,0,5
BRDA:12,2,1,5
BRDA:12,2,2,0
BRDA:12,2,3,5
BRDA:12,2,4,0
BRDA:19,3,0,5
BRDA:19,3,1,2
BRDA:21,4,0,0
BRDA:21,4,1,5
BRDA:43,5,0,0
BRDA:43,5,1,0
BRDA:50,6,0,0
BRDA:50,6,1,0
BRDA:50,7,0,0
BRDA:50,7,1,0
BRDA:51,8,0,0
BRDA:51,8,1,0
BRDA:51,9,0,0
BRDA:51,9,1,0
BRDA:57,10,0,0
BRDA:57,10,1,0
BRDA:59,11,0,0
BRDA:59,11,1,0
BRDA:60,12,0,0
BRDA:60,12,1,0
BRDA:62,13,0,0
BRDA:62,13,1,0
BRDA:63,14,0,0
BRDA:63,14,1,0
BRDA:89,15,0,0
BRDA:89,15,1,0
BRDA:92,16,0,0
BRDA:92,16,1,0
BRDA:99,17,0,0
BRDA:99,17,1,0
BRDA:100,18,0,0
BRDA:100,18,1,0
BRDA:105,19,0,0
BRDA:105,19,1,0
BRDA:112,20,0,0
BRDA:112,20,1,0
BRDA:116,21,0,0
BRDA:116,21,1,0
BRDA:123,22,0,0
BRDA:123,22,1,0
BRDA:127,23,0,0
BRDA:127,23,1,0
BRDA:135,24,0,0
BRDA:135,24,1,0
BRDA:148,25,0,0
BRDA:148,25,1,0
BRDA:180,26,0,0
BRDA:180,26,1,0
BRDA:193,27,0,0
BRDA:193,27,1,0
BRDA:237,28,0,0
BRDA:237,28,1,0
BRDA:243,29,0,0
BRDA:243,29,1,0
BRDA:254,30,0,0
BRDA:254,30,1,0
BRDA:260,31,0,0
BRDA:260,31,1,0
BRDA:270,32,0,0
BRDA:270,32,1,0
BRDA:280,33,0,0
BRDA:280,33,1,0
BRDA:286,34,0,0
BRDA:286,34,1,0
BRDA:303,35,0,0
BRDA:303,35,1,0
BRDA:304,36,0,0
BRDA:304,36,1,0
BRDA:307,37,0,0
BRDA:307,37,1,0
BRDA:308,38,0,0
BRDA:308,38,1,0
BRDA:317,39,0,0
BRDA:317,39,1,0
BRDA:317,40,0,0
BRDA:317,40,1,0
BRDA:331,41,0,0
BRDA:331,41,1,0
BRDA:337,42,0,0
BRDA:337,42,1,0
BRDA:349,43,0,0
BRDA:349,43,1,0
BRDA:352,44,0,0
BRDA:352,44,1,0
BRDA:353,45,0,0
BRDA:353,45,1,0
BRDA:355,46,0,0
BRDA:355,46,1,0
BRDA:430,47,0,0
BRDA:462,48,0,0
BRDA:464,49,0,1
BRDA:464,49,1,5
BRDA:480,50,0,1
BRDA:480,50,1,3
BRDA:484,51,0,1
BRDA:484,51,1,2
BRDA:492,52,0,1
BRDA:492,52,1,0
BRDA:493,53,0,1
BRDA:493,53,1,0
BRDA:495,54,0,1
BRDA:495,54,1,1
BRDA:495,54,2,0
BRDA:497,55,0,1
BRDA:497,55,1,0
BRDA:512,56,0,0
BRDA:512,56,1,0
BRDA:514,57,0,0
BRDA:514,57,1,0
BRDA:514,58,0,0
BRDA:514,58,1,0
BRDA:516,59,0,0
BRDA:516,59,1,0
BRDA:520,60,0,0
BRDA:520,60,1,0
BRDA:521,61,0,0
BRDA:521,61,1,0
BRDA:522,62,0,0
BRDA:522,62,1,0
BRDA:526,63,0,0
BRDA:526,63,1,0
BRDA:533,64,0,0
BRDA:533,64,1,0
BRDA:542,65,0,0
BRDA:542,65,1,0
BRDA:550,66,0,0
BRDA:550,66,1,0
BRDA:554,67,0,0
BRDA:554,67,1,0
BRDA:566,68,0,0
BRDA:566,68,1,0
BRDA:568,69,0,0
BRDA:568,69,1,0
BRDA:572,70,0,0
BRDA:572,70,1,0
BRDA:572,71,0,0
BRDA:572,71,1,0
BRDA:574,72,0,0
BRDA:574,72,1,0
BRDA:575,73,0,0
BRDA:575,73,1,0
BRDA:577,74,0,0
BRDA:577,74,1,0
BRDA:577,74,2,0
BRDA:583,75,0,0
BRDA:583,75,1,0
BRDA:593,76,0,0
BRDA:593,76,1,0
BRDA:601,77,0,0
BRDA:601,77,1,0
BRDA:601,78,0,0
BRDA:601,78,1,0
BRDA:607,79,0,0
BRDA:607,79,1,0
BRDA:618,80,0,0
BRDA:618,80,1,0
BRF:165
BRH:19
end_of_record
TN:
SF:server\src\templates\authEmails.js
FN:11,wrapHtml
FN:36,verificationEmail
FN:48,passwordResetEmail
FNF:3
FNH:3
FNDA:5,wrapHtml
FNDA:3,verificationEmail
FNDA:2,passwordResetEmail
DA:6,2
DA:7,2
DA:8,2
DA:9,2
DA:12,5
DA:37,3
DA:44,3
DA:45,3
DA:49,2
DA:56,2
DA:57,2
DA:60,2
LF:12
LH:12
BRF:0
BRH:0
end_of_record
TN:
SF:server\src\utils\passwordPolicy.js
FN:6,validatePasswordStrength
FNF:1
FNH:1
FNDA:12,validatePasswordStrength
DA:7,12
DA:8,2
DA:10,10
DA:11,2
DA:13,8
DA:14,1
DA:16,7
DA:17,1
DA:19,6
DA:20,1
DA:22,5
DA:23,1
DA:25,4
DA:26,1
DA:28,3
DA:31,2
LF:16
LH:16
BRDA:7,0,0,2
BRDA:7,0,1,10
BRDA:7,1,0,12
BRDA:7,1,1,11
BRDA:10,2,0,2
BRDA:10,2,1,8
BRDA:13,3,0,1
BRDA:13,3,1,7
BRDA:16,4,0,1
BRDA:16,4,1,6
BRDA:19,5,0,1
BRDA:19,5,1,5
BRDA:22,6,0,1
BRDA:22,6,1,4
BRDA:25,7,0,1
BRDA:25,7,1,3
BRF:16
BRH:16
end_of_record
TN:
SF:server\src\utils\playgroundIdFilter.js
FN:6,resolvePlaygroundIdFilter
FN:29,collectSubsumedPlaygroundIdsForRegion
FNF:2
FNH:2
FNDA:7,resolvePlaygroundIdFilter
FNDA:2,collectSubsumedPlaygroundIdsForRegion
DA:1,2
DA:7,7
DA:8,2
DA:10,5
DA:11,5
DA:12,1
DA:13,1
DA:15,0
DA:18,4
DA:30,2
DA:31,1
DA:41,1
DA:42,1
DA:43,1
DA:44,3
DA:45,5
DA:46,5
DA:47,4
DA:48,4
DA:49,3
DA:50,3
DA:53,1
DA:56,2
LF:23
LH:22
BRDA:7,0,0,2
BRDA:7,0,1,5
BRDA:7,1,0,7
BRDA:7,1,1,6
BRDA:11,2,0,1
BRDA:11,2,1,4
BRDA:30,3,0,1
BRDA:30,3,1,1
BRDA:44,4,0,3
BRDA:44,4,1,1
BRDA:46,5,0,1
BRDA:46,5,1,4
BRDA:48,6,0,1
BRDA:48,6,1,3
BRF:14
BRH:14
end_of_record
